#
# A fatal error has been detected by the Java Runtime Environment:
#
#  EXCEPTION_ACCESS_VIOLATION (0xc0000005) at pc=0x00007ff8ae1763b7, pid=32372, tid=23816
#
# JRE version: OpenJDK Runtime Environment (19.0.2+7) (build 19.0.2+7-44)
# Java VM: OpenJDK 64-Bit Server VM (19.0.2+7-44, mixed mode, sharing, tiered, compressed oops, compressed class ptrs, g1 gc, windows-amd64)
# Problematic frame:
# C  [glass.dll+0x263b7]
#
# No core dump will be written. Minidumps are not enabled by default on client versions of Windows
#
# If you would like to submit a bug report, please visit:
#   https://bugreport.java.com/bugreport/crash.jsp
#

---------------  S U M M A R Y ------------

Command Line: -agentlib:jdwp=transport=dt_socket,address=127.0.0.1:53135,suspend=y,server=n -javaagent:C:\Users\fassbenf\AppData\Local\JetBrains\IntelliJIdea2022.3\captureAgent\debugger-agent.jar -Dfile.encoding=UTF-8 -Dsun.stdout.encoding=UTF-8 -Dsun.stderr.encoding=UTF-8 --module-path=C:\Users\fassbenf\.m2\repository\org\openjfx\javafx-fxml\19\javafx-fxml-19-win.jar;C:\Users\fassbenf\.m2\repository\org\openjfx\javafx-controls\19\javafx-controls-19-win.jar;C:\Users\fassbenf\.m2\repository\org\openjfx\javafx-base\19\javafx-base-19-win.jar;C:\Users\fassbenf\.m2\repository\org\openjfx\javafx-graphics\19\javafx-graphics-19-win.jar;C:\Users\fassbenf\Dropbox\3BHIF\POS\_06_Fassbender_State_Task\_06_Fassbender_State_Task\target\classes -Djdk.module.main=com.example._06_fassbender_state_task com.example._06_fassbender_state_task/com.example._06_fassbender_state_task.HelloApplication

Host: AMD Ryzen 9 3950X 16-Core Processor            , 32 cores, 31G,  Windows 10 , 64 bit Build 19041 (10.0.19041.2546)
Time: Sun Mar 19 16:17:27 2023 Mitteleuropäische Zeit elapsed time: 405.719685 seconds (0d 0h 6m 45s)

---------------  T H R E A D  ---------------

Current thread (0x0000021635a1ced0):  VMThread "VM Thread" [stack: 0x000000f5d0600000,0x000000f5d0700000] [id=23816]

Stack: [0x000000f5d0600000,0x000000f5d0700000],  sp=0x000000f5d06ff280,  free space=1020k
Native frames: (J=compiled Java code, j=interpreted, Vv=VM code, C=native code)
C  [glass.dll+0x263b7]


siginfo: EXCEPTION_ACCESS_VIOLATION (0xc0000005), reading address 0x0000000000000000


Registers:
RAX=0x0000000000000000, RBX=0x0000021669badb20, RCX=0x0000021635a1ced0, RDX=0x000000f5d06ff280
RSP=0x000000f5d06ff280, RBP=0x0000021669bb9af8, RSI=0x0000021669bb9ad0, RDI=0x00009e485a561c2e
R8 =0x0000000000010002, R9 =0x00009e485a561c2e, R10=0x0000000000008000, R11=0x000000f5d06ff210
R12=0x00007ff8ae173cf0, R13=0x00007ff866b772a0, R14=0x000000f5d06ff378, R15=0x0000021669bb9ad0
RIP=0x00007ff8ae1763b7, EFLAGS=0x0000000000010206


Register to memory mapping:

RIP=0x00007ff8ae1763b7 glass.dll
RAX=0x0 is NULL
RBX=0x0000021669badb20 is a global jni handle
RCX=0x0000021635a1ced0 points into unknown readable memory: 0x00007ff8669845b8 | b8 45 98 66 f8 7f 00 00
RDX=0x000000f5d06ff280 points into unknown readable memory: 0x0000000000000000 | 00 00 00 00 00 00 00 00
RSP=0x000000f5d06ff280 points into unknown readable memory: 0x0000000000000000 | 00 00 00 00 00 00 00 00
RBP=0x0000021669bb9af8 points into unknown readable memory: 0x00009e485a561c2e | 2e 1c 56 5a 48 9e 00 00
RSI=0x0000021669bb9ad0 points into unknown readable memory: 0xce029e4845a837ab | ab 37 a8 45 48 9e 02 ce
RDI=0x00009e485a561c2e is an unknown value
R8 =0x0000000000010002 is an unknown value
R9 =0x00009e485a561c2e is an unknown value
R10=0x0000000000008000 is an unknown value
R11=0x000000f5d06ff210 points into unknown readable memory: 0x0000021669bb9ad0 | d0 9a bb 69 16 02 00 00
R12=0x00007ff8ae173cf0 glass.dll
R13=0x00007ff866b772a0 jvm.dll
R14=0x000000f5d06ff378 points into unknown readable memory: 0x000000f5d06ff360 | 60 f3 6f d0 f5 00 00 00
R15=0x0000021669bb9ad0 points into unknown readable memory: 0xce029e4845a837ab | ab 37 a8 45 48 9e 02 ce


Top of Stack: (sp=0x000000f5d06ff280)
0x000000f5d06ff280:   0000000000000000 0000021669bb9ad0
0x000000f5d06ff290:   00007ff866b772a0 00007ff8ae173cf0
0x000000f5d06ff2a0:   0000021669bb9ad8 00007ff9711f42d6
0x000000f5d06ff2b0:   00009e485a561c2e 0000021600000000
0x000000f5d06ff2c0:   0000021669bb9af8 0000021669bb9ad0
0x000000f5d06ff2d0:   fffffffffffffffe 0000000000000000
0x000000f5d06ff2e0:   0000000000000001 00007ff8ae150000
0x000000f5d06ff2f0:   000000f5d06ff368 00007ff9711f41fb
0x000000f5d06ff300:   0000000000000000 000000f5d06ff378
0x000000f5d06ff310:   000000f5d06ff640 00007ff9712d0e40
0x000000f5d06ff320:   0000000000000001 00007ff9711f41b4
0x000000f5d06ff330:   0000000000000000 0000000000000001
0x000000f5d06ff340:   0000000000000000 000000f5d06ff368
0x000000f5d06ff350:   ffffffff00000001 00007ff8ae173b7d
0x000000f5d06ff360:   00007ff8ae189f88 00007ff900000002
0x000000f5d06ff370:   0000000000000002 000000f5d06ff360 

Instructions: (pc=0x00007ff8ae1763b7)
0x00007ff8ae1762b7:   8b 4d 58 e8 7d cf ff ff 48 8b 4d 60 e8 74 cf ff
0x00007ff8ae1762c7:   ff 48 8b 95 80 00 00 00 48 8b 8d 18 01 00 00 e8
0x00007ff8ae1762d7:   66 c4 ff ff 33 d2 33 c9 e8 bc e1 ff ff 90 48 89
0x00007ff8ae1762e7:   54 24 10 55 48 83 ec 20 48 8b ea 48 b8 00 00 00
0x00007ff8ae1762f7:   00 00 00 00 00 48 83 c4 20 5d c3 cc 40 55 48 8b
0x00007ff8ae176307:   ea 48 8b 01 33 c9 81 38 05 00 00 c0 0f 94 c1 8b
0x00007ff8ae176317:   c1 5d c3 cc 40 55 48 83 ec 20 48 8b ea 8a 4d 40
0x00007ff8ae176327:   48 83 c4 20 5d e9 63 d3 ff ff cc 40 55 48 83 ec
0x00007ff8ae176337:   20 48 8b ea 8a 4d 20 e8 51 d3 ff ff 90 48 83 c4
0x00007ff8ae176347:   20 5d c3 cc 40 55 48 83 ec 20 48 8b ea 48 83 c4
0x00007ff8ae176357:   20 5d e9 b2 d1 ff ff cc 40 55 48 83 ec 30 48 8b
0x00007ff8ae176367:   ea 48 8b 01 8b 10 48 89 4c 24 28 89 54 24 20 4c
0x00007ff8ae176377:   8d 0d 53 d6 ff ff 4c 8b 45 70 8b 55 68 48 8b 4d
0x00007ff8ae176387:   60 e8 f3 d0 ff ff 90 48 83 c4 30 5d c3 cc cc cc
0x00007ff8ae176397:   cc cc cc cc cc cc cc cc cc 40 53 48 83 ec 20 48
0x00007ff8ae1763a7:   8b 1d db 35 01 00 48 85 db 74 16 e8 79 8b ff ff
0x00007ff8ae1763b7:   4c 8b 00 48 8b d3 48 8b c8 41 ff 90 b0 00 00 00
0x00007ff8ae1763c7:   90 48 83 c4 20 5b c3 cc cc 40 53 48 83 ec 20 48
0x00007ff8ae1763d7:   8b 1d 4b 37 01 00 48 85 db 74 57 b8 ff ff ff ff
0x00007ff8ae1763e7:   f0 0f c1 43 10 83 f8 01 75 3d 48 85 db 74 38 48
0x00007ff8ae1763f7:   8b 0b 48 85 c9 74 0d ff 15 a4 0e 00 00 48 c7 03
0x00007ff8ae176407:   00 00 00 00 48 8b 4b 08 48 85 c9 74 0d e8 23 ce
0x00007ff8ae176417:   ff ff 48 c7 43 08 00 00 00 00 ba 18 00 00 00 48
0x00007ff8ae176427:   8b cb e8 0e ce ff ff 48 c7 05 ef 36 01 00 00 00
0x00007ff8ae176437:   00 00 48 83 c4 20 5b c3 cc 40 53 48 83 ec 20 48
0x00007ff8ae176447:   8b 1d bb 36 01 00 48 85 db 74 57 b8 ff ff ff ff
0x00007ff8ae176457:   f0 0f c1 43 10 83 f8 01 75 3d 48 85 db 74 38 48
0x00007ff8ae176467:   8b 0b 48 85 c9 74 0d ff 15 34 0e 00 00 48 c7 03
0x00007ff8ae176477:   00 00 00 00 48 8b 4b 08 48 85 c9 74 0d e8 b3 cd
0x00007ff8ae176487:   ff ff 48 c7 43 08 00 00 00 00 ba 18 00 00 00 48
0x00007ff8ae176497:   8b cb e8 9e cd ff ff 48 c7 05 5f 36 01 00 00 00
0x00007ff8ae1764a7:   00 00 48 83 c4 20 5b c3 cc 40 53 48 83 ec 20 48 


Stack slot to memory mapping:
stack at sp + 0 slots: 0x0 is NULL
stack at sp + 1 slots: 0x0000021669bb9ad0 points into unknown readable memory: 0xce029e4845a837ab | ab 37 a8 45 48 9e 02 ce
stack at sp + 2 slots: 0x00007ff866b772a0 jvm.dll
stack at sp + 3 slots: 0x00007ff8ae173cf0 glass.dll
stack at sp + 4 slots: 0x0000021669bb9ad8 points into unknown readable memory: 0x00009e485a561c2e | 2e 1c 56 5a 48 9e 00 00
stack at sp + 5 slots: 0x00007ff9711f42d6 ucrtbase.dll
stack at sp + 6 slots: 0x00009e485a561c2e is an unknown value
stack at sp + 7 slots: 0x0000021600000000 is an unknown value

VM_Operation (0x000000f5d11ff070): Exit, mode: safepoint, requested by thread 0x000002166f211320


---------------  P R O C E S S  ---------------

Threads class SMR info:
_java_thread_list=0x000002166f3e34b0, length=21, elements={
0x00000216359f5a50, 0x0000021660efe970, 0x0000021660eff900, 0x0000021660f04820,
0x0000021660f063e0, 0x0000021660f06eb0, 0x0000021660f09010, 0x0000021660f15b20,
0x0000021660f168a0, 0x0000021660f1aa40, 0x000002166493ccf0, 0x000002166952e760,
0x00000216699f7480, 0x000002166a3970a0, 0x000002166a451350, 0x0000021669a70030,
0x000002166f00f6b0, 0x000002166f027320, 0x000002166f211dc0, 0x000002166f212860,
0x000002166f211320
}

Java Threads: ( => current thread )
  0x00000216359f5a50 JavaThread "main" [_thread_blocked, id=35260, stack(0x000000f5d0000000,0x000000f5d0100000)]
  0x0000021660efe970 JavaThread "Reference Handler" daemon [_thread_blocked, id=38148, stack(0x000000f5d0700000,0x000000f5d0800000)]
  0x0000021660eff900 JavaThread "Finalizer" daemon [_thread_blocked, id=37208, stack(0x000000f5d0800000,0x000000f5d0900000)]
  0x0000021660f04820 JavaThread "Signal Dispatcher" daemon [_thread_blocked, id=3364, stack(0x000000f5d0900000,0x000000f5d0a00000)]
  0x0000021660f063e0 JavaThread "Attach Listener" daemon [_thread_blocked, id=2276, stack(0x000000f5d0a00000,0x000000f5d0b00000)]
  0x0000021660f06eb0 JavaThread "Service Thread" daemon [_thread_blocked, id=21480, stack(0x000000f5d0b00000,0x000000f5d0c00000)]
  0x0000021660f09010 JavaThread "Monitor Deflation Thread" daemon [_thread_blocked, id=28104, stack(0x000000f5d0c00000,0x000000f5d0d00000)]
  0x0000021660f15b20 JavaThread "C2 CompilerThread0" daemon [_thread_blocked, id=33372, stack(0x000000f5d0d00000,0x000000f5d0e00000)]
  0x0000021660f168a0 JavaThread "C1 CompilerThread0" daemon [_thread_blocked, id=16488, stack(0x000000f5d0e00000,0x000000f5d0f00000)]
  0x0000021660f1aa40 JavaThread "Sweeper thread" daemon [_thread_blocked, id=36488, stack(0x000000f5d0f00000,0x000000f5d1000000)]
  0x000002166493ccf0 JavaThread "Common-Cleaner" daemon [_thread_blocked, id=37124, stack(0x000000f5d1000000,0x000000f5d1100000)]
  0x000002166952e760 JavaThread "JDWP Event Helper Thread" daemon [_thread_blocked, id=17096, stack(0x000000f5d1b00000,0x000000f5d1c00000)]
  0x00000216699f7480 JavaThread "Notification Thread" daemon [_thread_blocked, id=24216, stack(0x000000f5d1d00000,0x000000f5d1e00000)]
  0x000002166a3970a0 JavaThread "QuantumRenderer-0" daemon [_thread_blocked, id=9688, stack(0x000000f5d1f00000,0x000000f5d2000000)]
  0x000002166a451350 JavaThread "InvokeLaterDispatcher" daemon [_thread_blocked, id=7728, stack(0x000000f5d1900000,0x000000f5d1a00000)]
  0x0000021669a70030 JavaThread "JavaFX Application Thread" [_thread_blocked, id=35636, stack(0x000000f5d2100000,0x000000f5d2200000)]
  0x000002166f00f6b0 JavaThread "JavaFX-Launcher" [_thread_blocked, id=38112, stack(0x000000f5d1600000,0x000000f5d1700000)]
  0x000002166f027320 JavaThread "Thread-2" daemon [_thread_in_native, id=38804, stack(0x000000f5d1200000,0x000000f5d1300000)]
  0x000002166f211dc0 JavaThread "Prism Font Disposer" daemon [_thread_blocked, id=29160, stack(0x000000f5d3120000,0x000000f5d3220000)]
  0x000002166f212860 JavaThread "Cleaner-0" daemon [_thread_blocked, id=18512, stack(0x000000f5d3220000,0x000000f5d3320000)]
  0x000002166f211320 JavaThread "SIGINT handler" daemon [_thread_blocked, id=21916, stack(0x000000f5d1100000,0x000000f5d1200000)]

Other Threads:
=>0x0000021635a1ced0 VMThread "VM Thread" [stack: 0x000000f5d0600000,0x000000f5d0700000] [id=23816]
  0x0000021635a1e280 WorkerThread "GC Thread#0" [stack: 0x000000f5d0100000,0x000000f5d0200000] [id=36032]
  0x000002166ee64cf0 WorkerThread "GC Thread#1" [stack: 0x000000f5d1700000,0x000000f5d1800000] [id=20708]
  0x000002166ee61ff0 WorkerThread "GC Thread#2" [stack: 0x000000f5d1800000,0x000000f5d1900000] [id=15252]
  0x000002166ee622c0 WorkerThread "GC Thread#3" [stack: 0x000000f5d2320000,0x000000f5d2420000] [id=3720]
  0x000002166ee62e00 WorkerThread "GC Thread#4" [stack: 0x000000f5d2420000,0x000000f5d2520000] [id=31056]
  0x000002166ee641b0 WorkerThread "GC Thread#5" [stack: 0x000000f5d2520000,0x000000f5d2620000] [id=18276]
  0x000002166ee63ee0 WorkerThread "GC Thread#6" [stack: 0x000000f5d2620000,0x000000f5d2720000] [id=35416]
  0x000002166ee630d0 WorkerThread "GC Thread#7" [stack: 0x000000f5d2720000,0x000000f5d2820000] [id=38376]
  0x000002166ee64fc0 WorkerThread "GC Thread#8" [stack: 0x000000f5d2820000,0x000000f5d2920000] [id=2888]
  0x000002166ee63670 WorkerThread "GC Thread#9" [stack: 0x000000f5d2920000,0x000000f5d2a20000] [id=21820]
  0x000002166ee64480 WorkerThread "GC Thread#10" [stack: 0x000000f5d2a20000,0x000000f5d2b20000] [id=33628]
  0x000002166ee62b30 WorkerThread "GC Thread#11" [stack: 0x000000f5d2b20000,0x000000f5d2c20000] [id=22056]
  0x000002166f1f4970 WorkerThread "GC Thread#12" [stack: 0x000000f5d2c20000,0x000000f5d2d20000] [id=32688]
  0x000002166f1f51e0 WorkerThread "GC Thread#13" [stack: 0x000000f5d2d20000,0x000000f5d2e20000] [id=11080]
  0x000002166f1f54b0 WorkerThread "GC Thread#14" [stack: 0x000000f5d3330000,0x000000f5d3430000] [id=6672]
  0x000002166f1f4100 WorkerThread "GC Thread#15" [stack: 0x000000f5d3430000,0x000000f5d3530000] [id=32084]
  0x000002166f1f3890 WorkerThread "GC Thread#16" [stack: 0x000000f5d3530000,0x000000f5d3630000] [id=10468]
  0x000002166f1f2210 WorkerThread "GC Thread#17" [stack: 0x000000f5d3630000,0x000000f5d3730000] [id=38608]
  0x000002166f1f24e0 WorkerThread "GC Thread#18" [stack: 0x000000f5d3730000,0x000000f5d3830000] [id=4240]
  0x000002166f1f3b60 WorkerThread "GC Thread#19" [stack: 0x000000f5d3830000,0x000000f5d3930000] [id=12472]
  0x000002166f1f19a0 WorkerThread "GC Thread#20" [stack: 0x000000f5d3930000,0x000000f5d3a30000] [id=11948]
  0x000002166f1f1c70 WorkerThread "GC Thread#21" [stack: 0x000000f5d3a30000,0x000000f5d3b30000] [id=37872]
  0x000002166f1f43d0 WorkerThread "GC Thread#22" [stack: 0x000000f5d3b30000,0x000000f5d3c30000] [id=9220]
  0x0000021660d24060 ConcurrentGCThread "G1 Main Marker" terminated
  0x0000021635a1cc00 WorkerThread "G1 Conc#0" [stack: 0x000000f5d0300000,0x000000f5d0400000] [id=4552]
  0x0000021660e19ca0 ConcurrentGCThread "G1 Refine#0" terminated
  0x0000021660e1a7e0 ConcurrentGCThread "G1 Service" terminated

Threads with active compile tasks:
C1 CompilerThread0  
[error occurred during error reporting (printing all threads), id 0xc0000005, EXCEPTION_ACCESS_VIOLATION (0xc0000005) at pc=0x00007ff8667703b3]

VM state: at safepoint (shutting down)

VM Mutex/Monitor currently owned by a thread:  ([mutex/lock_event])
[0x00000216359f10a0] Threads_lock - owner thread: 0x0000021635a1ced0
[0x00000216359f1130] Heap_lock - owner thread: 0x000002166f211320

Heap address: 0x0000000601400000, size: 8172 MB, Compressed Oops mode: Zero based, Oop shift amount: 3

CDS archive(s) mapped at: [0x0000000800000000-0x0000000800c40000-0x0000000800c40000), size 12845056, SharedBaseAddress: 0x0000000800000000, ArchiveRelocationMode: 0.
Compressed class space mapped at: 0x0000000801000000-0x0000000841000000, reserved size: 1073741824
Narrow klass base: 0x0000000800000000, Narrow klass shift: 0, Narrow klass range: 0x100000000

GC Precious Log:
 CardTable entry size: 512
 Card Set container configuration: InlinePtr #cards 4 size 8 Array Of Cards #cards 32 size 80 Howl #buckets 8 coarsen threshold 7372 Howl Bitmap #cards 1024 size 144 coarsen threshold 921 Card regions per heap region 1 cards per card region 8192
 CPUs: 32 total, 32 available
 Memory: 32674M
 Large Page Support: Disabled
 NUMA Support: Disabled
 Compressed Oops: Enabled (Zero based)
 Heap Region Size: 4M
 Heap Min Capacity: 8M
 Heap Initial Capacity: 512M
 Heap Max Capacity: 8172M
 Pre-touch: Disabled
 Parallel Workers: 23
 Concurrent Workers: 6
 Concurrent Refinement Workers: 23
 Periodic GC: Disabled

Heap:
 garbage-first heap   total 524288K, used 28550K [0x0000000601400000, 0x0000000800000000)
  region size 4096K, 8 young (32768K), 2 survivors (8192K)
 Metaspace       used 19198K, committed 19584K, reserved 1114112K
  class space    used 2685K, committed 2880K, reserved 1048576K

Heap Regions: E=young(eden), S=young(survivor), O=old, HS=humongous(starts), HC=humongous(continues), CS=collection set, F=free, OA=open archive, CA=closed archive, TAMS=top-at-mark-start (previous, next)
|   0|0x0000000601400000, 0x0000000601400000, 0x0000000601800000|  0%| F|  |TAMS 0x0000000601400000, 0x0000000601400000| Untracked 
|   1|0x0000000601800000, 0x0000000601800000, 0x0000000601c00000|  0%| F|  |TAMS 0x0000000601800000, 0x0000000601800000| Untracked 
|   2|0x0000000601c00000, 0x0000000601c00000, 0x0000000602000000|  0%| F|  |TAMS 0x0000000601c00000, 0x0000000601c00000| Untracked 
|   3|0x0000000602000000, 0x0000000602000000, 0x0000000602400000|  0%| F|  |TAMS 0x0000000602000000, 0x0000000602000000| Untracked 
|   4|0x0000000602400000, 0x0000000602400000, 0x0000000602800000|  0%| F|  |TAMS 0x0000000602400000, 0x0000000602400000| Untracked 
|   5|0x0000000602800000, 0x0000000602800000, 0x0000000602c00000|  0%| F|  |TAMS 0x0000000602800000, 0x0000000602800000| Untracked 
|   6|0x0000000602c00000, 0x0000000602c00000, 0x0000000603000000|  0%| F|  |TAMS 0x0000000602c00000, 0x0000000602c00000| Untracked 
|   7|0x0000000603000000, 0x0000000603000000, 0x0000000603400000|  0%| F|  |TAMS 0x0000000603000000, 0x0000000603000000| Untracked 
|   8|0x0000000603400000, 0x0000000603400000, 0x0000000603800000|  0%| F|  |TAMS 0x0000000603400000, 0x0000000603400000| Untracked 
|   9|0x0000000603800000, 0x0000000603800000, 0x0000000603c00000|  0%| F|  |TAMS 0x0000000603800000, 0x0000000603800000| Untracked 
|  10|0x0000000603c00000, 0x0000000603c00000, 0x0000000604000000|  0%| F|  |TAMS 0x0000000603c00000, 0x0000000603c00000| Untracked 
|  11|0x0000000604000000, 0x0000000604000000, 0x0000000604400000|  0%| F|  |TAMS 0x0000000604000000, 0x0000000604000000| Untracked 
|  12|0x0000000604400000, 0x0000000604400000, 0x0000000604800000|  0%| F|  |TAMS 0x0000000604400000, 0x0000000604400000| Untracked 
|  13|0x0000000604800000, 0x0000000604800000, 0x0000000604c00000|  0%| F|  |TAMS 0x0000000604800000, 0x0000000604800000| Untracked 
|  14|0x0000000604c00000, 0x0000000604c00000, 0x0000000605000000|  0%| F|  |TAMS 0x0000000604c00000, 0x0000000604c00000| Untracked 
|  15|0x0000000605000000, 0x0000000605000000, 0x0000000605400000|  0%| F|  |TAMS 0x0000000605000000, 0x0000000605000000| Untracked 
|  16|0x0000000605400000, 0x0000000605400000, 0x0000000605800000|  0%| F|  |TAMS 0x0000000605400000, 0x0000000605400000| Untracked 
|  17|0x0000000605800000, 0x0000000605800000, 0x0000000605c00000|  0%| F|  |TAMS 0x0000000605800000, 0x0000000605800000| Untracked 
|  18|0x0000000605c00000, 0x0000000605c00000, 0x0000000606000000|  0%| F|  |TAMS 0x0000000605c00000, 0x0000000605c00000| Untracked 
|  19|0x0000000606000000, 0x0000000606000000, 0x0000000606400000|  0%| F|  |TAMS 0x0000000606000000, 0x0000000606000000| Untracked 
|  20|0x0000000606400000, 0x0000000606400000, 0x0000000606800000|  0%| F|  |TAMS 0x0000000606400000, 0x0000000606400000| Untracked 
|  21|0x0000000606800000, 0x0000000606800000, 0x0000000606c00000|  0%| F|  |TAMS 0x0000000606800000, 0x0000000606800000| Untracked 
|  22|0x0000000606c00000, 0x0000000606c00000, 0x0000000607000000|  0%| F|  |TAMS 0x0000000606c00000, 0x0000000606c00000| Untracked 
|  23|0x0000000607000000, 0x0000000607000000, 0x0000000607400000|  0%| F|  |TAMS 0x0000000607000000, 0x0000000607000000| Untracked 
|  24|0x0000000607400000, 0x0000000607400000, 0x0000000607800000|  0%| F|  |TAMS 0x0000000607400000, 0x0000000607400000| Untracked 
|  25|0x0000000607800000, 0x0000000607800000, 0x0000000607c00000|  0%| F|  |TAMS 0x0000000607800000, 0x0000000607800000| Untracked 
|  26|0x0000000607c00000, 0x0000000607c00000, 0x0000000608000000|  0%| F|  |TAMS 0x0000000607c00000, 0x0000000607c00000| Untracked 
|  27|0x0000000608000000, 0x0000000608000000, 0x0000000608400000|  0%| F|  |TAMS 0x0000000608000000, 0x0000000608000000| Untracked 
|  28|0x0000000608400000, 0x0000000608400000, 0x0000000608800000|  0%| F|  |TAMS 0x0000000608400000, 0x0000000608400000| Untracked 
|  29|0x0000000608800000, 0x0000000608800000, 0x0000000608c00000|  0%| F|  |TAMS 0x0000000608800000, 0x0000000608800000| Untracked 
|  30|0x0000000608c00000, 0x0000000608c00000, 0x0000000609000000|  0%| F|  |TAMS 0x0000000608c00000, 0x0000000608c00000| Untracked 
|  31|0x0000000609000000, 0x0000000609000000, 0x0000000609400000|  0%| F|  |TAMS 0x0000000609000000, 0x0000000609000000| Untracked 
|  32|0x0000000609400000, 0x0000000609400000, 0x0000000609800000|  0%| F|  |TAMS 0x0000000609400000, 0x0000000609400000| Untracked 
|  33|0x0000000609800000, 0x0000000609800000, 0x0000000609c00000|  0%| F|  |TAMS 0x0000000609800000, 0x0000000609800000| Untracked 
|  34|0x0000000609c00000, 0x0000000609c00000, 0x000000060a000000|  0%| F|  |TAMS 0x0000000609c00000, 0x0000000609c00000| Untracked 
|  35|0x000000060a000000, 0x000000060a000000, 0x000000060a400000|  0%| F|  |TAMS 0x000000060a000000, 0x000000060a000000| Untracked 
|  36|0x000000060a400000, 0x000000060a400000, 0x000000060a800000|  0%| F|  |TAMS 0x000000060a400000, 0x000000060a400000| Untracked 
|  37|0x000000060a800000, 0x000000060a800000, 0x000000060ac00000|  0%| F|  |TAMS 0x000000060a800000, 0x000000060a800000| Untracked 
|  38|0x000000060ac00000, 0x000000060ac00000, 0x000000060b000000|  0%| F|  |TAMS 0x000000060ac00000, 0x000000060ac00000| Untracked 
|  39|0x000000060b000000, 0x000000060b000000, 0x000000060b400000|  0%| F|  |TAMS 0x000000060b000000, 0x000000060b000000| Untracked 
|  40|0x000000060b400000, 0x000000060b400000, 0x000000060b800000|  0%| F|  |TAMS 0x000000060b400000, 0x000000060b400000| Untracked 
|  41|0x000000060b800000, 0x000000060b800000, 0x000000060bc00000|  0%| F|  |TAMS 0x000000060b800000, 0x000000060b800000| Untracked 
|  42|0x000000060bc00000, 0x000000060bc00000, 0x000000060c000000|  0%| F|  |TAMS 0x000000060bc00000, 0x000000060bc00000| Untracked 
|  43|0x000000060c000000, 0x000000060c000000, 0x000000060c400000|  0%| F|  |TAMS 0x000000060c000000, 0x000000060c000000| Untracked 
|  44|0x000000060c400000, 0x000000060c400000, 0x000000060c800000|  0%| F|  |TAMS 0x000000060c400000, 0x000000060c400000| Untracked 
|  45|0x000000060c800000, 0x000000060c800000, 0x000000060cc00000|  0%| F|  |TAMS 0x000000060c800000, 0x000000060c800000| Untracked 
|  46|0x000000060cc00000, 0x000000060cc00000, 0x000000060d000000|  0%| F|  |TAMS 0x000000060cc00000, 0x000000060cc00000| Untracked 
|  47|0x000000060d000000, 0x000000060d000000, 0x000000060d400000|  0%| F|  |TAMS 0x000000060d000000, 0x000000060d000000| Untracked 
|  48|0x000000060d400000, 0x000000060d400000, 0x000000060d800000|  0%| F|  |TAMS 0x000000060d400000, 0x000000060d400000| Untracked 
|  49|0x000000060d800000, 0x000000060d800000, 0x000000060dc00000|  0%| F|  |TAMS 0x000000060d800000, 0x000000060d800000| Untracked 
|  50|0x000000060dc00000, 0x000000060dc00000, 0x000000060e000000|  0%| F|  |TAMS 0x000000060dc00000, 0x000000060dc00000| Untracked 
|  51|0x000000060e000000, 0x000000060e000000, 0x000000060e400000|  0%| F|  |TAMS 0x000000060e000000, 0x000000060e000000| Untracked 
|  52|0x000000060e400000, 0x000000060e400000, 0x000000060e800000|  0%| F|  |TAMS 0x000000060e400000, 0x000000060e400000| Untracked 
|  53|0x000000060e800000, 0x000000060e800000, 0x000000060ec00000|  0%| F|  |TAMS 0x000000060e800000, 0x000000060e800000| Untracked 
|  54|0x000000060ec00000, 0x000000060ec00000, 0x000000060f000000|  0%| F|  |TAMS 0x000000060ec00000, 0x000000060ec00000| Untracked 
|  55|0x000000060f000000, 0x000000060f000000, 0x000000060f400000|  0%| F|  |TAMS 0x000000060f000000, 0x000000060f000000| Untracked 
|  56|0x000000060f400000, 0x000000060f400000, 0x000000060f800000|  0%| F|  |TAMS 0x000000060f400000, 0x000000060f400000| Untracked 
|  57|0x000000060f800000, 0x000000060f800000, 0x000000060fc00000|  0%| F|  |TAMS 0x000000060f800000, 0x000000060f800000| Untracked 
|  58|0x000000060fc00000, 0x000000060fc00000, 0x0000000610000000|  0%| F|  |TAMS 0x000000060fc00000, 0x000000060fc00000| Untracked 
|  59|0x0000000610000000, 0x0000000610000000, 0x0000000610400000|  0%| F|  |TAMS 0x0000000610000000, 0x0000000610000000| Untracked 
|  60|0x0000000610400000, 0x0000000610400000, 0x0000000610800000|  0%| F|  |TAMS 0x0000000610400000, 0x0000000610400000| Untracked 
|  61|0x0000000610800000, 0x0000000610800000, 0x0000000610c00000|  0%| F|  |TAMS 0x0000000610800000, 0x0000000610800000| Untracked 
|  62|0x0000000610c00000, 0x0000000610c00000, 0x0000000611000000|  0%| F|  |TAMS 0x0000000610c00000, 0x0000000610c00000| Untracked 
|  63|0x0000000611000000, 0x0000000611000000, 0x0000000611400000|  0%| F|  |TAMS 0x0000000611000000, 0x0000000611000000| Untracked 
|  64|0x0000000611400000, 0x0000000611400000, 0x0000000611800000|  0%| F|  |TAMS 0x0000000611400000, 0x0000000611400000| Untracked 
|  65|0x0000000611800000, 0x0000000611800000, 0x0000000611c00000|  0%| F|  |TAMS 0x0000000611800000, 0x0000000611800000| Untracked 
|  66|0x0000000611c00000, 0x0000000611c00000, 0x0000000612000000|  0%| F|  |TAMS 0x0000000611c00000, 0x0000000611c00000| Untracked 
|  67|0x0000000612000000, 0x0000000612000000, 0x0000000612400000|  0%| F|  |TAMS 0x0000000612000000, 0x0000000612000000| Untracked 
|  68|0x0000000612400000, 0x0000000612400000, 0x0000000612800000|  0%| F|  |TAMS 0x0000000612400000, 0x0000000612400000| Untracked 
|  69|0x0000000612800000, 0x0000000612800000, 0x0000000612c00000|  0%| F|  |TAMS 0x0000000612800000, 0x0000000612800000| Untracked 
|  70|0x0000000612c00000, 0x0000000612c00000, 0x0000000613000000|  0%| F|  |TAMS 0x0000000612c00000, 0x0000000612c00000| Untracked 
|  71|0x0000000613000000, 0x0000000613000000, 0x0000000613400000|  0%| F|  |TAMS 0x0000000613000000, 0x0000000613000000| Untracked 
|  72|0x0000000613400000, 0x0000000613400000, 0x0000000613800000|  0%| F|  |TAMS 0x0000000613400000, 0x0000000613400000| Untracked 
|  73|0x0000000613800000, 0x0000000613800000, 0x0000000613c00000|  0%| F|  |TAMS 0x0000000613800000, 0x0000000613800000| Untracked 
|  74|0x0000000613c00000, 0x0000000613c00000, 0x0000000614000000|  0%| F|  |TAMS 0x0000000613c00000, 0x0000000613c00000| Untracked 
|  75|0x0000000614000000, 0x0000000614000000, 0x0000000614400000|  0%| F|  |TAMS 0x0000000614000000, 0x0000000614000000| Untracked 
|  76|0x0000000614400000, 0x0000000614400000, 0x0000000614800000|  0%| F|  |TAMS 0x0000000614400000, 0x0000000614400000| Untracked 
|  77|0x0000000614800000, 0x0000000614800000, 0x0000000614c00000|  0%| F|  |TAMS 0x0000000614800000, 0x0000000614800000| Untracked 
|  78|0x0000000614c00000, 0x0000000614c00000, 0x0000000615000000|  0%| F|  |TAMS 0x0000000614c00000, 0x0000000614c00000| Untracked 
|  79|0x0000000615000000, 0x0000000615000000, 0x0000000615400000|  0%| F|  |TAMS 0x0000000615000000, 0x0000000615000000| Untracked 
|  80|0x0000000615400000, 0x0000000615400000, 0x0000000615800000|  0%| F|  |TAMS 0x0000000615400000, 0x0000000615400000| Untracked 
|  81|0x0000000615800000, 0x0000000615800000, 0x0000000615c00000|  0%| F|  |TAMS 0x0000000615800000, 0x0000000615800000| Untracked 
|  82|0x0000000615c00000, 0x0000000615c00000, 0x0000000616000000|  0%| F|  |TAMS 0x0000000615c00000, 0x0000000615c00000| Untracked 
|  83|0x0000000616000000, 0x0000000616000000, 0x0000000616400000|  0%| F|  |TAMS 0x0000000616000000, 0x0000000616000000| Untracked 
|  84|0x0000000616400000, 0x0000000616400000, 0x0000000616800000|  0%| F|  |TAMS 0x0000000616400000, 0x0000000616400000| Untracked 
|  85|0x0000000616800000, 0x0000000616800000, 0x0000000616c00000|  0%| F|  |TAMS 0x0000000616800000, 0x0000000616800000| Untracked 
|  86|0x0000000616c00000, 0x0000000616c00000, 0x0000000617000000|  0%| F|  |TAMS 0x0000000616c00000, 0x0000000616c00000| Untracked 
|  87|0x0000000617000000, 0x0000000617000000, 0x0000000617400000|  0%| F|  |TAMS 0x0000000617000000, 0x0000000617000000| Untracked 
|  88|0x0000000617400000, 0x0000000617400000, 0x0000000617800000|  0%| F|  |TAMS 0x0000000617400000, 0x0000000617400000| Untracked 
|  89|0x0000000617800000, 0x0000000617800000, 0x0000000617c00000|  0%| F|  |TAMS 0x0000000617800000, 0x0000000617800000| Untracked 
|  90|0x0000000617c00000, 0x0000000617c00000, 0x0000000618000000|  0%| F|  |TAMS 0x0000000617c00000, 0x0000000617c00000| Untracked 
|  91|0x0000000618000000, 0x0000000618000000, 0x0000000618400000|  0%| F|  |TAMS 0x0000000618000000, 0x0000000618000000| Untracked 
|  92|0x0000000618400000, 0x0000000618400000, 0x0000000618800000|  0%| F|  |TAMS 0x0000000618400000, 0x0000000618400000| Untracked 
|  93|0x0000000618800000, 0x0000000618800000, 0x0000000618c00000|  0%| F|  |TAMS 0x0000000618800000, 0x0000000618800000| Untracked 
|  94|0x0000000618c00000, 0x0000000618c00000, 0x0000000619000000|  0%| F|  |TAMS 0x0000000618c00000, 0x0000000618c00000| Untracked 
|  95|0x0000000619000000, 0x0000000619000000, 0x0000000619400000|  0%| F|  |TAMS 0x0000000619000000, 0x0000000619000000| Untracked 
|  96|0x0000000619400000, 0x0000000619400000, 0x0000000619800000|  0%| F|  |TAMS 0x0000000619400000, 0x0000000619400000| Untracked 
|  97|0x0000000619800000, 0x0000000619800000, 0x0000000619c00000|  0%| F|  |TAMS 0x0000000619800000, 0x0000000619800000| Untracked 
|  98|0x0000000619c00000, 0x0000000619c00000, 0x000000061a000000|  0%| F|  |TAMS 0x0000000619c00000, 0x0000000619c00000| Untracked 
|  99|0x000000061a000000, 0x000000061a000000, 0x000000061a400000|  0%| F|  |TAMS 0x000000061a000000, 0x000000061a000000| Untracked 
| 100|0x000000061a400000, 0x000000061a400000, 0x000000061a800000|  0%| F|  |TAMS 0x000000061a400000, 0x000000061a400000| Untracked 
| 101|0x000000061a800000, 0x000000061a800000, 0x000000061ac00000|  0%| F|  |TAMS 0x000000061a800000, 0x000000061a800000| Untracked 
| 102|0x000000061ac00000, 0x000000061ac00000, 0x000000061b000000|  0%| F|  |TAMS 0x000000061ac00000, 0x000000061ac00000| Untracked 
| 103|0x000000061b000000, 0x000000061b000000, 0x000000061b400000|  0%| F|  |TAMS 0x000000061b000000, 0x000000061b000000| Untracked 
| 104|0x000000061b400000, 0x000000061b400000, 0x000000061b800000|  0%| F|  |TAMS 0x000000061b400000, 0x000000061b400000| Untracked 
| 105|0x000000061b800000, 0x000000061b800000, 0x000000061bc00000|  0%| F|  |TAMS 0x000000061b800000, 0x000000061b800000| Untracked 
| 106|0x000000061bc00000, 0x000000061bc00000, 0x000000061c000000|  0%| F|  |TAMS 0x000000061bc00000, 0x000000061bc00000| Untracked 
| 107|0x000000061c000000, 0x000000061c000000, 0x000000061c400000|  0%| F|  |TAMS 0x000000061c000000, 0x000000061c000000| Untracked 
| 108|0x000000061c400000, 0x000000061c400000, 0x000000061c800000|  0%| F|  |TAMS 0x000000061c400000, 0x000000061c400000| Untracked 
| 109|0x000000061c800000, 0x000000061c800000, 0x000000061cc00000|  0%| F|  |TAMS 0x000000061c800000, 0x000000061c800000| Untracked 
| 110|0x000000061cc00000, 0x000000061cc00000, 0x000000061d000000|  0%| F|  |TAMS 0x000000061cc00000, 0x000000061cc00000| Untracked 
| 111|0x000000061d000000, 0x000000061d000000, 0x000000061d400000|  0%| F|  |TAMS 0x000000061d000000, 0x000000061d000000| Untracked 
| 112|0x000000061d400000, 0x000000061d400000, 0x000000061d800000|  0%| F|  |TAMS 0x000000061d400000, 0x000000061d400000| Untracked 
| 113|0x000000061d800000, 0x000000061dbe19b0, 0x000000061dc00000| 97%| S|CS|TAMS 0x000000061d800000, 0x000000061d800000| Complete 
| 114|0x000000061dc00000, 0x000000061e000000, 0x000000061e000000|100%| S|CS|TAMS 0x000000061dc00000, 0x000000061dc00000| Complete 
| 115|0x000000061e000000, 0x000000061e000000, 0x000000061e400000|  0%| F|  |TAMS 0x000000061e000000, 0x000000061e000000| Untracked 
| 116|0x000000061e400000, 0x000000061e400000, 0x000000061e800000|  0%| F|  |TAMS 0x000000061e400000, 0x000000061e400000| Untracked 
| 117|0x000000061e800000, 0x000000061e800000, 0x000000061ec00000|  0%| F|  |TAMS 0x000000061e800000, 0x000000061e800000| Untracked 
| 118|0x000000061ec00000, 0x000000061ec00000, 0x000000061f000000|  0%| F|  |TAMS 0x000000061ec00000, 0x000000061ec00000| Untracked 
| 119|0x000000061f000000, 0x000000061f000000, 0x000000061f400000|  0%| F|  |TAMS 0x000000061f000000, 0x000000061f000000| Untracked 
| 120|0x000000061f400000, 0x000000061f400000, 0x000000061f800000|  0%| F|  |TAMS 0x000000061f400000, 0x000000061f400000| Untracked 
| 121|0x000000061f800000, 0x000000061f800000, 0x000000061fc00000|  0%| F|  |TAMS 0x000000061f800000, 0x000000061f800000| Untracked 
| 122|0x000000061fc00000, 0x000000061ff23b48, 0x0000000620000000| 78%| E|  |TAMS 0x000000061fc00000, 0x000000061fc00000| Complete 
| 123|0x0000000620000000, 0x0000000620400000, 0x0000000620400000|100%| E|CS|TAMS 0x0000000620000000, 0x0000000620000000| Complete 
| 124|0x0000000620400000, 0x0000000620800000, 0x0000000620800000|100%| E|CS|TAMS 0x0000000620400000, 0x0000000620400000| Complete 
| 125|0x0000000620800000, 0x0000000620c00000, 0x0000000620c00000|100%| E|CS|TAMS 0x0000000620800000, 0x0000000620800000| Complete 
| 126|0x0000000620c00000, 0x0000000621000000, 0x0000000621000000|100%| E|CS|TAMS 0x0000000620c00000, 0x0000000620c00000| Complete 
| 127|0x0000000621000000, 0x0000000621400000, 0x0000000621400000|100%| E|CS|TAMS 0x0000000621000000, 0x0000000621000000| Complete 

Card table byte_map: [0x000002164ec70000,0x000002164fc70000] _byte_map_base: 0x000002164bc66000

Marking Bits (Prev, Next): (CMBitMap*) 0x0000021635aafd20, (CMBitMap*) 0x0000021635aafd60
 Prev Bits: [0x0000021650c70000, 0x0000021658c20000)
 Next Bits: [0x0000021658c20000, 0x0000021660bd0000)

Polling page: 0x00000216351c0000

Metaspace:

Usage:
  Non-class:     16.13 MB used.
      Class:      2.62 MB used.
       Both:     18.75 MB used.

Virtual space:
  Non-class space:       64.00 MB reserved,      16.31 MB ( 25%) committed,  1 nodes.
      Class space:        1.00 GB reserved,       2.81 MB ( <1%) committed,  1 nodes.
             Both:        1.06 GB reserved,      19.12 MB (  2%) committed. 

Chunk freelists:
   Non-Class:  3.33 MB
       Class:  1.21 MB
        Both:  4.54 MB

MaxMetaspaceSize: unlimited
CompressedClassSpaceSize: 1.00 GB
Initial GC threshold: 21.00 MB
Current GC threshold: 21.00 MB
CDS: on
MetaspaceReclaimPolicy: balanced
 - commit_granule_bytes: 65536.
 - commit_granule_words: 8192.
 - virtual_space_node_default_size: 8388608.
 - enlarge_chunks_in_place: 1.
 - new_chunks_are_fully_committed: 0.
 - uncommit_free_chunks: 1.
 - use_allocation_guard: 0.


Internal statistics:

num_allocs_failed_limit: 0.
num_arena_births: 436.
num_arena_deaths: 0.
num_vsnodes_births: 2.
num_vsnodes_deaths: 0.
num_space_committed: 306.
num_space_uncommitted: 0.
num_chunks_returned_to_freelist: 0.
num_chunks_taken_from_freelist: 1064.
num_chunk_merges: 0.
num_chunk_splits: 730.
num_chunks_enlarged: 555.
num_inconsistent_stats: 0.

CodeHeap 'non-profiled nmethods': size=118848Kb used=1889Kb max_used=1889Kb free=116958Kb
 bounds [0x0000021645540000, 0x00000216457b0000, 0x000002164c950000]
CodeHeap 'profiled nmethods': size=118848Kb used=9479Kb max_used=9479Kb free=109368Kb
 bounds [0x000002163d950000, 0x000002163e2a0000, 0x0000021644d60000]
CodeHeap 'non-nmethods': size=8064Kb used=1611Kb max_used=3890Kb free=6452Kb
 bounds [0x0000021644d60000, 0x00000216451c0000, 0x0000021645540000]
 total_blobs=5234 nmethods=4401 adapters=741
 compilation: enabled
              stopped_count=0, restarted_count=0
 full_count=0

Compilation events (20 events):
Event: 12.229 Thread 0x0000021676d4db00 nmethod 4391 0x000002163e28ed90 code [0x000002163e28ef60, 0x000002163e28f558]
Event: 12.229 Thread 0x0000021676d4db00 4392       3       com.sun.javafx.geom.RectBounds::intersectWith (33 bytes)
Event: 12.230 Thread 0x0000021676d4db00 nmethod 4392 0x000002163e28f690 code [0x000002163e28f840, 0x000002163e28f9c8]
Event: 12.230 Thread 0x0000021676d4a360 4394       3       com.sun.javafx.animation.TickCalculation::fromNano (10 bytes)
Event: 12.230 Thread 0x0000021676d4a360 nmethod 4394 0x000002163e28fa90 code [0x000002163e28fc60, 0x000002163e28fd88]
Event: 12.286 Thread 0x0000021676d4db00 4395       3       sun.nio.fs.WindowsPathParser::nextNonSlash (24 bytes)
Event: 12.286 Thread 0x0000021676d4db00 nmethod 4395 0x000002163e28fe10 code [0x000002163e290020, 0x000002163e290778]
Event: 12.306 Thread 0x00000216649551c0 4396       1       sun.nio.fs.NativeBuffer::setOwner (6 bytes)
Event: 12.307 Thread 0x00000216649551c0 nmethod 4396 0x0000021645716010 code [0x00000216457161a0, 0x00000216457162b8]
Event: 12.560 Thread 0x0000021676d4a360 4397       3       java.lang.invoke.LambdaForm::methodType (48 bytes)
Event: 12.560 Thread 0x0000021676d4a360 nmethod 4397 0x000002163e290a90 code [0x000002163e290c80, 0x000002163e291298]
Event: 12.561 Thread 0x0000021660f15b20 4400       4       jdk.internal.org.objectweb.asm.ByteVector::put122 (93 bytes)
Event: 12.561 Thread 0x00000216649551c0 4403       3       jdk.internal.org.objectweb.asm.AnnotationWriter::putAnnotations (110 bytes)
Event: 12.562 Thread 0x00000216649551c0 nmethod 4403 0x000002163e291590 code [0x000002163e2917a0, 0x000002163e291bc8]
Event: 12.562 Thread 0x0000021660f15b20 nmethod 4400 0x0000021645716f10 code [0x00000216457170a0, 0x0000021645717308]
Event: 405.367 Thread 0x0000021660f15b20 4404       4       com.sun.javafx.tk.quantum.QuantumToolkit::postPulse (133 bytes)
Event: 405.369 Thread 0x0000021660f15b20 nmethod 4404 0x0000021645717490 code [0x0000021645717640, 0x00000216457178b8]
Event: 405.369 Thread 0x0000021660f15b20 4405       4       com.sun.javafx.tk.quantum.QuantumToolkit$$Lambda$79/0x000000080103b640::run (8 bytes)
Event: 405.371 Thread 0x0000021660f15b20 nmethod 4405 0x0000021645717b90 code [0x0000021645717d60, 0x00000216457180a8]
Event: 405.389 Thread 0x0000021660f168a0 4406       3       java.lang.invoke.MemberName$Factory::resolveOrNull (54 bytes)

GC Heap History (4 events):
Event: 0.707 GC heap before
{Heap before GC invocations=0 (full 0):
 garbage-first heap   total 524288K, used 24576K [0x0000000601400000, 0x0000000800000000)
  region size 4096K, 6 young (24576K), 0 survivors (0K)
 Metaspace       used 4785K, committed 4992K, reserved 1114112K
  class space    used 478K, committed 576K, reserved 1048576K
}
Event: 0.710 GC heap after
{Heap after GC invocations=1 (full 0):
 garbage-first heap   total 524288K, used 2783K [0x0000000601400000, 0x0000000800000000)
  region size 4096K, 1 young (4096K), 1 survivors (4096K)
 Metaspace       used 4785K, committed 4992K, reserved 1114112K
  class space    used 478K, committed 576K, reserved 1048576K
}
Event: 9.380 GC heap before
{Heap before GC invocations=1 (full 0):
 garbage-first heap   total 524288K, used 47839K [0x0000000601400000, 0x0000000800000000)
  region size 4096K, 13 young (53248K), 1 survivors (4096K)
 Metaspace       used 16031K, committed 16448K, reserved 1114112K
  class space    used 2292K, committed 2496K, reserved 1048576K
}
Event: 9.386 GC heap after
{Heap after GC invocations=2 (full 0):
 garbage-first heap   total 524288K, used 8070K [0x0000000601400000, 0x0000000800000000)
  region size 4096K, 2 young (8192K), 2 survivors (8192K)
 Metaspace       used 16031K, committed 16448K, reserved 1114112K
  class space    used 2292K, committed 2496K, reserved 1048576K
}

Dll operation events (20 events):
Event: 0.431 Loaded shared library C:\Users\fassbenf\.openjfx\cache\19+11\amd64\api-ms-win-crt-locale-l1-1-0.dll
Event: 0.432 Loaded shared library C:\Users\fassbenf\.openjfx\cache\19+11\amd64\api-ms-win-crt-math-l1-1-0.dll
Event: 0.434 Loaded shared library C:\Users\fassbenf\.openjfx\cache\19+11\amd64\api-ms-win-crt-multibyte-l1-1-0.dll
Event: 0.436 Loaded shared library C:\Users\fassbenf\.openjfx\cache\19+11\amd64\api-ms-win-crt-private-l1-1-0.dll
Event: 0.438 Loaded shared library C:\Users\fassbenf\.openjfx\cache\19+11\amd64\api-ms-win-crt-process-l1-1-0.dll
Event: 0.439 Loaded shared library C:\Users\fassbenf\.openjfx\cache\19+11\amd64\api-ms-win-crt-runtime-l1-1-0.dll
Event: 0.441 Loaded shared library C:\Users\fassbenf\.openjfx\cache\19+11\amd64\api-ms-win-crt-stdio-l1-1-0.dll
Event: 0.443 Loaded shared library C:\Users\fassbenf\.openjfx\cache\19+11\amd64\api-ms-win-crt-string-l1-1-0.dll
Event: 0.444 Loaded shared library C:\Users\fassbenf\.openjfx\cache\19+11\amd64\api-ms-win-crt-time-l1-1-0.dll
Event: 0.446 Loaded shared library C:\Users\fassbenf\.openjfx\cache\19+11\amd64\api-ms-win-crt-utility-l1-1-0.dll
Event: 0.456 Loaded shared library C:\Users\fassbenf\.openjfx\cache\19+11\amd64\ucrtbase.dll
Event: 0.459 Loaded shared library C:\Users\fassbenf\.openjfx\cache\19+11\amd64\vcruntime140.dll
Event: 0.461 Loaded shared library C:\Users\fassbenf\.openjfx\cache\19+11\amd64\vcruntime140_1.dll
Event: 0.467 Loaded shared library C:\Users\fassbenf\.openjfx\cache\19+11\amd64\msvcp140.dll
Event: 0.470 Loaded shared library C:\Users\fassbenf\.openjfx\cache\19+11\amd64\msvcp140_1.dll
Event: 0.473 Loaded shared library C:\Users\fassbenf\.openjfx\cache\19+11\amd64\msvcp140_2.dll
Event: 0.503 Loaded shared library C:\Users\fassbenf\.openjfx\cache\19+11\amd64\prism_d3d.dll
Event: 0.562 Loaded shared library C:\Users\fassbenf\.openjfx\cache\19+11\amd64\glass.dll
Event: 0.729 Loaded shared library C:\Users\fassbenf\.jdks\openjdk-19.0.2\bin\jimage.dll
Event: 0.837 Loaded shared library C:\Users\fassbenf\.openjfx\cache\19+11\amd64\javafx_font.dll

Deoptimization events (20 events):
Event: 11.406 Thread 0x0000021669a70030 DEOPT PACKING pc=0x000002164568a468 sp=0x000000f5d21faf60
Event: 11.406 Thread 0x0000021669a70030 DEOPT UNPACKING pc=0x0000021644dc6da3 sp=0x000000f5d21fad18 mode 2
Event: 11.897 Thread 0x0000021669a70030 Uncommon trap: trap_request=0xffffffbe fr.pc=0x00000216456e85f4 relative=0x00000000000012f4
Event: 11.897 Thread 0x0000021669a70030 Uncommon trap: reason=profile_predicate action=maybe_recompile pc=0x00000216456e85f4 method=javafx.css.CompoundSelector.applies(Ljavafx/css/Styleable;[Ljava/util/Set;I)Z @ 89 c2
Event: 11.897 Thread 0x0000021669a70030 DEOPT PACKING pc=0x00000216456e85f4 sp=0x000000f5d21f9e20
Event: 11.897 Thread 0x0000021669a70030 DEOPT UNPACKING pc=0x0000021644dc6da3 sp=0x000000f5d21f9e30 mode 2
Event: 11.897 Thread 0x0000021669a70030 Uncommon trap: trap_request=0xffffffbe fr.pc=0x00000216456e85f4 relative=0x00000000000012f4
Event: 11.897 Thread 0x0000021669a70030 Uncommon trap: reason=profile_predicate action=maybe_recompile pc=0x00000216456e85f4 method=javafx.css.CompoundSelector.applies(Ljavafx/css/Styleable;[Ljava/util/Set;I)Z @ 89 c2
Event: 11.897 Thread 0x0000021669a70030 DEOPT PACKING pc=0x00000216456e85f4 sp=0x000000f5d21f9e20
Event: 11.897 Thread 0x0000021669a70030 DEOPT UNPACKING pc=0x0000021644dc6da3 sp=0x000000f5d21f9e30 mode 2
Event: 11.897 Thread 0x0000021669a70030 Uncommon trap: trap_request=0xffffffbe fr.pc=0x00000216456e85f4 relative=0x00000000000012f4
Event: 11.897 Thread 0x0000021669a70030 Uncommon trap: reason=profile_predicate action=maybe_recompile pc=0x00000216456e85f4 method=javafx.css.CompoundSelector.applies(Ljavafx/css/Styleable;[Ljava/util/Set;I)Z @ 89 c2
Event: 11.897 Thread 0x0000021669a70030 DEOPT PACKING pc=0x00000216456e85f4 sp=0x000000f5d21f9e20
Event: 11.897 Thread 0x0000021669a70030 DEOPT UNPACKING pc=0x0000021644dc6da3 sp=0x000000f5d21f9e30 mode 2
Event: 11.897 Thread 0x0000021669a70030 Uncommon trap: trap_request=0xffffffbe fr.pc=0x00000216456e85f4 relative=0x00000000000012f4
Event: 11.897 Thread 0x0000021669a70030 Uncommon trap: reason=profile_predicate action=maybe_recompile pc=0x00000216456e85f4 method=javafx.css.CompoundSelector.applies(Ljavafx/css/Styleable;[Ljava/util/Set;I)Z @ 89 c2
Event: 11.897 Thread 0x0000021669a70030 DEOPT PACKING pc=0x00000216456e85f4 sp=0x000000f5d21f9e20
Event: 11.897 Thread 0x0000021669a70030 DEOPT UNPACKING pc=0x0000021644dc6da3 sp=0x000000f5d21f9e30 mode 2
Event: 405.389 Thread 0x000002166f210330 DEOPT PACKING pc=0x000002163db292cc sp=0x000000f5d15ff680
Event: 405.389 Thread 0x000002166f210330 DEOPT UNPACKING pc=0x0000021644dc7543 sp=0x000000f5d15feae0 mode 1

Classes loaded (20 events):
Event: 26.636 Loading class oracle/jdbc/OracleDriver
Event: 26.636 Loading class oracle/jdbc/OracleDriver done
Event: 405.362 Loading class java/lang/Throwable$WrappedPrintStream
Event: 405.362 Loading class java/lang/Throwable$PrintStreamOrWriter
Event: 405.362 Loading class java/lang/Throwable$PrintStreamOrWriter done
Event: 405.362 Loading class java/lang/Throwable$WrappedPrintStream done
Event: 405.387 Loading class jdk/internal/misc/Signal$1
Event: 405.387 Loading class jdk/internal/misc/Signal$1 done
Event: 405.388 Loading class java/util/concurrent/atomic/AtomicReferenceFieldUpdater
Event: 405.388 Loading class com/sun/javafx/tk/quantum/QuantumRenderer
Event: 405.388 Loading class com/sun/javafx/tk/quantum/QuantumRenderer done
Event: 405.388 Loading class java/util/concurrent/atomic/AtomicReferenceFieldUpdater done
Event: 405.388 Loading class java/util/concurrent/atomic/AtomicReferenceFieldUpdater$AtomicReferenceFieldUpdaterImpl
Event: 405.388 Loading class java/util/concurrent/atomic/AtomicReferenceFieldUpdater$AtomicReferenceFieldUpdaterImpl done
Event: 405.388 Loading class java/util/concurrent/atomic/AtomicReferenceFieldUpdater$AtomicReferenceFieldUpdaterImpl$1
Event: 405.388 Loading class java/util/concurrent/atomic/AtomicReferenceFieldUpdater$AtomicReferenceFieldUpdaterImpl$1 done
Event: 405.388 Loading class com/sun/javafx/tk/quantum/QuantumToolkit
Event: 405.388 Loading class com/sun/javafx/tk/quantum/QuantumToolkit done
Event: 405.388 Loading class sun/reflect/misc/ReflectUtil
Event: 405.389 Loading class sun/reflect/misc/ReflectUtil done

Classes unloaded (0 events):
No events

Classes redefined (0 events):
No events

Internal exceptions (20 events):
Event: 1.139 Thread 0x0000021669a70030 Exception <a 'java/lang/NoSuchMethodError'{0x000000061ef20eb8}: 'java.lang.Object java.lang.invoke.DirectMethodHandle$Holder.newInvokeSpecial(java.lang.Object, java.lang.Object, int)'> (0x000000061ef20eb8) 
thrown [s\open\src\hotspot\share\interpreter\linkResolver.cpp, line 774]
Event: 1.176 Thread 0x000002166a3970a0 Exception <a 'java/lang/NoSuchMethodError'{0x000000061e83ff48}: 'int java.lang.invoke.DirectMethodHandle$Holder.invokeStaticInit(java.lang.Object, java.lang.Object)'> (0x000000061e83ff48) 
thrown [s\open\src\hotspot\share\interpreter\linkResolver.cpp, line 774]
Event: 9.253 Thread 0x0000021669a70030 Exception <a 'java/lang/NoSuchMethodError'{0x000000061e5f8768}: 'long java.lang.invoke.DirectMethodHandle$Holder.invokeStatic(java.lang.Object, java.lang.Object, java.lang.Object)'> (0x000000061e5f8768) 
thrown [s\open\src\hotspot\share\interpreter\linkResolver.cpp, line 774]
Event: 9.253 Thread 0x0000021669a70030 Exception <a 'java/lang/NoSuchMethodError'{0x000000061e5fbde0}: 'long java.lang.invoke.DirectMethodHandle$Holder.invokeStaticInit(java.lang.Object, java.lang.Object, java.lang.Object)'> (0x000000061e5fbde0) 
thrown [s\open\src\hotspot\share\interpreter\linkResolver.cpp, line 774]
Event: 9.254 Thread 0x0000021669a70030 Exception <a 'java/lang/NoSuchMethodError'{0x000000061e614188}: 'java.lang.Object java.lang.invoke.DirectMethodHandle$Holder.newInvokeSpecial(java.lang.Object, java.lang.Object, long)'> (0x000000061e614188) 
thrown [s\open\src\hotspot\share\interpreter\linkResolver.cpp, line 774]
Event: 9.255 Thread 0x0000021669a70030 Exception <a 'java/lang/NoSuchMethodError'{0x000000061e6182e0}: 'java.lang.Object java.lang.invoke.Invokers$Holder.linkToTargetMethod(java.lang.Object, long, java.lang.Object)'> (0x000000061e6182e0) 
thrown [s\open\src\hotspot\share\interpreter\linkResolver.cpp, line 774]
Event: 9.333 Thread 0x0000021669a70030 Exception <a 'java/lang/ClassNotFoundException'{0x000000061e0b37b0}: com/sun/javafx/scene/control/skin/resources/controls-nt> (0x000000061e0b37b0) 
thrown [s\open\src\hotspot\share\prims\jni.cpp, line 536]
Event: 9.334 Thread 0x0000021669a70030 Exception <a 'java/lang/ClassNotFoundException'{0x000000061e0bbe88}: com/sun/javafx/scene/control/skin/resources/controls-nt_de> (0x000000061e0bbe88) 
thrown [s\open\src\hotspot\share\prims\jni.cpp, line 536]
Event: 9.334 Thread 0x0000021669a70030 Exception <a 'java/lang/ClassNotFoundException'{0x000000061e0bd110}: com/sun/javafx/scene/control/skin/resources/controls-nt_de_DE> (0x000000061e0bd110) 
thrown [s\open\src\hotspot\share\prims\jni.cpp, line 536]
Event: 9.374 Thread 0x0000021669a70030 Exception <a 'java/lang/NoSuchMethodError'{0x000000061e32e9f0}: 'void java.lang.invoke.DirectMethodHandle$Holder.invokeSpecial(java.lang.Object, java.lang.Object, java.lang.Object, java.lang.Object, java.lang.Object, java.lang.Object)'> (0x000000061e32e9f0) 
thrown [s\open\src\hotspot\share\interpreter\linkResolver.cpp, line 774]
Event: 9.414 Thread 0x0000021669a70030 Exception <a 'java/lang/NoSuchMethodError'{0x00000006213beca0}: 'void java.lang.invoke.DirectMethodHandle$Holder.invokeSpecialIFC(java.lang.Object, java.lang.Object, java.lang.Object, java.lang.Object)'> (0x00000006213beca0) 
thrown [s\open\src\hotspot\share\interpreter\linkResolver.cpp, line 774]
Event: 11.102 Thread 0x0000021669a70030 Exception <a 'java/lang/NoSuchMethodError'{0x0000000620eff1d8}: 'java.lang.Object java.lang.invoke.DirectMethodHandle$Holder.newInvokeSpecial(java.lang.Object, java.lang.Object, int, int, int, int, int, java.lang.Object)'> (0x0000000620eff1d8) 
thrown [s\open\src\hotspot\share\interpreter\linkResolver.cpp, line 774]
Event: 11.102 Thread 0x0000021669a70030 Exception <a 'java/lang/NoSuchMethodError'{0x0000000620f12720}: 'java.lang.Object java.lang.invoke.DirectMethodHandle$Holder.newInvokeSpecial(java.lang.Object, java.lang.Object, java.lang.Object, int, int, int, int, int)'> (0x0000000620f12720) 
thrown [s\open\src\hotspot\share\interpreter\linkResolver.cpp, line 774]
Event: 11.103 Thread 0x0000021669a70030 Exception <a 'java/lang/NoSuchMethodError'{0x0000000620f1a4f0}: 'java.lang.Object java.lang.invoke.Invokers$Holder.linkToTargetMethod(java.lang.Object, java.lang.Object, int, int, int, int, int, java.lang.Object)'> (0x0000000620f1a4f0) 
thrown [s\open\src\hotspot\share\interpreter\linkResolver.cpp, line 774]
Event: 11.175 Thread 0x0000021669a70030 Exception <a 'sun/nio/fs/WindowsException'{0x00000006208089f0}> (0x00000006208089f0) 
thrown [s\open\src\hotspot\share\prims\jni.cpp, line 517]
Event: 11.177 Thread 0x0000021669a70030 Exception <a 'java/lang/NoSuchMethodError'{0x0000000620821138}: 'java.lang.Object java.lang.invoke.DirectMethodHandle$Holder.invokeStatic(java.lang.Object, int, java.lang.Object)'> (0x0000000620821138) 
thrown [s\open\src\hotspot\share\interpreter\linkResolver.cpp, line 774]
Event: 11.355 Thread 0x0000021669a70030 Implicit null exception at 0x00000216456d5610 to 0x00000216456d6138
Event: 11.361 Thread 0x0000021669a70030 Implicit null exception at 0x00000216456d0129 to 0x00000216456d01a4
Event: 11.366 Thread 0x000002166a3970a0 Exception <a 'java/lang/NoSuchMethodError'{0x00000006201b8428}: 'java.lang.Object java.lang.invoke.DirectMethodHandle$Holder.invokeStaticInit(java.lang.Object, int)'> (0x00000006201b8428) 
thrown [s\open\src\hotspot\share\interpreter\linkResolver.cpp, line 774]
Event: 405.386 Thread 0x0000021669a70030 Exception <a 'sun/nio/fs/WindowsException'{0x000000061fc28dd0}> (0x000000061fc28dd0) 
thrown [s\open\src\hotspot\share\prims\jni.cpp, line 517]

VM Operations (20 events):
Event: 405.363 Executing VM operation: ChangeBreakpoints done
Event: 405.363 Executing VM operation: ChangeBreakpoints
Event: 405.363 Executing VM operation: ChangeBreakpoints done
Event: 405.363 Executing VM operation: ChangeBreakpoints
Event: 405.363 Executing VM operation: ChangeBreakpoints done
Event: 405.363 Executing VM operation: ChangeBreakpoints
Event: 405.363 Executing VM operation: ChangeBreakpoints done
Event: 405.363 Executing VM operation: ChangeBreakpoints
Event: 405.363 Executing VM operation: ChangeBreakpoints done
Event: 405.363 Executing VM operation: ChangeBreakpoints
Event: 405.363 Executing VM operation: ChangeBreakpoints done
Event: 405.363 Executing VM operation: ChangeBreakpoints
Event: 405.363 Executing VM operation: ChangeBreakpoints done
Event: 405.363 Executing VM operation: ChangeBreakpoints
Event: 405.363 Executing VM operation: ChangeBreakpoints done
Event: 405.363 Executing VM operation: ChangeBreakpoints
Event: 405.363 Executing VM operation: ChangeBreakpoints done
Event: 405.363 Executing VM operation: ChangeBreakpoints
Event: 405.363 Executing VM operation: ChangeBreakpoints done
Event: 405.389 Executing VM operation: Exit

Events (20 events):
Event: 10.421 Thread 0x0000021676d4db00 Thread added: 0x0000021676d4db00
Event: 11.173 Thread 0x0000021676d50d10 Thread added: 0x0000021676d50d10
Event: 11.208 Thread 0x0000021676d4f140 Thread added: 0x0000021676d4f140
Event: 11.209 Thread 0x0000021676d4a360 Thread added: 0x0000021676d4a360
Event: 11.209 Thread 0x0000021676d51830 Thread added: 0x0000021676d51830
Event: 11.266 Thread 0x0000021676d512a0 Thread added: 0x0000021676d512a0
Event: 11.550 Thread 0x0000021676d512a0 Thread exited: 0x0000021676d512a0
Event: 11.550 Thread 0x0000021676d4f140 Thread exited: 0x0000021676d4f140
Event: 11.843 Thread 0x0000021676d50d10 Thread exited: 0x0000021676d50d10
Event: 17.562 Thread 0x0000021676d51830 Thread exited: 0x0000021676d51830
Event: 17.562 Thread 0x0000021676d4a360 Thread exited: 0x0000021676d4a360
Event: 17.562 Thread 0x0000021676d4db00 Thread exited: 0x0000021676d4db00
Event: 17.562 Thread 0x00000216649551c0 Thread exited: 0x00000216649551c0
Event: 405.362 Thread 0x00000216696afa50 Thread exited: 0x00000216696afa50
Event: 405.365 Thread 0x00000216696a74e0 Thread exited: 0x00000216696a74e0
Event: 405.387 Thread 0x000002166f211320 Thread added: 0x000002166f211320
Event: 405.388 Thread 0x000002166f212db0 Thread added: 0x000002166f212db0
Event: 405.388 Thread 0x000002166f210330 Thread added: 0x000002166f210330
Event: 405.388 Thread 0x000002166f212db0 Thread exited: 0x000002166f212db0
Event: 405.389 Thread 0x000002166f210330 Thread exited: 0x000002166f210330


Dynamic libraries:
0x00007ff7c3eb0000 - 0x00007ff7c3ebe000 	C:\Users\fassbenf\.jdks\openjdk-19.0.2\bin\java.exe
0x00007ff9733f0000 - 0x00007ff9735e8000 	C:\WINDOWS\SYSTEM32\ntdll.dll
0x00007ff971580000 - 0x00007ff97163f000 	C:\WINDOWS\System32\KERNEL32.DLL
0x00007ff970dd0000 - 0x00007ff9710a2000 	C:\WINDOWS\System32\KERNELBASE.dll
0x00007ff9711e0000 - 0x00007ff9712e0000 	C:\WINDOWS\System32\ucrtbase.dll
0x00007ff934220000 - 0x00007ff93423b000 	C:\Users\fassbenf\.jdks\openjdk-19.0.2\bin\VCRUNTIME140.dll
0x00007ff9300c0000 - 0x00007ff9300d7000 	C:\Users\fassbenf\.jdks\openjdk-19.0.2\bin\jli.dll
0x00007ff971a70000 - 0x00007ff971c11000 	C:\WINDOWS\System32\USER32.dll
0x00007ff971400000 - 0x00007ff971422000 	C:\WINDOWS\System32\win32u.dll
0x00007ff95e8d0000 - 0x00007ff95eb6a000 	C:\WINDOWS\WinSxS\amd64_microsoft.windows.common-controls_6595b64144ccf1df_6.0.19041.1110_none_60b5254171f9507e\COMCTL32.dll
0x00007ff972c90000 - 0x00007ff972cbb000 	C:\WINDOWS\System32\GDI32.dll
0x00007ff971de0000 - 0x00007ff971e7e000 	C:\WINDOWS\System32\msvcrt.dll
0x00007ff970b60000 - 0x00007ff970c6f000 	C:\WINDOWS\System32\gdi32full.dll
0x00007ff971140000 - 0x00007ff9711dd000 	C:\WINDOWS\System32\msvcp_win.dll
0x00007ff9727b0000 - 0x00007ff9727e2000 	C:\WINDOWS\System32\IMM32.DLL
0x00007ff94f5c0000 - 0x00007ff94f5cc000 	C:\Users\fassbenf\.jdks\openjdk-19.0.2\bin\vcruntime140_1.dll
0x00007ff8a1ea0000 - 0x00007ff8a1f2e000 	C:\Users\fassbenf\.jdks\openjdk-19.0.2\bin\msvcp140.dll
0x00007ff865f60000 - 0x00007ff866c20000 	C:\Users\fassbenf\.jdks\openjdk-19.0.2\bin\server\jvm.dll
0x00007ff971450000 - 0x00007ff9714fe000 	C:\WINDOWS\System32\ADVAPI32.dll
0x00007ff9719c0000 - 0x00007ff971a5c000 	C:\WINDOWS\System32\sechost.dll
0x00007ff973130000 - 0x00007ff973255000 	C:\WINDOWS\System32\RPCRT4.dll
0x00007ff966c30000 - 0x00007ff966c57000 	C:\WINDOWS\SYSTEM32\WINMM.dll
0x00007ff96a170000 - 0x00007ff96a17a000 	C:\WINDOWS\SYSTEM32\VERSION.dll
0x00007ff96d030000 - 0x00007ff96d039000 	C:\WINDOWS\SYSTEM32\WSOCK32.dll
0x00007ff971e80000 - 0x00007ff971eeb000 	C:\WINDOWS\System32\WS2_32.dll
0x00007ff96f200000 - 0x00007ff96f212000 	C:\WINDOWS\SYSTEM32\kernel.appcore.dll
0x00007ff93d100000 - 0x00007ff93d10a000 	C:\Users\fassbenf\.jdks\openjdk-19.0.2\bin\jimage.dll
0x00007ff96ee70000 - 0x00007ff96f054000 	C:\WINDOWS\SYSTEM32\DBGHELP.DLL
0x00007ff969a60000 - 0x00007ff969a95000 	C:\WINDOWS\SYSTEM32\dbgcore.DLL
0x00007ff9710b0000 - 0x00007ff971132000 	C:\WINDOWS\System32\bcryptPrimitives.dll
0x00007ff9535f0000 - 0x00007ff95362c000 	C:\Users\fassbenf\.jdks\openjdk-19.0.2\bin\jdwp.dll
0x00007ff969440000 - 0x00007ff96944e000 	C:\Users\fassbenf\.jdks\openjdk-19.0.2\bin\instrument.dll
0x00007ff930090000 - 0x00007ff9300b6000 	C:\Users\fassbenf\.jdks\openjdk-19.0.2\bin\java.dll
0x00007ff921360000 - 0x00007ff921378000 	C:\Users\fassbenf\.jdks\openjdk-19.0.2\bin\zip.dll
0x00007ff89e210000 - 0x00007ff89e2e7000 	C:\Users\fassbenf\.jdks\openjdk-19.0.2\bin\jsvml.dll
0x00007ff972000000 - 0x00007ff972745000 	C:\WINDOWS\System32\SHELL32.dll
0x00007ff96e610000 - 0x00007ff96eda2000 	C:\WINDOWS\SYSTEM32\windows.storage.dll
0x00007ff9728a0000 - 0x00007ff972bf5000 	C:\WINDOWS\System32\combase.dll
0x00007ff970380000 - 0x00007ff9703b0000 	C:\WINDOWS\SYSTEM32\Wldp.dll
0x00007ff971f50000 - 0x00007ff971ffd000 	C:\WINDOWS\System32\SHCORE.dll
0x00007ff973270000 - 0x00007ff9732c5000 	C:\WINDOWS\System32\shlwapi.dll
0x00007ff970a20000 - 0x00007ff970a3f000 	C:\WINDOWS\SYSTEM32\profapi.dll
0x00007ff930070000 - 0x00007ff930083000 	C:\Users\fassbenf\.jdks\openjdk-19.0.2\bin\net.dll
0x00007ff96fa20000 - 0x00007ff96fb2c000 	C:\WINDOWS\SYSTEM32\WINHTTP.dll
0x00007ff970160000 - 0x00007ff9701ca000 	C:\WINDOWS\system32\mswsock.dll
0x00007ff92fed0000 - 0x00007ff92fee6000 	C:\Users\fassbenf\.jdks\openjdk-19.0.2\bin\nio.dll
0x00007ff969430000 - 0x00007ff96943c000 	C:\Users\fassbenf\.jdks\openjdk-19.0.2\bin\dt_socket.dll
0x00007ff96fe70000 - 0x00007ff96feab000 	C:\WINDOWS\SYSTEM32\IPHLPAPI.DLL
0x0000021635930000 - 0x0000021635933000 	C:\Users\fassbenf\.openjfx\cache\19+11\amd64\api-ms-win-core-console-l1-1-0.dll
0x0000021635940000 - 0x0000021635943000 	C:\Users\fassbenf\.openjfx\cache\19+11\amd64\api-ms-win-core-console-l1-2-0.dll
0x0000021635950000 - 0x0000021635953000 	C:\Users\fassbenf\.openjfx\cache\19+11\amd64\api-ms-win-core-datetime-l1-1-0.dll
0x0000021635960000 - 0x0000021635963000 	C:\Users\fassbenf\.openjfx\cache\19+11\amd64\api-ms-win-core-debug-l1-1-0.dll
0x0000021635970000 - 0x0000021635973000 	C:\Users\fassbenf\.openjfx\cache\19+11\amd64\api-ms-win-core-errorhandling-l1-1-0.dll
0x0000021635980000 - 0x0000021635984000 	C:\Users\fassbenf\.openjfx\cache\19+11\amd64\api-ms-win-core-file-l1-1-0.dll
0x0000021635990000 - 0x0000021635993000 	C:\Users\fassbenf\.openjfx\cache\19+11\amd64\api-ms-win-core-file-l1-2-0.dll
0x00000216359a0000 - 0x00000216359a3000 	C:\Users\fassbenf\.openjfx\cache\19+11\amd64\api-ms-win-core-file-l2-1-0.dll
0x00000216359b0000 - 0x00000216359b3000 	C:\Users\fassbenf\.openjfx\cache\19+11\amd64\api-ms-win-core-handle-l1-1-0.dll
0x0000021664bb0000 - 0x0000021664bb3000 	C:\Users\fassbenf\.openjfx\cache\19+11\amd64\api-ms-win-core-heap-l1-1-0.dll
0x0000021664bc0000 - 0x0000021664bc3000 	C:\Users\fassbenf\.openjfx\cache\19+11\amd64\api-ms-win-core-interlocked-l1-1-0.dll
0x0000021664bd0000 - 0x0000021664bd3000 	C:\Users\fassbenf\.openjfx\cache\19+11\amd64\api-ms-win-core-libraryloader-l1-1-0.dll
0x0000021664be0000 - 0x0000021664be3000 	C:\Users\fassbenf\.openjfx\cache\19+11\amd64\api-ms-win-core-localization-l1-2-0.dll
0x0000021664bf0000 - 0x0000021664bf3000 	C:\Users\fassbenf\.openjfx\cache\19+11\amd64\api-ms-win-core-memory-l1-1-0.dll
0x000002166a600000 - 0x000002166a603000 	C:\Users\fassbenf\.openjfx\cache\19+11\amd64\api-ms-win-core-namedpipe-l1-1-0.dll
0x000002166a610000 - 0x000002166a613000 	C:\Users\fassbenf\.openjfx\cache\19+11\amd64\api-ms-win-core-processenvironment-l1-1-0.dll
0x000002166a620000 - 0x000002166a623000 	C:\Users\fassbenf\.openjfx\cache\19+11\amd64\api-ms-win-core-processthreads-l1-1-0.dll
0x000002166a630000 - 0x000002166a633000 	C:\Users\fassbenf\.openjfx\cache\19+11\amd64\api-ms-win-core-processthreads-l1-1-1.dll
0x000002166a640000 - 0x000002166a643000 	C:\Users\fassbenf\.openjfx\cache\19+11\amd64\api-ms-win-core-profile-l1-1-0.dll
0x000002166a650000 - 0x000002166a653000 	C:\Users\fassbenf\.openjfx\cache\19+11\amd64\api-ms-win-core-rtlsupport-l1-1-0.dll
0x000002166a660000 - 0x000002166a663000 	C:\Users\fassbenf\.openjfx\cache\19+11\amd64\api-ms-win-core-string-l1-1-0.dll
0x000002166a670000 - 0x000002166a673000 	C:\Users\fassbenf\.openjfx\cache\19+11\amd64\api-ms-win-core-synch-l1-1-0.dll
0x000002166a680000 - 0x000002166a683000 	C:\Users\fassbenf\.openjfx\cache\19+11\amd64\api-ms-win-core-synch-l1-2-0.dll
0x000002166a690000 - 0x000002166a693000 	C:\Users\fassbenf\.openjfx\cache\19+11\amd64\api-ms-win-core-sysinfo-l1-1-0.dll
0x000002166a6a0000 - 0x000002166a6a3000 	C:\Users\fassbenf\.openjfx\cache\19+11\amd64\api-ms-win-core-timezone-l1-1-0.dll
0x000002166a6b0000 - 0x000002166a6b3000 	C:\Users\fassbenf\.openjfx\cache\19+11\amd64\api-ms-win-core-util-l1-1-0.dll
0x000002166a6c0000 - 0x000002166a6c3000 	C:\Users\fassbenf\.openjfx\cache\19+11\amd64\api-ms-win-crt-conio-l1-1-0.dll
0x000002166a6d0000 - 0x000002166a6d4000 	C:\Users\fassbenf\.openjfx\cache\19+11\amd64\api-ms-win-crt-convert-l1-1-0.dll
0x000002166a6e0000 - 0x000002166a6e3000 	C:\Users\fassbenf\.openjfx\cache\19+11\amd64\api-ms-win-crt-environment-l1-1-0.dll
0x000002166a6f0000 - 0x000002166a6f3000 	C:\Users\fassbenf\.openjfx\cache\19+11\amd64\api-ms-win-crt-filesystem-l1-1-0.dll
0x000002166a700000 - 0x000002166a703000 	C:\Users\fassbenf\.openjfx\cache\19+11\amd64\api-ms-win-crt-heap-l1-1-0.dll
0x000002166a710000 - 0x000002166a713000 	C:\Users\fassbenf\.openjfx\cache\19+11\amd64\api-ms-win-crt-locale-l1-1-0.dll
0x000002166a720000 - 0x000002166a725000 	C:\Users\fassbenf\.openjfx\cache\19+11\amd64\api-ms-win-crt-math-l1-1-0.dll
0x000002166a730000 - 0x000002166a735000 	C:\Users\fassbenf\.openjfx\cache\19+11\amd64\api-ms-win-crt-multibyte-l1-1-0.dll
0x000002166a740000 - 0x000002166a750000 	C:\Users\fassbenf\.openjfx\cache\19+11\amd64\api-ms-win-crt-private-l1-1-0.dll
0x000002166a750000 - 0x000002166a753000 	C:\Users\fassbenf\.openjfx\cache\19+11\amd64\api-ms-win-crt-process-l1-1-0.dll
0x000002166a760000 - 0x000002166a764000 	C:\Users\fassbenf\.openjfx\cache\19+11\amd64\api-ms-win-crt-runtime-l1-1-0.dll
0x000002166a770000 - 0x000002166a774000 	C:\Users\fassbenf\.openjfx\cache\19+11\amd64\api-ms-win-crt-stdio-l1-1-0.dll
0x000002166a780000 - 0x000002166a784000 	C:\Users\fassbenf\.openjfx\cache\19+11\amd64\api-ms-win-crt-string-l1-1-0.dll
0x000002166a790000 - 0x000002166a793000 	C:\Users\fassbenf\.openjfx\cache\19+11\amd64\api-ms-win-crt-time-l1-1-0.dll
0x000002166a7a0000 - 0x000002166a7a3000 	C:\Users\fassbenf\.openjfx\cache\19+11\amd64\api-ms-win-crt-utility-l1-1-0.dll
0x00007ff8860c0000 - 0x00007ff8861bc000 	C:\Users\fassbenf\.openjfx\cache\19+11\amd64\ucrtbase.dll
0x00007ff9535d0000 - 0x00007ff9535eb000 	C:\Users\fassbenf\.openjfx\cache\19+11\amd64\vcruntime140.dll
0x00007ff9481d0000 - 0x00007ff9481dc000 	C:\Users\fassbenf\.openjfx\cache\19+11\amd64\vcruntime140_1.dll
0x00007ff93bf50000 - 0x00007ff93bfde000 	C:\Users\fassbenf\.openjfx\cache\19+11\amd64\msvcp140.dll
0x00007ff9481c0000 - 0x00007ff9481c9000 	C:\Users\fassbenf\.openjfx\cache\19+11\amd64\msvcp140_1.dll
0x00007ff948190000 - 0x00007ff9481c0000 	C:\Users\fassbenf\.openjfx\cache\19+11\amd64\msvcp140_2.dll
0x00007ff93bf20000 - 0x00007ff93bf4c000 	C:\Users\fassbenf\.openjfx\cache\19+11\amd64\prism_d3d.dll
0x00007ff966170000 - 0x00007ff96633e000 	C:\WINDOWS\system32\d3d9.dll
0x00007ff96e140000 - 0x00007ff96e16f000 	C:\WINDOWS\SYSTEM32\dwmapi.dll
0x00007ff96dec0000 - 0x00007ff96df5e000 	C:\WINDOWS\system32\uxtheme.dll
0x00007ff9631b0000 - 0x00007ff96326e000 	C:\WINDOWS\System32\DriverStore\FileRepository\nv_dispi.inf_amd64_d1bd230cd08e7436\nvldumdx.dll
0x00007ff9705f0000 - 0x00007ff970602000 	C:\WINDOWS\SYSTEM32\msasn1.dll
0x00007ff96a110000 - 0x00007ff96a141000 	C:\WINDOWS\SYSTEM32\cryptnet.dll
0x00007ff970c70000 - 0x00007ff970dc6000 	C:\WINDOWS\System32\CRYPT32.dll
0x00007ff969e20000 - 0x00007ff969f68000 	C:\WINDOWS\SYSTEM32\drvstore.dll
0x00007ff9707b0000 - 0x00007ff9707dc000 	C:\WINDOWS\SYSTEM32\devobj.dll
0x00007ff970b10000 - 0x00007ff970b5e000 	C:\WINDOWS\System32\cfgmgr32.dll
0x00007ff9702f0000 - 0x00007ff9702fc000 	C:\WINDOWS\SYSTEM32\cryptbase.dll
0x00007ff9712e0000 - 0x00007ff971349000 	C:\WINDOWS\System32\WINTRUST.DLL
0x00007ff971430000 - 0x00007ff97144d000 	C:\WINDOWS\System32\imagehlp.dll
0x00007ff9703c0000 - 0x00007ff9703d8000 	C:\WINDOWS\SYSTEM32\CRYPTSP.dll
0x00007ff96f990000 - 0x00007ff96f9c4000 	C:\WINDOWS\system32\rsaenh.dll
0x00007ff970ae0000 - 0x00007ff970b07000 	C:\WINDOWS\System32\bcrypt.dll
0x00007ff8ca660000 - 0x00007ff8ccc6f000 	C:\WINDOWS\System32\DriverStore\FileRepository\nv_dispi.inf_amd64_d1bd230cd08e7436\nvd3dumx.dll
0x00007ff8ae150000 - 0x00007ff8ae192000 	C:\Users\fassbenf\.openjfx\cache\19+11\amd64\glass.dll
0x00007ff9732d0000 - 0x00007ff9733aa000 	C:\WINDOWS\System32\COMDLG32.dll
0x00007ff971830000 - 0x00007ff97195a000 	C:\WINDOWS\System32\ole32.dll
0x00007ff971640000 - 0x00007ff97170d000 	C:\WINDOWS\System32\OLEAUT32.dll
0x00007ff971710000 - 0x00007ff971825000 	C:\WINDOWS\System32\MSCTF.dll
0x00007ff928650000 - 0x00007ff928921000 	C:\WINDOWS\system32\nvspcap64.dll
0x00007ff96fbe0000 - 0x00007ff96fc13000 	C:\WINDOWS\SYSTEM32\ntmarta.dll
0x00007ff96f220000 - 0x00007ff96f243000 	C:\WINDOWS\SYSTEM32\gpapi.dll
0x00007ff9669a0000 - 0x00007ff9669db000 	C:\WINDOWS\SYSTEM32\dxcore.dll
0x00007ff93bf00000 - 0x00007ff93bf14000 	C:\Users\fassbenf\.openjfx\cache\19+11\amd64\javafx_font.dll
0x00007ff94d6e0000 - 0x00007ff94d95f000 	C:\WINDOWS\SYSTEM32\dwrite.dll
0x00007ff9727f0000 - 0x00007ff972899000 	C:\WINDOWS\System32\clbcatq.dll
0x00007ff965db0000 - 0x00007ff965f64000 	C:\WINDOWS\SYSTEM32\WindowsCodecs.dll
0x00007ff948120000 - 0x00007ff94815e000 	C:\WINDOWS\system32\dataexchange.dll
0x00007ff96d120000 - 0x00007ff96d303000 	C:\WINDOWS\system32\dcomp.dll

dbghelp: loaded successfully - version: 4.0.5 - missing functions: none
symbol engine: initialized successfully - sym options: 0x614 - pdb path: .;C:\Users\fassbenf\.jdks\openjdk-19.0.2\bin;C:\WINDOWS\SYSTEM32;C:\WINDOWS\WinSxS\amd64_microsoft.windows.common-controls_6595b64144ccf1df_6.0.19041.1110_none_60b5254171f9507e;C:\Users\fassbenf\.jdks\openjdk-19.0.2\bin\server;C:\Users\fassbenf\.openjfx\cache\19+11\amd64;C:\WINDOWS\System32\DriverStore\FileRepository\nv_dispi.inf_amd64_d1bd230cd08e7436;C:\Program Files\Common Files\Microsoft Shared\Ink

VM Arguments:
jvm_args: -agentlib:jdwp=transport=dt_socket,address=127.0.0.1:53135,suspend=y,server=n -javaagent:C:\Users\fassbenf\AppData\Local\JetBrains\IntelliJIdea2022.3\captureAgent\debugger-agent.jar -Dfile.encoding=UTF-8 -Dsun.stdout.encoding=UTF-8 -Dsun.stderr.encoding=UTF-8 --module-path=C:\Users\fassbenf\.m2\repository\org\openjfx\javafx-fxml\19\javafx-fxml-19-win.jar;C:\Users\fassbenf\.m2\repository\org\openjfx\javafx-controls\19\javafx-controls-19-win.jar;C:\Users\fassbenf\.m2\repository\org\openjfx\javafx-base\19\javafx-base-19-win.jar;C:\Users\fassbenf\.m2\repository\org\openjfx\javafx-graphics\19\javafx-graphics-19-win.jar;C:\Users\fassbenf\Dropbox\3BHIF\POS\_06_Fassbender_State_Task\_06_Fassbender_State_Task\target\classes -Djdk.module.main=com.example._06_fassbender_state_task 
java_command: com.example._06_fassbender_state_task/com.example._06_fassbender_state_task.HelloApplication
java_class_path (initial): C:\Users\fassbenf\.m2\repository\org\openjfx\javafx-controls\19\javafx-controls-19.jar;C:\Users\fassbenf\.m2\repository\org\openjfx\javafx-graphics\19\javafx-graphics-19.jar;C:\Users\fassbenf\.m2\repository\org\openjfx\javafx-base\19\javafx-base-19.jar;C:\Users\fassbenf\.m2\repository\org\openjfx\javafx-fxml\19\javafx-fxml-19.jar;C:\Program Files\JetBrains\IntelliJ IDEA 2022.3.2\lib\idea_rt.jar
Launcher Type: SUN_STANDARD

[Global flags]
     intx CICompilerCount                          = 15                                        {product} {ergonomic}
     uint ConcGCThreads                            = 6                                         {product} {ergonomic}
     uint G1ConcRefinementThreads                  = 23                                        {product} {ergonomic}
   size_t G1HeapRegionSize                         = 4194304                                   {product} {ergonomic}
    uintx GCDrainStackTargetSize                   = 64                                        {product} {ergonomic}
   size_t InitialHeapSize                          = 536870912                                 {product} {ergonomic}
   size_t MarkStackSize                            = 4194304                                   {product} {ergonomic}
   size_t MaxHeapSize                              = 8568963072                                {product} {ergonomic}
   size_t MaxNewSize                               = 5138022400                                {product} {ergonomic}
   size_t MinHeapDeltaBytes                        = 4194304                                   {product} {ergonomic}
   size_t MinHeapSize                              = 8388608                                   {product} {ergonomic}
    uintx NonNMethodCodeHeapSize                   = 8192380                                {pd product} {ergonomic}
    uintx NonProfiledCodeHeapSize                  = 121732930                              {pd product} {ergonomic}
    uintx ProfiledCodeHeapSize                     = 121732930                              {pd product} {ergonomic}
    uintx ReservedCodeCacheSize                    = 251658240                              {pd product} {ergonomic}
     bool SegmentedCodeCache                       = true                                      {product} {ergonomic}
   size_t SoftMaxHeapSize                          = 8568963072                             {manageable} {ergonomic}
     bool UseCompressedClassPointers               = true                           {product lp64_product} {ergonomic}
     bool UseCompressedOops                        = true                           {product lp64_product} {ergonomic}
     bool UseG1GC                                  = true                                      {product} {ergonomic}
     bool UseLargePagesIndividualAllocation        = false                                  {pd product} {ergonomic}

Logging:
Log output configuration:
 #0: stdout all=off uptime,level,tags foldmultilines=false
 #1: stderr all=off uptime,level,tags foldmultilines=false

Environment Variables:
PATH=C:\Program Files (x86)\Microsoft SDKs\Azure\CLI2\wbin;C:\Program Files\NVIDIA GPU Computing Toolkit\CUDA\v11.8\bin;C:\Program Files\NVIDIA GPU Computing Toolkit\CUDA\v11.8\libnvvp;C:\Program Files (x86)\Razer Chroma SDK\bin;C:\Program Files\Razer Chroma SDK\bin;C:\Program Files (x86)\Razer\ChromaBroadcast\bin;C:\Program Files\Razer\ChromaBroadcast\bin;C:\WINDOWS\system32;C:\WINDOWS;C:\WINDOWS\System32\Wbem;C:\WINDOWS\System32\WindowsPowerShell\v1.0\;C:\WINDOWS\System32\OpenSSH\;C:\Program Files\NVIDIA Corporation\NVIDIA NvDLISR;C:\Program Files (x86)\NVIDIA Corporation\PhysX\Common;C:\Users\fassbenf\AppData\Local\Microsoft\WindowsApps;C:\Program Files\dotnet\;C:\WINDOWS\system32\config\systemprofile\AppData\Local\Microsoft\WindowsApps;C:\Program Files\nodejs\;C:\Program Files\NVIDIA Corporation\Nsight Compute 2022.3.0\;C:\Program Files\Git\cmd;C:\Program Files\Docker\Docker\resources\bin;C:\Users\fassbenf\AppData\Local\Microsoft\WindowsApps;C:\Users\fassbenf\AppData\Local\Programs\Microsoft VS Code\bin;C:\MinGW\bin;C:\Users\fassbenf\AppData\Local\bin\NASM;C:\Users\fassbenf\.dotnet\tools;C:\Program Files\JetBrains\IntelliJ IDEA Community Edition 2022.2.2\bin;;C:\Users\fassbenf\AppData\Roaming\npm;C:\Program Files\JetBrains\DataGrip 2022.2.5\bin;;C:\Users\fassbenf\AppData\Local\GitHubDesktop\bin;C:\Program Files\JetBrains\WebStorm 2022.3.1\bin;;C:\Program Files\JetBrains\IntelliJ IDEA 2022.3.2\bin;
USERNAME=fassbenf
OS=Windows_NT
PROCESSOR_IDENTIFIER=AMD64 Family 23 Model 113 Stepping 0, AuthenticAMD
TMP=C:\Users\fassbenf\AppData\Local\Temp
TEMP=C:\Users\fassbenf\AppData\Local\Temp



---------------  S Y S T E M  ---------------

OS:
 Windows 10 , 64 bit Build 19041 (10.0.19041.2546)
OS uptime: 0 days 4:54 hours
Hyper-V role detected

CPU: total 32 (initial active 32) (32 cores per cpu, 2 threads per core) family 23 model 113 stepping 0 microcode 0x0, cx8, cmov, fxsr, ht, mmx, 3dnowpref, sse, sse2, sse3, ssse3, sse4a, sse4.1, sse4.2, popcnt, lzcnt, tsc, tscinvbit, avx, avx2, aes, clmul, bmi1, bmi2, adx, sha, fma, vzeroupper, clflush, clflushopt, hv, rdtscp, rdpid

Memory: 4k page, system-wide physical 32674M (15958M free)
TotalPageFile size 53154M (AvailPageFile size 21777M)
current process WorkingSet (physical memory assigned to process): 170M, peak: 205M
current process commit charge ("private bytes"): 761M, peak: 783M

vm_info: OpenJDK 64-Bit Server VM (19.0.2+7-44) for windows-amd64 JRE (19.0.2+7-44), built on 2022-11-30T18:02:09Z by "mach5one" with MS VC++ 17.1 (VS2022)

END.
