#
# A fatal error has been detected by the Java Runtime Environment:
#
#  EXCEPTION_ACCESS_VIOLATION (0xc0000005) at pc=0x00007ff93bf263b7, pid=14528, tid=4304
#
# JRE version: OpenJDK Runtime Environment (19.0.2+7) (build 19.0.2+7-44)
# Java VM: OpenJDK 64-Bit Server VM (19.0.2+7-44, mixed mode, sharing, tiered, compressed oops, compressed class ptrs, g1 gc, windows-amd64)
# Problematic frame:
# C  [glass.dll+0x263b7]
#
# No core dump will be written. Minidumps are not enabled by default on client versions of Windows
#
# If you would like to submit a bug report, please visit:
#   https://bugreport.java.com/bugreport/crash.jsp
#

---------------  S U M M A R Y ------------

Command Line: -agentlib:jdwp=transport=dt_socket,address=127.0.0.1:55493,suspend=y,server=n -javaagent:C:\Users\fassbenf\AppData\Local\JetBrains\IntelliJIdea2022.3\captureAgent\debugger-agent.jar -Dfile.encoding=UTF-8 -Dsun.stdout.encoding=UTF-8 -Dsun.stderr.encoding=UTF-8 --module-path=C:\Users\fassbenf\.m2\repository\org\openjfx\javafx-fxml\19\javafx-fxml-19-win.jar;C:\Users\fassbenf\.m2\repository\org\openjfx\javafx-base\19\javafx-base-19-win.jar;C:\Users\fassbenf\.m2\repository\org\openjfx\javafx-graphics\19\javafx-graphics-19-win.jar;C:\Users\fassbenf\.m2\repository\org\openjfx\javafx-controls\19\javafx-controls-19-win.jar;C:\Users\fassbenf\Dropbox\3BHIF\POS\_06_Fassbender_State_Task\_06_Fassbender_State_Task\target\classes -Djdk.module.main=com.example._06_fassbender_state_task com.example._06_fassbender_state_task/com.example._06_fassbender_state_task.HelloApplication

Host: AMD Ryzen 9 3950X 16-Core Processor            , 32 cores, 31G,  Windows 10 , 64 bit Build 19041 (10.0.19041.2546)
Time: Sun Mar 19 16:44:43 2023 Mitteleuropäische Zeit elapsed time: 277.175481 seconds (0d 0h 4m 37s)

---------------  T H R E A D  ---------------

Current thread (0x000001e9f5bc6d00):  VMThread "VM Thread" [stack: 0x0000003ced300000,0x0000003ced400000] [id=4304]

Stack: [0x0000003ced300000,0x0000003ced400000],  sp=0x0000003ced3ff3a0,  free space=1020k
Native frames: (J=compiled Java code, j=interpreted, Vv=VM code, C=native code)
C  [glass.dll+0x263b7]


siginfo: EXCEPTION_ACCESS_VIOLATION (0xc0000005), reading address 0x0000000000000000


Registers:
RAX=0x0000000000000000, RBX=0x000001e9a9938460, RCX=0x000001e9f5bc6d00, RDX=0x0000003ced3ff3a0
RSP=0x0000003ced3ff3a0, RBP=0x000001e9f3944748, RSI=0x000001e9f3944720, RDI=0x000034c6a4f8fa07
R8 =0x0000000000010002, R9 =0x000034c6a4f8fa07, R10=0x0000000000008000, R11=0x0000003ced3ff330
R12=0x00007ff93bf23cf0, R13=0x00007ff866b772a0, R14=0x0000003ced3ff498, R15=0x000001e9f3944720
RIP=0x00007ff93bf263b7, EFLAGS=0x0000000000010202


Register to memory mapping:

RIP=0x00007ff93bf263b7 glass.dll
RAX=0x0 is NULL
RBX=0x000001e9a9938460 is a global jni handle
RCX=0x000001e9f5bc6d00 points into unknown readable memory: 0x00007ff8669845b8 | b8 45 98 66 f8 7f 00 00
RDX=0x0000003ced3ff3a0 points into unknown readable memory: 0x0000000000000000 | 00 00 00 00 00 00 00 00
RSP=0x0000003ced3ff3a0 points into unknown readable memory: 0x0000000000000000 | 00 00 00 00 00 00 00 00
RBP=0x000001e9f3944748 points into unknown readable memory: 0x000034c6a4f8fa07 | 07 fa f8 a4 c6 34 00 00
RSI=0x000001e9f3944720 points into unknown readable memory: 0x003fc85b5de4fe07 | 07 fe e4 5d 5b c8 3f 00
RDI=0x000034c6a4f8fa07 is an unknown value
R8 =0x0000000000010002 is an unknown value
R9 =0x000034c6a4f8fa07 is an unknown value
R10=0x0000000000008000 is an unknown value
R11=0x0000003ced3ff330 points into unknown readable memory: 0x000001e9f3944720 | 20 47 94 f3 e9 01 00 00
R12=0x00007ff93bf23cf0 glass.dll
R13=0x00007ff866b772a0 jvm.dll
R14=0x0000003ced3ff498 points into unknown readable memory: 0x0000003ced3ff480 | 80 f4 3f ed 3c 00 00 00
R15=0x000001e9f3944720 points into unknown readable memory: 0x003fc85b5de4fe07 | 07 fe e4 5d 5b c8 3f 00


Top of Stack: (sp=0x0000003ced3ff3a0)
0x0000003ced3ff3a0:   0000000000000000 000001e9f3944720
0x0000003ced3ff3b0:   00007ff866b772a0 00007ff93bf23cf0
0x0000003ced3ff3c0:   000001e9f3944728 00007ff9711f42d6
0x0000003ced3ff3d0:   000034c6a4f8fa07 000001e900000000
0x0000003ced3ff3e0:   000001e9f3944748 000001e9f3944720
0x0000003ced3ff3f0:   fffffffffffffffe 0000000000000000
0x0000003ced3ff400:   0000000000000001 00007ff93bf00000
0x0000003ced3ff410:   0000003ced3ff488 00007ff9711f41fb
0x0000003ced3ff420:   0000000000000000 0000003ced3ff498
0x0000003ced3ff430:   0000003ced3ff760 00007ff9712d0e40
0x0000003ced3ff440:   0000000000000001 00007ff9711f41b4
0x0000003ced3ff450:   0000000000000000 0000000000000001
0x0000003ced3ff460:   0000000000000000 0000003ced3ff488
0x0000003ced3ff470:   ffffffff00000001 00007ff93bf23b7d
0x0000003ced3ff480:   00007ff93bf39f88 00007ff900000002
0x0000003ced3ff490:   0000000000000002 0000003ced3ff480 

Instructions: (pc=0x00007ff93bf263b7)
0x00007ff93bf262b7:   8b 4d 58 e8 7d cf ff ff 48 8b 4d 60 e8 74 cf ff
0x00007ff93bf262c7:   ff 48 8b 95 80 00 00 00 48 8b 8d 18 01 00 00 e8
0x00007ff93bf262d7:   66 c4 ff ff 33 d2 33 c9 e8 bc e1 ff ff 90 48 89
0x00007ff93bf262e7:   54 24 10 55 48 83 ec 20 48 8b ea 48 b8 00 00 00
0x00007ff93bf262f7:   00 00 00 00 00 48 83 c4 20 5d c3 cc 40 55 48 8b
0x00007ff93bf26307:   ea 48 8b 01 33 c9 81 38 05 00 00 c0 0f 94 c1 8b
0x00007ff93bf26317:   c1 5d c3 cc 40 55 48 83 ec 20 48 8b ea 8a 4d 40
0x00007ff93bf26327:   48 83 c4 20 5d e9 63 d3 ff ff cc 40 55 48 83 ec
0x00007ff93bf26337:   20 48 8b ea 8a 4d 20 e8 51 d3 ff ff 90 48 83 c4
0x00007ff93bf26347:   20 5d c3 cc 40 55 48 83 ec 20 48 8b ea 48 83 c4
0x00007ff93bf26357:   20 5d e9 b2 d1 ff ff cc 40 55 48 83 ec 30 48 8b
0x00007ff93bf26367:   ea 48 8b 01 8b 10 48 89 4c 24 28 89 54 24 20 4c
0x00007ff93bf26377:   8d 0d 53 d6 ff ff 4c 8b 45 70 8b 55 68 48 8b 4d
0x00007ff93bf26387:   60 e8 f3 d0 ff ff 90 48 83 c4 30 5d c3 cc cc cc
0x00007ff93bf26397:   cc cc cc cc cc cc cc cc cc 40 53 48 83 ec 20 48
0x00007ff93bf263a7:   8b 1d db 35 01 00 48 85 db 74 16 e8 79 8b ff ff
0x00007ff93bf263b7:   4c 8b 00 48 8b d3 48 8b c8 41 ff 90 b0 00 00 00
0x00007ff93bf263c7:   90 48 83 c4 20 5b c3 cc cc 40 53 48 83 ec 20 48
0x00007ff93bf263d7:   8b 1d 4b 37 01 00 48 85 db 74 57 b8 ff ff ff ff
0x00007ff93bf263e7:   f0 0f c1 43 10 83 f8 01 75 3d 48 85 db 74 38 48
0x00007ff93bf263f7:   8b 0b 48 85 c9 74 0d ff 15 a4 0e 00 00 48 c7 03
0x00007ff93bf26407:   00 00 00 00 48 8b 4b 08 48 85 c9 74 0d e8 23 ce
0x00007ff93bf26417:   ff ff 48 c7 43 08 00 00 00 00 ba 18 00 00 00 48
0x00007ff93bf26427:   8b cb e8 0e ce ff ff 48 c7 05 ef 36 01 00 00 00
0x00007ff93bf26437:   00 00 48 83 c4 20 5b c3 cc 40 53 48 83 ec 20 48
0x00007ff93bf26447:   8b 1d bb 36 01 00 48 85 db 74 57 b8 ff ff ff ff
0x00007ff93bf26457:   f0 0f c1 43 10 83 f8 01 75 3d 48 85 db 74 38 48
0x00007ff93bf26467:   8b 0b 48 85 c9 74 0d ff 15 34 0e 00 00 48 c7 03
0x00007ff93bf26477:   00 00 00 00 48 8b 4b 08 48 85 c9 74 0d e8 b3 cd
0x00007ff93bf26487:   ff ff 48 c7 43 08 00 00 00 00 ba 18 00 00 00 48
0x00007ff93bf26497:   8b cb e8 9e cd ff ff 48 c7 05 5f 36 01 00 00 00
0x00007ff93bf264a7:   00 00 48 83 c4 20 5b c3 cc 40 53 48 83 ec 20 48 


Stack slot to memory mapping:
stack at sp + 0 slots: 0x0 is NULL
stack at sp + 1 slots: 0x000001e9f3944720 points into unknown readable memory: 0x003fc85b5de4fe07 | 07 fe e4 5d 5b c8 3f 00
stack at sp + 2 slots: 0x00007ff866b772a0 jvm.dll
stack at sp + 3 slots: 0x00007ff93bf23cf0 glass.dll
stack at sp + 4 slots: 0x000001e9f3944728 points into unknown readable memory: 0x000034c6a4f8fa07 | 07 fa f8 a4 c6 34 00 00
stack at sp + 5 slots: 0x00007ff9711f42d6 ucrtbase.dll
stack at sp + 6 slots: 0x000034c6a4f8fa07 is an unknown value
stack at sp + 7 slots: 0x000001e900000000 is an unknown value

VM_Operation (0x0000003cecbff2e0): Exit, mode: safepoint, requested by thread 0x000001e9ab3869d0


---------------  P R O C E S S  ---------------

Threads class SMR info:
_java_thread_list=0x000001e9a94943b0, length=20, elements={
0x000001e9f5ba1920, 0x000001e9a3249cc0, 0x000001e9a324ac50, 0x000001e9a3250d00,
0x000001e9a32517d0, 0x000001e9a32522a0, 0x000001e9a32540b0, 0x000001e9a3263d70,
0x000001e9a3269960, 0x000001e9a4b5f5e0, 0x000001e9a9ae0650, 0x000001e9a92bb040,
0x000001e9aa1a6a60, 0x000001e9a9ab1830, 0x000001e9a9b9be10, 0x000001e9ab24c230,
0x000001e9ab199290, 0x000001e9ab389450, 0x000001e9ab3889b0, 0x000001e9ab3869d0
}

Java Threads: ( => current thread )
  0x000001e9f5ba1920 JavaThread "main" [_thread_blocked, id=38316, stack(0x0000003cecd00000,0x0000003cece00000)]
  0x000001e9a3249cc0 JavaThread "Reference Handler" daemon [_thread_blocked, id=36936, stack(0x0000003ced400000,0x0000003ced500000)]
  0x000001e9a324ac50 JavaThread "Finalizer" daemon [_thread_blocked, id=38572, stack(0x0000003ced500000,0x0000003ced600000)]
  0x000001e9a3250d00 JavaThread "Attach Listener" daemon [_thread_blocked, id=41964, stack(0x0000003ced700000,0x0000003ced800000)]
  0x000001e9a32517d0 JavaThread "Service Thread" daemon [_thread_blocked, id=36340, stack(0x0000003ced800000,0x0000003ced900000)]
  0x000001e9a32522a0 JavaThread "Monitor Deflation Thread" daemon [_thread_blocked, id=25868, stack(0x0000003ced900000,0x0000003ceda00000)]
  0x000001e9a32540b0 JavaThread "C2 CompilerThread0" daemon [_thread_blocked, id=31792, stack(0x0000003ceda00000,0x0000003cedb00000)]
  0x000001e9a3263d70 JavaThread "C1 CompilerThread0" daemon [_thread_blocked, id=37076, stack(0x0000003cedb00000,0x0000003cedc00000)]
  0x000001e9a3269960 JavaThread "Sweeper thread" daemon [_thread_blocked, id=17352, stack(0x0000003cedc00000,0x0000003cedd00000)]
  0x000001e9a4b5f5e0 JavaThread "Common-Cleaner" daemon [_thread_blocked, id=4864, stack(0x0000003cedd00000,0x0000003cede00000)]
  0x000001e9a9ae0650 JavaThread "JDWP Event Helper Thread" daemon [_thread_blocked, id=30968, stack(0x0000003cee700000,0x0000003cee800000)]
  0x000001e9a92bb040 JavaThread "Notification Thread" daemon [_thread_blocked, id=13808, stack(0x0000003cee900000,0x0000003ceea00000)]
  0x000001e9aa1a6a60 JavaThread "QuantumRenderer-0" daemon [_thread_blocked, id=26164, stack(0x0000003ceeb00000,0x0000003ceec00000)]
  0x000001e9a9ab1830 JavaThread "InvokeLaterDispatcher" daemon [_thread_blocked, id=8944, stack(0x0000003ceed00000,0x0000003ceee00000)]
  0x000001e9a9b9be10 JavaThread "JavaFX Application Thread" [_thread_blocked, id=35048, stack(0x0000003cee400000,0x0000003cee500000)]
  0x000001e9ab24c230 JavaThread "Thread-1" daemon [_thread_in_native, id=26996, stack(0x0000003cee200000,0x0000003cee300000)]
  0x000001e9ab199290 JavaThread "JavaFX-Launcher" [_thread_blocked, id=35416, stack(0x0000003cee300000,0x0000003cee400000)]
  0x000001e9ab389450 JavaThread "Prism Font Disposer" daemon [_thread_blocked, id=27184, stack(0x0000003ceff10000,0x0000003cf0010000)]
  0x000001e9ab3889b0 JavaThread "Cleaner-0" daemon [_thread_blocked, id=29552, stack(0x0000003cf0010000,0x0000003cf0110000)]
  0x000001e9ab3869d0 JavaThread "SIGINT handler" daemon [_thread_blocked, id=5040, stack(0x0000003cecb00000,0x0000003cecc00000)]

Other Threads:
=>0x000001e9f5bc6d00 VMThread "VM Thread" [stack: 0x0000003ced300000,0x0000003ced400000] [id=4304]
  0x000001e9f5bc7de0 WorkerThread "GC Thread#0" [stack: 0x0000003cece00000,0x0000003cecf00000] [id=5476]
  0x000001e9a9e74bb0 WorkerThread "GC Thread#1" [stack: 0x0000003ceef10000,0x0000003cef010000] [id=38688]
  0x000001e9a9e759c0 WorkerThread "GC Thread#2" [stack: 0x0000003cef010000,0x0000003cef110000] [id=40568]
  0x000001e9a9e75c90 WorkerThread "GC Thread#3" [stack: 0x0000003cef110000,0x0000003cef210000] [id=38804]
  0x000001e9a9e74070 WorkerThread "GC Thread#4" [stack: 0x0000003cef210000,0x0000003cef310000] [id=5304]
  0x000001e9a9e74340 WorkerThread "GC Thread#5" [stack: 0x0000003cef310000,0x0000003cef410000] [id=27792]
  0x000001e9a9e75420 WorkerThread "GC Thread#6" [stack: 0x0000003cef410000,0x0000003cef510000] [id=38452]
  0x000001e9a9e74e80 WorkerThread "GC Thread#7" [stack: 0x0000003cef510000,0x0000003cef610000] [id=26248]
  0x000001e9a9e748e0 WorkerThread "GC Thread#8" [stack: 0x0000003cef610000,0x0000003cef710000] [id=6708]
  0x000001e9a9e75150 WorkerThread "GC Thread#9" [stack: 0x0000003cef710000,0x0000003cef810000] [id=37008]
  0x000001e9a9e75f60 WorkerThread "GC Thread#10" [stack: 0x0000003cef810000,0x0000003cef910000] [id=38376]
  0x000001e9a9e756f0 WorkerThread "GC Thread#11" [stack: 0x0000003cef910000,0x0000003cefa10000] [id=20148]
  0x000001e9ab600d10 WorkerThread "GC Thread#12" [stack: 0x0000003cefa10000,0x0000003cefb10000] [id=21712]
  0x000001e9ab601850 WorkerThread "GC Thread#13" [stack: 0x0000003cefb10000,0x0000003cefc10000] [id=17696]
  0x000001e9ab602930 WorkerThread "GC Thread#14" [stack: 0x0000003cf0120000,0x0000003cf0220000] [id=16808]
  0x000001e9ab6004a0 WorkerThread "GC Thread#15" [stack: 0x0000003cf0220000,0x0000003cf0320000] [id=3612]
  0x000001e9ab602c00 WorkerThread "GC Thread#16" [stack: 0x0000003cf0320000,0x0000003cf0420000] [id=39352]
  0x000001e9ab600fe0 WorkerThread "GC Thread#17" [stack: 0x0000003cf0420000,0x0000003cf0520000] [id=37828]
  0x000001e9ab601b20 WorkerThread "GC Thread#18" [stack: 0x0000003cf0520000,0x0000003cf0620000] [id=39664]
  0x000001e9ab6012b0 WorkerThread "GC Thread#19" [stack: 0x0000003cf0620000,0x0000003cf0720000] [id=18900]
  0x000001e9ab601df0 WorkerThread "GC Thread#20" [stack: 0x0000003cf0720000,0x0000003cf0820000] [id=5108]
  0x000001e9ab5ff0f0 WorkerThread "GC Thread#21" [stack: 0x0000003cf0820000,0x0000003cf0920000] [id=8172]
  0x000001e9ab5ff960 WorkerThread "GC Thread#22" [stack: 0x0000003cf0920000,0x0000003cf0a20000] [id=39304]
  0x000001e9f5c6adf0 ConcurrentGCThread "G1 Main Marker" terminated
  0x000001e9f5bc7b10 WorkerThread "G1 Conc#0" [stack: 0x0000003ced000000,0x0000003ced100000] [id=31412]
  0x000001e9a316b9b0 ConcurrentGCThread "G1 Refine#0" terminated
  0x000001e9a316c4f0 ConcurrentGCThread "G1 Service" terminated

Threads with active compile tasks:
C1 CompilerThread0  
[error occurred during error reporting (printing all threads), id 0xc0000005, EXCEPTION_ACCESS_VIOLATION (0xc0000005) at pc=0x00007ff8667703b3]

VM state: at safepoint (shutting down)

VM Mutex/Monitor currently owned by a thread:  ([mutex/lock_event])
[0x000001e9f5b9cbe0] Threads_lock - owner thread: 0x000001e9f5bc6d00
[0x000001e9f5b9cfd0] Heap_lock - owner thread: 0x000001e9ab3869d0

Heap address: 0x0000000601400000, size: 8172 MB, Compressed Oops mode: Zero based, Oop shift amount: 3

CDS archive(s) mapped at: [0x0000000800000000-0x0000000800c40000-0x0000000800c40000), size 12845056, SharedBaseAddress: 0x0000000800000000, ArchiveRelocationMode: 0.
Compressed class space mapped at: 0x0000000801000000-0x0000000841000000, reserved size: 1073741824
Narrow klass base: 0x0000000800000000, Narrow klass shift: 0, Narrow klass range: 0x100000000

GC Precious Log:
 CardTable entry size: 512
 Card Set container configuration: InlinePtr #cards 4 size 8 Array Of Cards #cards 32 size 80 Howl #buckets 8 coarsen threshold 7372 Howl Bitmap #cards 1024 size 144 coarsen threshold 921 Card regions per heap region 1 cards per card region 8192
 CPUs: 32 total, 32 available
 Memory: 32674M
 Large Page Support: Disabled
 NUMA Support: Disabled
 Compressed Oops: Enabled (Zero based)
 Heap Region Size: 4M
 Heap Min Capacity: 8M
 Heap Initial Capacity: 512M
 Heap Max Capacity: 8172M
 Pre-touch: Disabled
 Parallel Workers: 23
 Concurrent Workers: 6
 Concurrent Refinement Workers: 23
 Periodic GC: Disabled

Heap:
 garbage-first heap   total 524288K, used 28577K [0x0000000601400000, 0x0000000800000000)
  region size 4096K, 8 young (32768K), 2 survivors (8192K)
 Metaspace       used 19227K, committed 19584K, reserved 1114112K
  class space    used 2679K, committed 2880K, reserved 1048576K

Heap Regions: E=young(eden), S=young(survivor), O=old, HS=humongous(starts), HC=humongous(continues), CS=collection set, F=free, OA=open archive, CA=closed archive, TAMS=top-at-mark-start (previous, next)
|   0|0x0000000601400000, 0x0000000601400000, 0x0000000601800000|  0%| F|  |TAMS 0x0000000601400000, 0x0000000601400000| Untracked 
|   1|0x0000000601800000, 0x0000000601800000, 0x0000000601c00000|  0%| F|  |TAMS 0x0000000601800000, 0x0000000601800000| Untracked 
|   2|0x0000000601c00000, 0x0000000601c00000, 0x0000000602000000|  0%| F|  |TAMS 0x0000000601c00000, 0x0000000601c00000| Untracked 
|   3|0x0000000602000000, 0x0000000602000000, 0x0000000602400000|  0%| F|  |TAMS 0x0000000602000000, 0x0000000602000000| Untracked 
|   4|0x0000000602400000, 0x0000000602400000, 0x0000000602800000|  0%| F|  |TAMS 0x0000000602400000, 0x0000000602400000| Untracked 
|   5|0x0000000602800000, 0x0000000602800000, 0x0000000602c00000|  0%| F|  |TAMS 0x0000000602800000, 0x0000000602800000| Untracked 
|   6|0x0000000602c00000, 0x0000000602c00000, 0x0000000603000000|  0%| F|  |TAMS 0x0000000602c00000, 0x0000000602c00000| Untracked 
|   7|0x0000000603000000, 0x0000000603000000, 0x0000000603400000|  0%| F|  |TAMS 0x0000000603000000, 0x0000000603000000| Untracked 
|   8|0x0000000603400000, 0x0000000603400000, 0x0000000603800000|  0%| F|  |TAMS 0x0000000603400000, 0x0000000603400000| Untracked 
|   9|0x0000000603800000, 0x0000000603800000, 0x0000000603c00000|  0%| F|  |TAMS 0x0000000603800000, 0x0000000603800000| Untracked 
|  10|0x0000000603c00000, 0x0000000603c00000, 0x0000000604000000|  0%| F|  |TAMS 0x0000000603c00000, 0x0000000603c00000| Untracked 
|  11|0x0000000604000000, 0x0000000604000000, 0x0000000604400000|  0%| F|  |TAMS 0x0000000604000000, 0x0000000604000000| Untracked 
|  12|0x0000000604400000, 0x0000000604400000, 0x0000000604800000|  0%| F|  |TAMS 0x0000000604400000, 0x0000000604400000| Untracked 
|  13|0x0000000604800000, 0x0000000604800000, 0x0000000604c00000|  0%| F|  |TAMS 0x0000000604800000, 0x0000000604800000| Untracked 
|  14|0x0000000604c00000, 0x0000000604c00000, 0x0000000605000000|  0%| F|  |TAMS 0x0000000604c00000, 0x0000000604c00000| Untracked 
|  15|0x0000000605000000, 0x0000000605000000, 0x0000000605400000|  0%| F|  |TAMS 0x0000000605000000, 0x0000000605000000| Untracked 
|  16|0x0000000605400000, 0x0000000605400000, 0x0000000605800000|  0%| F|  |TAMS 0x0000000605400000, 0x0000000605400000| Untracked 
|  17|0x0000000605800000, 0x0000000605800000, 0x0000000605c00000|  0%| F|  |TAMS 0x0000000605800000, 0x0000000605800000| Untracked 
|  18|0x0000000605c00000, 0x0000000605c00000, 0x0000000606000000|  0%| F|  |TAMS 0x0000000605c00000, 0x0000000605c00000| Untracked 
|  19|0x0000000606000000, 0x0000000606000000, 0x0000000606400000|  0%| F|  |TAMS 0x0000000606000000, 0x0000000606000000| Untracked 
|  20|0x0000000606400000, 0x0000000606400000, 0x0000000606800000|  0%| F|  |TAMS 0x0000000606400000, 0x0000000606400000| Untracked 
|  21|0x0000000606800000, 0x0000000606800000, 0x0000000606c00000|  0%| F|  |TAMS 0x0000000606800000, 0x0000000606800000| Untracked 
|  22|0x0000000606c00000, 0x0000000606c00000, 0x0000000607000000|  0%| F|  |TAMS 0x0000000606c00000, 0x0000000606c00000| Untracked 
|  23|0x0000000607000000, 0x0000000607000000, 0x0000000607400000|  0%| F|  |TAMS 0x0000000607000000, 0x0000000607000000| Untracked 
|  24|0x0000000607400000, 0x0000000607400000, 0x0000000607800000|  0%| F|  |TAMS 0x0000000607400000, 0x0000000607400000| Untracked 
|  25|0x0000000607800000, 0x0000000607800000, 0x0000000607c00000|  0%| F|  |TAMS 0x0000000607800000, 0x0000000607800000| Untracked 
|  26|0x0000000607c00000, 0x0000000607c00000, 0x0000000608000000|  0%| F|  |TAMS 0x0000000607c00000, 0x0000000607c00000| Untracked 
|  27|0x0000000608000000, 0x0000000608000000, 0x0000000608400000|  0%| F|  |TAMS 0x0000000608000000, 0x0000000608000000| Untracked 
|  28|0x0000000608400000, 0x0000000608400000, 0x0000000608800000|  0%| F|  |TAMS 0x0000000608400000, 0x0000000608400000| Untracked 
|  29|0x0000000608800000, 0x0000000608800000, 0x0000000608c00000|  0%| F|  |TAMS 0x0000000608800000, 0x0000000608800000| Untracked 
|  30|0x0000000608c00000, 0x0000000608c00000, 0x0000000609000000|  0%| F|  |TAMS 0x0000000608c00000, 0x0000000608c00000| Untracked 
|  31|0x0000000609000000, 0x0000000609000000, 0x0000000609400000|  0%| F|  |TAMS 0x0000000609000000, 0x0000000609000000| Untracked 
|  32|0x0000000609400000, 0x0000000609400000, 0x0000000609800000|  0%| F|  |TAMS 0x0000000609400000, 0x0000000609400000| Untracked 
|  33|0x0000000609800000, 0x0000000609800000, 0x0000000609c00000|  0%| F|  |TAMS 0x0000000609800000, 0x0000000609800000| Untracked 
|  34|0x0000000609c00000, 0x0000000609c00000, 0x000000060a000000|  0%| F|  |TAMS 0x0000000609c00000, 0x0000000609c00000| Untracked 
|  35|0x000000060a000000, 0x000000060a000000, 0x000000060a400000|  0%| F|  |TAMS 0x000000060a000000, 0x000000060a000000| Untracked 
|  36|0x000000060a400000, 0x000000060a400000, 0x000000060a800000|  0%| F|  |TAMS 0x000000060a400000, 0x000000060a400000| Untracked 
|  37|0x000000060a800000, 0x000000060a800000, 0x000000060ac00000|  0%| F|  |TAMS 0x000000060a800000, 0x000000060a800000| Untracked 
|  38|0x000000060ac00000, 0x000000060ac00000, 0x000000060b000000|  0%| F|  |TAMS 0x000000060ac00000, 0x000000060ac00000| Untracked 
|  39|0x000000060b000000, 0x000000060b000000, 0x000000060b400000|  0%| F|  |TAMS 0x000000060b000000, 0x000000060b000000| Untracked 
|  40|0x000000060b400000, 0x000000060b400000, 0x000000060b800000|  0%| F|  |TAMS 0x000000060b400000, 0x000000060b400000| Untracked 
|  41|0x000000060b800000, 0x000000060b800000, 0x000000060bc00000|  0%| F|  |TAMS 0x000000060b800000, 0x000000060b800000| Untracked 
|  42|0x000000060bc00000, 0x000000060bc00000, 0x000000060c000000|  0%| F|  |TAMS 0x000000060bc00000, 0x000000060bc00000| Untracked 
|  43|0x000000060c000000, 0x000000060c000000, 0x000000060c400000|  0%| F|  |TAMS 0x000000060c000000, 0x000000060c000000| Untracked 
|  44|0x000000060c400000, 0x000000060c400000, 0x000000060c800000|  0%| F|  |TAMS 0x000000060c400000, 0x000000060c400000| Untracked 
|  45|0x000000060c800000, 0x000000060c800000, 0x000000060cc00000|  0%| F|  |TAMS 0x000000060c800000, 0x000000060c800000| Untracked 
|  46|0x000000060cc00000, 0x000000060cc00000, 0x000000060d000000|  0%| F|  |TAMS 0x000000060cc00000, 0x000000060cc00000| Untracked 
|  47|0x000000060d000000, 0x000000060d000000, 0x000000060d400000|  0%| F|  |TAMS 0x000000060d000000, 0x000000060d000000| Untracked 
|  48|0x000000060d400000, 0x000000060d400000, 0x000000060d800000|  0%| F|  |TAMS 0x000000060d400000, 0x000000060d400000| Untracked 
|  49|0x000000060d800000, 0x000000060d800000, 0x000000060dc00000|  0%| F|  |TAMS 0x000000060d800000, 0x000000060d800000| Untracked 
|  50|0x000000060dc00000, 0x000000060dc00000, 0x000000060e000000|  0%| F|  |TAMS 0x000000060dc00000, 0x000000060dc00000| Untracked 
|  51|0x000000060e000000, 0x000000060e000000, 0x000000060e400000|  0%| F|  |TAMS 0x000000060e000000, 0x000000060e000000| Untracked 
|  52|0x000000060e400000, 0x000000060e400000, 0x000000060e800000|  0%| F|  |TAMS 0x000000060e400000, 0x000000060e400000| Untracked 
|  53|0x000000060e800000, 0x000000060e800000, 0x000000060ec00000|  0%| F|  |TAMS 0x000000060e800000, 0x000000060e800000| Untracked 
|  54|0x000000060ec00000, 0x000000060ec00000, 0x000000060f000000|  0%| F|  |TAMS 0x000000060ec00000, 0x000000060ec00000| Untracked 
|  55|0x000000060f000000, 0x000000060f000000, 0x000000060f400000|  0%| F|  |TAMS 0x000000060f000000, 0x000000060f000000| Untracked 
|  56|0x000000060f400000, 0x000000060f400000, 0x000000060f800000|  0%| F|  |TAMS 0x000000060f400000, 0x000000060f400000| Untracked 
|  57|0x000000060f800000, 0x000000060f800000, 0x000000060fc00000|  0%| F|  |TAMS 0x000000060f800000, 0x000000060f800000| Untracked 
|  58|0x000000060fc00000, 0x000000060fc00000, 0x0000000610000000|  0%| F|  |TAMS 0x000000060fc00000, 0x000000060fc00000| Untracked 
|  59|0x0000000610000000, 0x0000000610000000, 0x0000000610400000|  0%| F|  |TAMS 0x0000000610000000, 0x0000000610000000| Untracked 
|  60|0x0000000610400000, 0x0000000610400000, 0x0000000610800000|  0%| F|  |TAMS 0x0000000610400000, 0x0000000610400000| Untracked 
|  61|0x0000000610800000, 0x0000000610800000, 0x0000000610c00000|  0%| F|  |TAMS 0x0000000610800000, 0x0000000610800000| Untracked 
|  62|0x0000000610c00000, 0x0000000610c00000, 0x0000000611000000|  0%| F|  |TAMS 0x0000000610c00000, 0x0000000610c00000| Untracked 
|  63|0x0000000611000000, 0x0000000611000000, 0x0000000611400000|  0%| F|  |TAMS 0x0000000611000000, 0x0000000611000000| Untracked 
|  64|0x0000000611400000, 0x0000000611400000, 0x0000000611800000|  0%| F|  |TAMS 0x0000000611400000, 0x0000000611400000| Untracked 
|  65|0x0000000611800000, 0x0000000611800000, 0x0000000611c00000|  0%| F|  |TAMS 0x0000000611800000, 0x0000000611800000| Untracked 
|  66|0x0000000611c00000, 0x0000000611c00000, 0x0000000612000000|  0%| F|  |TAMS 0x0000000611c00000, 0x0000000611c00000| Untracked 
|  67|0x0000000612000000, 0x0000000612000000, 0x0000000612400000|  0%| F|  |TAMS 0x0000000612000000, 0x0000000612000000| Untracked 
|  68|0x0000000612400000, 0x0000000612400000, 0x0000000612800000|  0%| F|  |TAMS 0x0000000612400000, 0x0000000612400000| Untracked 
|  69|0x0000000612800000, 0x0000000612800000, 0x0000000612c00000|  0%| F|  |TAMS 0x0000000612800000, 0x0000000612800000| Untracked 
|  70|0x0000000612c00000, 0x0000000612c00000, 0x0000000613000000|  0%| F|  |TAMS 0x0000000612c00000, 0x0000000612c00000| Untracked 
|  71|0x0000000613000000, 0x0000000613000000, 0x0000000613400000|  0%| F|  |TAMS 0x0000000613000000, 0x0000000613000000| Untracked 
|  72|0x0000000613400000, 0x0000000613400000, 0x0000000613800000|  0%| F|  |TAMS 0x0000000613400000, 0x0000000613400000| Untracked 
|  73|0x0000000613800000, 0x0000000613800000, 0x0000000613c00000|  0%| F|  |TAMS 0x0000000613800000, 0x0000000613800000| Untracked 
|  74|0x0000000613c00000, 0x0000000613c00000, 0x0000000614000000|  0%| F|  |TAMS 0x0000000613c00000, 0x0000000613c00000| Untracked 
|  75|0x0000000614000000, 0x0000000614000000, 0x0000000614400000|  0%| F|  |TAMS 0x0000000614000000, 0x0000000614000000| Untracked 
|  76|0x0000000614400000, 0x0000000614400000, 0x0000000614800000|  0%| F|  |TAMS 0x0000000614400000, 0x0000000614400000| Untracked 
|  77|0x0000000614800000, 0x0000000614800000, 0x0000000614c00000|  0%| F|  |TAMS 0x0000000614800000, 0x0000000614800000| Untracked 
|  78|0x0000000614c00000, 0x0000000614c00000, 0x0000000615000000|  0%| F|  |TAMS 0x0000000614c00000, 0x0000000614c00000| Untracked 
|  79|0x0000000615000000, 0x0000000615000000, 0x0000000615400000|  0%| F|  |TAMS 0x0000000615000000, 0x0000000615000000| Untracked 
|  80|0x0000000615400000, 0x0000000615400000, 0x0000000615800000|  0%| F|  |TAMS 0x0000000615400000, 0x0000000615400000| Untracked 
|  81|0x0000000615800000, 0x0000000615800000, 0x0000000615c00000|  0%| F|  |TAMS 0x0000000615800000, 0x0000000615800000| Untracked 
|  82|0x0000000615c00000, 0x0000000615c00000, 0x0000000616000000|  0%| F|  |TAMS 0x0000000615c00000, 0x0000000615c00000| Untracked 
|  83|0x0000000616000000, 0x0000000616000000, 0x0000000616400000|  0%| F|  |TAMS 0x0000000616000000, 0x0000000616000000| Untracked 
|  84|0x0000000616400000, 0x0000000616400000, 0x0000000616800000|  0%| F|  |TAMS 0x0000000616400000, 0x0000000616400000| Untracked 
|  85|0x0000000616800000, 0x0000000616800000, 0x0000000616c00000|  0%| F|  |TAMS 0x0000000616800000, 0x0000000616800000| Untracked 
|  86|0x0000000616c00000, 0x0000000616c00000, 0x0000000617000000|  0%| F|  |TAMS 0x0000000616c00000, 0x0000000616c00000| Untracked 
|  87|0x0000000617000000, 0x0000000617000000, 0x0000000617400000|  0%| F|  |TAMS 0x0000000617000000, 0x0000000617000000| Untracked 
|  88|0x0000000617400000, 0x0000000617400000, 0x0000000617800000|  0%| F|  |TAMS 0x0000000617400000, 0x0000000617400000| Untracked 
|  89|0x0000000617800000, 0x0000000617800000, 0x0000000617c00000|  0%| F|  |TAMS 0x0000000617800000, 0x0000000617800000| Untracked 
|  90|0x0000000617c00000, 0x0000000617c00000, 0x0000000618000000|  0%| F|  |TAMS 0x0000000617c00000, 0x0000000617c00000| Untracked 
|  91|0x0000000618000000, 0x0000000618000000, 0x0000000618400000|  0%| F|  |TAMS 0x0000000618000000, 0x0000000618000000| Untracked 
|  92|0x0000000618400000, 0x0000000618400000, 0x0000000618800000|  0%| F|  |TAMS 0x0000000618400000, 0x0000000618400000| Untracked 
|  93|0x0000000618800000, 0x0000000618800000, 0x0000000618c00000|  0%| F|  |TAMS 0x0000000618800000, 0x0000000618800000| Untracked 
|  94|0x0000000618c00000, 0x0000000618c00000, 0x0000000619000000|  0%| F|  |TAMS 0x0000000618c00000, 0x0000000618c00000| Untracked 
|  95|0x0000000619000000, 0x0000000619000000, 0x0000000619400000|  0%| F|  |TAMS 0x0000000619000000, 0x0000000619000000| Untracked 
|  96|0x0000000619400000, 0x0000000619400000, 0x0000000619800000|  0%| F|  |TAMS 0x0000000619400000, 0x0000000619400000| Untracked 
|  97|0x0000000619800000, 0x0000000619800000, 0x0000000619c00000|  0%| F|  |TAMS 0x0000000619800000, 0x0000000619800000| Untracked 
|  98|0x0000000619c00000, 0x0000000619c00000, 0x000000061a000000|  0%| F|  |TAMS 0x0000000619c00000, 0x0000000619c00000| Untracked 
|  99|0x000000061a000000, 0x000000061a000000, 0x000000061a400000|  0%| F|  |TAMS 0x000000061a000000, 0x000000061a000000| Untracked 
| 100|0x000000061a400000, 0x000000061a400000, 0x000000061a800000|  0%| F|  |TAMS 0x000000061a400000, 0x000000061a400000| Untracked 
| 101|0x000000061a800000, 0x000000061a800000, 0x000000061ac00000|  0%| F|  |TAMS 0x000000061a800000, 0x000000061a800000| Untracked 
| 102|0x000000061ac00000, 0x000000061ac00000, 0x000000061b000000|  0%| F|  |TAMS 0x000000061ac00000, 0x000000061ac00000| Untracked 
| 103|0x000000061b000000, 0x000000061b000000, 0x000000061b400000|  0%| F|  |TAMS 0x000000061b000000, 0x000000061b000000| Untracked 
| 104|0x000000061b400000, 0x000000061b400000, 0x000000061b800000|  0%| F|  |TAMS 0x000000061b400000, 0x000000061b400000| Untracked 
| 105|0x000000061b800000, 0x000000061b800000, 0x000000061bc00000|  0%| F|  |TAMS 0x000000061b800000, 0x000000061b800000| Untracked 
| 106|0x000000061bc00000, 0x000000061bc00000, 0x000000061c000000|  0%| F|  |TAMS 0x000000061bc00000, 0x000000061bc00000| Untracked 
| 107|0x000000061c000000, 0x000000061c000000, 0x000000061c400000|  0%| F|  |TAMS 0x000000061c000000, 0x000000061c000000| Untracked 
| 108|0x000000061c400000, 0x000000061c400000, 0x000000061c800000|  0%| F|  |TAMS 0x000000061c400000, 0x000000061c400000| Untracked 
| 109|0x000000061c800000, 0x000000061c800000, 0x000000061cc00000|  0%| F|  |TAMS 0x000000061c800000, 0x000000061c800000| Untracked 
| 110|0x000000061cc00000, 0x000000061cc00000, 0x000000061d000000|  0%| F|  |TAMS 0x000000061cc00000, 0x000000061cc00000| Untracked 
| 111|0x000000061d000000, 0x000000061d000000, 0x000000061d400000|  0%| F|  |TAMS 0x000000061d000000, 0x000000061d000000| Untracked 
| 112|0x000000061d400000, 0x000000061d400000, 0x000000061d800000|  0%| F|  |TAMS 0x000000061d400000, 0x000000061d400000| Untracked 
| 113|0x000000061d800000, 0x000000061dbe8450, 0x000000061dc00000| 97%| S|CS|TAMS 0x000000061d800000, 0x000000061d800000| Complete 
| 114|0x000000061dc00000, 0x000000061e000000, 0x000000061e000000|100%| S|CS|TAMS 0x000000061dc00000, 0x000000061dc00000| Complete 
| 115|0x000000061e000000, 0x000000061e000000, 0x000000061e400000|  0%| F|  |TAMS 0x000000061e000000, 0x000000061e000000| Untracked 
| 116|0x000000061e400000, 0x000000061e400000, 0x000000061e800000|  0%| F|  |TAMS 0x000000061e400000, 0x000000061e400000| Untracked 
| 117|0x000000061e800000, 0x000000061e800000, 0x000000061ec00000|  0%| F|  |TAMS 0x000000061e800000, 0x000000061e800000| Untracked 
| 118|0x000000061ec00000, 0x000000061ec00000, 0x000000061f000000|  0%| F|  |TAMS 0x000000061ec00000, 0x000000061ec00000| Untracked 
| 119|0x000000061f000000, 0x000000061f000000, 0x000000061f400000|  0%| F|  |TAMS 0x000000061f000000, 0x000000061f000000| Untracked 
| 120|0x000000061f400000, 0x000000061f400000, 0x000000061f800000|  0%| F|  |TAMS 0x000000061f400000, 0x000000061f400000| Untracked 
| 121|0x000000061f800000, 0x000000061f800000, 0x000000061fc00000|  0%| F|  |TAMS 0x000000061f800000, 0x000000061f800000| Untracked 
| 122|0x000000061fc00000, 0x000000061ffd9608, 0x0000000620000000| 96%| E|  |TAMS 0x000000061fc00000, 0x000000061fc00000| Complete 
| 123|0x0000000620000000, 0x0000000620400000, 0x0000000620400000|100%| E|CS|TAMS 0x0000000620000000, 0x0000000620000000| Complete 
| 124|0x0000000620400000, 0x0000000620800000, 0x0000000620800000|100%| E|CS|TAMS 0x0000000620400000, 0x0000000620400000| Complete 
| 125|0x0000000620800000, 0x0000000620c00000, 0x0000000620c00000|100%| E|CS|TAMS 0x0000000620800000, 0x0000000620800000| Complete 
| 126|0x0000000620c00000, 0x0000000621000000, 0x0000000621000000|100%| E|CS|TAMS 0x0000000620c00000, 0x0000000620c00000| Complete 
| 127|0x0000000621000000, 0x0000000621400000, 0x0000000621400000|100%| E|CS|TAMS 0x0000000621000000, 0x0000000621000000| Complete 

Card table byte_map: [0x000001e98f000000,0x000001e990000000] _byte_map_base: 0x000001e98bff6000

Marking Bits (Prev, Next): (CMBitMap*) 0x000001e9f5c5a310, (CMBitMap*) 0x000001e9f5c5a350
 Prev Bits: [0x000001e991000000, 0x000001e998fb0000)
 Next Bits: [0x000001e998fb0000, 0x000001e9a0f60000)

Polling page: 0x000001e9f3af0000

Metaspace:

Usage:
  Non-class:     16.16 MB used.
      Class:      2.62 MB used.
       Both:     18.78 MB used.

Virtual space:
  Non-class space:       64.00 MB reserved,      16.31 MB ( 25%) committed,  1 nodes.
      Class space:        1.00 GB reserved,       2.81 MB ( <1%) committed,  1 nodes.
             Both:        1.06 GB reserved,      19.12 MB (  2%) committed. 

Chunk freelists:
   Non-Class:  3.31 MB
       Class:  1.21 MB
        Both:  4.53 MB

MaxMetaspaceSize: unlimited
CompressedClassSpaceSize: 1.00 GB
Initial GC threshold: 21.00 MB
Current GC threshold: 21.00 MB
CDS: on
MetaspaceReclaimPolicy: balanced
 - commit_granule_bytes: 65536.
 - commit_granule_words: 8192.
 - virtual_space_node_default_size: 8388608.
 - enlarge_chunks_in_place: 1.
 - new_chunks_are_fully_committed: 0.
 - uncommit_free_chunks: 1.
 - use_allocation_guard: 0.


Internal statistics:

num_allocs_failed_limit: 0.
num_arena_births: 432.
num_arena_deaths: 0.
num_vsnodes_births: 2.
num_vsnodes_deaths: 0.
num_space_committed: 306.
num_space_uncommitted: 0.
num_chunks_returned_to_freelist: 0.
num_chunks_taken_from_freelist: 1052.
num_chunk_merges: 0.
num_chunk_splits: 726.
num_chunks_enlarged: 557.
num_inconsistent_stats: 0.

CodeHeap 'non-profiled nmethods': size=118848Kb used=2015Kb max_used=2015Kb free=116832Kb
 bounds [0x000001e987bf0000, 0x000001e987e60000, 0x000001e98f000000]
CodeHeap 'profiled nmethods': size=118848Kb used=9711Kb max_used=9711Kb free=109136Kb
 bounds [0x000001e980000000, 0x000001e980980000, 0x000001e987410000]
CodeHeap 'non-nmethods': size=8064Kb used=1611Kb max_used=3895Kb free=6453Kb
 bounds [0x000001e987410000, 0x000001e987860000, 0x000001e987bf0000]
 total_blobs=5305 nmethods=4473 adapters=741
 compilation: enabled
              stopped_count=0, restarted_count=0
 full_count=0

Compilation events (20 events):
Event: 7.755 Thread 0x000001e9a3263d70 nmethod 4463 0x000001e980977210 code [0x000001e980977400, 0x000001e980977728]
Event: 7.756 Thread 0x000001e9a32637e0 nmethod 4465 0x000001e980977910 code [0x000001e980977b40, 0x000001e980978128]
Event: 7.756 Thread 0x000001e9ab4cc410 nmethod 4464 0x000001e980978410 code [0x000001e980978660, 0x000001e980978ce8]
Event: 7.771 Thread 0x000001e9a3263d70 4467       3       com.intellij.rt.debugger.agent.CaptureStorage$WeakKey::equals (50 bytes)
Event: 7.771 Thread 0x000001e9a3263d70 nmethod 4467 0x000001e980978f90 code [0x000001e980979160, 0x000001e9809797b8]
Event: 7.774 Thread 0x000001e9a32637e0 4468       3       sun.nio.fs.WindowsPathParser::nextNonSlash (24 bytes)
Event: 7.774 Thread 0x000001e9a32637e0 nmethod 4468 0x000001e980979890 code [0x000001e980979aa0, 0x000001e98097a1f8]
Event: 7.788 Thread 0x000001e9ab4cc410 4469       1       sun.nio.fs.NativeBuffer::setOwner (6 bytes)
Event: 7.788 Thread 0x000001e9ab4cc410 nmethod 4469 0x000001e987de5c90 code [0x000001e987de5e20, 0x000001e987de5f38]
Event: 7.977 Thread 0x000001e9ab4c6580 4470   !   3       java.lang.invoke.LambdaForm::compileToBytecode (164 bytes)
Event: 7.978 Thread 0x000001e9a32637e0 4471       3       java.lang.invoke.LambdaForm::methodType (48 bytes)
Event: 7.978 Thread 0x000001e9ab4c6580 nmethod 4470 0x000001e98097a510 code [0x000001e98097a780, 0x000001e98097b0d8]
Event: 7.978 Thread 0x000001e9a32637e0 nmethod 4471 0x000001e98097b410 code [0x000001e98097b600, 0x000001e98097bc18]
Event: 7.979 Thread 0x000001e9a32540b0 4476       4       jdk.internal.org.objectweb.asm.ByteVector::put122 (93 bytes)
Event: 7.980 Thread 0x000001e9a32540b0 nmethod 4476 0x000001e987de6b90 code [0x000001e987de6d20, 0x000001e987de6f88]
Event: 276.826 Thread 0x000001e9a32540b0 4477       4       com.sun.javafx.tk.quantum.QuantumToolkit::postPulse (133 bytes)
Event: 276.828 Thread 0x000001e9a32540b0 nmethod 4477 0x000001e987de7110 code [0x000001e987de72c0, 0x000001e987de74a8]
Event: 276.828 Thread 0x000001e9a32540b0 4478       4       com.sun.javafx.tk.quantum.QuantumToolkit$$Lambda$79/0x000000080103b640::run (8 bytes)
Event: 276.830 Thread 0x000001e9a32540b0 nmethod 4478 0x000001e987de7710 code [0x000001e987de78c0, 0x000001e987de7b58]
Event: 276.847 Thread 0x000001e9a3263d70 4479       3       java.lang.invoke.MemberName$Factory::resolveOrNull (54 bytes)

GC Heap History (4 events):
Event: 0.572 GC heap before
{Heap before GC invocations=0 (full 0):
 garbage-first heap   total 524288K, used 20480K [0x0000000601400000, 0x0000000800000000)
  region size 4096K, 6 young (24576K), 0 survivors (0K)
 Metaspace       used 4781K, committed 4992K, reserved 1114112K
  class space    used 478K, committed 576K, reserved 1048576K
}
Event: 0.576 GC heap after
{Heap after GC invocations=1 (full 0):
 garbage-first heap   total 524288K, used 2843K [0x0000000601400000, 0x0000000800000000)
  region size 4096K, 1 young (4096K), 1 survivors (4096K)
 Metaspace       used 4781K, committed 4992K, reserved 1114112K
  class space    used 478K, committed 576K, reserved 1048576K
}
Event: 3.965 GC heap before
{Heap before GC invocations=1 (full 0):
 garbage-first heap   total 524288K, used 47899K [0x0000000601400000, 0x0000000800000000)
  region size 4096K, 13 young (53248K), 1 survivors (4096K)
 Metaspace       used 15901K, committed 16256K, reserved 1114112K
  class space    used 2212K, committed 2368K, reserved 1048576K
}
Event: 3.970 GC heap after
{Heap after GC invocations=2 (full 0):
 garbage-first heap   total 524288K, used 8097K [0x0000000601400000, 0x0000000800000000)
  region size 4096K, 2 young (8192K), 2 survivors (8192K)
 Metaspace       used 15901K, committed 16256K, reserved 1114112K
  class space    used 2212K, committed 2368K, reserved 1048576K
}

Dll operation events (20 events):
Event: 0.273 Loaded shared library C:\Users\fassbenf\.openjfx\cache\19+11\amd64\api-ms-win-crt-locale-l1-1-0.dll
Event: 0.275 Loaded shared library C:\Users\fassbenf\.openjfx\cache\19+11\amd64\api-ms-win-crt-math-l1-1-0.dll
Event: 0.277 Loaded shared library C:\Users\fassbenf\.openjfx\cache\19+11\amd64\api-ms-win-crt-multibyte-l1-1-0.dll
Event: 0.279 Loaded shared library C:\Users\fassbenf\.openjfx\cache\19+11\amd64\api-ms-win-crt-private-l1-1-0.dll
Event: 0.281 Loaded shared library C:\Users\fassbenf\.openjfx\cache\19+11\amd64\api-ms-win-crt-process-l1-1-0.dll
Event: 0.282 Loaded shared library C:\Users\fassbenf\.openjfx\cache\19+11\amd64\api-ms-win-crt-runtime-l1-1-0.dll
Event: 0.284 Loaded shared library C:\Users\fassbenf\.openjfx\cache\19+11\amd64\api-ms-win-crt-stdio-l1-1-0.dll
Event: 0.285 Loaded shared library C:\Users\fassbenf\.openjfx\cache\19+11\amd64\api-ms-win-crt-string-l1-1-0.dll
Event: 0.287 Loaded shared library C:\Users\fassbenf\.openjfx\cache\19+11\amd64\api-ms-win-crt-time-l1-1-0.dll
Event: 0.289 Loaded shared library C:\Users\fassbenf\.openjfx\cache\19+11\amd64\api-ms-win-crt-utility-l1-1-0.dll
Event: 0.300 Loaded shared library C:\Users\fassbenf\.openjfx\cache\19+11\amd64\ucrtbase.dll
Event: 0.303 Loaded shared library C:\Users\fassbenf\.openjfx\cache\19+11\amd64\vcruntime140.dll
Event: 0.305 Loaded shared library C:\Users\fassbenf\.openjfx\cache\19+11\amd64\vcruntime140_1.dll
Event: 0.312 Loaded shared library C:\Users\fassbenf\.openjfx\cache\19+11\amd64\msvcp140.dll
Event: 0.314 Loaded shared library C:\Users\fassbenf\.openjfx\cache\19+11\amd64\msvcp140_1.dll
Event: 0.317 Loaded shared library C:\Users\fassbenf\.openjfx\cache\19+11\amd64\msvcp140_2.dll
Event: 0.347 Loaded shared library C:\Users\fassbenf\.openjfx\cache\19+11\amd64\prism_d3d.dll
Event: 0.415 Loaded shared library C:\Users\fassbenf\.openjfx\cache\19+11\amd64\glass.dll
Event: 0.597 Loaded shared library C:\Users\fassbenf\.jdks\openjdk-19.0.2\bin\jimage.dll
Event: 0.719 Loaded shared library C:\Users\fassbenf\.openjfx\cache\19+11\amd64\javafx_font.dll

Deoptimization events (20 events):
Event: 7.243 Thread 0x000001e9a9b9be10 Uncommon trap: trap_request=0xffffffbe fr.pc=0x000001e987da9774 relative=0x00000000000012f4
Event: 7.243 Thread 0x000001e9a9b9be10 Uncommon trap: reason=profile_predicate action=maybe_recompile pc=0x000001e987da9774 method=javafx.css.CompoundSelector.applies(Ljavafx/css/Styleable;[Ljava/util/Set;I)Z @ 89 c2
Event: 7.243 Thread 0x000001e9a9b9be10 DEOPT PACKING pc=0x000001e987da9774 sp=0x0000003cee4f9b60
Event: 7.243 Thread 0x000001e9a9b9be10 DEOPT UNPACKING pc=0x000001e987476da3 sp=0x0000003cee4f9b70 mode 2
Event: 7.243 Thread 0x000001e9a9b9be10 Uncommon trap: trap_request=0xffffffbe fr.pc=0x000001e987da9774 relative=0x00000000000012f4
Event: 7.243 Thread 0x000001e9a9b9be10 Uncommon trap: reason=profile_predicate action=maybe_recompile pc=0x000001e987da9774 method=javafx.css.CompoundSelector.applies(Ljavafx/css/Styleable;[Ljava/util/Set;I)Z @ 89 c2
Event: 7.243 Thread 0x000001e9a9b9be10 DEOPT PACKING pc=0x000001e987da9774 sp=0x0000003cee4f9b60
Event: 7.243 Thread 0x000001e9a9b9be10 DEOPT UNPACKING pc=0x000001e987476da3 sp=0x0000003cee4f9b70 mode 2
Event: 7.243 Thread 0x000001e9a9b9be10 Uncommon trap: trap_request=0xffffffbe fr.pc=0x000001e987da9774 relative=0x00000000000012f4
Event: 7.243 Thread 0x000001e9a9b9be10 Uncommon trap: reason=profile_predicate action=maybe_recompile pc=0x000001e987da9774 method=javafx.css.CompoundSelector.applies(Ljavafx/css/Styleable;[Ljava/util/Set;I)Z @ 89 c2
Event: 7.243 Thread 0x000001e9a9b9be10 DEOPT PACKING pc=0x000001e987da9774 sp=0x0000003cee4f9b60
Event: 7.243 Thread 0x000001e9a9b9be10 DEOPT UNPACKING pc=0x000001e987476da3 sp=0x0000003cee4f9b70 mode 2
Event: 7.243 Thread 0x000001e9a9b9be10 Uncommon trap: trap_request=0xffffffbe fr.pc=0x000001e987da9774 relative=0x00000000000012f4
Event: 7.243 Thread 0x000001e9a9b9be10 Uncommon trap: reason=profile_predicate action=maybe_recompile pc=0x000001e987da9774 method=javafx.css.CompoundSelector.applies(Ljavafx/css/Styleable;[Ljava/util/Set;I)Z @ 89 c2
Event: 7.243 Thread 0x000001e9a9b9be10 DEOPT PACKING pc=0x000001e987da9774 sp=0x0000003cee4f9b60
Event: 7.244 Thread 0x000001e9a9b9be10 DEOPT UNPACKING pc=0x000001e987476da3 sp=0x0000003cee4f9b70 mode 2
Event: 276.847 Thread 0x000001e9aa1a6a60 DEOPT PACKING pc=0x000001e980943b14 sp=0x0000003ceebff3e0
Event: 276.847 Thread 0x000001e9aa1a6a60 DEOPT UNPACKING pc=0x000001e987477543 sp=0x0000003ceebfe918 mode 1
Event: 276.847 Thread 0x000001e9aa3ffef0 DEOPT PACKING pc=0x000001e9801d8acc sp=0x0000003ceccff460
Event: 276.847 Thread 0x000001e9aa3ffef0 DEOPT UNPACKING pc=0x000001e987477543 sp=0x0000003ceccfe8c0 mode 1

Classes loaded (20 events):
Event: 7.771 Loading class com/sun/prism/GraphicsResource
Event: 7.771 Loading class com/sun/prism/GraphicsResource done
Event: 7.789 Loading class java/io/FileReader
Event: 7.789 Loading class java/io/FileReader done
Event: 7.859 Loading class com/intellij/rt/debugger/BatchEvaluatorServer
Event: 7.859 Loading class com/intellij/rt/debugger/BatchEvaluatorServer done
Event: 11.525 Loading class java/io/DataOutputStream
Event: 11.525 Loading class java/io/DataOutputStream done
Event: 21.639 Loading class oracle/jdbc/OracleDriver
Event: 21.639 Loading class oracle/jdbc/OracleDriver done
Event: 276.822 Loading class java/lang/Throwable$WrappedPrintStream
Event: 276.822 Loading class java/lang/Throwable$PrintStreamOrWriter
Event: 276.822 Loading class java/lang/Throwable$PrintStreamOrWriter done
Event: 276.822 Loading class java/lang/Throwable$WrappedPrintStream done
Event: 276.845 Loading class jdk/internal/misc/Signal$1
Event: 276.845 Loading class jdk/internal/misc/Signal$1 done
Event: 276.846 Loading class com/sun/javafx/tk/quantum/QuantumRenderer
Event: 276.846 Loading class com/sun/javafx/tk/quantum/QuantumRenderer done
Event: 276.847 Loading class com/sun/javafx/tk/quantum/QuantumToolkit
Event: 276.847 Loading class com/sun/javafx/tk/quantum/QuantumToolkit done

Classes unloaded (0 events):
No events

Classes redefined (0 events):
No events

Internal exceptions (20 events):
Event: 1.060 Thread 0x000001e9a9b9be10 Exception <a 'java/lang/NoSuchMethodError'{0x000000061ef357a0}: 'java.lang.Object java.lang.invoke.DirectMethodHandle$Holder.newInvokeSpecial(java.lang.Object, java.lang.Object, int)'> (0x000000061ef357a0) 
thrown [s\open\src\hotspot\share\interpreter\linkResolver.cpp, line 774]
Event: 1.093 Thread 0x000001e9aa1a6a60 Exception <a 'java/lang/NoSuchMethodError'{0x000000061e8565c0}: 'int java.lang.invoke.DirectMethodHandle$Holder.invokeStaticInit(java.lang.Object, java.lang.Object)'> (0x000000061e8565c0) 
thrown [s\open\src\hotspot\share\interpreter\linkResolver.cpp, line 774]
Event: 3.820 Thread 0x000001e9a9b9be10 Exception <a 'java/lang/NoSuchMethodError'{0x000000061e70cc48}: 'long java.lang.invoke.DirectMethodHandle$Holder.invokeStatic(java.lang.Object, java.lang.Object, java.lang.Object)'> (0x000000061e70cc48) 
thrown [s\open\src\hotspot\share\interpreter\linkResolver.cpp, line 774]
Event: 3.821 Thread 0x000001e9a9b9be10 Exception <a 'java/lang/NoSuchMethodError'{0x000000061e7102c0}: 'long java.lang.invoke.DirectMethodHandle$Holder.invokeStaticInit(java.lang.Object, java.lang.Object, java.lang.Object)'> (0x000000061e7102c0) 
thrown [s\open\src\hotspot\share\interpreter\linkResolver.cpp, line 774]
Event: 3.822 Thread 0x000001e9a9b9be10 Exception <a 'java/lang/NoSuchMethodError'{0x000000061e728668}: 'java.lang.Object java.lang.invoke.DirectMethodHandle$Holder.newInvokeSpecial(java.lang.Object, java.lang.Object, long)'> (0x000000061e728668) 
thrown [s\open\src\hotspot\share\interpreter\linkResolver.cpp, line 774]
Event: 3.822 Thread 0x000001e9a9b9be10 Exception <a 'java/lang/NoSuchMethodError'{0x000000061e72c1f0}: 'java.lang.Object java.lang.invoke.Invokers$Holder.linkToTargetMethod(java.lang.Object, long, java.lang.Object)'> (0x000000061e72c1f0) 
thrown [s\open\src\hotspot\share\interpreter\linkResolver.cpp, line 774]
Event: 3.929 Thread 0x000001e9a9b9be10 Exception <a 'java/lang/ClassNotFoundException'{0x000000061e1d1860}: com/sun/javafx/scene/control/skin/resources/controls-nt> (0x000000061e1d1860) 
thrown [s\open\src\hotspot\share\prims\jni.cpp, line 536]
Event: 3.930 Thread 0x000001e9a9b9be10 Exception <a 'java/lang/ClassNotFoundException'{0x000000061e1d9f38}: com/sun/javafx/scene/control/skin/resources/controls-nt_de> (0x000000061e1d9f38) 
thrown [s\open\src\hotspot\share\prims\jni.cpp, line 536]
Event: 3.930 Thread 0x000001e9a9b9be10 Exception <a 'java/lang/ClassNotFoundException'{0x000000061e1db1c0}: com/sun/javafx/scene/control/skin/resources/controls-nt_de_DE> (0x000000061e1db1c0) 
thrown [s\open\src\hotspot\share\prims\jni.cpp, line 536]
Event: 3.976 Thread 0x000001e9a9b9be10 Exception <a 'java/lang/NoSuchMethodError'{0x000000062104c2f0}: 'void java.lang.invoke.DirectMethodHandle$Holder.invokeSpecial(java.lang.Object, java.lang.Object, java.lang.Object, java.lang.Object, java.lang.Object, java.lang.Object)'> (0x000000062104c2f0) 
thrown [s\open\src\hotspot\share\interpreter\linkResolver.cpp, line 774]
Event: 4.008 Thread 0x000001e9a9b9be10 Exception <a 'java/lang/NoSuchMethodError'{0x0000000620c57f08}: 'void java.lang.invoke.DirectMethodHandle$Holder.invokeSpecialIFC(java.lang.Object, java.lang.Object, java.lang.Object, java.lang.Object)'> (0x0000000620c57f08) 
thrown [s\open\src\hotspot\share\interpreter\linkResolver.cpp, line 774]
Event: 6.551 Thread 0x000001e9a9b9be10 Exception <a 'sun/nio/fs/WindowsException'{0x0000000620895450}> (0x0000000620895450) 
thrown [s\open\src\hotspot\share\prims\jni.cpp, line 517]
Event: 6.553 Thread 0x000001e9a9b9be10 Exception <a 'java/lang/NoSuchMethodError'{0x00000006208adb98}: 'java.lang.Object java.lang.invoke.DirectMethodHandle$Holder.invokeStatic(java.lang.Object, int, java.lang.Object)'> (0x00000006208adb98) 
thrown [s\open\src\hotspot\share\interpreter\linkResolver.cpp, line 774]
Event: 6.729 Thread 0x000001e9a9b9be10 Implicit null exception at 0x000001e987d99923 to 0x000001e987d9a43c
Event: 6.737 Thread 0x000001e9a9b9be10 Implicit null exception at 0x000001e987ceb838 to 0x000001e987ceb8a5
Event: 6.742 Thread 0x000001e9aa1a6a60 Exception <a 'java/lang/NoSuchMethodError'{0x00000006201b6998}: 'java.lang.Object java.lang.invoke.DirectMethodHandle$Holder.invokeStaticInit(java.lang.Object, int)'> (0x00000006201b6998) 
thrown [s\open\src\hotspot\share\interpreter\linkResolver.cpp, line 774]
Event: 7.202 Thread 0x000001e9a9b9be10 Exception <a 'java/lang/NoSuchMethodError'{0x000000062018d108}: 'java.lang.Object java.lang.invoke.DirectMethodHandle$Holder.newInvokeSpecial(java.lang.Object, java.lang.Object, int, int, int, int, int, java.lang.Object)'> (0x000000062018d108) 
thrown [s\open\src\hotspot\share\interpreter\linkResolver.cpp, line 774]
Event: 7.203 Thread 0x000001e9a9b9be10 Exception <a 'java/lang/NoSuchMethodError'{0x00000006201a0650}: 'java.lang.Object java.lang.invoke.DirectMethodHandle$Holder.newInvokeSpecial(java.lang.Object, java.lang.Object, java.lang.Object, int, int, int, int, int)'> (0x00000006201a0650) 
thrown [s\open\src\hotspot\share\interpreter\linkResolver.cpp, line 774]
Event: 7.203 Thread 0x000001e9a9b9be10 Exception <a 'java/lang/NoSuchMethodError'{0x00000006201a8420}: 'java.lang.Object java.lang.invoke.Invokers$Holder.linkToTargetMethod(java.lang.Object, java.lang.Object, int, int, int, int, int, java.lang.Object)'> (0x00000006201a8420) 
thrown [s\open\src\hotspot\share\interpreter\linkResolver.cpp, line 774]
Event: 276.845 Thread 0x000001e9a9b9be10 Exception <a 'sun/nio/fs/WindowsException'{0x000000061fd144a8}> (0x000000061fd144a8) 
thrown [s\open\src\hotspot\share\prims\jni.cpp, line 517]

VM Operations (20 events):
Event: 276.823 Executing VM operation: ChangeBreakpoints done
Event: 276.823 Executing VM operation: ChangeBreakpoints
Event: 276.823 Executing VM operation: ChangeBreakpoints done
Event: 276.823 Executing VM operation: ChangeBreakpoints
Event: 276.823 Executing VM operation: ChangeBreakpoints done
Event: 276.823 Executing VM operation: ChangeBreakpoints
Event: 276.823 Executing VM operation: ChangeBreakpoints done
Event: 276.823 Executing VM operation: ChangeBreakpoints
Event: 276.823 Executing VM operation: ChangeBreakpoints done
Event: 276.823 Executing VM operation: ChangeBreakpoints
Event: 276.823 Executing VM operation: ChangeBreakpoints done
Event: 276.823 Executing VM operation: ChangeBreakpoints
Event: 276.823 Executing VM operation: ChangeBreakpoints done
Event: 276.823 Executing VM operation: ChangeBreakpoints
Event: 276.823 Executing VM operation: ChangeBreakpoints done
Event: 276.823 Executing VM operation: ChangeBreakpoints
Event: 276.823 Executing VM operation: ChangeBreakpoints done
Event: 276.823 Executing VM operation: ChangeBreakpoints
Event: 276.823 Executing VM operation: ChangeBreakpoints done
Event: 276.847 Executing VM operation: Exit

Events (20 events):
Event: 6.551 Thread 0x000001e9ab4c70a0 Thread added: 0x000001e9ab4c70a0
Event: 6.565 Thread 0x000001e9ab4c7630 Thread added: 0x000001e9ab4c7630
Event: 6.565 Thread 0x000001e9ab4cbe80 Thread added: 0x000001e9ab4cbe80
Event: 6.584 Thread 0x000001e9ab4c6580 Thread added: 0x000001e9ab4c6580
Event: 6.584 Thread 0x000001e9ab4cc410 Thread added: 0x000001e9ab4cc410
Event: 7.038 Thread 0x000001e9ab4cbe80 Thread exited: 0x000001e9ab4cbe80
Event: 7.038 Thread 0x000001e9ab4c7630 Thread exited: 0x000001e9ab4c7630
Event: 7.356 Thread 0x000001e9ab4c70a0 Thread exited: 0x000001e9ab4c70a0
Event: 12.979 Thread 0x000001e9ab4cc410 Thread exited: 0x000001e9ab4cc410
Event: 12.979 Thread 0x000001e9ab4c6580 Thread exited: 0x000001e9ab4c6580
Event: 17.979 Thread 0x000001e9ab4c9790 Thread exited: 0x000001e9ab4c9790
Event: 22.980 Thread 0x000001e9a32637e0 Thread exited: 0x000001e9a32637e0
Event: 276.822 Thread 0x000001e9a94b77c0 Thread exited: 0x000001e9a94b77c0
Event: 276.825 Thread 0x000001e9a975d170 Thread exited: 0x000001e9a975d170
Event: 276.846 Thread 0x000001e9ab3869d0 Thread added: 0x000001e9ab3869d0
Event: 276.846 Thread 0x000001e9aa3ffef0 Thread added: 0x000001e9aa3ffef0
Event: 276.846 Thread 0x000001e9aa3fc9d0 Thread added: 0x000001e9aa3fc9d0
Event: 276.846 Thread 0x000001e9aa3fc9d0 Thread exited: 0x000001e9aa3fc9d0
Event: 276.847 Thread 0x000001e9aa3ffef0 Thread exited: 0x000001e9aa3ffef0
Event: 276.847 Thread 0x000001e9a324f3c0 Thread exited: 0x000001e9a324f3c0


Dynamic libraries:
0x00007ff7c3eb0000 - 0x00007ff7c3ebe000 	C:\Users\fassbenf\.jdks\openjdk-19.0.2\bin\java.exe
0x00007ff9733f0000 - 0x00007ff9735e8000 	C:\WINDOWS\SYSTEM32\ntdll.dll
0x00007ff971580000 - 0x00007ff97163f000 	C:\WINDOWS\System32\KERNEL32.DLL
0x00007ff970dd0000 - 0x00007ff9710a2000 	C:\WINDOWS\System32\KERNELBASE.dll
0x00007ff9711e0000 - 0x00007ff9712e0000 	C:\WINDOWS\System32\ucrtbase.dll
0x00007ff934220000 - 0x00007ff93423b000 	C:\Users\fassbenf\.jdks\openjdk-19.0.2\bin\VCRUNTIME140.dll
0x00007ff9300c0000 - 0x00007ff9300d7000 	C:\Users\fassbenf\.jdks\openjdk-19.0.2\bin\jli.dll
0x00007ff971a70000 - 0x00007ff971c11000 	C:\WINDOWS\System32\USER32.dll
0x00007ff95e8d0000 - 0x00007ff95eb6a000 	C:\WINDOWS\WinSxS\amd64_microsoft.windows.common-controls_6595b64144ccf1df_6.0.19041.1110_none_60b5254171f9507e\COMCTL32.dll
0x00007ff971400000 - 0x00007ff971422000 	C:\WINDOWS\System32\win32u.dll
0x00007ff971de0000 - 0x00007ff971e7e000 	C:\WINDOWS\System32\msvcrt.dll
0x00007ff972c90000 - 0x00007ff972cbb000 	C:\WINDOWS\System32\GDI32.dll
0x00007ff970b60000 - 0x00007ff970c6f000 	C:\WINDOWS\System32\gdi32full.dll
0x00007ff971140000 - 0x00007ff9711dd000 	C:\WINDOWS\System32\msvcp_win.dll
0x00007ff9727b0000 - 0x00007ff9727e2000 	C:\WINDOWS\System32\IMM32.DLL
0x00007ff94f5c0000 - 0x00007ff94f5cc000 	C:\Users\fassbenf\.jdks\openjdk-19.0.2\bin\vcruntime140_1.dll
0x00007ff8a1ea0000 - 0x00007ff8a1f2e000 	C:\Users\fassbenf\.jdks\openjdk-19.0.2\bin\msvcp140.dll
0x00007ff865f60000 - 0x00007ff866c20000 	C:\Users\fassbenf\.jdks\openjdk-19.0.2\bin\server\jvm.dll
0x00007ff971450000 - 0x00007ff9714fe000 	C:\WINDOWS\System32\ADVAPI32.dll
0x00007ff9719c0000 - 0x00007ff971a5c000 	C:\WINDOWS\System32\sechost.dll
0x00007ff973130000 - 0x00007ff973255000 	C:\WINDOWS\System32\RPCRT4.dll
0x00007ff96d030000 - 0x00007ff96d039000 	C:\WINDOWS\SYSTEM32\WSOCK32.dll
0x00007ff96a170000 - 0x00007ff96a17a000 	C:\WINDOWS\SYSTEM32\VERSION.dll
0x00007ff971e80000 - 0x00007ff971eeb000 	C:\WINDOWS\System32\WS2_32.dll
0x00007ff966c30000 - 0x00007ff966c57000 	C:\WINDOWS\SYSTEM32\WINMM.dll
0x00007ff96f200000 - 0x00007ff96f212000 	C:\WINDOWS\SYSTEM32\kernel.appcore.dll
0x00007ff93d100000 - 0x00007ff93d10a000 	C:\Users\fassbenf\.jdks\openjdk-19.0.2\bin\jimage.dll
0x00007ff96ee70000 - 0x00007ff96f054000 	C:\WINDOWS\SYSTEM32\DBGHELP.DLL
0x00007ff969a60000 - 0x00007ff969a95000 	C:\WINDOWS\SYSTEM32\dbgcore.DLL
0x00007ff9710b0000 - 0x00007ff971132000 	C:\WINDOWS\System32\bcryptPrimitives.dll
0x00007ff9481a0000 - 0x00007ff9481dc000 	C:\Users\fassbenf\.jdks\openjdk-19.0.2\bin\jdwp.dll
0x00007ff954600000 - 0x00007ff95460e000 	C:\Users\fassbenf\.jdks\openjdk-19.0.2\bin\instrument.dll
0x00007ff930090000 - 0x00007ff9300b6000 	C:\Users\fassbenf\.jdks\openjdk-19.0.2\bin\java.dll
0x00007ff921360000 - 0x00007ff921378000 	C:\Users\fassbenf\.jdks\openjdk-19.0.2\bin\zip.dll
0x00007ff89e210000 - 0x00007ff89e2e7000 	C:\Users\fassbenf\.jdks\openjdk-19.0.2\bin\jsvml.dll
0x00007ff972000000 - 0x00007ff972745000 	C:\WINDOWS\System32\SHELL32.dll
0x00007ff96e610000 - 0x00007ff96eda2000 	C:\WINDOWS\SYSTEM32\windows.storage.dll
0x00007ff9728a0000 - 0x00007ff972bf5000 	C:\WINDOWS\System32\combase.dll
0x00007ff970380000 - 0x00007ff9703b0000 	C:\WINDOWS\SYSTEM32\Wldp.dll
0x00007ff971f50000 - 0x00007ff971ffd000 	C:\WINDOWS\System32\SHCORE.dll
0x00007ff973270000 - 0x00007ff9732c5000 	C:\WINDOWS\System32\shlwapi.dll
0x00007ff970a20000 - 0x00007ff970a3f000 	C:\WINDOWS\SYSTEM32\profapi.dll
0x00007ff930070000 - 0x00007ff930083000 	C:\Users\fassbenf\.jdks\openjdk-19.0.2\bin\net.dll
0x00007ff96fa20000 - 0x00007ff96fb2c000 	C:\WINDOWS\SYSTEM32\WINHTTP.dll
0x00007ff970160000 - 0x00007ff9701ca000 	C:\WINDOWS\system32\mswsock.dll
0x00007ff92fed0000 - 0x00007ff92fee6000 	C:\Users\fassbenf\.jdks\openjdk-19.0.2\bin\nio.dll
0x00007ff9535e0000 - 0x00007ff9535ec000 	C:\Users\fassbenf\.jdks\openjdk-19.0.2\bin\dt_socket.dll
0x00007ff96fe70000 - 0x00007ff96feab000 	C:\WINDOWS\SYSTEM32\IPHLPAPI.DLL
0x000001e9a4f20000 - 0x000001e9a4f23000 	C:\Users\fassbenf\.openjfx\cache\19+11\amd64\api-ms-win-core-console-l1-1-0.dll
0x000001e9a4f30000 - 0x000001e9a4f33000 	C:\Users\fassbenf\.openjfx\cache\19+11\amd64\api-ms-win-core-console-l1-2-0.dll
0x000001e9a4f40000 - 0x000001e9a4f43000 	C:\Users\fassbenf\.openjfx\cache\19+11\amd64\api-ms-win-core-datetime-l1-1-0.dll
0x000001e9a4f50000 - 0x000001e9a4f53000 	C:\Users\fassbenf\.openjfx\cache\19+11\amd64\api-ms-win-core-debug-l1-1-0.dll
0x000001e9a4f60000 - 0x000001e9a4f63000 	C:\Users\fassbenf\.openjfx\cache\19+11\amd64\api-ms-win-core-errorhandling-l1-1-0.dll
0x000001e9a4f70000 - 0x000001e9a4f74000 	C:\Users\fassbenf\.openjfx\cache\19+11\amd64\api-ms-win-core-file-l1-1-0.dll
0x000001e9a4f80000 - 0x000001e9a4f83000 	C:\Users\fassbenf\.openjfx\cache\19+11\amd64\api-ms-win-core-file-l1-2-0.dll
0x000001e9a4f90000 - 0x000001e9a4f93000 	C:\Users\fassbenf\.openjfx\cache\19+11\amd64\api-ms-win-core-file-l2-1-0.dll
0x000001e9a4fa0000 - 0x000001e9a4fa3000 	C:\Users\fassbenf\.openjfx\cache\19+11\amd64\api-ms-win-core-handle-l1-1-0.dll
0x000001e9a4fb0000 - 0x000001e9a4fb3000 	C:\Users\fassbenf\.openjfx\cache\19+11\amd64\api-ms-win-core-heap-l1-1-0.dll
0x000001e9a4fc0000 - 0x000001e9a4fc3000 	C:\Users\fassbenf\.openjfx\cache\19+11\amd64\api-ms-win-core-interlocked-l1-1-0.dll
0x000001e9a4fd0000 - 0x000001e9a4fd3000 	C:\Users\fassbenf\.openjfx\cache\19+11\amd64\api-ms-win-core-libraryloader-l1-1-0.dll
0x000001e9a4fe0000 - 0x000001e9a4fe3000 	C:\Users\fassbenf\.openjfx\cache\19+11\amd64\api-ms-win-core-localization-l1-2-0.dll
0x000001e9a4ff0000 - 0x000001e9a4ff3000 	C:\Users\fassbenf\.openjfx\cache\19+11\amd64\api-ms-win-core-memory-l1-1-0.dll
0x000001e9aac30000 - 0x000001e9aac33000 	C:\Users\fassbenf\.openjfx\cache\19+11\amd64\api-ms-win-core-namedpipe-l1-1-0.dll
0x000001e9aac40000 - 0x000001e9aac43000 	C:\Users\fassbenf\.openjfx\cache\19+11\amd64\api-ms-win-core-processenvironment-l1-1-0.dll
0x000001e9aac50000 - 0x000001e9aac53000 	C:\Users\fassbenf\.openjfx\cache\19+11\amd64\api-ms-win-core-processthreads-l1-1-0.dll
0x000001e9aac60000 - 0x000001e9aac63000 	C:\Users\fassbenf\.openjfx\cache\19+11\amd64\api-ms-win-core-processthreads-l1-1-1.dll
0x000001e9aac70000 - 0x000001e9aac73000 	C:\Users\fassbenf\.openjfx\cache\19+11\amd64\api-ms-win-core-profile-l1-1-0.dll
0x000001e9aac80000 - 0x000001e9aac83000 	C:\Users\fassbenf\.openjfx\cache\19+11\amd64\api-ms-win-core-rtlsupport-l1-1-0.dll
0x000001e9aac90000 - 0x000001e9aac93000 	C:\Users\fassbenf\.openjfx\cache\19+11\amd64\api-ms-win-core-string-l1-1-0.dll
0x000001e9aaca0000 - 0x000001e9aaca3000 	C:\Users\fassbenf\.openjfx\cache\19+11\amd64\api-ms-win-core-synch-l1-1-0.dll
0x000001e9aacb0000 - 0x000001e9aacb3000 	C:\Users\fassbenf\.openjfx\cache\19+11\amd64\api-ms-win-core-synch-l1-2-0.dll
0x000001e9aacc0000 - 0x000001e9aacc3000 	C:\Users\fassbenf\.openjfx\cache\19+11\amd64\api-ms-win-core-sysinfo-l1-1-0.dll
0x000001e9aacd0000 - 0x000001e9aacd3000 	C:\Users\fassbenf\.openjfx\cache\19+11\amd64\api-ms-win-core-timezone-l1-1-0.dll
0x000001e9aaad0000 - 0x000001e9aaad3000 	C:\Users\fassbenf\.openjfx\cache\19+11\amd64\api-ms-win-core-util-l1-1-0.dll
0x000001e9aaae0000 - 0x000001e9aaae3000 	C:\Users\fassbenf\.openjfx\cache\19+11\amd64\api-ms-win-crt-conio-l1-1-0.dll
0x000001e9aaaf0000 - 0x000001e9aaaf4000 	C:\Users\fassbenf\.openjfx\cache\19+11\amd64\api-ms-win-crt-convert-l1-1-0.dll
0x000001e9aab00000 - 0x000001e9aab03000 	C:\Users\fassbenf\.openjfx\cache\19+11\amd64\api-ms-win-crt-environment-l1-1-0.dll
0x000001e9aab10000 - 0x000001e9aab13000 	C:\Users\fassbenf\.openjfx\cache\19+11\amd64\api-ms-win-crt-filesystem-l1-1-0.dll
0x000001e9aab20000 - 0x000001e9aab23000 	C:\Users\fassbenf\.openjfx\cache\19+11\amd64\api-ms-win-crt-heap-l1-1-0.dll
0x000001e9aab30000 - 0x000001e9aab33000 	C:\Users\fassbenf\.openjfx\cache\19+11\amd64\api-ms-win-crt-locale-l1-1-0.dll
0x000001e9aab40000 - 0x000001e9aab45000 	C:\Users\fassbenf\.openjfx\cache\19+11\amd64\api-ms-win-crt-math-l1-1-0.dll
0x000001e9aab50000 - 0x000001e9aab55000 	C:\Users\fassbenf\.openjfx\cache\19+11\amd64\api-ms-win-crt-multibyte-l1-1-0.dll
0x000001e9aab60000 - 0x000001e9aab70000 	C:\Users\fassbenf\.openjfx\cache\19+11\amd64\api-ms-win-crt-private-l1-1-0.dll
0x000001e9aab70000 - 0x000001e9aab73000 	C:\Users\fassbenf\.openjfx\cache\19+11\amd64\api-ms-win-crt-process-l1-1-0.dll
0x000001e9aab80000 - 0x000001e9aab84000 	C:\Users\fassbenf\.openjfx\cache\19+11\amd64\api-ms-win-crt-runtime-l1-1-0.dll
0x000001e9aab90000 - 0x000001e9aab94000 	C:\Users\fassbenf\.openjfx\cache\19+11\amd64\api-ms-win-crt-stdio-l1-1-0.dll
0x000001e9aaba0000 - 0x000001e9aaba4000 	C:\Users\fassbenf\.openjfx\cache\19+11\amd64\api-ms-win-crt-string-l1-1-0.dll
0x000001e9aabb0000 - 0x000001e9aabb3000 	C:\Users\fassbenf\.openjfx\cache\19+11\amd64\api-ms-win-crt-time-l1-1-0.dll
0x000001e9aabc0000 - 0x000001e9aabc3000 	C:\Users\fassbenf\.openjfx\cache\19+11\amd64\api-ms-win-crt-utility-l1-1-0.dll
0x00007ff939b50000 - 0x00007ff939c4c000 	C:\Users\fassbenf\.openjfx\cache\19+11\amd64\ucrtbase.dll
0x00007ff94d9f0000 - 0x00007ff94da0b000 	C:\Users\fassbenf\.openjfx\cache\19+11\amd64\vcruntime140.dll
0x00007ff9535d0000 - 0x00007ff9535dc000 	C:\Users\fassbenf\.openjfx\cache\19+11\amd64\vcruntime140_1.dll
0x00007ff93bf50000 - 0x00007ff93bfde000 	C:\Users\fassbenf\.openjfx\cache\19+11\amd64\msvcp140.dll
0x00007ff94f4f0000 - 0x00007ff94f4f9000 	C:\Users\fassbenf\.openjfx\cache\19+11\amd64\msvcp140_1.dll
0x00007ff947900000 - 0x00007ff947930000 	C:\Users\fassbenf\.openjfx\cache\19+11\amd64\msvcp140_2.dll
0x00007ff9478d0000 - 0x00007ff9478fc000 	C:\Users\fassbenf\.openjfx\cache\19+11\amd64\prism_d3d.dll
0x00007ff966170000 - 0x00007ff96633e000 	C:\WINDOWS\system32\d3d9.dll
0x00007ff96e140000 - 0x00007ff96e16f000 	C:\WINDOWS\SYSTEM32\dwmapi.dll
0x00007ff96dec0000 - 0x00007ff96df5e000 	C:\WINDOWS\system32\uxtheme.dll
0x00007ff9631b0000 - 0x00007ff96326e000 	C:\WINDOWS\System32\DriverStore\FileRepository\nv_dispi.inf_amd64_d1bd230cd08e7436\nvldumdx.dll
0x00007ff9705f0000 - 0x00007ff970602000 	C:\WINDOWS\SYSTEM32\msasn1.dll
0x00007ff96a110000 - 0x00007ff96a141000 	C:\WINDOWS\SYSTEM32\cryptnet.dll
0x00007ff970c70000 - 0x00007ff970dc6000 	C:\WINDOWS\System32\CRYPT32.dll
0x00007ff969e20000 - 0x00007ff969f68000 	C:\WINDOWS\SYSTEM32\drvstore.dll
0x00007ff9707b0000 - 0x00007ff9707dc000 	C:\WINDOWS\SYSTEM32\devobj.dll
0x00007ff970b10000 - 0x00007ff970b5e000 	C:\WINDOWS\System32\cfgmgr32.dll
0x00007ff9702f0000 - 0x00007ff9702fc000 	C:\WINDOWS\SYSTEM32\cryptbase.dll
0x00007ff9712e0000 - 0x00007ff971349000 	C:\WINDOWS\System32\WINTRUST.DLL
0x00007ff971430000 - 0x00007ff97144d000 	C:\WINDOWS\System32\imagehlp.dll
0x00007ff9703c0000 - 0x00007ff9703d8000 	C:\WINDOWS\SYSTEM32\CRYPTSP.dll
0x00007ff96f990000 - 0x00007ff96f9c4000 	C:\WINDOWS\system32\rsaenh.dll
0x00007ff970ae0000 - 0x00007ff970b07000 	C:\WINDOWS\System32\bcrypt.dll
0x00007ff8ca660000 - 0x00007ff8ccc6f000 	C:\WINDOWS\System32\DriverStore\FileRepository\nv_dispi.inf_amd64_d1bd230cd08e7436\nvd3dumx.dll
0x00007ff93bf00000 - 0x00007ff93bf42000 	C:\Users\fassbenf\.openjfx\cache\19+11\amd64\glass.dll
0x00007ff9732d0000 - 0x00007ff9733aa000 	C:\WINDOWS\System32\COMDLG32.dll
0x00007ff971830000 - 0x00007ff97195a000 	C:\WINDOWS\System32\ole32.dll
0x00007ff971640000 - 0x00007ff97170d000 	C:\WINDOWS\System32\OLEAUT32.dll
0x00007ff971710000 - 0x00007ff971825000 	C:\WINDOWS\System32\MSCTF.dll
0x00007ff928650000 - 0x00007ff928921000 	C:\WINDOWS\system32\nvspcap64.dll
0x00007ff96fbe0000 - 0x00007ff96fc13000 	C:\WINDOWS\SYSTEM32\ntmarta.dll
0x00007ff96f220000 - 0x00007ff96f243000 	C:\WINDOWS\SYSTEM32\gpapi.dll
0x00007ff9669a0000 - 0x00007ff9669db000 	C:\WINDOWS\SYSTEM32\dxcore.dll
0x00007ff93a6e0000 - 0x00007ff93a6f4000 	C:\Users\fassbenf\.openjfx\cache\19+11\amd64\javafx_font.dll
0x00007ff94d6e0000 - 0x00007ff94d95f000 	C:\WINDOWS\SYSTEM32\dwrite.dll
0x00007ff9727f0000 - 0x00007ff972899000 	C:\WINDOWS\System32\clbcatq.dll
0x00007ff965db0000 - 0x00007ff965f64000 	C:\WINDOWS\SYSTEM32\WindowsCodecs.dll
0x00007ff948120000 - 0x00007ff94815e000 	C:\WINDOWS\system32\dataexchange.dll
0x00007ff96d120000 - 0x00007ff96d303000 	C:\WINDOWS\system32\dcomp.dll

dbghelp: loaded successfully - version: 4.0.5 - missing functions: none
symbol engine: initialized successfully - sym options: 0x614 - pdb path: .;C:\Users\fassbenf\.jdks\openjdk-19.0.2\bin;C:\WINDOWS\SYSTEM32;C:\WINDOWS\WinSxS\amd64_microsoft.windows.common-controls_6595b64144ccf1df_6.0.19041.1110_none_60b5254171f9507e;C:\Users\fassbenf\.jdks\openjdk-19.0.2\bin\server;C:\Users\fassbenf\.openjfx\cache\19+11\amd64;C:\WINDOWS\System32\DriverStore\FileRepository\nv_dispi.inf_amd64_d1bd230cd08e7436;C:\Program Files\Common Files\Microsoft Shared\Ink

VM Arguments:
jvm_args: -agentlib:jdwp=transport=dt_socket,address=127.0.0.1:55493,suspend=y,server=n -javaagent:C:\Users\fassbenf\AppData\Local\JetBrains\IntelliJIdea2022.3\captureAgent\debugger-agent.jar -Dfile.encoding=UTF-8 -Dsun.stdout.encoding=UTF-8 -Dsun.stderr.encoding=UTF-8 --module-path=C:\Users\fassbenf\.m2\repository\org\openjfx\javafx-fxml\19\javafx-fxml-19-win.jar;C:\Users\fassbenf\.m2\repository\org\openjfx\javafx-base\19\javafx-base-19-win.jar;C:\Users\fassbenf\.m2\repository\org\openjfx\javafx-graphics\19\javafx-graphics-19-win.jar;C:\Users\fassbenf\.m2\repository\org\openjfx\javafx-controls\19\javafx-controls-19-win.jar;C:\Users\fassbenf\Dropbox\3BHIF\POS\_06_Fassbender_State_Task\_06_Fassbender_State_Task\target\classes -Djdk.module.main=com.example._06_fassbender_state_task 
java_command: com.example._06_fassbender_state_task/com.example._06_fassbender_state_task.HelloApplication
java_class_path (initial): C:\Users\fassbenf\.m2\repository\org\openjfx\javafx-controls\19\javafx-controls-19.jar;C:\Users\fassbenf\.m2\repository\org\openjfx\javafx-graphics\19\javafx-graphics-19.jar;C:\Users\fassbenf\.m2\repository\org\openjfx\javafx-base\19\javafx-base-19.jar;C:\Users\fassbenf\.m2\repository\org\openjfx\javafx-fxml\19\javafx-fxml-19.jar;C:\Program Files\JetBrains\IntelliJ IDEA 2022.3.2\lib\idea_rt.jar
Launcher Type: SUN_STANDARD

[Global flags]
     intx CICompilerCount                          = 15                                        {product} {ergonomic}
     uint ConcGCThreads                            = 6                                         {product} {ergonomic}
     uint G1ConcRefinementThreads                  = 23                                        {product} {ergonomic}
   size_t G1HeapRegionSize                         = 4194304                                   {product} {ergonomic}
    uintx GCDrainStackTargetSize                   = 64                                        {product} {ergonomic}
   size_t InitialHeapSize                          = 536870912                                 {product} {ergonomic}
   size_t MarkStackSize                            = 4194304                                   {product} {ergonomic}
   size_t MaxHeapSize                              = 8568963072                                {product} {ergonomic}
   size_t MaxNewSize                               = 5138022400                                {product} {ergonomic}
   size_t MinHeapDeltaBytes                        = 4194304                                   {product} {ergonomic}
   size_t MinHeapSize                              = 8388608                                   {product} {ergonomic}
    uintx NonNMethodCodeHeapSize                   = 8192380                                {pd product} {ergonomic}
    uintx NonProfiledCodeHeapSize                  = 121732930                              {pd product} {ergonomic}
    uintx ProfiledCodeHeapSize                     = 121732930                              {pd product} {ergonomic}
    uintx ReservedCodeCacheSize                    = 251658240                              {pd product} {ergonomic}
     bool SegmentedCodeCache                       = true                                      {product} {ergonomic}
   size_t SoftMaxHeapSize                          = 8568963072                             {manageable} {ergonomic}
     bool UseCompressedClassPointers               = true                           {product lp64_product} {ergonomic}
     bool UseCompressedOops                        = true                           {product lp64_product} {ergonomic}
     bool UseG1GC                                  = true                                      {product} {ergonomic}
     bool UseLargePagesIndividualAllocation        = false                                  {pd product} {ergonomic}

Logging:
Log output configuration:
 #0: stdout all=off uptime,level,tags foldmultilines=false
 #1: stderr all=off uptime,level,tags foldmultilines=false

Environment Variables:
PATH=C:\Program Files (x86)\Microsoft SDKs\Azure\CLI2\wbin;C:\Program Files\NVIDIA GPU Computing Toolkit\CUDA\v11.8\bin;C:\Program Files\NVIDIA GPU Computing Toolkit\CUDA\v11.8\libnvvp;C:\Program Files (x86)\Razer Chroma SDK\bin;C:\Program Files\Razer Chroma SDK\bin;C:\Program Files (x86)\Razer\ChromaBroadcast\bin;C:\Program Files\Razer\ChromaBroadcast\bin;C:\WINDOWS\system32;C:\WINDOWS;C:\WINDOWS\System32\Wbem;C:\WINDOWS\System32\WindowsPowerShell\v1.0\;C:\WINDOWS\System32\OpenSSH\;C:\Program Files\NVIDIA Corporation\NVIDIA NvDLISR;C:\Program Files (x86)\NVIDIA Corporation\PhysX\Common;C:\Users\fassbenf\AppData\Local\Microsoft\WindowsApps;C:\Program Files\dotnet\;C:\WINDOWS\system32\config\systemprofile\AppData\Local\Microsoft\WindowsApps;C:\Program Files\nodejs\;C:\Program Files\NVIDIA Corporation\Nsight Compute 2022.3.0\;C:\Program Files\Git\cmd;C:\Program Files\Docker\Docker\resources\bin;C:\Users\fassbenf\AppData\Local\Microsoft\WindowsApps;C:\Users\fassbenf\AppData\Local\Programs\Microsoft VS Code\bin;C:\MinGW\bin;C:\Users\fassbenf\AppData\Local\bin\NASM;C:\Users\fassbenf\.dotnet\tools;C:\Program Files\JetBrains\IntelliJ IDEA Community Edition 2022.2.2\bin;;C:\Users\fassbenf\AppData\Roaming\npm;C:\Program Files\JetBrains\DataGrip 2022.2.5\bin;;C:\Users\fassbenf\AppData\Local\GitHubDesktop\bin;C:\Program Files\JetBrains\WebStorm 2022.3.1\bin;;C:\Program Files\JetBrains\IntelliJ IDEA 2022.3.2\bin;
USERNAME=fassbenf
OS=Windows_NT
PROCESSOR_IDENTIFIER=AMD64 Family 23 Model 113 Stepping 0, AuthenticAMD
TMP=C:\Users\fassbenf\AppData\Local\Temp
TEMP=C:\Users\fassbenf\AppData\Local\Temp



---------------  S Y S T E M  ---------------

OS:
 Windows 10 , 64 bit Build 19041 (10.0.19041.2546)
OS uptime: 0 days 5:22 hours
Hyper-V role detected

CPU: total 32 (initial active 32) (32 cores per cpu, 2 threads per core) family 23 model 113 stepping 0 microcode 0x0, cx8, cmov, fxsr, ht, mmx, 3dnowpref, sse, sse2, sse3, ssse3, sse4a, sse4.1, sse4.2, popcnt, lzcnt, tsc, tscinvbit, avx, avx2, aes, clmul, bmi1, bmi2, adx, sha, fma, vzeroupper, clflush, clflushopt, hv, rdtscp, rdpid

Memory: 4k page, system-wide physical 32674M (15249M free)
TotalPageFile size 53154M (AvailPageFile size 21824M)
current process WorkingSet (physical memory assigned to process): 170M, peak: 200M
current process commit charge ("private bytes"): 757M, peak: 782M

vm_info: OpenJDK 64-Bit Server VM (19.0.2+7-44) for windows-amd64 JRE (19.0.2+7-44), built on 2022-11-30T18:02:09Z by "mach5one" with MS VC++ 17.1 (VS2022)

END.
