#
# A fatal error has been detected by the Java Runtime Environment:
#
#  EXCEPTION_ACCESS_VIOLATION (0xc0000005) at pc=0x00007ff93bf263b7, pid=37044, tid=19228
#
# JRE version: OpenJDK Runtime Environment (19.0.2+7) (build 19.0.2+7-44)
# Java VM: OpenJDK 64-Bit Server VM (19.0.2+7-44, mixed mode, sharing, tiered, compressed oops, compressed class ptrs, g1 gc, windows-amd64)
# Problematic frame:
# C  [glass.dll+0x263b7]
#
# No core dump will be written. Minidumps are not enabled by default on client versions of Windows
#
# If you would like to submit a bug report, please visit:
#   https://bugreport.java.com/bugreport/crash.jsp
#

---------------  S U M M A R Y ------------

Command Line: -agentlib:jdwp=transport=dt_socket,address=127.0.0.1:53261,suspend=y,server=n -javaagent:C:\Users\fassbenf\AppData\Local\JetBrains\IntelliJIdea2022.3\captureAgent\debugger-agent.jar -Dfile.encoding=UTF-8 -Dsun.stdout.encoding=UTF-8 -Dsun.stderr.encoding=UTF-8 --module-path=C:\Users\fassbenf\.m2\repository\org\openjfx\javafx-controls\19\javafx-controls-19-win.jar;C:\Users\fassbenf\.m2\repository\org\openjfx\javafx-graphics\19\javafx-graphics-19-win.jar;C:\Users\fassbenf\.m2\repository\org\openjfx\javafx-base\19\javafx-base-19-win.jar;C:\Users\fassbenf\.m2\repository\org\openjfx\javafx-fxml\19\javafx-fxml-19-win.jar;C:\Users\fassbenf\Dropbox\3BHIF\POS\_06_Fassbender_State_Task\_06_Fassbender_State_Task\target\classes -Djdk.module.main=com.example._06_fassbender_state_task com.example._06_fassbender_state_task/com.example._06_fassbender_state_task.HelloApplication

Host: AMD Ryzen 9 3950X 16-Core Processor            , 32 cores, 31G,  Windows 10 , 64 bit Build 19041 (10.0.19041.2546)
Time: Sun Mar 19 16:19:17 2023 Mitteleuropäische Zeit elapsed time: 80.566915 seconds (0d 0h 1m 20s)

---------------  T H R E A D  ---------------

Current thread (0x0000021acbda8590):  VMThread "VM Thread" [stack: 0x000000b5b9400000,0x000000b5b9500000] [id=19228]

Stack: [0x000000b5b9400000,0x000000b5b9500000],  sp=0x000000b5b94fee20,  free space=1019k
Native frames: (J=compiled Java code, j=interpreted, Vv=VM code, C=native code)
C  [glass.dll+0x263b7]


siginfo: EXCEPTION_ACCESS_VIOLATION (0xc0000005), reading address 0x0000000000000000


Registers:
RAX=0x0000000000000000, RBX=0x0000021a80210490, RCX=0x0000021acbda8590, RDX=0x000000b5b94fee20
RSP=0x000000b5b94fee20, RBP=0x0000021a80103ad8, RSI=0x0000021a80103ab0, RDI=0x0000d18a2dc57afb
R8 =0x0000000000010002, R9 =0x0000d18a2dc57afb, R10=0x0000000000008000, R11=0x000000b5b94fedb0
R12=0x00007ff93bf23cf0, R13=0x00007ff866b772a0, R14=0x000000b5b94fef18, R15=0x0000021a80103ab0
RIP=0x00007ff93bf263b7, EFLAGS=0x0000000000010206


Register to memory mapping:

RIP=0x00007ff93bf263b7 glass.dll
RAX=0x0 is NULL
RBX=0x0000021a80210490 is a global jni handle
RCX=0x0000021acbda8590 points into unknown readable memory: 0x00007ff8669845b8 | b8 45 98 66 f8 7f 00 00
RDX=0x000000b5b94fee20 points into unknown readable memory: 0x0000000000000000 | 00 00 00 00 00 00 00 00
RSP=0x000000b5b94fee20 points into unknown readable memory: 0x0000000000000000 | 00 00 00 00 00 00 00 00
RBP=0x0000021a80103ad8 points into unknown readable memory: 0x0000d18a2dc57afb | fb 7a c5 2d 8a d1 00 00
RSI=0x0000021a80103ab0 points into unknown readable memory: 0x4000d275e41aeb3b | 3b eb 1a e4 75 d2 00 40
RDI=0x0000d18a2dc57afb is an unknown value
R8 =0x0000000000010002 is an unknown value
R9 =0x0000d18a2dc57afb is an unknown value
R10=0x0000000000008000 is an unknown value
R11=0x000000b5b94fedb0 points into unknown readable memory: 0x0000021a80103ab0 | b0 3a 10 80 1a 02 00 00
R12=0x00007ff93bf23cf0 glass.dll
R13=0x00007ff866b772a0 jvm.dll
R14=0x000000b5b94fef18 points into unknown readable memory: 0x000000b5b94fef00 | 00 ef 4f b9 b5 00 00 00
R15=0x0000021a80103ab0 points into unknown readable memory: 0x4000d275e41aeb3b | 3b eb 1a e4 75 d2 00 40


Top of Stack: (sp=0x000000b5b94fee20)
0x000000b5b94fee20:   0000000000000000 0000021a80103ab0
0x000000b5b94fee30:   00007ff866b772a0 00007ff93bf23cf0
0x000000b5b94fee40:   0000021a80103ab8 00007ff9711f42d6
0x000000b5b94fee50:   0000d18a2dc57afb 0000021a00000000
0x000000b5b94fee60:   0000021a80103ad8 0000021a80103ab0
0x000000b5b94fee70:   fffffffffffffffe 0000000000000000
0x000000b5b94fee80:   0000000000000001 00007ff93bf00000
0x000000b5b94fee90:   000000b5b94fef08 00007ff9711f41fb
0x000000b5b94feea0:   0000000000000000 000000b5b94fef18
0x000000b5b94feeb0:   000000b5b94ff1e0 00007ff9712d0e40
0x000000b5b94feec0:   0000000000000001 00007ff9711f41b4
0x000000b5b94feed0:   0000000000000000 0000000000000001
0x000000b5b94feee0:   0000000000000000 000000b5b94fef08
0x000000b5b94feef0:   ffffffff00000001 00007ff93bf23b7d
0x000000b5b94fef00:   00007ff93bf39f88 00007ff900000002
0x000000b5b94fef10:   0000000000000002 000000b5b94fef00 

Instructions: (pc=0x00007ff93bf263b7)
0x00007ff93bf262b7:   8b 4d 58 e8 7d cf ff ff 48 8b 4d 60 e8 74 cf ff
0x00007ff93bf262c7:   ff 48 8b 95 80 00 00 00 48 8b 8d 18 01 00 00 e8
0x00007ff93bf262d7:   66 c4 ff ff 33 d2 33 c9 e8 bc e1 ff ff 90 48 89
0x00007ff93bf262e7:   54 24 10 55 48 83 ec 20 48 8b ea 48 b8 00 00 00
0x00007ff93bf262f7:   00 00 00 00 00 48 83 c4 20 5d c3 cc 40 55 48 8b
0x00007ff93bf26307:   ea 48 8b 01 33 c9 81 38 05 00 00 c0 0f 94 c1 8b
0x00007ff93bf26317:   c1 5d c3 cc 40 55 48 83 ec 20 48 8b ea 8a 4d 40
0x00007ff93bf26327:   48 83 c4 20 5d e9 63 d3 ff ff cc 40 55 48 83 ec
0x00007ff93bf26337:   20 48 8b ea 8a 4d 20 e8 51 d3 ff ff 90 48 83 c4
0x00007ff93bf26347:   20 5d c3 cc 40 55 48 83 ec 20 48 8b ea 48 83 c4
0x00007ff93bf26357:   20 5d e9 b2 d1 ff ff cc 40 55 48 83 ec 30 48 8b
0x00007ff93bf26367:   ea 48 8b 01 8b 10 48 89 4c 24 28 89 54 24 20 4c
0x00007ff93bf26377:   8d 0d 53 d6 ff ff 4c 8b 45 70 8b 55 68 48 8b 4d
0x00007ff93bf26387:   60 e8 f3 d0 ff ff 90 48 83 c4 30 5d c3 cc cc cc
0x00007ff93bf26397:   cc cc cc cc cc cc cc cc cc 40 53 48 83 ec 20 48
0x00007ff93bf263a7:   8b 1d db 35 01 00 48 85 db 74 16 e8 79 8b ff ff
0x00007ff93bf263b7:   4c 8b 00 48 8b d3 48 8b c8 41 ff 90 b0 00 00 00
0x00007ff93bf263c7:   90 48 83 c4 20 5b c3 cc cc 40 53 48 83 ec 20 48
0x00007ff93bf263d7:   8b 1d 4b 37 01 00 48 85 db 74 57 b8 ff ff ff ff
0x00007ff93bf263e7:   f0 0f c1 43 10 83 f8 01 75 3d 48 85 db 74 38 48
0x00007ff93bf263f7:   8b 0b 48 85 c9 74 0d ff 15 a4 0e 00 00 48 c7 03
0x00007ff93bf26407:   00 00 00 00 48 8b 4b 08 48 85 c9 74 0d e8 23 ce
0x00007ff93bf26417:   ff ff 48 c7 43 08 00 00 00 00 ba 18 00 00 00 48
0x00007ff93bf26427:   8b cb e8 0e ce ff ff 48 c7 05 ef 36 01 00 00 00
0x00007ff93bf26437:   00 00 48 83 c4 20 5b c3 cc 40 53 48 83 ec 20 48
0x00007ff93bf26447:   8b 1d bb 36 01 00 48 85 db 74 57 b8 ff ff ff ff
0x00007ff93bf26457:   f0 0f c1 43 10 83 f8 01 75 3d 48 85 db 74 38 48
0x00007ff93bf26467:   8b 0b 48 85 c9 74 0d ff 15 34 0e 00 00 48 c7 03
0x00007ff93bf26477:   00 00 00 00 48 8b 4b 08 48 85 c9 74 0d e8 b3 cd
0x00007ff93bf26487:   ff ff 48 c7 43 08 00 00 00 00 ba 18 00 00 00 48
0x00007ff93bf26497:   8b cb e8 9e cd ff ff 48 c7 05 5f 36 01 00 00 00
0x00007ff93bf264a7:   00 00 48 83 c4 20 5b c3 cc 40 53 48 83 ec 20 48 


Stack slot to memory mapping:
stack at sp + 0 slots: 0x0 is NULL
stack at sp + 1 slots: 0x0000021a80103ab0 points into unknown readable memory: 0x4000d275e41aeb3b | 3b eb 1a e4 75 d2 00 40
stack at sp + 2 slots: 0x00007ff866b772a0 jvm.dll
stack at sp + 3 slots: 0x00007ff93bf23cf0 glass.dll
stack at sp + 4 slots: 0x0000021a80103ab8 points into unknown readable memory: 0x0000d18a2dc57afb | fb 7a c5 2d 8a d1 00 00
stack at sp + 5 slots: 0x00007ff9711f42d6 ucrtbase.dll
stack at sp + 6 slots: 0x0000d18a2dc57afb is an unknown value
stack at sp + 7 slots: 0x0000021a00000000 is an unknown value

VM_Operation (0x000000b5b8bfed90): Exit, mode: safepoint, requested by thread 0x0000021a815ad020


---------------  P R O C E S S  ---------------

Threads class SMR info:
_java_thread_list=0x0000021a8078ed00, length=20, elements={
0x0000021acbd82f30, 0x0000021af9394420, 0x0000021af93952b0, 0x0000021af939dbf0,
0x0000021af93a0eb0, 0x0000021af939fad0, 0x0000021af93a9160, 0x0000021af93a9ad0,
0x0000021af93bcc10, 0x0000021afacd4ce0, 0x0000021a80212630, 0x0000021afacd3cf0,
0x0000021afacd5780, 0x0000021afacd4790, 0x0000021afacd37a0, 0x0000021afacd6220,
0x0000021afacd6770, 0x0000021afacd3250, 0x0000021a815b2a70, 0x0000021a815ad020
}

Java Threads: ( => current thread )
  0x0000021acbd82f30 JavaThread "main" [_thread_blocked, id=3108, stack(0x000000b5b8e00000,0x000000b5b8f00000)]
  0x0000021af9394420 JavaThread "Reference Handler" daemon [_thread_blocked, id=32316, stack(0x000000b5b9500000,0x000000b5b9600000)]
  0x0000021af93952b0 JavaThread "Finalizer" daemon [_thread_blocked, id=13820, stack(0x000000b5b9600000,0x000000b5b9700000)]
  0x0000021af939dbf0 JavaThread "Attach Listener" daemon [_thread_blocked, id=33668, stack(0x000000b5b9800000,0x000000b5b9900000)]
  0x0000021af93a0eb0 JavaThread "Service Thread" daemon [_thread_blocked, id=38604, stack(0x000000b5b9900000,0x000000b5b9a00000)]
  0x0000021af939fad0 JavaThread "Monitor Deflation Thread" daemon [_thread_blocked, id=37128, stack(0x000000b5b9a00000,0x000000b5b9b00000)]
  0x0000021af93a9160 JavaThread "C2 CompilerThread0" daemon [_thread_blocked, id=1360, stack(0x000000b5b9b00000,0x000000b5b9c00000)]
  0x0000021af93a9ad0 JavaThread "C1 CompilerThread0" daemon [_thread_blocked, id=26652, stack(0x000000b5b9c00000,0x000000b5b9d00000)]
  0x0000021af93bcc10 JavaThread "Sweeper thread" daemon [_thread_blocked, id=28480, stack(0x000000b5b9d00000,0x000000b5b9e00000)]
  0x0000021afacd4ce0 JavaThread "Common-Cleaner" daemon [_thread_blocked, id=3620, stack(0x000000b5b9e00000,0x000000b5b9f00000)]
  0x0000021a80212630 JavaThread "JDWP Event Helper Thread" daemon [_thread_blocked, id=33736, stack(0x000000b5ba800000,0x000000b5ba900000)]
  0x0000021afacd3cf0 JavaThread "Notification Thread" daemon [_thread_blocked, id=38828, stack(0x000000b5baa00000,0x000000b5bab00000)]
  0x0000021afacd5780 JavaThread "QuantumRenderer-0" daemon [_thread_blocked, id=30240, stack(0x000000b5bac00000,0x000000b5bad00000)]
  0x0000021afacd4790 JavaThread "InvokeLaterDispatcher" daemon [_thread_blocked, id=37912, stack(0x000000b5ba600000,0x000000b5ba700000)]
  0x0000021afacd37a0 JavaThread "JavaFX Application Thread" [_thread_blocked, id=37008, stack(0x000000b5bae00000,0x000000b5baf00000)]
  0x0000021afacd6220 JavaThread "Thread-1" daemon [_thread_in_native, id=38092, stack(0x000000b5bb0f0000,0x000000b5bb1f0000)]
  0x0000021afacd6770 JavaThread "JavaFX-Launcher" [_thread_blocked, id=37384, stack(0x000000b5bb1f0000,0x000000b5bb2f0000)]
  0x0000021afacd3250 JavaThread "Prism Font Disposer" daemon [_thread_blocked, id=1968, stack(0x000000b5bc0f0000,0x000000b5bc1f0000)]
  0x0000021a815b2a70 JavaThread "Cleaner-0" daemon [_thread_blocked, id=23820, stack(0x000000b5bc1f0000,0x000000b5bc2f0000)]
  0x0000021a815ad020 JavaThread "SIGINT handler" daemon [_thread_blocked, id=37872, stack(0x000000b5b8b00000,0x000000b5b8c00000)]

Other Threads:
=>0x0000021acbda8590 VMThread "VM Thread" [stack: 0x000000b5b9400000,0x000000b5b9500000] [id=19228]
  0x0000021acbda9c10 WorkerThread "GC Thread#0" [stack: 0x000000b5b8f00000,0x000000b5b9000000] [id=4500]
  0x0000021a80704a70 WorkerThread "GC Thread#1" [stack: 0x000000b5bb2f0000,0x000000b5bb3f0000] [id=9912]
  0x0000021a807055b0 WorkerThread "GC Thread#2" [stack: 0x000000b5bb3f0000,0x000000b5bb4f0000] [id=26956]
  0x0000021a80705b50 WorkerThread "GC Thread#3" [stack: 0x000000b5bb4f0000,0x000000b5bb5f0000] [id=15964]
  0x0000021a80706f00 WorkerThread "GC Thread#4" [stack: 0x000000b5bb5f0000,0x000000b5bb6f0000] [id=38064]
  0x0000021a80703f30 WorkerThread "GC Thread#5" [stack: 0x000000b5bb6f0000,0x000000b5bb7f0000] [id=37468]
  0x0000021a807044d0 WorkerThread "GC Thread#6" [stack: 0x000000b5bb7f0000,0x000000b5bb8f0000] [id=30964]
  0x0000021a80705e20 WorkerThread "GC Thread#7" [stack: 0x000000b5bb8f0000,0x000000b5bb9f0000] [id=9072]
  0x0000021a80706960 WorkerThread "GC Thread#8" [stack: 0x000000b5bb9f0000,0x000000b5bbaf0000] [id=2936]
  0x0000021a807060f0 WorkerThread "GC Thread#9" [stack: 0x000000b5bbaf0000,0x000000b5bbbf0000] [id=13156]
  0x0000021a80707a40 WorkerThread "GC Thread#10" [stack: 0x000000b5bbbf0000,0x000000b5bbcf0000] [id=38452]
  0x0000021a807071d0 WorkerThread "GC Thread#11" [stack: 0x000000b5bbcf0000,0x000000b5bbdf0000] [id=26248]
  0x0000021a819de6d0 WorkerThread "GC Thread#12" [stack: 0x000000b5ba400000,0x000000b5ba500000] [id=32308]
  0x0000021a819def40 WorkerThread "GC Thread#13" [stack: 0x000000b5ba500000,0x000000b5ba600000] [id=26640]
  0x0000021a819dcab0 WorkerThread "GC Thread#14" [stack: 0x000000b5bc300000,0x000000b5bc400000] [id=19844]
  0x0000021a819dfa80 WorkerThread "GC Thread#15" [stack: 0x000000b5bc400000,0x000000b5bc500000] [id=4344]
  0x0000021a819de400 WorkerThread "GC Thread#16" [stack: 0x000000b5bc500000,0x000000b5bc600000] [id=38028]
  0x0000021a819dd050 WorkerThread "GC Thread#17" [stack: 0x000000b5bc600000,0x000000b5bc700000] [id=3980]
  0x0000021a819dd8c0 WorkerThread "GC Thread#18" [stack: 0x000000b5bc700000,0x000000b5bc800000] [id=37684]
  0x0000021a819df210 WorkerThread "GC Thread#19" [stack: 0x000000b5bc800000,0x000000b5bc900000] [id=31116]
  0x0000021a819dd320 WorkerThread "GC Thread#20" [stack: 0x000000b5bc900000,0x000000b5bca00000] [id=3968]
  0x0000021a819ddb90 WorkerThread "GC Thread#21" [stack: 0x000000b5bca00000,0x000000b5bcb00000] [id=37104]
  0x0000021a819df4e0 WorkerThread "GC Thread#22" [stack: 0x000000b5bcb00000,0x000000b5bcc00000] [id=12356]
  0x0000021acbe4bfe0 ConcurrentGCThread "G1 Main Marker" terminated
  0x0000021acbda9ee0 WorkerThread "G1 Conc#0" [stack: 0x000000b5b9100000,0x000000b5b9200000] [id=9728]
  0x0000021af92b6e00 ConcurrentGCThread "G1 Refine#0" terminated
  0x0000021af92b7850 ConcurrentGCThread "G1 Service" terminated

Threads with active compile tasks:
C1 CompilerThread0  
[error occurred during error reporting (printing all threads), id 0xc0000005, EXCEPTION_ACCESS_VIOLATION (0xc0000005) at pc=0x00007ff8667703b3]

VM state: at safepoint (shutting down)

VM Mutex/Monitor currently owned by a thread:  ([mutex/lock_event])
[0x0000021acbd7ea60] Threads_lock - owner thread: 0x0000021acbda8590
[0x0000021acbd7d7d0] Heap_lock - owner thread: 0x0000021a815ad020

Heap address: 0x0000000601400000, size: 8172 MB, Compressed Oops mode: Zero based, Oop shift amount: 3

CDS archive(s) mapped at: [0x0000000800000000-0x0000000800c40000-0x0000000800c40000), size 12845056, SharedBaseAddress: 0x0000000800000000, ArchiveRelocationMode: 0.
Compressed class space mapped at: 0x0000000801000000-0x0000000841000000, reserved size: 1073741824
Narrow klass base: 0x0000000800000000, Narrow klass shift: 0, Narrow klass range: 0x100000000

GC Precious Log:
 CardTable entry size: 512
 Card Set container configuration: InlinePtr #cards 4 size 8 Array Of Cards #cards 32 size 80 Howl #buckets 8 coarsen threshold 7372 Howl Bitmap #cards 1024 size 144 coarsen threshold 921 Card regions per heap region 1 cards per card region 8192
 CPUs: 32 total, 32 available
 Memory: 32674M
 Large Page Support: Disabled
 NUMA Support: Disabled
 Compressed Oops: Enabled (Zero based)
 Heap Region Size: 4M
 Heap Min Capacity: 8M
 Heap Initial Capacity: 512M
 Heap Max Capacity: 8172M
 Pre-touch: Disabled
 Parallel Workers: 23
 Concurrent Workers: 6
 Concurrent Refinement Workers: 23
 Periodic GC: Disabled

Heap:
 garbage-first heap   total 524288K, used 33485K [0x0000000601400000, 0x0000000800000000)
  region size 4096K, 9 young (36864K), 2 survivors (8192K)
 Metaspace       used 19403K, committed 19840K, reserved 1114112K
  class space    used 2677K, committed 2880K, reserved 1048576K

Heap Regions: E=young(eden), S=young(survivor), O=old, HS=humongous(starts), HC=humongous(continues), CS=collection set, F=free, OA=open archive, CA=closed archive, TAMS=top-at-mark-start (previous, next)
|   0|0x0000000601400000, 0x00000006014b3400, 0x0000000601800000| 17%| O|  |TAMS 0x0000000601400000, 0x0000000601400000| Untracked 
|   1|0x0000000601800000, 0x0000000601800000, 0x0000000601c00000|  0%| F|  |TAMS 0x0000000601800000, 0x0000000601800000| Untracked 
|   2|0x0000000601c00000, 0x0000000601c00000, 0x0000000602000000|  0%| F|  |TAMS 0x0000000601c00000, 0x0000000601c00000| Untracked 
|   3|0x0000000602000000, 0x0000000602000000, 0x0000000602400000|  0%| F|  |TAMS 0x0000000602000000, 0x0000000602000000| Untracked 
|   4|0x0000000602400000, 0x0000000602400000, 0x0000000602800000|  0%| F|  |TAMS 0x0000000602400000, 0x0000000602400000| Untracked 
|   5|0x0000000602800000, 0x0000000602800000, 0x0000000602c00000|  0%| F|  |TAMS 0x0000000602800000, 0x0000000602800000| Untracked 
|   6|0x0000000602c00000, 0x0000000602c00000, 0x0000000603000000|  0%| F|  |TAMS 0x0000000602c00000, 0x0000000602c00000| Untracked 
|   7|0x0000000603000000, 0x0000000603000000, 0x0000000603400000|  0%| F|  |TAMS 0x0000000603000000, 0x0000000603000000| Untracked 
|   8|0x0000000603400000, 0x0000000603400000, 0x0000000603800000|  0%| F|  |TAMS 0x0000000603400000, 0x0000000603400000| Untracked 
|   9|0x0000000603800000, 0x0000000603800000, 0x0000000603c00000|  0%| F|  |TAMS 0x0000000603800000, 0x0000000603800000| Untracked 
|  10|0x0000000603c00000, 0x0000000603c00000, 0x0000000604000000|  0%| F|  |TAMS 0x0000000603c00000, 0x0000000603c00000| Untracked 
|  11|0x0000000604000000, 0x0000000604000000, 0x0000000604400000|  0%| F|  |TAMS 0x0000000604000000, 0x0000000604000000| Untracked 
|  12|0x0000000604400000, 0x0000000604400000, 0x0000000604800000|  0%| F|  |TAMS 0x0000000604400000, 0x0000000604400000| Untracked 
|  13|0x0000000604800000, 0x0000000604800000, 0x0000000604c00000|  0%| F|  |TAMS 0x0000000604800000, 0x0000000604800000| Untracked 
|  14|0x0000000604c00000, 0x0000000604c00000, 0x0000000605000000|  0%| F|  |TAMS 0x0000000604c00000, 0x0000000604c00000| Untracked 
|  15|0x0000000605000000, 0x0000000605000000, 0x0000000605400000|  0%| F|  |TAMS 0x0000000605000000, 0x0000000605000000| Untracked 
|  16|0x0000000605400000, 0x0000000605400000, 0x0000000605800000|  0%| F|  |TAMS 0x0000000605400000, 0x0000000605400000| Untracked 
|  17|0x0000000605800000, 0x0000000605800000, 0x0000000605c00000|  0%| F|  |TAMS 0x0000000605800000, 0x0000000605800000| Untracked 
|  18|0x0000000605c00000, 0x0000000605c00000, 0x0000000606000000|  0%| F|  |TAMS 0x0000000605c00000, 0x0000000605c00000| Untracked 
|  19|0x0000000606000000, 0x0000000606000000, 0x0000000606400000|  0%| F|  |TAMS 0x0000000606000000, 0x0000000606000000| Untracked 
|  20|0x0000000606400000, 0x0000000606400000, 0x0000000606800000|  0%| F|  |TAMS 0x0000000606400000, 0x0000000606400000| Untracked 
|  21|0x0000000606800000, 0x0000000606800000, 0x0000000606c00000|  0%| F|  |TAMS 0x0000000606800000, 0x0000000606800000| Untracked 
|  22|0x0000000606c00000, 0x0000000606c00000, 0x0000000607000000|  0%| F|  |TAMS 0x0000000606c00000, 0x0000000606c00000| Untracked 
|  23|0x0000000607000000, 0x0000000607000000, 0x0000000607400000|  0%| F|  |TAMS 0x0000000607000000, 0x0000000607000000| Untracked 
|  24|0x0000000607400000, 0x0000000607400000, 0x0000000607800000|  0%| F|  |TAMS 0x0000000607400000, 0x0000000607400000| Untracked 
|  25|0x0000000607800000, 0x0000000607800000, 0x0000000607c00000|  0%| F|  |TAMS 0x0000000607800000, 0x0000000607800000| Untracked 
|  26|0x0000000607c00000, 0x0000000607c00000, 0x0000000608000000|  0%| F|  |TAMS 0x0000000607c00000, 0x0000000607c00000| Untracked 
|  27|0x0000000608000000, 0x0000000608000000, 0x0000000608400000|  0%| F|  |TAMS 0x0000000608000000, 0x0000000608000000| Untracked 
|  28|0x0000000608400000, 0x0000000608400000, 0x0000000608800000|  0%| F|  |TAMS 0x0000000608400000, 0x0000000608400000| Untracked 
|  29|0x0000000608800000, 0x0000000608800000, 0x0000000608c00000|  0%| F|  |TAMS 0x0000000608800000, 0x0000000608800000| Untracked 
|  30|0x0000000608c00000, 0x0000000608c00000, 0x0000000609000000|  0%| F|  |TAMS 0x0000000608c00000, 0x0000000608c00000| Untracked 
|  31|0x0000000609000000, 0x0000000609000000, 0x0000000609400000|  0%| F|  |TAMS 0x0000000609000000, 0x0000000609000000| Untracked 
|  32|0x0000000609400000, 0x0000000609400000, 0x0000000609800000|  0%| F|  |TAMS 0x0000000609400000, 0x0000000609400000| Untracked 
|  33|0x0000000609800000, 0x0000000609800000, 0x0000000609c00000|  0%| F|  |TAMS 0x0000000609800000, 0x0000000609800000| Untracked 
|  34|0x0000000609c00000, 0x0000000609c00000, 0x000000060a000000|  0%| F|  |TAMS 0x0000000609c00000, 0x0000000609c00000| Untracked 
|  35|0x000000060a000000, 0x000000060a000000, 0x000000060a400000|  0%| F|  |TAMS 0x000000060a000000, 0x000000060a000000| Untracked 
|  36|0x000000060a400000, 0x000000060a400000, 0x000000060a800000|  0%| F|  |TAMS 0x000000060a400000, 0x000000060a400000| Untracked 
|  37|0x000000060a800000, 0x000000060a800000, 0x000000060ac00000|  0%| F|  |TAMS 0x000000060a800000, 0x000000060a800000| Untracked 
|  38|0x000000060ac00000, 0x000000060ac00000, 0x000000060b000000|  0%| F|  |TAMS 0x000000060ac00000, 0x000000060ac00000| Untracked 
|  39|0x000000060b000000, 0x000000060b000000, 0x000000060b400000|  0%| F|  |TAMS 0x000000060b000000, 0x000000060b000000| Untracked 
|  40|0x000000060b400000, 0x000000060b400000, 0x000000060b800000|  0%| F|  |TAMS 0x000000060b400000, 0x000000060b400000| Untracked 
|  41|0x000000060b800000, 0x000000060b800000, 0x000000060bc00000|  0%| F|  |TAMS 0x000000060b800000, 0x000000060b800000| Untracked 
|  42|0x000000060bc00000, 0x000000060bc00000, 0x000000060c000000|  0%| F|  |TAMS 0x000000060bc00000, 0x000000060bc00000| Untracked 
|  43|0x000000060c000000, 0x000000060c000000, 0x000000060c400000|  0%| F|  |TAMS 0x000000060c000000, 0x000000060c000000| Untracked 
|  44|0x000000060c400000, 0x000000060c400000, 0x000000060c800000|  0%| F|  |TAMS 0x000000060c400000, 0x000000060c400000| Untracked 
|  45|0x000000060c800000, 0x000000060c800000, 0x000000060cc00000|  0%| F|  |TAMS 0x000000060c800000, 0x000000060c800000| Untracked 
|  46|0x000000060cc00000, 0x000000060cc00000, 0x000000060d000000|  0%| F|  |TAMS 0x000000060cc00000, 0x000000060cc00000| Untracked 
|  47|0x000000060d000000, 0x000000060d000000, 0x000000060d400000|  0%| F|  |TAMS 0x000000060d000000, 0x000000060d000000| Untracked 
|  48|0x000000060d400000, 0x000000060d400000, 0x000000060d800000|  0%| F|  |TAMS 0x000000060d400000, 0x000000060d400000| Untracked 
|  49|0x000000060d800000, 0x000000060d800000, 0x000000060dc00000|  0%| F|  |TAMS 0x000000060d800000, 0x000000060d800000| Untracked 
|  50|0x000000060dc00000, 0x000000060dc00000, 0x000000060e000000|  0%| F|  |TAMS 0x000000060dc00000, 0x000000060dc00000| Untracked 
|  51|0x000000060e000000, 0x000000060e000000, 0x000000060e400000|  0%| F|  |TAMS 0x000000060e000000, 0x000000060e000000| Untracked 
|  52|0x000000060e400000, 0x000000060e400000, 0x000000060e800000|  0%| F|  |TAMS 0x000000060e400000, 0x000000060e400000| Untracked 
|  53|0x000000060e800000, 0x000000060e800000, 0x000000060ec00000|  0%| F|  |TAMS 0x000000060e800000, 0x000000060e800000| Untracked 
|  54|0x000000060ec00000, 0x000000060ec00000, 0x000000060f000000|  0%| F|  |TAMS 0x000000060ec00000, 0x000000060ec00000| Untracked 
|  55|0x000000060f000000, 0x000000060f000000, 0x000000060f400000|  0%| F|  |TAMS 0x000000060f000000, 0x000000060f000000| Untracked 
|  56|0x000000060f400000, 0x000000060f400000, 0x000000060f800000|  0%| F|  |TAMS 0x000000060f400000, 0x000000060f400000| Untracked 
|  57|0x000000060f800000, 0x000000060f800000, 0x000000060fc00000|  0%| F|  |TAMS 0x000000060f800000, 0x000000060f800000| Untracked 
|  58|0x000000060fc00000, 0x000000060fc00000, 0x0000000610000000|  0%| F|  |TAMS 0x000000060fc00000, 0x000000060fc00000| Untracked 
|  59|0x0000000610000000, 0x0000000610000000, 0x0000000610400000|  0%| F|  |TAMS 0x0000000610000000, 0x0000000610000000| Untracked 
|  60|0x0000000610400000, 0x0000000610400000, 0x0000000610800000|  0%| F|  |TAMS 0x0000000610400000, 0x0000000610400000| Untracked 
|  61|0x0000000610800000, 0x0000000610800000, 0x0000000610c00000|  0%| F|  |TAMS 0x0000000610800000, 0x0000000610800000| Untracked 
|  62|0x0000000610c00000, 0x0000000610c00000, 0x0000000611000000|  0%| F|  |TAMS 0x0000000610c00000, 0x0000000610c00000| Untracked 
|  63|0x0000000611000000, 0x0000000611000000, 0x0000000611400000|  0%| F|  |TAMS 0x0000000611000000, 0x0000000611000000| Untracked 
|  64|0x0000000611400000, 0x0000000611400000, 0x0000000611800000|  0%| F|  |TAMS 0x0000000611400000, 0x0000000611400000| Untracked 
|  65|0x0000000611800000, 0x0000000611800000, 0x0000000611c00000|  0%| F|  |TAMS 0x0000000611800000, 0x0000000611800000| Untracked 
|  66|0x0000000611c00000, 0x0000000611c00000, 0x0000000612000000|  0%| F|  |TAMS 0x0000000611c00000, 0x0000000611c00000| Untracked 
|  67|0x0000000612000000, 0x0000000612000000, 0x0000000612400000|  0%| F|  |TAMS 0x0000000612000000, 0x0000000612000000| Untracked 
|  68|0x0000000612400000, 0x0000000612400000, 0x0000000612800000|  0%| F|  |TAMS 0x0000000612400000, 0x0000000612400000| Untracked 
|  69|0x0000000612800000, 0x0000000612800000, 0x0000000612c00000|  0%| F|  |TAMS 0x0000000612800000, 0x0000000612800000| Untracked 
|  70|0x0000000612c00000, 0x0000000612c00000, 0x0000000613000000|  0%| F|  |TAMS 0x0000000612c00000, 0x0000000612c00000| Untracked 
|  71|0x0000000613000000, 0x0000000613000000, 0x0000000613400000|  0%| F|  |TAMS 0x0000000613000000, 0x0000000613000000| Untracked 
|  72|0x0000000613400000, 0x0000000613400000, 0x0000000613800000|  0%| F|  |TAMS 0x0000000613400000, 0x0000000613400000| Untracked 
|  73|0x0000000613800000, 0x0000000613800000, 0x0000000613c00000|  0%| F|  |TAMS 0x0000000613800000, 0x0000000613800000| Untracked 
|  74|0x0000000613c00000, 0x0000000613c00000, 0x0000000614000000|  0%| F|  |TAMS 0x0000000613c00000, 0x0000000613c00000| Untracked 
|  75|0x0000000614000000, 0x0000000614000000, 0x0000000614400000|  0%| F|  |TAMS 0x0000000614000000, 0x0000000614000000| Untracked 
|  76|0x0000000614400000, 0x0000000614400000, 0x0000000614800000|  0%| F|  |TAMS 0x0000000614400000, 0x0000000614400000| Untracked 
|  77|0x0000000614800000, 0x0000000614800000, 0x0000000614c00000|  0%| F|  |TAMS 0x0000000614800000, 0x0000000614800000| Untracked 
|  78|0x0000000614c00000, 0x0000000614c00000, 0x0000000615000000|  0%| F|  |TAMS 0x0000000614c00000, 0x0000000614c00000| Untracked 
|  79|0x0000000615000000, 0x0000000615000000, 0x0000000615400000|  0%| F|  |TAMS 0x0000000615000000, 0x0000000615000000| Untracked 
|  80|0x0000000615400000, 0x0000000615400000, 0x0000000615800000|  0%| F|  |TAMS 0x0000000615400000, 0x0000000615400000| Untracked 
|  81|0x0000000615800000, 0x0000000615800000, 0x0000000615c00000|  0%| F|  |TAMS 0x0000000615800000, 0x0000000615800000| Untracked 
|  82|0x0000000615c00000, 0x0000000615c00000, 0x0000000616000000|  0%| F|  |TAMS 0x0000000615c00000, 0x0000000615c00000| Untracked 
|  83|0x0000000616000000, 0x0000000616000000, 0x0000000616400000|  0%| F|  |TAMS 0x0000000616000000, 0x0000000616000000| Untracked 
|  84|0x0000000616400000, 0x0000000616400000, 0x0000000616800000|  0%| F|  |TAMS 0x0000000616400000, 0x0000000616400000| Untracked 
|  85|0x0000000616800000, 0x0000000616800000, 0x0000000616c00000|  0%| F|  |TAMS 0x0000000616800000, 0x0000000616800000| Untracked 
|  86|0x0000000616c00000, 0x0000000616c00000, 0x0000000617000000|  0%| F|  |TAMS 0x0000000616c00000, 0x0000000616c00000| Untracked 
|  87|0x0000000617000000, 0x0000000617000000, 0x0000000617400000|  0%| F|  |TAMS 0x0000000617000000, 0x0000000617000000| Untracked 
|  88|0x0000000617400000, 0x0000000617400000, 0x0000000617800000|  0%| F|  |TAMS 0x0000000617400000, 0x0000000617400000| Untracked 
|  89|0x0000000617800000, 0x0000000617800000, 0x0000000617c00000|  0%| F|  |TAMS 0x0000000617800000, 0x0000000617800000| Untracked 
|  90|0x0000000617c00000, 0x0000000617c00000, 0x0000000618000000|  0%| F|  |TAMS 0x0000000617c00000, 0x0000000617c00000| Untracked 
|  91|0x0000000618000000, 0x0000000618000000, 0x0000000618400000|  0%| F|  |TAMS 0x0000000618000000, 0x0000000618000000| Untracked 
|  92|0x0000000618400000, 0x0000000618400000, 0x0000000618800000|  0%| F|  |TAMS 0x0000000618400000, 0x0000000618400000| Untracked 
|  93|0x0000000618800000, 0x0000000618800000, 0x0000000618c00000|  0%| F|  |TAMS 0x0000000618800000, 0x0000000618800000| Untracked 
|  94|0x0000000618c00000, 0x0000000618c00000, 0x0000000619000000|  0%| F|  |TAMS 0x0000000618c00000, 0x0000000618c00000| Untracked 
|  95|0x0000000619000000, 0x0000000619000000, 0x0000000619400000|  0%| F|  |TAMS 0x0000000619000000, 0x0000000619000000| Untracked 
|  96|0x0000000619400000, 0x0000000619400000, 0x0000000619800000|  0%| F|  |TAMS 0x0000000619400000, 0x0000000619400000| Untracked 
|  97|0x0000000619800000, 0x0000000619800000, 0x0000000619c00000|  0%| F|  |TAMS 0x0000000619800000, 0x0000000619800000| Untracked 
|  98|0x0000000619c00000, 0x0000000619c00000, 0x000000061a000000|  0%| F|  |TAMS 0x0000000619c00000, 0x0000000619c00000| Untracked 
|  99|0x000000061a000000, 0x000000061a000000, 0x000000061a400000|  0%| F|  |TAMS 0x000000061a000000, 0x000000061a000000| Untracked 
| 100|0x000000061a400000, 0x000000061a400000, 0x000000061a800000|  0%| F|  |TAMS 0x000000061a400000, 0x000000061a400000| Untracked 
| 101|0x000000061a800000, 0x000000061a800000, 0x000000061ac00000|  0%| F|  |TAMS 0x000000061a800000, 0x000000061a800000| Untracked 
| 102|0x000000061ac00000, 0x000000061ac00000, 0x000000061b000000|  0%| F|  |TAMS 0x000000061ac00000, 0x000000061ac00000| Untracked 
| 103|0x000000061b000000, 0x000000061b000000, 0x000000061b400000|  0%| F|  |TAMS 0x000000061b000000, 0x000000061b000000| Untracked 
| 104|0x000000061b400000, 0x000000061b400000, 0x000000061b800000|  0%| F|  |TAMS 0x000000061b400000, 0x000000061b400000| Untracked 
| 105|0x000000061b800000, 0x000000061b800000, 0x000000061bc00000|  0%| F|  |TAMS 0x000000061b800000, 0x000000061b800000| Untracked 
| 106|0x000000061bc00000, 0x000000061bc00000, 0x000000061c000000|  0%| F|  |TAMS 0x000000061bc00000, 0x000000061bc00000| Untracked 
| 107|0x000000061c000000, 0x000000061c000000, 0x000000061c400000|  0%| F|  |TAMS 0x000000061c000000, 0x000000061c000000| Untracked 
| 108|0x000000061c400000, 0x000000061c400000, 0x000000061c800000|  0%| F|  |TAMS 0x000000061c400000, 0x000000061c400000| Untracked 
| 109|0x000000061c800000, 0x000000061c800000, 0x000000061cc00000|  0%| F|  |TAMS 0x000000061c800000, 0x000000061c800000| Untracked 
| 110|0x000000061cc00000, 0x000000061cc00000, 0x000000061d000000|  0%| F|  |TAMS 0x000000061cc00000, 0x000000061cc00000| Untracked 
| 111|0x000000061d000000, 0x000000061d000000, 0x000000061d400000|  0%| F|  |TAMS 0x000000061d000000, 0x000000061d000000| Untracked 
| 112|0x000000061d400000, 0x000000061d400000, 0x000000061d800000|  0%| F|  |TAMS 0x000000061d400000, 0x000000061d400000| Untracked 
| 113|0x000000061d800000, 0x000000061dc00000, 0x000000061dc00000|100%| S|CS|TAMS 0x000000061d800000, 0x000000061d800000| Complete 
| 114|0x000000061dc00000, 0x000000061e000000, 0x000000061e000000|100%| S|CS|TAMS 0x000000061dc00000, 0x000000061dc00000| Complete 
| 115|0x000000061e000000, 0x000000061e000000, 0x000000061e400000|  0%| F|  |TAMS 0x000000061e000000, 0x000000061e000000| Untracked 
| 116|0x000000061e400000, 0x000000061e400000, 0x000000061e800000|  0%| F|  |TAMS 0x000000061e400000, 0x000000061e400000| Untracked 
| 117|0x000000061e800000, 0x000000061e800000, 0x000000061ec00000|  0%| F|  |TAMS 0x000000061e800000, 0x000000061e800000| Untracked 
| 118|0x000000061ec00000, 0x000000061ec00000, 0x000000061f000000|  0%| F|  |TAMS 0x000000061ec00000, 0x000000061ec00000| Untracked 
| 119|0x000000061f000000, 0x000000061f000000, 0x000000061f400000|  0%| F|  |TAMS 0x000000061f000000, 0x000000061f000000| Untracked 
| 120|0x000000061f400000, 0x000000061f400000, 0x000000061f800000|  0%| F|  |TAMS 0x000000061f400000, 0x000000061f400000| Untracked 
| 121|0x000000061f800000, 0x000000061f8f6478, 0x000000061fc00000| 24%| E|  |TAMS 0x000000061f800000, 0x000000061f800000| Complete 
| 122|0x000000061fc00000, 0x0000000620000000, 0x0000000620000000|100%| E|CS|TAMS 0x000000061fc00000, 0x000000061fc00000| Complete 
| 123|0x0000000620000000, 0x0000000620400000, 0x0000000620400000|100%| E|CS|TAMS 0x0000000620000000, 0x0000000620000000| Complete 
| 124|0x0000000620400000, 0x0000000620800000, 0x0000000620800000|100%| E|CS|TAMS 0x0000000620400000, 0x0000000620400000| Complete 
| 125|0x0000000620800000, 0x0000000620c00000, 0x0000000620c00000|100%| E|CS|TAMS 0x0000000620800000, 0x0000000620800000| Complete 
| 126|0x0000000620c00000, 0x0000000621000000, 0x0000000621000000|100%| E|CS|TAMS 0x0000000620c00000, 0x0000000620c00000| Complete 
| 127|0x0000000621000000, 0x0000000621400000, 0x0000000621400000|100%| E|CS|TAMS 0x0000000621000000, 0x0000000621000000| Complete 

Card table byte_map: [0x0000021ae5000000,0x0000021ae6000000] _byte_map_base: 0x0000021ae1ff6000

Marking Bits (Prev, Next): (CMBitMap*) 0x0000021acbe3b5c0, (CMBitMap*) 0x0000021acbe3b600
 Prev Bits: [0x0000021ae7000000, 0x0000021aeefb0000)
 Next Bits: [0x0000021aeefb0000, 0x0000021af6f60000)

Polling page: 0x0000021ac9c70000

Metaspace:

Usage:
  Non-class:     16.33 MB used.
      Class:      2.61 MB used.
       Both:     18.95 MB used.

Virtual space:
  Non-class space:       64.00 MB reserved,      16.56 MB ( 26%) committed,  1 nodes.
      Class space:        1.00 GB reserved,       2.81 MB ( <1%) committed,  1 nodes.
             Both:        1.06 GB reserved,      19.38 MB (  2%) committed. 

Chunk freelists:
   Non-Class:  3.16 MB
       Class:  1.22 MB
        Both:  4.38 MB

MaxMetaspaceSize: unlimited
CompressedClassSpaceSize: 1.00 GB
Initial GC threshold: 21.00 MB
Current GC threshold: 21.00 MB
CDS: on
MetaspaceReclaimPolicy: balanced
 - commit_granule_bytes: 65536.
 - commit_granule_words: 8192.
 - virtual_space_node_default_size: 8388608.
 - enlarge_chunks_in_place: 1.
 - new_chunks_are_fully_committed: 0.
 - uncommit_free_chunks: 1.
 - use_allocation_guard: 0.


Internal statistics:

num_allocs_failed_limit: 0.
num_arena_births: 432.
num_arena_deaths: 0.
num_vsnodes_births: 2.
num_vsnodes_deaths: 0.
num_space_committed: 310.
num_space_uncommitted: 0.
num_chunks_returned_to_freelist: 0.
num_chunks_taken_from_freelist: 1050.
num_chunk_merges: 0.
num_chunk_splits: 727.
num_chunks_enlarged: 565.
num_inconsistent_stats: 0.

CodeHeap 'non-profiled nmethods': size=118848Kb used=2169Kb max_used=2169Kb free=116678Kb
 bounds [0x0000021adb8d0000, 0x0000021adbb40000, 0x0000021ae2ce0000]
CodeHeap 'profiled nmethods': size=118848Kb used=10468Kb max_used=10468Kb free=108379Kb
 bounds [0x0000021ad3ce0000, 0x0000021ad4720000, 0x0000021adb0f0000]
CodeHeap 'non-nmethods': size=8064Kb used=1612Kb max_used=3919Kb free=6451Kb
 bounds [0x0000021adb0f0000, 0x0000021adb4d0000, 0x0000021adb8d0000]
 total_blobs=5605 nmethods=4773 adapters=741
 compilation: enabled
              stopped_count=0, restarted_count=0
 full_count=0

Compilation events (20 events):
Event: 6.982 Thread 0x0000021aface3910 4767       1       javafx.scene.paint.LinearGradient::getStartY (5 bytes)
Event: 6.982 Thread 0x0000021aface3910 nmethod 4767 0x0000021adbaecf10 code [0x0000021adbaed0a0, 0x0000021adbaed178]
Event: 6.982 Thread 0x0000021aface3910 4768       1       javafx.scene.paint.LinearGradient::getEndY (5 bytes)
Event: 6.982 Thread 0x0000021aface3910 nmethod 4768 0x0000021adbaed210 code [0x0000021adbaed3a0, 0x0000021adbaed478]
Event: 6.982 Thread 0x0000021af93a9ad0 nmethod 4764 0x0000021ad4710c10 code [0x0000021ad47110a0, 0x0000021ad47135c8]
Event: 7.040 Thread 0x0000021aface3910 4769       3       javafx.beans.property.ReadOnlyBooleanWrapper::fireValueChangedEvent (19 bytes)
Event: 7.040 Thread 0x0000021aface3910 nmethod 4769 0x0000021ad4714090 code [0x0000021ad4714280, 0x0000021ad47147f8]
Event: 7.053 Thread 0x0000021af93a9ad0 4770       3       sun.nio.fs.WindowsPathParser::nextNonSlash (24 bytes)
Event: 7.053 Thread 0x0000021aface3910 4771       1       java.nio.Buffer::capacity (5 bytes)
Event: 7.053 Thread 0x0000021aface3910 nmethod 4771 0x0000021adbaed510 code [0x0000021adbaed6a0, 0x0000021adbaed758]
Event: 7.053 Thread 0x0000021af93a9ad0 nmethod 4770 0x0000021ad4714a10 code [0x0000021ad4714c20, 0x0000021ad4715378]
Event: 7.072 Thread 0x0000021af93a9ad0 4772       1       sun.nio.fs.NativeBuffer::setOwner (6 bytes)
Event: 7.072 Thread 0x0000021af93a9ad0 nmethod 4772 0x0000021adbaed810 code [0x0000021adbaed9a0, 0x0000021adbaedab8]
Event: 7.273 Thread 0x0000021aface3910 4773       3       java.time.LocalDate::get0 (261 bytes)
Event: 7.274 Thread 0x0000021af93a9ad0 4774   !   3       java.lang.invoke.LambdaForm::compileToBytecode (164 bytes)
Event: 7.274 Thread 0x0000021af93a9ad0 nmethod 4774 0x0000021ad4715690 code [0x0000021ad4715900, 0x0000021ad4716258]
Event: 7.274 Thread 0x0000021af93a9ad0 4775       3       java.lang.invoke.LambdaForm::methodType (48 bytes)
Event: 7.274 Thread 0x0000021aface3910 nmethod 4773 0x0000021ad4716590 code [0x0000021ad4716940, 0x0000021ad4717db8]
Event: 7.275 Thread 0x0000021af93a9ad0 nmethod 4775 0x0000021ad4718590 code [0x0000021ad4718780, 0x0000021ad4718d98]
Event: 80.241 Thread 0x0000021af93a9ad0 4780       3       java.lang.invoke.MemberName$Factory::resolveOrNull (54 bytes)

GC Heap History (4 events):
Event: 0.547 GC heap before
{Heap before GC invocations=0 (full 0):
 garbage-first heap   total 524288K, used 24576K [0x0000000601400000, 0x0000000800000000)
  region size 4096K, 6 young (24576K), 0 survivors (0K)
 Metaspace       used 4829K, committed 4992K, reserved 1114112K
  class space    used 494K, committed 576K, reserved 1048576K
}
Event: 0.550 GC heap after
{Heap after GC invocations=1 (full 0):
 garbage-first heap   total 524288K, used 2837K [0x0000000601400000, 0x0000000800000000)
  region size 4096K, 1 young (4096K), 1 survivors (4096K)
 Metaspace       used 4829K, committed 4992K, reserved 1114112K
  class space    used 494K, committed 576K, reserved 1048576K
}
Event: 2.088 GC heap before
{Heap before GC invocations=1 (full 0):
 garbage-first heap   total 524288K, used 51989K [0x0000000601400000, 0x0000000800000000)
  region size 4096K, 13 young (53248K), 1 survivors (4096K)
 Metaspace       used 16097K, committed 16448K, reserved 1114112K
  class space    used 2275K, committed 2432K, reserved 1048576K
}
Event: 2.094 GC heap after
{Heap after GC invocations=2 (full 0):
 garbage-first heap   total 524288K, used 8909K [0x0000000601400000, 0x0000000800000000)
  region size 4096K, 2 young (8192K), 2 survivors (8192K)
 Metaspace       used 16097K, committed 16448K, reserved 1114112K
  class space    used 2275K, committed 2432K, reserved 1048576K
}

Dll operation events (20 events):
Event: 0.271 Loaded shared library C:\Users\fassbenf\.openjfx\cache\19+11\amd64\api-ms-win-crt-locale-l1-1-0.dll
Event: 0.272 Loaded shared library C:\Users\fassbenf\.openjfx\cache\19+11\amd64\api-ms-win-crt-math-l1-1-0.dll
Event: 0.274 Loaded shared library C:\Users\fassbenf\.openjfx\cache\19+11\amd64\api-ms-win-crt-multibyte-l1-1-0.dll
Event: 0.276 Loaded shared library C:\Users\fassbenf\.openjfx\cache\19+11\amd64\api-ms-win-crt-private-l1-1-0.dll
Event: 0.277 Loaded shared library C:\Users\fassbenf\.openjfx\cache\19+11\amd64\api-ms-win-crt-process-l1-1-0.dll
Event: 0.279 Loaded shared library C:\Users\fassbenf\.openjfx\cache\19+11\amd64\api-ms-win-crt-runtime-l1-1-0.dll
Event: 0.280 Loaded shared library C:\Users\fassbenf\.openjfx\cache\19+11\amd64\api-ms-win-crt-stdio-l1-1-0.dll
Event: 0.282 Loaded shared library C:\Users\fassbenf\.openjfx\cache\19+11\amd64\api-ms-win-crt-string-l1-1-0.dll
Event: 0.283 Loaded shared library C:\Users\fassbenf\.openjfx\cache\19+11\amd64\api-ms-win-crt-time-l1-1-0.dll
Event: 0.285 Loaded shared library C:\Users\fassbenf\.openjfx\cache\19+11\amd64\api-ms-win-crt-utility-l1-1-0.dll
Event: 0.296 Loaded shared library C:\Users\fassbenf\.openjfx\cache\19+11\amd64\ucrtbase.dll
Event: 0.299 Loaded shared library C:\Users\fassbenf\.openjfx\cache\19+11\amd64\vcruntime140.dll
Event: 0.301 Loaded shared library C:\Users\fassbenf\.openjfx\cache\19+11\amd64\vcruntime140_1.dll
Event: 0.307 Loaded shared library C:\Users\fassbenf\.openjfx\cache\19+11\amd64\msvcp140.dll
Event: 0.309 Loaded shared library C:\Users\fassbenf\.openjfx\cache\19+11\amd64\msvcp140_1.dll
Event: 0.312 Loaded shared library C:\Users\fassbenf\.openjfx\cache\19+11\amd64\msvcp140_2.dll
Event: 0.342 Loaded shared library C:\Users\fassbenf\.openjfx\cache\19+11\amd64\prism_d3d.dll
Event: 0.404 Loaded shared library C:\Users\fassbenf\.openjfx\cache\19+11\amd64\glass.dll
Event: 0.566 Loaded shared library C:\Users\fassbenf\.jdks\openjdk-19.0.2\bin\jimage.dll
Event: 0.684 Loaded shared library C:\Users\fassbenf\.openjfx\cache\19+11\amd64\javafx_font.dll

Deoptimization events (20 events):
Event: 6.465 Thread 0x0000021afacd37a0 Uncommon trap: trap_request=0xffffffbe fr.pc=0x0000021adbac781c relative=0x000000000000131c
Event: 6.465 Thread 0x0000021afacd37a0 Uncommon trap: reason=profile_predicate action=maybe_recompile pc=0x0000021adbac781c method=javafx.css.CompoundSelector.applies(Ljavafx/css/Styleable;[Ljava/util/Set;I)Z @ 89 c2
Event: 6.465 Thread 0x0000021afacd37a0 DEOPT PACKING pc=0x0000021adbac781c sp=0x000000b5baefa0a0
Event: 6.465 Thread 0x0000021afacd37a0 DEOPT UNPACKING pc=0x0000021adb156da3 sp=0x000000b5baefa0b0 mode 2
Event: 6.465 Thread 0x0000021afacd37a0 Uncommon trap: trap_request=0xffffffbe fr.pc=0x0000021adbac781c relative=0x000000000000131c
Event: 6.465 Thread 0x0000021afacd37a0 Uncommon trap: reason=profile_predicate action=maybe_recompile pc=0x0000021adbac781c method=javafx.css.CompoundSelector.applies(Ljavafx/css/Styleable;[Ljava/util/Set;I)Z @ 89 c2
Event: 6.465 Thread 0x0000021afacd37a0 DEOPT PACKING pc=0x0000021adbac781c sp=0x000000b5baefa0a0
Event: 6.465 Thread 0x0000021afacd37a0 DEOPT UNPACKING pc=0x0000021adb156da3 sp=0x000000b5baefa0b0 mode 2
Event: 6.465 Thread 0x0000021afacd37a0 Uncommon trap: trap_request=0xffffffbe fr.pc=0x0000021adbac781c relative=0x000000000000131c
Event: 6.465 Thread 0x0000021afacd37a0 Uncommon trap: reason=profile_predicate action=maybe_recompile pc=0x0000021adbac781c method=javafx.css.CompoundSelector.applies(Ljavafx/css/Styleable;[Ljava/util/Set;I)Z @ 89 c2
Event: 6.465 Thread 0x0000021afacd37a0 DEOPT PACKING pc=0x0000021adbac781c sp=0x000000b5baefa0a0
Event: 6.465 Thread 0x0000021afacd37a0 DEOPT UNPACKING pc=0x0000021adb156da3 sp=0x000000b5baefa0b0 mode 2
Event: 6.465 Thread 0x0000021afacd37a0 Uncommon trap: trap_request=0xffffffbe fr.pc=0x0000021adbac781c relative=0x000000000000131c
Event: 6.465 Thread 0x0000021afacd37a0 Uncommon trap: reason=profile_predicate action=maybe_recompile pc=0x0000021adbac781c method=javafx.css.CompoundSelector.applies(Ljavafx/css/Styleable;[Ljava/util/Set;I)Z @ 89 c2
Event: 6.465 Thread 0x0000021afacd37a0 DEOPT PACKING pc=0x0000021adbac781c sp=0x000000b5baefa0a0
Event: 6.465 Thread 0x0000021afacd37a0 DEOPT UNPACKING pc=0x0000021adb156da3 sp=0x000000b5baefa0b0 mode 2
Event: 80.241 Thread 0x0000021afacd5780 DEOPT PACKING pc=0x0000021ad4334394 sp=0x000000b5bacff020
Event: 80.241 Thread 0x0000021afacd5780 DEOPT UNPACKING pc=0x0000021adb157543 sp=0x000000b5bacfe558 mode 1
Event: 80.241 Thread 0x0000021a815af000 DEOPT PACKING pc=0x0000021ad3ebcb4c sp=0x000000b5b8cff710
Event: 80.241 Thread 0x0000021a815af000 DEOPT UNPACKING pc=0x0000021adb157543 sp=0x000000b5b8cfeb70 mode 1

Classes loaded (20 events):
Event: 7.050 Loading class com/sun/prism/GraphicsResource
Event: 7.050 Loading class com/sun/prism/GraphicsResource done
Event: 7.072 Loading class java/io/FileReader
Event: 7.072 Loading class java/io/FileReader done
Event: 7.159 Loading class com/intellij/rt/debugger/BatchEvaluatorServer
Event: 7.159 Loading class com/intellij/rt/debugger/BatchEvaluatorServer done
Event: 27.266 Loading class oracle/jdbc/OracleDriver
Event: 27.266 Loading class oracle/jdbc/OracleDriver done
Event: 27.336 Loading class java/io/DataOutputStream
Event: 27.336 Loading class java/io/DataOutputStream done
Event: 80.216 Loading class java/lang/Throwable$WrappedPrintStream
Event: 80.216 Loading class java/lang/Throwable$PrintStreamOrWriter
Event: 80.216 Loading class java/lang/Throwable$PrintStreamOrWriter done
Event: 80.216 Loading class java/lang/Throwable$WrappedPrintStream done
Event: 80.240 Loading class jdk/internal/misc/Signal$1
Event: 80.240 Loading class jdk/internal/misc/Signal$1 done
Event: 80.241 Loading class com/sun/javafx/tk/quantum/QuantumRenderer
Event: 80.241 Loading class com/sun/javafx/tk/quantum/QuantumRenderer done
Event: 80.241 Loading class com/sun/javafx/tk/quantum/QuantumToolkit
Event: 80.241 Loading class com/sun/javafx/tk/quantum/QuantumToolkit done

Classes unloaded (0 events):
No events

Classes redefined (0 events):
No events

Internal exceptions (20 events):
Event: 1.953 Thread 0x0000021afacd37a0 Exception <a 'java/lang/NoSuchMethodError'{0x000000061e61b648}: 'long java.lang.invoke.DirectMethodHandle$Holder.invokeStaticInit(java.lang.Object, java.lang.Object, java.lang.Object)'> (0x000000061e61b648) 
thrown [s\open\src\hotspot\share\interpreter\linkResolver.cpp, line 774]
Event: 1.954 Thread 0x0000021afacd37a0 Exception <a 'java/lang/NoSuchMethodError'{0x000000061e6339f0}: 'java.lang.Object java.lang.invoke.DirectMethodHandle$Holder.newInvokeSpecial(java.lang.Object, java.lang.Object, long)'> (0x000000061e6339f0) 
thrown [s\open\src\hotspot\share\interpreter\linkResolver.cpp, line 774]
Event: 1.954 Thread 0x0000021afacd37a0 Exception <a 'java/lang/NoSuchMethodError'{0x000000061e637578}: 'java.lang.Object java.lang.invoke.Invokers$Holder.linkToTargetMethod(java.lang.Object, long, java.lang.Object)'> (0x000000061e637578) 
thrown [s\open\src\hotspot\share\interpreter\linkResolver.cpp, line 774]
Event: 2.039 Thread 0x0000021afacd37a0 Exception <a 'java/lang/ClassNotFoundException'{0x000000061e0dc040}: com/sun/javafx/scene/control/skin/resources/controls-nt> (0x000000061e0dc040) 
thrown [s\open\src\hotspot\share\prims\jni.cpp, line 536]
Event: 2.039 Thread 0x0000021afacd37a0 Exception <a 'java/lang/ClassNotFoundException'{0x000000061e0e4a40}: com/sun/javafx/scene/control/skin/resources/controls-nt_de> (0x000000061e0e4a40) 
thrown [s\open\src\hotspot\share\prims\jni.cpp, line 536]
Event: 2.040 Thread 0x0000021afacd37a0 Exception <a 'java/lang/ClassNotFoundException'{0x000000061e0e5cc8}: com/sun/javafx/scene/control/skin/resources/controls-nt_de_DE> (0x000000061e0e5cc8) 
thrown [s\open\src\hotspot\share\prims\jni.cpp, line 536]
Event: 2.083 Thread 0x0000021afacd37a0 Exception <a 'java/lang/NoSuchMethodError'{0x000000061e356fe0}: 'void java.lang.invoke.DirectMethodHandle$Holder.invokeSpecial(java.lang.Object, java.lang.Object, java.lang.Object, java.lang.Object, java.lang.Object, java.lang.Object)'> (0x000000061e356fe0) 
thrown [s\open\src\hotspot\share\interpreter\linkResolver.cpp, line 774]
Event: 2.124 Thread 0x0000021afacd37a0 Exception <a 'java/lang/NoSuchMethodError'{0x0000000620c03778}: 'void java.lang.invoke.DirectMethodHandle$Holder.invokeSpecialIFC(java.lang.Object, java.lang.Object, java.lang.Object, java.lang.Object)'> (0x0000000620c03778) 
thrown [s\open\src\hotspot\share\interpreter\linkResolver.cpp, line 774]
Event: 5.269 Thread 0x0000021afacd37a0 Exception <a 'sun/nio/fs/WindowsException'{0x000000062091b150}> (0x000000062091b150) 
thrown [s\open\src\hotspot\share\prims\jni.cpp, line 517]
Event: 5.271 Thread 0x0000021afacd37a0 Exception <a 'java/lang/NoSuchMethodError'{0x0000000620933ad8}: 'java.lang.Object java.lang.invoke.DirectMethodHandle$Holder.invokeStatic(java.lang.Object, int, java.lang.Object)'> (0x0000000620933ad8) 
thrown [s\open\src\hotspot\share\interpreter\linkResolver.cpp, line 774]
Event: 5.461 Thread 0x0000021afacd37a0 Implicit null exception at 0x0000021adba71351 to 0x0000021adba71da4
Event: 5.482 Thread 0x0000021afacd5780 Exception <a 'java/lang/NoSuchMethodError'{0x00000006201365a8}: 'java.lang.Object java.lang.invoke.DirectMethodHandle$Holder.invokeStaticInit(java.lang.Object, int)'> (0x00000006201365a8) 
thrown [s\open\src\hotspot\share\interpreter\linkResolver.cpp, line 774]
Event: 6.026 Thread 0x0000021afacd37a0 Exception <a 'java/lang/NoSuchMethodError'{0x0000000620105a60}: 'java.lang.Object java.lang.invoke.DirectMethodHandle$Holder.newInvokeSpecial(java.lang.Object, java.lang.Object, int, int, int, int, int, java.lang.Object)'> (0x0000000620105a60) 
thrown [s\open\src\hotspot\share\interpreter\linkResolver.cpp, line 774]
Event: 6.027 Thread 0x0000021afacd37a0 Exception <a 'java/lang/NoSuchMethodError'{0x0000000620118fa8}: 'java.lang.Object java.lang.invoke.DirectMethodHandle$Holder.newInvokeSpecial(java.lang.Object, java.lang.Object, java.lang.Object, int, int, int, int, int)'> (0x0000000620118fa8) 
thrown [s\open\src\hotspot\share\interpreter\linkResolver.cpp, line 774]
Event: 6.028 Thread 0x0000021afacd37a0 Exception <a 'java/lang/NoSuchMethodError'{0x0000000620287758}: 'java.lang.Object java.lang.invoke.Invokers$Holder.linkToTargetMethod(java.lang.Object, java.lang.Object, int, int, int, int, int, java.lang.Object)'> (0x0000000620287758) 
thrown [s\open\src\hotspot\share\interpreter\linkResolver.cpp, line 774]
Event: 6.099 Thread 0x0000021afacd37a0 Implicit null exception at 0x0000021adba849ff to 0x0000021adba86510
Event: 6.099 Thread 0x0000021afacd37a0 Implicit null exception at 0x0000021adba7ec08 to 0x0000021adba7f7f8
Event: 6.100 Thread 0x0000021afacd37a0 Implicit null exception at 0x0000021adba7d43b to 0x0000021adba7dd94
Event: 6.100 Thread 0x0000021afacd37a0 Implicit null exception at 0x0000021adbaab0a5 to 0x0000021adbaab8b8
Event: 80.239 Thread 0x0000021afacd37a0 Exception <a 'sun/nio/fs/WindowsException'{0x000000061fe76d48}> (0x000000061fe76d48) 
thrown [s\open\src\hotspot\share\prims\jni.cpp, line 517]

VM Operations (20 events):
Event: 80.216 Executing VM operation: ChangeBreakpoints done
Event: 80.216 Executing VM operation: ChangeBreakpoints
Event: 80.217 Executing VM operation: ChangeBreakpoints done
Event: 80.217 Executing VM operation: ChangeBreakpoints
Event: 80.217 Executing VM operation: ChangeBreakpoints done
Event: 80.217 Executing VM operation: ChangeBreakpoints
Event: 80.217 Executing VM operation: ChangeBreakpoints done
Event: 80.217 Executing VM operation: ChangeBreakpoints
Event: 80.217 Executing VM operation: ChangeBreakpoints done
Event: 80.217 Executing VM operation: ChangeBreakpoints
Event: 80.217 Executing VM operation: ChangeBreakpoints done
Event: 80.217 Executing VM operation: ChangeBreakpoints
Event: 80.217 Executing VM operation: ChangeBreakpoints done
Event: 80.217 Executing VM operation: ChangeBreakpoints
Event: 80.217 Executing VM operation: ChangeBreakpoints done
Event: 80.217 Executing VM operation: ChangeBreakpoints
Event: 80.217 Executing VM operation: ChangeBreakpoints done
Event: 80.217 Executing VM operation: ChangeBreakpoints
Event: 80.217 Executing VM operation: ChangeBreakpoints done
Event: 80.241 Executing VM operation: Exit

Events (20 events):
Event: 5.744 Thread 0x0000021a81d562c0 Thread exited: 0x0000021a81d562c0
Event: 5.744 Thread 0x0000021a81d53640 Thread exited: 0x0000021a81d53640
Event: 6.102 Thread 0x0000021a81d52590 Thread added: 0x0000021a81d52590
Event: 6.108 Thread 0x0000021a81d58420 Thread added: 0x0000021a81d58420
Event: 6.116 Thread 0x0000021a81d589b0 Thread added: 0x0000021a81d589b0
Event: 6.464 Thread 0x0000021a81d589b0 Thread exited: 0x0000021a81d589b0
Event: 6.709 Thread 0x0000021a81d58420 Thread exited: 0x0000021a81d58420
Event: 6.976 Thread 0x0000021afad798c0 Thread exited: 0x0000021afad798c0
Event: 6.976 Thread 0x0000021afad79340 Thread exited: 0x0000021afad79340
Event: 6.976 Thread 0x0000021afad78dc0 Thread exited: 0x0000021afad78dc0
Event: 7.273 Thread 0x0000021a81d52590 Thread exited: 0x0000021a81d52590
Event: 12.275 Thread 0x0000021aface3910 Thread exited: 0x0000021aface3910
Event: 80.216 Thread 0x0000021afacd5230 Thread exited: 0x0000021afacd5230
Event: 80.219 Thread 0x0000021a802120e0 Thread exited: 0x0000021a802120e0
Event: 80.240 Thread 0x0000021a815ad020 Thread added: 0x0000021a815ad020
Event: 80.240 Thread 0x0000021a815af000 Thread added: 0x0000021a815af000
Event: 80.240 Thread 0x0000021a815afff0 Thread added: 0x0000021a815afff0
Event: 80.241 Thread 0x0000021a815afff0 Thread exited: 0x0000021a815afff0
Event: 80.241 Thread 0x0000021a815af000 Thread exited: 0x0000021a815af000
Event: 80.241 Thread 0x0000021af939bef0 Thread exited: 0x0000021af939bef0


Dynamic libraries:
0x00007ff7c3eb0000 - 0x00007ff7c3ebe000 	C:\Users\fassbenf\.jdks\openjdk-19.0.2\bin\java.exe
0x00007ff9733f0000 - 0x00007ff9735e8000 	C:\WINDOWS\SYSTEM32\ntdll.dll
0x00007ff971580000 - 0x00007ff97163f000 	C:\WINDOWS\System32\KERNEL32.DLL
0x00007ff970dd0000 - 0x00007ff9710a2000 	C:\WINDOWS\System32\KERNELBASE.dll
0x00007ff9711e0000 - 0x00007ff9712e0000 	C:\WINDOWS\System32\ucrtbase.dll
0x00007ff9300c0000 - 0x00007ff9300d7000 	C:\Users\fassbenf\.jdks\openjdk-19.0.2\bin\jli.dll
0x00007ff934220000 - 0x00007ff93423b000 	C:\Users\fassbenf\.jdks\openjdk-19.0.2\bin\VCRUNTIME140.dll
0x00007ff971a70000 - 0x00007ff971c11000 	C:\WINDOWS\System32\USER32.dll
0x00007ff95e8d0000 - 0x00007ff95eb6a000 	C:\WINDOWS\WinSxS\amd64_microsoft.windows.common-controls_6595b64144ccf1df_6.0.19041.1110_none_60b5254171f9507e\COMCTL32.dll
0x00007ff971400000 - 0x00007ff971422000 	C:\WINDOWS\System32\win32u.dll
0x00007ff972c90000 - 0x00007ff972cbb000 	C:\WINDOWS\System32\GDI32.dll
0x00007ff971de0000 - 0x00007ff971e7e000 	C:\WINDOWS\System32\msvcrt.dll
0x00007ff970b60000 - 0x00007ff970c6f000 	C:\WINDOWS\System32\gdi32full.dll
0x00007ff971140000 - 0x00007ff9711dd000 	C:\WINDOWS\System32\msvcp_win.dll
0x00007ff9727b0000 - 0x00007ff9727e2000 	C:\WINDOWS\System32\IMM32.DLL
0x00007ff94f5c0000 - 0x00007ff94f5cc000 	C:\Users\fassbenf\.jdks\openjdk-19.0.2\bin\vcruntime140_1.dll
0x00007ff8a1ea0000 - 0x00007ff8a1f2e000 	C:\Users\fassbenf\.jdks\openjdk-19.0.2\bin\msvcp140.dll
0x00007ff865f60000 - 0x00007ff866c20000 	C:\Users\fassbenf\.jdks\openjdk-19.0.2\bin\server\jvm.dll
0x00007ff971450000 - 0x00007ff9714fe000 	C:\WINDOWS\System32\ADVAPI32.dll
0x00007ff9719c0000 - 0x00007ff971a5c000 	C:\WINDOWS\System32\sechost.dll
0x00007ff973130000 - 0x00007ff973255000 	C:\WINDOWS\System32\RPCRT4.dll
0x00007ff96d030000 - 0x00007ff96d039000 	C:\WINDOWS\SYSTEM32\WSOCK32.dll
0x00007ff966c30000 - 0x00007ff966c57000 	C:\WINDOWS\SYSTEM32\WINMM.dll
0x00007ff971e80000 - 0x00007ff971eeb000 	C:\WINDOWS\System32\WS2_32.dll
0x00007ff96a170000 - 0x00007ff96a17a000 	C:\WINDOWS\SYSTEM32\VERSION.dll
0x00007ff96f200000 - 0x00007ff96f212000 	C:\WINDOWS\SYSTEM32\kernel.appcore.dll
0x00007ff93d100000 - 0x00007ff93d10a000 	C:\Users\fassbenf\.jdks\openjdk-19.0.2\bin\jimage.dll
0x00007ff96ee70000 - 0x00007ff96f054000 	C:\WINDOWS\SYSTEM32\DBGHELP.DLL
0x00007ff969a60000 - 0x00007ff969a95000 	C:\WINDOWS\SYSTEM32\dbgcore.DLL
0x00007ff9710b0000 - 0x00007ff971132000 	C:\WINDOWS\System32\bcryptPrimitives.dll
0x00007ff9535f0000 - 0x00007ff95362c000 	C:\Users\fassbenf\.jdks\openjdk-19.0.2\bin\jdwp.dll
0x00007ff969440000 - 0x00007ff96944e000 	C:\Users\fassbenf\.jdks\openjdk-19.0.2\bin\instrument.dll
0x00007ff930090000 - 0x00007ff9300b6000 	C:\Users\fassbenf\.jdks\openjdk-19.0.2\bin\java.dll
0x00007ff921360000 - 0x00007ff921378000 	C:\Users\fassbenf\.jdks\openjdk-19.0.2\bin\zip.dll
0x00007ff89e210000 - 0x00007ff89e2e7000 	C:\Users\fassbenf\.jdks\openjdk-19.0.2\bin\jsvml.dll
0x00007ff972000000 - 0x00007ff972745000 	C:\WINDOWS\System32\SHELL32.dll
0x00007ff96e610000 - 0x00007ff96eda2000 	C:\WINDOWS\SYSTEM32\windows.storage.dll
0x00007ff9728a0000 - 0x00007ff972bf5000 	C:\WINDOWS\System32\combase.dll
0x00007ff970380000 - 0x00007ff9703b0000 	C:\WINDOWS\SYSTEM32\Wldp.dll
0x00007ff971f50000 - 0x00007ff971ffd000 	C:\WINDOWS\System32\SHCORE.dll
0x00007ff973270000 - 0x00007ff9732c5000 	C:\WINDOWS\System32\shlwapi.dll
0x00007ff970a20000 - 0x00007ff970a3f000 	C:\WINDOWS\SYSTEM32\profapi.dll
0x00007ff930070000 - 0x00007ff930083000 	C:\Users\fassbenf\.jdks\openjdk-19.0.2\bin\net.dll
0x00007ff96fa20000 - 0x00007ff96fb2c000 	C:\WINDOWS\SYSTEM32\WINHTTP.dll
0x00007ff970160000 - 0x00007ff9701ca000 	C:\WINDOWS\system32\mswsock.dll
0x00007ff92fed0000 - 0x00007ff92fee6000 	C:\Users\fassbenf\.jdks\openjdk-19.0.2\bin\nio.dll
0x00007ff969430000 - 0x00007ff96943c000 	C:\Users\fassbenf\.jdks\openjdk-19.0.2\bin\dt_socket.dll
0x00007ff96fe70000 - 0x00007ff96feab000 	C:\WINDOWS\SYSTEM32\IPHLPAPI.DLL
0x0000021ac9cb0000 - 0x0000021ac9cb3000 	C:\Users\fassbenf\.openjfx\cache\19+11\amd64\api-ms-win-core-console-l1-1-0.dll
0x0000021ac9cc0000 - 0x0000021ac9cc3000 	C:\Users\fassbenf\.openjfx\cache\19+11\amd64\api-ms-win-core-console-l1-2-0.dll
0x0000021acbc90000 - 0x0000021acbc93000 	C:\Users\fassbenf\.openjfx\cache\19+11\amd64\api-ms-win-core-datetime-l1-1-0.dll
0x0000021acbca0000 - 0x0000021acbca3000 	C:\Users\fassbenf\.openjfx\cache\19+11\amd64\api-ms-win-core-debug-l1-1-0.dll
0x0000021acbcb0000 - 0x0000021acbcb3000 	C:\Users\fassbenf\.openjfx\cache\19+11\amd64\api-ms-win-core-errorhandling-l1-1-0.dll
0x0000021acbcc0000 - 0x0000021acbcc4000 	C:\Users\fassbenf\.openjfx\cache\19+11\amd64\api-ms-win-core-file-l1-1-0.dll
0x0000021acbcd0000 - 0x0000021acbcd3000 	C:\Users\fassbenf\.openjfx\cache\19+11\amd64\api-ms-win-core-file-l1-2-0.dll
0x0000021acbce0000 - 0x0000021acbce3000 	C:\Users\fassbenf\.openjfx\cache\19+11\amd64\api-ms-win-core-file-l2-1-0.dll
0x0000021acbcf0000 - 0x0000021acbcf3000 	C:\Users\fassbenf\.openjfx\cache\19+11\amd64\api-ms-win-core-handle-l1-1-0.dll
0x0000021acbd00000 - 0x0000021acbd03000 	C:\Users\fassbenf\.openjfx\cache\19+11\amd64\api-ms-win-core-heap-l1-1-0.dll
0x0000021acbd10000 - 0x0000021acbd13000 	C:\Users\fassbenf\.openjfx\cache\19+11\amd64\api-ms-win-core-interlocked-l1-1-0.dll
0x0000021acbd20000 - 0x0000021acbd23000 	C:\Users\fassbenf\.openjfx\cache\19+11\amd64\api-ms-win-core-libraryloader-l1-1-0.dll
0x0000021acbd30000 - 0x0000021acbd33000 	C:\Users\fassbenf\.openjfx\cache\19+11\amd64\api-ms-win-core-localization-l1-2-0.dll
0x0000021acbd40000 - 0x0000021acbd43000 	C:\Users\fassbenf\.openjfx\cache\19+11\amd64\api-ms-win-core-memory-l1-1-0.dll
0x0000021afaf40000 - 0x0000021afaf43000 	C:\Users\fassbenf\.openjfx\cache\19+11\amd64\api-ms-win-core-namedpipe-l1-1-0.dll
0x0000021afaf50000 - 0x0000021afaf53000 	C:\Users\fassbenf\.openjfx\cache\19+11\amd64\api-ms-win-core-processenvironment-l1-1-0.dll
0x0000021afaf60000 - 0x0000021afaf63000 	C:\Users\fassbenf\.openjfx\cache\19+11\amd64\api-ms-win-core-processthreads-l1-1-0.dll
0x0000021afaf70000 - 0x0000021afaf73000 	C:\Users\fassbenf\.openjfx\cache\19+11\amd64\api-ms-win-core-processthreads-l1-1-1.dll
0x0000021afaf80000 - 0x0000021afaf83000 	C:\Users\fassbenf\.openjfx\cache\19+11\amd64\api-ms-win-core-profile-l1-1-0.dll
0x0000021afaf90000 - 0x0000021afaf93000 	C:\Users\fassbenf\.openjfx\cache\19+11\amd64\api-ms-win-core-rtlsupport-l1-1-0.dll
0x0000021afafa0000 - 0x0000021afafa3000 	C:\Users\fassbenf\.openjfx\cache\19+11\amd64\api-ms-win-core-string-l1-1-0.dll
0x0000021afafb0000 - 0x0000021afafb3000 	C:\Users\fassbenf\.openjfx\cache\19+11\amd64\api-ms-win-core-synch-l1-1-0.dll
0x0000021afafc0000 - 0x0000021afafc3000 	C:\Users\fassbenf\.openjfx\cache\19+11\amd64\api-ms-win-core-synch-l1-2-0.dll
0x0000021afafd0000 - 0x0000021afafd3000 	C:\Users\fassbenf\.openjfx\cache\19+11\amd64\api-ms-win-core-sysinfo-l1-1-0.dll
0x0000021afafe0000 - 0x0000021afafe3000 	C:\Users\fassbenf\.openjfx\cache\19+11\amd64\api-ms-win-core-timezone-l1-1-0.dll
0x0000021afaff0000 - 0x0000021afaff3000 	C:\Users\fassbenf\.openjfx\cache\19+11\amd64\api-ms-win-core-util-l1-1-0.dll
0x0000021affd90000 - 0x0000021affd93000 	C:\Users\fassbenf\.openjfx\cache\19+11\amd64\api-ms-win-crt-conio-l1-1-0.dll
0x0000021affc20000 - 0x0000021affc24000 	C:\Users\fassbenf\.openjfx\cache\19+11\amd64\api-ms-win-crt-convert-l1-1-0.dll
0x0000021affc30000 - 0x0000021affc33000 	C:\Users\fassbenf\.openjfx\cache\19+11\amd64\api-ms-win-crt-environment-l1-1-0.dll
0x0000021affc40000 - 0x0000021affc43000 	C:\Users\fassbenf\.openjfx\cache\19+11\amd64\api-ms-win-crt-filesystem-l1-1-0.dll
0x0000021affc50000 - 0x0000021affc53000 	C:\Users\fassbenf\.openjfx\cache\19+11\amd64\api-ms-win-crt-heap-l1-1-0.dll
0x0000021affc60000 - 0x0000021affc63000 	C:\Users\fassbenf\.openjfx\cache\19+11\amd64\api-ms-win-crt-locale-l1-1-0.dll
0x0000021affc70000 - 0x0000021affc75000 	C:\Users\fassbenf\.openjfx\cache\19+11\amd64\api-ms-win-crt-math-l1-1-0.dll
0x0000021affc80000 - 0x0000021affc85000 	C:\Users\fassbenf\.openjfx\cache\19+11\amd64\api-ms-win-crt-multibyte-l1-1-0.dll
0x0000021affc90000 - 0x0000021affca0000 	C:\Users\fassbenf\.openjfx\cache\19+11\amd64\api-ms-win-crt-private-l1-1-0.dll
0x0000021affca0000 - 0x0000021affca3000 	C:\Users\fassbenf\.openjfx\cache\19+11\amd64\api-ms-win-crt-process-l1-1-0.dll
0x0000021affcb0000 - 0x0000021affcb4000 	C:\Users\fassbenf\.openjfx\cache\19+11\amd64\api-ms-win-crt-runtime-l1-1-0.dll
0x0000021affcc0000 - 0x0000021affcc4000 	C:\Users\fassbenf\.openjfx\cache\19+11\amd64\api-ms-win-crt-stdio-l1-1-0.dll
0x0000021affcd0000 - 0x0000021affcd4000 	C:\Users\fassbenf\.openjfx\cache\19+11\amd64\api-ms-win-crt-string-l1-1-0.dll
0x0000021affce0000 - 0x0000021affce3000 	C:\Users\fassbenf\.openjfx\cache\19+11\amd64\api-ms-win-crt-time-l1-1-0.dll
0x0000021affcf0000 - 0x0000021affcf3000 	C:\Users\fassbenf\.openjfx\cache\19+11\amd64\api-ms-win-crt-utility-l1-1-0.dll
0x00007ff939b50000 - 0x00007ff939c4c000 	C:\Users\fassbenf\.openjfx\cache\19+11\amd64\ucrtbase.dll
0x00007ff9535d0000 - 0x00007ff9535eb000 	C:\Users\fassbenf\.openjfx\cache\19+11\amd64\vcruntime140.dll
0x00007ff954600000 - 0x00007ff95460c000 	C:\Users\fassbenf\.openjfx\cache\19+11\amd64\vcruntime140_1.dll
0x00007ff93bf50000 - 0x00007ff93bfde000 	C:\Users\fassbenf\.openjfx\cache\19+11\amd64\msvcp140.dll
0x00007ff94f4f0000 - 0x00007ff94f4f9000 	C:\Users\fassbenf\.openjfx\cache\19+11\amd64\msvcp140_1.dll
0x00007ff9481b0000 - 0x00007ff9481e0000 	C:\Users\fassbenf\.openjfx\cache\19+11\amd64\msvcp140_2.dll
0x00007ff947900000 - 0x00007ff94792c000 	C:\Users\fassbenf\.openjfx\cache\19+11\amd64\prism_d3d.dll
0x00007ff966170000 - 0x00007ff96633e000 	C:\WINDOWS\system32\d3d9.dll
0x00007ff96e140000 - 0x00007ff96e16f000 	C:\WINDOWS\SYSTEM32\dwmapi.dll
0x00007ff96dec0000 - 0x00007ff96df5e000 	C:\WINDOWS\system32\uxtheme.dll
0x00007ff9631b0000 - 0x00007ff96326e000 	C:\WINDOWS\System32\DriverStore\FileRepository\nv_dispi.inf_amd64_d1bd230cd08e7436\nvldumdx.dll
0x00007ff9705f0000 - 0x00007ff970602000 	C:\WINDOWS\SYSTEM32\msasn1.dll
0x00007ff96a110000 - 0x00007ff96a141000 	C:\WINDOWS\SYSTEM32\cryptnet.dll
0x00007ff970c70000 - 0x00007ff970dc6000 	C:\WINDOWS\System32\CRYPT32.dll
0x00007ff969e20000 - 0x00007ff969f68000 	C:\WINDOWS\SYSTEM32\drvstore.dll
0x00007ff9707b0000 - 0x00007ff9707dc000 	C:\WINDOWS\SYSTEM32\devobj.dll
0x00007ff970b10000 - 0x00007ff970b5e000 	C:\WINDOWS\System32\cfgmgr32.dll
0x00007ff9702f0000 - 0x00007ff9702fc000 	C:\WINDOWS\SYSTEM32\cryptbase.dll
0x00007ff9712e0000 - 0x00007ff971349000 	C:\WINDOWS\System32\WINTRUST.DLL
0x00007ff971430000 - 0x00007ff97144d000 	C:\WINDOWS\System32\imagehlp.dll
0x00007ff9703c0000 - 0x00007ff9703d8000 	C:\WINDOWS\SYSTEM32\CRYPTSP.dll
0x00007ff96f990000 - 0x00007ff96f9c4000 	C:\WINDOWS\system32\rsaenh.dll
0x00007ff970ae0000 - 0x00007ff970b07000 	C:\WINDOWS\System32\bcrypt.dll
0x00007ff8ca660000 - 0x00007ff8ccc6f000 	C:\WINDOWS\System32\DriverStore\FileRepository\nv_dispi.inf_amd64_d1bd230cd08e7436\nvd3dumx.dll
0x00007ff93bf00000 - 0x00007ff93bf42000 	C:\Users\fassbenf\.openjfx\cache\19+11\amd64\glass.dll
0x00007ff9732d0000 - 0x00007ff9733aa000 	C:\WINDOWS\System32\COMDLG32.dll
0x00007ff971830000 - 0x00007ff97195a000 	C:\WINDOWS\System32\ole32.dll
0x00007ff971640000 - 0x00007ff97170d000 	C:\WINDOWS\System32\OLEAUT32.dll
0x00007ff971710000 - 0x00007ff971825000 	C:\WINDOWS\System32\MSCTF.dll
0x00007ff928650000 - 0x00007ff928921000 	C:\WINDOWS\system32\nvspcap64.dll
0x00007ff96fbe0000 - 0x00007ff96fc13000 	C:\WINDOWS\SYSTEM32\ntmarta.dll
0x00007ff96f220000 - 0x00007ff96f243000 	C:\WINDOWS\SYSTEM32\gpapi.dll
0x00007ff9669a0000 - 0x00007ff9669db000 	C:\WINDOWS\SYSTEM32\dxcore.dll
0x00007ff948190000 - 0x00007ff9481a4000 	C:\Users\fassbenf\.openjfx\cache\19+11\amd64\javafx_font.dll
0x00007ff94d6e0000 - 0x00007ff94d95f000 	C:\WINDOWS\SYSTEM32\dwrite.dll
0x00007ff9727f0000 - 0x00007ff972899000 	C:\WINDOWS\System32\clbcatq.dll
0x00007ff965db0000 - 0x00007ff965f64000 	C:\WINDOWS\SYSTEM32\WindowsCodecs.dll
0x00007ff948120000 - 0x00007ff94815e000 	C:\WINDOWS\system32\dataexchange.dll
0x00007ff96d120000 - 0x00007ff96d303000 	C:\WINDOWS\system32\dcomp.dll

dbghelp: loaded successfully - version: 4.0.5 - missing functions: none
symbol engine: initialized successfully - sym options: 0x614 - pdb path: .;C:\Users\fassbenf\.jdks\openjdk-19.0.2\bin;C:\WINDOWS\SYSTEM32;C:\WINDOWS\WinSxS\amd64_microsoft.windows.common-controls_6595b64144ccf1df_6.0.19041.1110_none_60b5254171f9507e;C:\Users\fassbenf\.jdks\openjdk-19.0.2\bin\server;C:\Users\fassbenf\.openjfx\cache\19+11\amd64;C:\WINDOWS\System32\DriverStore\FileRepository\nv_dispi.inf_amd64_d1bd230cd08e7436;C:\Program Files\Common Files\Microsoft Shared\Ink

VM Arguments:
jvm_args: -agentlib:jdwp=transport=dt_socket,address=127.0.0.1:53261,suspend=y,server=n -javaagent:C:\Users\fassbenf\AppData\Local\JetBrains\IntelliJIdea2022.3\captureAgent\debugger-agent.jar -Dfile.encoding=UTF-8 -Dsun.stdout.encoding=UTF-8 -Dsun.stderr.encoding=UTF-8 --module-path=C:\Users\fassbenf\.m2\repository\org\openjfx\javafx-controls\19\javafx-controls-19-win.jar;C:\Users\fassbenf\.m2\repository\org\openjfx\javafx-graphics\19\javafx-graphics-19-win.jar;C:\Users\fassbenf\.m2\repository\org\openjfx\javafx-base\19\javafx-base-19-win.jar;C:\Users\fassbenf\.m2\repository\org\openjfx\javafx-fxml\19\javafx-fxml-19-win.jar;C:\Users\fassbenf\Dropbox\3BHIF\POS\_06_Fassbender_State_Task\_06_Fassbender_State_Task\target\classes -Djdk.module.main=com.example._06_fassbender_state_task 
java_command: com.example._06_fassbender_state_task/com.example._06_fassbender_state_task.HelloApplication
java_class_path (initial): C:\Users\fassbenf\.m2\repository\org\openjfx\javafx-controls\19\javafx-controls-19.jar;C:\Users\fassbenf\.m2\repository\org\openjfx\javafx-graphics\19\javafx-graphics-19.jar;C:\Users\fassbenf\.m2\repository\org\openjfx\javafx-base\19\javafx-base-19.jar;C:\Users\fassbenf\.m2\repository\org\openjfx\javafx-fxml\19\javafx-fxml-19.jar;C:\Program Files\JetBrains\IntelliJ IDEA 2022.3.2\lib\idea_rt.jar
Launcher Type: SUN_STANDARD

[Global flags]
     intx CICompilerCount                          = 15                                        {product} {ergonomic}
     uint ConcGCThreads                            = 6                                         {product} {ergonomic}
     uint G1ConcRefinementThreads                  = 23                                        {product} {ergonomic}
   size_t G1HeapRegionSize                         = 4194304                                   {product} {ergonomic}
    uintx GCDrainStackTargetSize                   = 64                                        {product} {ergonomic}
   size_t InitialHeapSize                          = 536870912                                 {product} {ergonomic}
   size_t MarkStackSize                            = 4194304                                   {product} {ergonomic}
   size_t MaxHeapSize                              = 8568963072                                {product} {ergonomic}
   size_t MaxNewSize                               = 5138022400                                {product} {ergonomic}
   size_t MinHeapDeltaBytes                        = 4194304                                   {product} {ergonomic}
   size_t MinHeapSize                              = 8388608                                   {product} {ergonomic}
    uintx NonNMethodCodeHeapSize                   = 8192380                                {pd product} {ergonomic}
    uintx NonProfiledCodeHeapSize                  = 121732930                              {pd product} {ergonomic}
    uintx ProfiledCodeHeapSize                     = 121732930                              {pd product} {ergonomic}
    uintx ReservedCodeCacheSize                    = 251658240                              {pd product} {ergonomic}
     bool SegmentedCodeCache                       = true                                      {product} {ergonomic}
   size_t SoftMaxHeapSize                          = 8568963072                             {manageable} {ergonomic}
     bool UseCompressedClassPointers               = true                           {product lp64_product} {ergonomic}
     bool UseCompressedOops                        = true                           {product lp64_product} {ergonomic}
     bool UseG1GC                                  = true                                      {product} {ergonomic}
     bool UseLargePagesIndividualAllocation        = false                                  {pd product} {ergonomic}

Logging:
Log output configuration:
 #0: stdout all=off uptime,level,tags foldmultilines=false
 #1: stderr all=off uptime,level,tags foldmultilines=false

Environment Variables:
PATH=C:\Program Files (x86)\Microsoft SDKs\Azure\CLI2\wbin;C:\Program Files\NVIDIA GPU Computing Toolkit\CUDA\v11.8\bin;C:\Program Files\NVIDIA GPU Computing Toolkit\CUDA\v11.8\libnvvp;C:\Program Files (x86)\Razer Chroma SDK\bin;C:\Program Files\Razer Chroma SDK\bin;C:\Program Files (x86)\Razer\ChromaBroadcast\bin;C:\Program Files\Razer\ChromaBroadcast\bin;C:\WINDOWS\system32;C:\WINDOWS;C:\WINDOWS\System32\Wbem;C:\WINDOWS\System32\WindowsPowerShell\v1.0\;C:\WINDOWS\System32\OpenSSH\;C:\Program Files\NVIDIA Corporation\NVIDIA NvDLISR;C:\Program Files (x86)\NVIDIA Corporation\PhysX\Common;C:\Users\fassbenf\AppData\Local\Microsoft\WindowsApps;C:\Program Files\dotnet\;C:\WINDOWS\system32\config\systemprofile\AppData\Local\Microsoft\WindowsApps;C:\Program Files\nodejs\;C:\Program Files\NVIDIA Corporation\Nsight Compute 2022.3.0\;C:\Program Files\Git\cmd;C:\Program Files\Docker\Docker\resources\bin;C:\Users\fassbenf\AppData\Local\Microsoft\WindowsApps;C:\Users\fassbenf\AppData\Local\Programs\Microsoft VS Code\bin;C:\MinGW\bin;C:\Users\fassbenf\AppData\Local\bin\NASM;C:\Users\fassbenf\.dotnet\tools;C:\Program Files\JetBrains\IntelliJ IDEA Community Edition 2022.2.2\bin;;C:\Users\fassbenf\AppData\Roaming\npm;C:\Program Files\JetBrains\DataGrip 2022.2.5\bin;;C:\Users\fassbenf\AppData\Local\GitHubDesktop\bin;C:\Program Files\JetBrains\WebStorm 2022.3.1\bin;;C:\Program Files\JetBrains\IntelliJ IDEA 2022.3.2\bin;
USERNAME=fassbenf
OS=Windows_NT
PROCESSOR_IDENTIFIER=AMD64 Family 23 Model 113 Stepping 0, AuthenticAMD
TMP=C:\Users\fassbenf\AppData\Local\Temp
TEMP=C:\Users\fassbenf\AppData\Local\Temp



---------------  S Y S T E M  ---------------

OS:
 Windows 10 , 64 bit Build 19041 (10.0.19041.2546)
OS uptime: 0 days 4:56 hours
Hyper-V role detected

CPU: total 32 (initial active 32) (32 cores per cpu, 2 threads per core) family 23 model 113 stepping 0 microcode 0x0, cx8, cmov, fxsr, ht, mmx, 3dnowpref, sse, sse2, sse3, ssse3, sse4a, sse4.1, sse4.2, popcnt, lzcnt, tsc, tscinvbit, avx, avx2, aes, clmul, bmi1, bmi2, adx, sha, fma, vzeroupper, clflush, clflushopt, hv, rdtscp, rdpid

Memory: 4k page, system-wide physical 32674M (15921M free)
TotalPageFile size 53154M (AvailPageFile size 21776M)
current process WorkingSet (physical memory assigned to process): 179M, peak: 205M
current process commit charge ("private bytes"): 761M, peak: 788M

vm_info: OpenJDK 64-Bit Server VM (19.0.2+7-44) for windows-amd64 JRE (19.0.2+7-44), built on 2022-11-30T18:02:09Z by "mach5one" with MS VC++ 17.1 (VS2022)

END.
