#
# A fatal error has been detected by the Java Runtime Environment:
#
#  EXCEPTION_ACCESS_VIOLATION (0xc0000005) at pc=0x00007ff93bf263b7, pid=29068, tid=30964
#
# JRE version: OpenJDK Runtime Environment (19.0.2+7) (build 19.0.2+7-44)
# Java VM: OpenJDK 64-Bit Server VM (19.0.2+7-44, mixed mode, sharing, tiered, compressed oops, compressed class ptrs, g1 gc, windows-amd64)
# Problematic frame:
# C  [glass.dll+0x263b7]
#
# No core dump will be written. Minidumps are not enabled by default on client versions of Windows
#
# If you would like to submit a bug report, please visit:
#   https://bugreport.java.com/bugreport/crash.jsp
#

---------------  S U M M A R Y ------------

Command Line: -agentlib:jdwp=transport=dt_socket,address=127.0.0.1:53297,suspend=y,server=n -javaagent:C:\Users\fassbenf\AppData\Local\JetBrains\IntelliJIdea2022.3\captureAgent\debugger-agent.jar -Dfile.encoding=UTF-8 -Dsun.stdout.encoding=UTF-8 -Dsun.stderr.encoding=UTF-8 --module-path=C:\Users\fassbenf\.m2\repository\org\openjfx\javafx-controls\19\javafx-controls-19-win.jar;C:\Users\fassbenf\.m2\repository\org\openjfx\javafx-graphics\19\javafx-graphics-19-win.jar;C:\Users\fassbenf\.m2\repository\org\openjfx\javafx-base\19\javafx-base-19-win.jar;C:\Users\fassbenf\.m2\repository\org\openjfx\javafx-fxml\19\javafx-fxml-19-win.jar;C:\Users\fassbenf\Dropbox\3BHIF\POS\_06_Fassbender_State_Task\_06_Fassbender_State_Task\target\classes -Djdk.module.main=com.example._06_fassbender_state_task com.example._06_fassbender_state_task/com.example._06_fassbender_state_task.HelloApplication

Host: AMD Ryzen 9 3950X 16-Core Processor            , 32 cores, 31G,  Windows 10 , 64 bit Build 19041 (10.0.19041.2546)
Time: Sun Mar 19 16:29:05 2023 Mitteleuropäische Zeit elapsed time: 582.236047 seconds (0d 0h 9m 42s)

---------------  T H R E A D  ---------------

Current thread (0x000001a7b7438310):  VMThread "VM Thread" [stack: 0x0000008c8ab00000,0x0000008c8ac00000] [id=30964]

Stack: [0x0000008c8ab00000,0x0000008c8ac00000],  sp=0x0000008c8abfefb0,  free space=1019k
Native frames: (J=compiled Java code, j=interpreted, Vv=VM code, C=native code)
C  [glass.dll+0x263b7]


siginfo: EXCEPTION_ACCESS_VIOLATION (0xc0000005), reading address 0x0000000000000000


Registers:
RAX=0x0000000000000000, RBX=0x000001a7eb6c4348, RCX=0x000001a7b7438310, RDX=0x0000008c8abfefb0
RSP=0x0000008c8abfefb0, RBP=0x000001a7b51e7f18, RSI=0x000001a7b51e7ef0, RDI=0x000013b3d4c58462
R8 =0x0000000000010002, R9 =0x000013b3d4c58462, R10=0x0000000000008000, R11=0x0000008c8abfef40
R12=0x00007ff93bf23cf0, R13=0x00007ff866b772a0, R14=0x0000008c8abff0a8, R15=0x000001a7b51e7ef0
RIP=0x00007ff93bf263b7, EFLAGS=0x0000000000010202


Register to memory mapping:

RIP=0x00007ff93bf263b7 glass.dll
RAX=0x0 is NULL
RBX=0x000001a7eb6c4348 is a global jni handle
RCX=0x000001a7b7438310 points into unknown readable memory: 0x00007ff8669845b8 | b8 45 98 66 f8 7f 00 00
RDX=0x0000008c8abfefb0 points into unknown readable memory: 0x0000000000000000 | 00 00 00 00 00 00 00 00
RSP=0x0000008c8abfefb0 points into unknown readable memory: 0x0000000000000000 | 00 00 00 00 00 00 00 00
RBP=0x000001a7b51e7f18 points into unknown readable memory: 0x000013b3d4c58462 | 62 84 c5 d4 b3 13 00 00
RSI=0x000001a7b51e7ef0 points into unknown readable memory: 0xefc8f393d4c47b86 | 86 7b c4 d4 93 f3 c8 ef
RDI=0x000013b3d4c58462 is an unknown value
R8 =0x0000000000010002 is an unknown value
R9 =0x000013b3d4c58462 is an unknown value
R10=0x0000000000008000 is an unknown value
R11=0x0000008c8abfef40 points into unknown readable memory: 0x000001a7b51e7ef0 | f0 7e 1e b5 a7 01 00 00
R12=0x00007ff93bf23cf0 glass.dll
R13=0x00007ff866b772a0 jvm.dll
R14=0x0000008c8abff0a8 points into unknown readable memory: 0x0000008c8abff090 | 90 f0 bf 8a 8c 00 00 00
R15=0x000001a7b51e7ef0 points into unknown readable memory: 0xefc8f393d4c47b86 | 86 7b c4 d4 93 f3 c8 ef


Top of Stack: (sp=0x0000008c8abfefb0)
0x0000008c8abfefb0:   0000000000000000 000001a7b51e7ef0
0x0000008c8abfefc0:   00007ff866b772a0 00007ff93bf23cf0
0x0000008c8abfefd0:   000001a7b51e7ef8 00007ff9711f42d6
0x0000008c8abfefe0:   000013b3d4c58462 000001a700000000
0x0000008c8abfeff0:   000001a7b51e7f18 000001a7b51e7ef0
0x0000008c8abff000:   fffffffffffffffe 0000000000000000
0x0000008c8abff010:   0000000000000001 00007ff93bf00000
0x0000008c8abff020:   0000008c8abff098 00007ff9711f41fb
0x0000008c8abff030:   0000000000000000 0000008c8abff0a8
0x0000008c8abff040:   0000008c8abff370 00007ff9712d0e40
0x0000008c8abff050:   0000000000000001 00007ff9711f41b4
0x0000008c8abff060:   0000000000000000 0000000000000001
0x0000008c8abff070:   0000000000000000 0000008c8abff098
0x0000008c8abff080:   ffffffff00000001 00007ff93bf23b7d
0x0000008c8abff090:   00007ff93bf39f88 00007ff900000002
0x0000008c8abff0a0:   0000000000000002 0000008c8abff090 

Instructions: (pc=0x00007ff93bf263b7)
0x00007ff93bf262b7:   8b 4d 58 e8 7d cf ff ff 48 8b 4d 60 e8 74 cf ff
0x00007ff93bf262c7:   ff 48 8b 95 80 00 00 00 48 8b 8d 18 01 00 00 e8
0x00007ff93bf262d7:   66 c4 ff ff 33 d2 33 c9 e8 bc e1 ff ff 90 48 89
0x00007ff93bf262e7:   54 24 10 55 48 83 ec 20 48 8b ea 48 b8 00 00 00
0x00007ff93bf262f7:   00 00 00 00 00 48 83 c4 20 5d c3 cc 40 55 48 8b
0x00007ff93bf26307:   ea 48 8b 01 33 c9 81 38 05 00 00 c0 0f 94 c1 8b
0x00007ff93bf26317:   c1 5d c3 cc 40 55 48 83 ec 20 48 8b ea 8a 4d 40
0x00007ff93bf26327:   48 83 c4 20 5d e9 63 d3 ff ff cc 40 55 48 83 ec
0x00007ff93bf26337:   20 48 8b ea 8a 4d 20 e8 51 d3 ff ff 90 48 83 c4
0x00007ff93bf26347:   20 5d c3 cc 40 55 48 83 ec 20 48 8b ea 48 83 c4
0x00007ff93bf26357:   20 5d e9 b2 d1 ff ff cc 40 55 48 83 ec 30 48 8b
0x00007ff93bf26367:   ea 48 8b 01 8b 10 48 89 4c 24 28 89 54 24 20 4c
0x00007ff93bf26377:   8d 0d 53 d6 ff ff 4c 8b 45 70 8b 55 68 48 8b 4d
0x00007ff93bf26387:   60 e8 f3 d0 ff ff 90 48 83 c4 30 5d c3 cc cc cc
0x00007ff93bf26397:   cc cc cc cc cc cc cc cc cc 40 53 48 83 ec 20 48
0x00007ff93bf263a7:   8b 1d db 35 01 00 48 85 db 74 16 e8 79 8b ff ff
0x00007ff93bf263b7:   4c 8b 00 48 8b d3 48 8b c8 41 ff 90 b0 00 00 00
0x00007ff93bf263c7:   90 48 83 c4 20 5b c3 cc cc 40 53 48 83 ec 20 48
0x00007ff93bf263d7:   8b 1d 4b 37 01 00 48 85 db 74 57 b8 ff ff ff ff
0x00007ff93bf263e7:   f0 0f c1 43 10 83 f8 01 75 3d 48 85 db 74 38 48
0x00007ff93bf263f7:   8b 0b 48 85 c9 74 0d ff 15 a4 0e 00 00 48 c7 03
0x00007ff93bf26407:   00 00 00 00 48 8b 4b 08 48 85 c9 74 0d e8 23 ce
0x00007ff93bf26417:   ff ff 48 c7 43 08 00 00 00 00 ba 18 00 00 00 48
0x00007ff93bf26427:   8b cb e8 0e ce ff ff 48 c7 05 ef 36 01 00 00 00
0x00007ff93bf26437:   00 00 48 83 c4 20 5b c3 cc 40 53 48 83 ec 20 48
0x00007ff93bf26447:   8b 1d bb 36 01 00 48 85 db 74 57 b8 ff ff ff ff
0x00007ff93bf26457:   f0 0f c1 43 10 83 f8 01 75 3d 48 85 db 74 38 48
0x00007ff93bf26467:   8b 0b 48 85 c9 74 0d ff 15 34 0e 00 00 48 c7 03
0x00007ff93bf26477:   00 00 00 00 48 8b 4b 08 48 85 c9 74 0d e8 b3 cd
0x00007ff93bf26487:   ff ff 48 c7 43 08 00 00 00 00 ba 18 00 00 00 48
0x00007ff93bf26497:   8b cb e8 9e cd ff ff 48 c7 05 5f 36 01 00 00 00
0x00007ff93bf264a7:   00 00 48 83 c4 20 5b c3 cc 40 53 48 83 ec 20 48 


Stack slot to memory mapping:
stack at sp + 0 slots: 0x0 is NULL
stack at sp + 1 slots: 0x000001a7b51e7ef0 points into unknown readable memory: 0xefc8f393d4c47b86 | 86 7b c4 d4 93 f3 c8 ef
stack at sp + 2 slots: 0x00007ff866b772a0 jvm.dll
stack at sp + 3 slots: 0x00007ff93bf23cf0 glass.dll
stack at sp + 4 slots: 0x000001a7b51e7ef8 points into unknown readable memory: 0x000013b3d4c58462 | 62 84 c5 d4 b3 13 00 00
stack at sp + 5 slots: 0x00007ff9711f42d6 ucrtbase.dll
stack at sp + 6 slots: 0x000013b3d4c58462 is an unknown value
stack at sp + 7 slots: 0x000001a700000000 is an unknown value

VM_Operation (0x0000008c8a3ff070): Exit, mode: safepoint, requested by thread 0x000001a7eccd2a80


---------------  P R O C E S S  ---------------

Threads class SMR info:
_java_thread_list=0x000001a7eca35e20, length=20, elements={
0x000001a7b74130a0, 0x000001a7e4a6aec0, 0x000001a7e4a6bcb0, 0x000001a7e4a73400,
0x000001a7e4a73d30, 0x000001a7e4a74660, 0x000001a7e4a82890, 0x000001a7e4a77390,
0x000001a7e62b1f60, 0x000001a7e636f1f0, 0x000001a7eac57740, 0x000001a7eb2a08c0,
0x000001a7e65ebee0, 0x000001a7eb293f30, 0x000001a7eb737700, 0x000001a7ec9e84c0,
0x000001a7ec9d0050, 0x000001a7eccd3fc0, 0x000001a7eccd5a50, 0x000001a7eccd2a80
}

Java Threads: ( => current thread )
  0x000001a7b74130a0 JavaThread "main" [_thread_blocked, id=17148, stack(0x0000008c8a500000,0x0000008c8a600000)]
  0x000001a7e4a6aec0 JavaThread "Reference Handler" daemon [_thread_blocked, id=9072, stack(0x0000008c8ac00000,0x0000008c8ad00000)]
  0x000001a7e4a6bcb0 JavaThread "Finalizer" daemon [_thread_blocked, id=2936, stack(0x0000008c8ad00000,0x0000008c8ae00000)]
  0x000001a7e4a73400 JavaThread "Attach Listener" daemon [_thread_blocked, id=38452, stack(0x0000008c8af00000,0x0000008c8b000000)]
  0x000001a7e4a73d30 JavaThread "Service Thread" daemon [_thread_blocked, id=26248, stack(0x0000008c8b000000,0x0000008c8b100000)]
  0x000001a7e4a74660 JavaThread "Monitor Deflation Thread" daemon [_thread_blocked, id=6708, stack(0x0000008c8b100000,0x0000008c8b200000)]
  0x000001a7e4a82890 JavaThread "C2 CompilerThread0" daemon [_thread_blocked, id=37008, stack(0x0000008c8b200000,0x0000008c8b300000)]
  0x000001a7e4a77390 JavaThread "C1 CompilerThread0" daemon [_thread_blocked, id=32308, stack(0x0000008c8b300000,0x0000008c8b400000)]
  0x000001a7e62b1f60 JavaThread "Sweeper thread" daemon [_thread_blocked, id=23820, stack(0x0000008c8b400000,0x0000008c8b500000)]
  0x000001a7e636f1f0 JavaThread "Common-Cleaner" daemon [_thread_blocked, id=30780, stack(0x0000008c8b500000,0x0000008c8b600000)]
  0x000001a7eac57740 JavaThread "JDWP Event Helper Thread" daemon [_thread_blocked, id=31056, stack(0x0000008c8c000000,0x0000008c8c100000)]
  0x000001a7eb2a08c0 JavaThread "Notification Thread" daemon [_thread_blocked, id=38376, stack(0x0000008c8c200000,0x0000008c8c300000)]
  0x000001a7e65ebee0 JavaThread "QuantumRenderer-0" daemon [_thread_blocked, id=5744, stack(0x0000008c8be00000,0x0000008c8bf00000)]
  0x000001a7eb293f30 JavaThread "InvokeLaterDispatcher" daemon [_thread_blocked, id=20024, stack(0x0000008c8c500000,0x0000008c8c600000)]
  0x000001a7eb737700 JavaThread "JavaFX Application Thread" [_thread_blocked, id=36032, stack(0x0000008c8c600000,0x0000008c8c700000)]
  0x000001a7ec9e84c0 JavaThread "JavaFX-Launcher" [_thread_blocked, id=9688, stack(0x0000008c8bb00000,0x0000008c8bc00000)]
  0x000001a7ec9d0050 JavaThread "Thread-2" daemon [_thread_in_native, id=19228, stack(0x0000008c8ba00000,0x0000008c8bb00000)]
  0x000001a7eccd3fc0 JavaThread "Prism Font Disposer" daemon [_thread_blocked, id=25060, stack(0x0000008c8d670000,0x0000008c8d770000)]
  0x000001a7eccd5a50 JavaThread "Cleaner-0" daemon [_thread_blocked, id=13828, stack(0x0000008c8d770000,0x0000008c8d870000)]
  0x000001a7eccd2a80 JavaThread "SIGINT handler" daemon [_thread_blocked, id=32908, stack(0x0000008c8a300000,0x0000008c8a400000)]

Other Threads:
=>0x000001a7b7438310 VMThread "VM Thread" [stack: 0x0000008c8ab00000,0x0000008c8ac00000] [id=30964]
  0x000001a7b74385e0 WorkerThread "GC Thread#0" [stack: 0x0000008c8a600000,0x0000008c8a700000] [id=27568]
  0x000001a7eb93b540 WorkerThread "GC Thread#1" [stack: 0x0000008c8bc00000,0x0000008c8bd00000] [id=8360]
  0x000001a7eb93c350 WorkerThread "GC Thread#2" [stack: 0x0000008c8bd00000,0x0000008c8be00000] [id=30936]
  0x000001a7eb93a730 WorkerThread "GC Thread#3" [stack: 0x0000008c8c870000,0x0000008c8c970000] [id=1032]
  0x000001a7eb93acd0 WorkerThread "GC Thread#4" [stack: 0x0000008c8c970000,0x0000008c8ca70000] [id=14472]
  0x000001a7eb93d160 WorkerThread "GC Thread#5" [stack: 0x0000008c8ca70000,0x0000008c8cb70000] [id=37140]
  0x000001a7eb93aa00 WorkerThread "GC Thread#6" [stack: 0x0000008c8cb70000,0x0000008c8cc70000] [id=38608]
  0x000001a7eb93c080 WorkerThread "GC Thread#7" [stack: 0x0000008c8cc70000,0x0000008c8cd70000] [id=676]
  0x000001a7eb93bdb0 WorkerThread "GC Thread#8" [stack: 0x0000008c8cd70000,0x0000008c8ce70000] [id=34948]
  0x000001a7eb93b810 WorkerThread "GC Thread#9" [stack: 0x0000008c8ce70000,0x0000008c8cf70000] [id=14380]
  0x000001a7eb93bae0 WorkerThread "GC Thread#10" [stack: 0x0000008c8cf70000,0x0000008c8d070000] [id=23240]
  0x000001a7eb93c620 WorkerThread "GC Thread#11" [stack: 0x0000008c8d070000,0x0000008c8d170000] [id=28084]
  0x000001a7ecbb56e0 WorkerThread "GC Thread#12" [stack: 0x0000008c8d880000,0x0000008c8d980000] [id=29808]
  0x000001a7ecbb59b0 WorkerThread "GC Thread#13" [stack: 0x0000008c8d980000,0x0000008c8da80000] [id=38672]
  0x000001a7ecbb78a0 WorkerThread "GC Thread#14" [stack: 0x0000008c8da80000,0x0000008c8db80000] [id=12472]
  0x000001a7ecbb5c80 WorkerThread "GC Thread#15" [stack: 0x0000008c8db80000,0x0000008c8dc80000] [id=38052]
  0x000001a7ecbb67c0 WorkerThread "GC Thread#16" [stack: 0x0000008c8dc80000,0x0000008c8dd80000] [id=13244]
  0x000001a7ecbb6a90 WorkerThread "GC Thread#17" [stack: 0x0000008c8dd80000,0x0000008c8de80000] [id=38188]
  0x000001a7ecbb4e70 WorkerThread "GC Thread#18" [stack: 0x0000008c8de80000,0x0000008c8df80000] [id=9644]
  0x000001a7ecbb6d60 WorkerThread "GC Thread#19" [stack: 0x0000008c8df80000,0x0000008c8e080000] [id=28000]
  0x000001a7ecbb7030 WorkerThread "GC Thread#20" [stack: 0x0000008c8e080000,0x0000008c8e180000] [id=25452]
  0x000001a7ecbb7e40 WorkerThread "GC Thread#21" [stack: 0x0000008c8e180000,0x0000008c8e280000] [id=17064]
  0x000001a7ecbb7b70 WorkerThread "GC Thread#22" [stack: 0x0000008c8e280000,0x0000008c8e380000] [id=4552]
  0x000001a7b74daba0 ConcurrentGCThread "G1 Main Marker" terminated
  0x000001a7b7438040 WorkerThread "G1 Conc#0" [stack: 0x0000008c8a800000,0x0000008c8a900000] [id=31116]
  0x000001a7e49868a0 ConcurrentGCThread "G1 Refine#0" terminated
  0x000001a7e49872f0 ConcurrentGCThread "G1 Service" terminated

Threads with active compile tasks:
C1 CompilerThread0  
[error occurred during error reporting (printing all threads), id 0xc0000005, EXCEPTION_ACCESS_VIOLATION (0xc0000005) at pc=0x00007ff8667703b3]

VM state: at safepoint (shutting down)

VM Mutex/Monitor currently owned by a thread:  ([mutex/lock_event])
[0x000001a7b740fb90] Threads_lock - owner thread: 0x000001a7b7438310
[0x000001a7b740ff80] Heap_lock - owner thread: 0x000001a7eccd2a80

Heap address: 0x0000000601400000, size: 8172 MB, Compressed Oops mode: Zero based, Oop shift amount: 3

CDS archive(s) mapped at: [0x0000000800000000-0x0000000800c40000-0x0000000800c40000), size 12845056, SharedBaseAddress: 0x0000000800000000, ArchiveRelocationMode: 0.
Compressed class space mapped at: 0x0000000801000000-0x0000000841000000, reserved size: 1073741824
Narrow klass base: 0x0000000800000000, Narrow klass shift: 0, Narrow klass range: 0x100000000

GC Precious Log:
 CardTable entry size: 512
 Card Set container configuration: InlinePtr #cards 4 size 8 Array Of Cards #cards 32 size 80 Howl #buckets 8 coarsen threshold 7372 Howl Bitmap #cards 1024 size 144 coarsen threshold 921 Card regions per heap region 1 cards per card region 8192
 CPUs: 32 total, 32 available
 Memory: 32674M
 Large Page Support: Disabled
 NUMA Support: Disabled
 Compressed Oops: Enabled (Zero based)
 Heap Region Size: 4M
 Heap Min Capacity: 8M
 Heap Initial Capacity: 512M
 Heap Max Capacity: 8172M
 Pre-touch: Disabled
 Parallel Workers: 23
 Concurrent Workers: 6
 Concurrent Refinement Workers: 23
 Periodic GC: Disabled

Heap:
 garbage-first heap   total 524288K, used 28570K [0x0000000601400000, 0x0000000800000000)
  region size 4096K, 8 young (32768K), 2 survivors (8192K)
 Metaspace       used 19232K, committed 19584K, reserved 1114112K
  class space    used 2683K, committed 2880K, reserved 1048576K

Heap Regions: E=young(eden), S=young(survivor), O=old, HS=humongous(starts), HC=humongous(continues), CS=collection set, F=free, OA=open archive, CA=closed archive, TAMS=top-at-mark-start (previous, next)
|   0|0x0000000601400000, 0x0000000601400000, 0x0000000601800000|  0%| F|  |TAMS 0x0000000601400000, 0x0000000601400000| Untracked 
|   1|0x0000000601800000, 0x0000000601800000, 0x0000000601c00000|  0%| F|  |TAMS 0x0000000601800000, 0x0000000601800000| Untracked 
|   2|0x0000000601c00000, 0x0000000601c00000, 0x0000000602000000|  0%| F|  |TAMS 0x0000000601c00000, 0x0000000601c00000| Untracked 
|   3|0x0000000602000000, 0x0000000602000000, 0x0000000602400000|  0%| F|  |TAMS 0x0000000602000000, 0x0000000602000000| Untracked 
|   4|0x0000000602400000, 0x0000000602400000, 0x0000000602800000|  0%| F|  |TAMS 0x0000000602400000, 0x0000000602400000| Untracked 
|   5|0x0000000602800000, 0x0000000602800000, 0x0000000602c00000|  0%| F|  |TAMS 0x0000000602800000, 0x0000000602800000| Untracked 
|   6|0x0000000602c00000, 0x0000000602c00000, 0x0000000603000000|  0%| F|  |TAMS 0x0000000602c00000, 0x0000000602c00000| Untracked 
|   7|0x0000000603000000, 0x0000000603000000, 0x0000000603400000|  0%| F|  |TAMS 0x0000000603000000, 0x0000000603000000| Untracked 
|   8|0x0000000603400000, 0x0000000603400000, 0x0000000603800000|  0%| F|  |TAMS 0x0000000603400000, 0x0000000603400000| Untracked 
|   9|0x0000000603800000, 0x0000000603800000, 0x0000000603c00000|  0%| F|  |TAMS 0x0000000603800000, 0x0000000603800000| Untracked 
|  10|0x0000000603c00000, 0x0000000603c00000, 0x0000000604000000|  0%| F|  |TAMS 0x0000000603c00000, 0x0000000603c00000| Untracked 
|  11|0x0000000604000000, 0x0000000604000000, 0x0000000604400000|  0%| F|  |TAMS 0x0000000604000000, 0x0000000604000000| Untracked 
|  12|0x0000000604400000, 0x0000000604400000, 0x0000000604800000|  0%| F|  |TAMS 0x0000000604400000, 0x0000000604400000| Untracked 
|  13|0x0000000604800000, 0x0000000604800000, 0x0000000604c00000|  0%| F|  |TAMS 0x0000000604800000, 0x0000000604800000| Untracked 
|  14|0x0000000604c00000, 0x0000000604c00000, 0x0000000605000000|  0%| F|  |TAMS 0x0000000604c00000, 0x0000000604c00000| Untracked 
|  15|0x0000000605000000, 0x0000000605000000, 0x0000000605400000|  0%| F|  |TAMS 0x0000000605000000, 0x0000000605000000| Untracked 
|  16|0x0000000605400000, 0x0000000605400000, 0x0000000605800000|  0%| F|  |TAMS 0x0000000605400000, 0x0000000605400000| Untracked 
|  17|0x0000000605800000, 0x0000000605800000, 0x0000000605c00000|  0%| F|  |TAMS 0x0000000605800000, 0x0000000605800000| Untracked 
|  18|0x0000000605c00000, 0x0000000605c00000, 0x0000000606000000|  0%| F|  |TAMS 0x0000000605c00000, 0x0000000605c00000| Untracked 
|  19|0x0000000606000000, 0x0000000606000000, 0x0000000606400000|  0%| F|  |TAMS 0x0000000606000000, 0x0000000606000000| Untracked 
|  20|0x0000000606400000, 0x0000000606400000, 0x0000000606800000|  0%| F|  |TAMS 0x0000000606400000, 0x0000000606400000| Untracked 
|  21|0x0000000606800000, 0x0000000606800000, 0x0000000606c00000|  0%| F|  |TAMS 0x0000000606800000, 0x0000000606800000| Untracked 
|  22|0x0000000606c00000, 0x0000000606c00000, 0x0000000607000000|  0%| F|  |TAMS 0x0000000606c00000, 0x0000000606c00000| Untracked 
|  23|0x0000000607000000, 0x0000000607000000, 0x0000000607400000|  0%| F|  |TAMS 0x0000000607000000, 0x0000000607000000| Untracked 
|  24|0x0000000607400000, 0x0000000607400000, 0x0000000607800000|  0%| F|  |TAMS 0x0000000607400000, 0x0000000607400000| Untracked 
|  25|0x0000000607800000, 0x0000000607800000, 0x0000000607c00000|  0%| F|  |TAMS 0x0000000607800000, 0x0000000607800000| Untracked 
|  26|0x0000000607c00000, 0x0000000607c00000, 0x0000000608000000|  0%| F|  |TAMS 0x0000000607c00000, 0x0000000607c00000| Untracked 
|  27|0x0000000608000000, 0x0000000608000000, 0x0000000608400000|  0%| F|  |TAMS 0x0000000608000000, 0x0000000608000000| Untracked 
|  28|0x0000000608400000, 0x0000000608400000, 0x0000000608800000|  0%| F|  |TAMS 0x0000000608400000, 0x0000000608400000| Untracked 
|  29|0x0000000608800000, 0x0000000608800000, 0x0000000608c00000|  0%| F|  |TAMS 0x0000000608800000, 0x0000000608800000| Untracked 
|  30|0x0000000608c00000, 0x0000000608c00000, 0x0000000609000000|  0%| F|  |TAMS 0x0000000608c00000, 0x0000000608c00000| Untracked 
|  31|0x0000000609000000, 0x0000000609000000, 0x0000000609400000|  0%| F|  |TAMS 0x0000000609000000, 0x0000000609000000| Untracked 
|  32|0x0000000609400000, 0x0000000609400000, 0x0000000609800000|  0%| F|  |TAMS 0x0000000609400000, 0x0000000609400000| Untracked 
|  33|0x0000000609800000, 0x0000000609800000, 0x0000000609c00000|  0%| F|  |TAMS 0x0000000609800000, 0x0000000609800000| Untracked 
|  34|0x0000000609c00000, 0x0000000609c00000, 0x000000060a000000|  0%| F|  |TAMS 0x0000000609c00000, 0x0000000609c00000| Untracked 
|  35|0x000000060a000000, 0x000000060a000000, 0x000000060a400000|  0%| F|  |TAMS 0x000000060a000000, 0x000000060a000000| Untracked 
|  36|0x000000060a400000, 0x000000060a400000, 0x000000060a800000|  0%| F|  |TAMS 0x000000060a400000, 0x000000060a400000| Untracked 
|  37|0x000000060a800000, 0x000000060a800000, 0x000000060ac00000|  0%| F|  |TAMS 0x000000060a800000, 0x000000060a800000| Untracked 
|  38|0x000000060ac00000, 0x000000060ac00000, 0x000000060b000000|  0%| F|  |TAMS 0x000000060ac00000, 0x000000060ac00000| Untracked 
|  39|0x000000060b000000, 0x000000060b000000, 0x000000060b400000|  0%| F|  |TAMS 0x000000060b000000, 0x000000060b000000| Untracked 
|  40|0x000000060b400000, 0x000000060b400000, 0x000000060b800000|  0%| F|  |TAMS 0x000000060b400000, 0x000000060b400000| Untracked 
|  41|0x000000060b800000, 0x000000060b800000, 0x000000060bc00000|  0%| F|  |TAMS 0x000000060b800000, 0x000000060b800000| Untracked 
|  42|0x000000060bc00000, 0x000000060bc00000, 0x000000060c000000|  0%| F|  |TAMS 0x000000060bc00000, 0x000000060bc00000| Untracked 
|  43|0x000000060c000000, 0x000000060c000000, 0x000000060c400000|  0%| F|  |TAMS 0x000000060c000000, 0x000000060c000000| Untracked 
|  44|0x000000060c400000, 0x000000060c400000, 0x000000060c800000|  0%| F|  |TAMS 0x000000060c400000, 0x000000060c400000| Untracked 
|  45|0x000000060c800000, 0x000000060c800000, 0x000000060cc00000|  0%| F|  |TAMS 0x000000060c800000, 0x000000060c800000| Untracked 
|  46|0x000000060cc00000, 0x000000060cc00000, 0x000000060d000000|  0%| F|  |TAMS 0x000000060cc00000, 0x000000060cc00000| Untracked 
|  47|0x000000060d000000, 0x000000060d000000, 0x000000060d400000|  0%| F|  |TAMS 0x000000060d000000, 0x000000060d000000| Untracked 
|  48|0x000000060d400000, 0x000000060d400000, 0x000000060d800000|  0%| F|  |TAMS 0x000000060d400000, 0x000000060d400000| Untracked 
|  49|0x000000060d800000, 0x000000060d800000, 0x000000060dc00000|  0%| F|  |TAMS 0x000000060d800000, 0x000000060d800000| Untracked 
|  50|0x000000060dc00000, 0x000000060dc00000, 0x000000060e000000|  0%| F|  |TAMS 0x000000060dc00000, 0x000000060dc00000| Untracked 
|  51|0x000000060e000000, 0x000000060e000000, 0x000000060e400000|  0%| F|  |TAMS 0x000000060e000000, 0x000000060e000000| Untracked 
|  52|0x000000060e400000, 0x000000060e400000, 0x000000060e800000|  0%| F|  |TAMS 0x000000060e400000, 0x000000060e400000| Untracked 
|  53|0x000000060e800000, 0x000000060e800000, 0x000000060ec00000|  0%| F|  |TAMS 0x000000060e800000, 0x000000060e800000| Untracked 
|  54|0x000000060ec00000, 0x000000060ec00000, 0x000000060f000000|  0%| F|  |TAMS 0x000000060ec00000, 0x000000060ec00000| Untracked 
|  55|0x000000060f000000, 0x000000060f000000, 0x000000060f400000|  0%| F|  |TAMS 0x000000060f000000, 0x000000060f000000| Untracked 
|  56|0x000000060f400000, 0x000000060f400000, 0x000000060f800000|  0%| F|  |TAMS 0x000000060f400000, 0x000000060f400000| Untracked 
|  57|0x000000060f800000, 0x000000060f800000, 0x000000060fc00000|  0%| F|  |TAMS 0x000000060f800000, 0x000000060f800000| Untracked 
|  58|0x000000060fc00000, 0x000000060fc00000, 0x0000000610000000|  0%| F|  |TAMS 0x000000060fc00000, 0x000000060fc00000| Untracked 
|  59|0x0000000610000000, 0x0000000610000000, 0x0000000610400000|  0%| F|  |TAMS 0x0000000610000000, 0x0000000610000000| Untracked 
|  60|0x0000000610400000, 0x0000000610400000, 0x0000000610800000|  0%| F|  |TAMS 0x0000000610400000, 0x0000000610400000| Untracked 
|  61|0x0000000610800000, 0x0000000610800000, 0x0000000610c00000|  0%| F|  |TAMS 0x0000000610800000, 0x0000000610800000| Untracked 
|  62|0x0000000610c00000, 0x0000000610c00000, 0x0000000611000000|  0%| F|  |TAMS 0x0000000610c00000, 0x0000000610c00000| Untracked 
|  63|0x0000000611000000, 0x0000000611000000, 0x0000000611400000|  0%| F|  |TAMS 0x0000000611000000, 0x0000000611000000| Untracked 
|  64|0x0000000611400000, 0x0000000611400000, 0x0000000611800000|  0%| F|  |TAMS 0x0000000611400000, 0x0000000611400000| Untracked 
|  65|0x0000000611800000, 0x0000000611800000, 0x0000000611c00000|  0%| F|  |TAMS 0x0000000611800000, 0x0000000611800000| Untracked 
|  66|0x0000000611c00000, 0x0000000611c00000, 0x0000000612000000|  0%| F|  |TAMS 0x0000000611c00000, 0x0000000611c00000| Untracked 
|  67|0x0000000612000000, 0x0000000612000000, 0x0000000612400000|  0%| F|  |TAMS 0x0000000612000000, 0x0000000612000000| Untracked 
|  68|0x0000000612400000, 0x0000000612400000, 0x0000000612800000|  0%| F|  |TAMS 0x0000000612400000, 0x0000000612400000| Untracked 
|  69|0x0000000612800000, 0x0000000612800000, 0x0000000612c00000|  0%| F|  |TAMS 0x0000000612800000, 0x0000000612800000| Untracked 
|  70|0x0000000612c00000, 0x0000000612c00000, 0x0000000613000000|  0%| F|  |TAMS 0x0000000612c00000, 0x0000000612c00000| Untracked 
|  71|0x0000000613000000, 0x0000000613000000, 0x0000000613400000|  0%| F|  |TAMS 0x0000000613000000, 0x0000000613000000| Untracked 
|  72|0x0000000613400000, 0x0000000613400000, 0x0000000613800000|  0%| F|  |TAMS 0x0000000613400000, 0x0000000613400000| Untracked 
|  73|0x0000000613800000, 0x0000000613800000, 0x0000000613c00000|  0%| F|  |TAMS 0x0000000613800000, 0x0000000613800000| Untracked 
|  74|0x0000000613c00000, 0x0000000613c00000, 0x0000000614000000|  0%| F|  |TAMS 0x0000000613c00000, 0x0000000613c00000| Untracked 
|  75|0x0000000614000000, 0x0000000614000000, 0x0000000614400000|  0%| F|  |TAMS 0x0000000614000000, 0x0000000614000000| Untracked 
|  76|0x0000000614400000, 0x0000000614400000, 0x0000000614800000|  0%| F|  |TAMS 0x0000000614400000, 0x0000000614400000| Untracked 
|  77|0x0000000614800000, 0x0000000614800000, 0x0000000614c00000|  0%| F|  |TAMS 0x0000000614800000, 0x0000000614800000| Untracked 
|  78|0x0000000614c00000, 0x0000000614c00000, 0x0000000615000000|  0%| F|  |TAMS 0x0000000614c00000, 0x0000000614c00000| Untracked 
|  79|0x0000000615000000, 0x0000000615000000, 0x0000000615400000|  0%| F|  |TAMS 0x0000000615000000, 0x0000000615000000| Untracked 
|  80|0x0000000615400000, 0x0000000615400000, 0x0000000615800000|  0%| F|  |TAMS 0x0000000615400000, 0x0000000615400000| Untracked 
|  81|0x0000000615800000, 0x0000000615800000, 0x0000000615c00000|  0%| F|  |TAMS 0x0000000615800000, 0x0000000615800000| Untracked 
|  82|0x0000000615c00000, 0x0000000615c00000, 0x0000000616000000|  0%| F|  |TAMS 0x0000000615c00000, 0x0000000615c00000| Untracked 
|  83|0x0000000616000000, 0x0000000616000000, 0x0000000616400000|  0%| F|  |TAMS 0x0000000616000000, 0x0000000616000000| Untracked 
|  84|0x0000000616400000, 0x0000000616400000, 0x0000000616800000|  0%| F|  |TAMS 0x0000000616400000, 0x0000000616400000| Untracked 
|  85|0x0000000616800000, 0x0000000616800000, 0x0000000616c00000|  0%| F|  |TAMS 0x0000000616800000, 0x0000000616800000| Untracked 
|  86|0x0000000616c00000, 0x0000000616c00000, 0x0000000617000000|  0%| F|  |TAMS 0x0000000616c00000, 0x0000000616c00000| Untracked 
|  87|0x0000000617000000, 0x0000000617000000, 0x0000000617400000|  0%| F|  |TAMS 0x0000000617000000, 0x0000000617000000| Untracked 
|  88|0x0000000617400000, 0x0000000617400000, 0x0000000617800000|  0%| F|  |TAMS 0x0000000617400000, 0x0000000617400000| Untracked 
|  89|0x0000000617800000, 0x0000000617800000, 0x0000000617c00000|  0%| F|  |TAMS 0x0000000617800000, 0x0000000617800000| Untracked 
|  90|0x0000000617c00000, 0x0000000617c00000, 0x0000000618000000|  0%| F|  |TAMS 0x0000000617c00000, 0x0000000617c00000| Untracked 
|  91|0x0000000618000000, 0x0000000618000000, 0x0000000618400000|  0%| F|  |TAMS 0x0000000618000000, 0x0000000618000000| Untracked 
|  92|0x0000000618400000, 0x0000000618400000, 0x0000000618800000|  0%| F|  |TAMS 0x0000000618400000, 0x0000000618400000| Untracked 
|  93|0x0000000618800000, 0x0000000618800000, 0x0000000618c00000|  0%| F|  |TAMS 0x0000000618800000, 0x0000000618800000| Untracked 
|  94|0x0000000618c00000, 0x0000000618c00000, 0x0000000619000000|  0%| F|  |TAMS 0x0000000618c00000, 0x0000000618c00000| Untracked 
|  95|0x0000000619000000, 0x0000000619000000, 0x0000000619400000|  0%| F|  |TAMS 0x0000000619000000, 0x0000000619000000| Untracked 
|  96|0x0000000619400000, 0x0000000619400000, 0x0000000619800000|  0%| F|  |TAMS 0x0000000619400000, 0x0000000619400000| Untracked 
|  97|0x0000000619800000, 0x0000000619800000, 0x0000000619c00000|  0%| F|  |TAMS 0x0000000619800000, 0x0000000619800000| Untracked 
|  98|0x0000000619c00000, 0x0000000619c00000, 0x000000061a000000|  0%| F|  |TAMS 0x0000000619c00000, 0x0000000619c00000| Untracked 
|  99|0x000000061a000000, 0x000000061a000000, 0x000000061a400000|  0%| F|  |TAMS 0x000000061a000000, 0x000000061a000000| Untracked 
| 100|0x000000061a400000, 0x000000061a400000, 0x000000061a800000|  0%| F|  |TAMS 0x000000061a400000, 0x000000061a400000| Untracked 
| 101|0x000000061a800000, 0x000000061a800000, 0x000000061ac00000|  0%| F|  |TAMS 0x000000061a800000, 0x000000061a800000| Untracked 
| 102|0x000000061ac00000, 0x000000061ac00000, 0x000000061b000000|  0%| F|  |TAMS 0x000000061ac00000, 0x000000061ac00000| Untracked 
| 103|0x000000061b000000, 0x000000061b000000, 0x000000061b400000|  0%| F|  |TAMS 0x000000061b000000, 0x000000061b000000| Untracked 
| 104|0x000000061b400000, 0x000000061b400000, 0x000000061b800000|  0%| F|  |TAMS 0x000000061b400000, 0x000000061b400000| Untracked 
| 105|0x000000061b800000, 0x000000061b800000, 0x000000061bc00000|  0%| F|  |TAMS 0x000000061b800000, 0x000000061b800000| Untracked 
| 106|0x000000061bc00000, 0x000000061bc00000, 0x000000061c000000|  0%| F|  |TAMS 0x000000061bc00000, 0x000000061bc00000| Untracked 
| 107|0x000000061c000000, 0x000000061c000000, 0x000000061c400000|  0%| F|  |TAMS 0x000000061c000000, 0x000000061c000000| Untracked 
| 108|0x000000061c400000, 0x000000061c400000, 0x000000061c800000|  0%| F|  |TAMS 0x000000061c400000, 0x000000061c400000| Untracked 
| 109|0x000000061c800000, 0x000000061c800000, 0x000000061cc00000|  0%| F|  |TAMS 0x000000061c800000, 0x000000061c800000| Untracked 
| 110|0x000000061cc00000, 0x000000061cc00000, 0x000000061d000000|  0%| F|  |TAMS 0x000000061cc00000, 0x000000061cc00000| Untracked 
| 111|0x000000061d000000, 0x000000061d000000, 0x000000061d400000|  0%| F|  |TAMS 0x000000061d000000, 0x000000061d000000| Untracked 
| 112|0x000000061d400000, 0x000000061d400000, 0x000000061d800000|  0%| F|  |TAMS 0x000000061d400000, 0x000000061d400000| Untracked 
| 113|0x000000061d800000, 0x000000061dbe6868, 0x000000061dc00000| 97%| S|CS|TAMS 0x000000061d800000, 0x000000061d800000| Complete 
| 114|0x000000061dc00000, 0x000000061e000000, 0x000000061e000000|100%| S|CS|TAMS 0x000000061dc00000, 0x000000061dc00000| Complete 
| 115|0x000000061e000000, 0x000000061e000000, 0x000000061e400000|  0%| F|  |TAMS 0x000000061e000000, 0x000000061e000000| Untracked 
| 116|0x000000061e400000, 0x000000061e400000, 0x000000061e800000|  0%| F|  |TAMS 0x000000061e400000, 0x000000061e400000| Untracked 
| 117|0x000000061e800000, 0x000000061e800000, 0x000000061ec00000|  0%| F|  |TAMS 0x000000061e800000, 0x000000061e800000| Untracked 
| 118|0x000000061ec00000, 0x000000061ec00000, 0x000000061f000000|  0%| F|  |TAMS 0x000000061ec00000, 0x000000061ec00000| Untracked 
| 119|0x000000061f000000, 0x000000061f000000, 0x000000061f400000|  0%| F|  |TAMS 0x000000061f000000, 0x000000061f000000| Untracked 
| 120|0x000000061f400000, 0x000000061f400000, 0x000000061f800000|  0%| F|  |TAMS 0x000000061f400000, 0x000000061f400000| Untracked 
| 121|0x000000061f800000, 0x000000061f800000, 0x000000061fc00000|  0%| F|  |TAMS 0x000000061f800000, 0x000000061f800000| Untracked 
| 122|0x000000061fc00000, 0x000000061fedb930, 0x0000000620000000| 71%| E|  |TAMS 0x000000061fc00000, 0x000000061fc00000| Complete 
| 123|0x0000000620000000, 0x0000000620400000, 0x0000000620400000|100%| E|CS|TAMS 0x0000000620000000, 0x0000000620000000| Complete 
| 124|0x0000000620400000, 0x0000000620800000, 0x0000000620800000|100%| E|CS|TAMS 0x0000000620400000, 0x0000000620400000| Complete 
| 125|0x0000000620800000, 0x0000000620c00000, 0x0000000620c00000|100%| E|CS|TAMS 0x0000000620800000, 0x0000000620800000| Complete 
| 126|0x0000000620c00000, 0x0000000621000000, 0x0000000621000000|100%| E|CS|TAMS 0x0000000620c00000, 0x0000000620c00000| Complete 
| 127|0x0000000621000000, 0x0000000621400000, 0x0000000621400000|100%| E|CS|TAMS 0x0000000621000000, 0x0000000621000000| Complete 

Card table byte_map: [0x000001a7d06d0000,0x000001a7d16d0000] _byte_map_base: 0x000001a7cd6c6000

Marking Bits (Prev, Next): (CMBitMap*) 0x000001a7b74ca180, (CMBitMap*) 0x000001a7b74ca1c0
 Prev Bits: [0x000001a7d26d0000, 0x000001a7da680000)
 Next Bits: [0x000001a7da680000, 0x000001a7e2630000)

Polling page: 0x000001a7b5190000

Metaspace:

Usage:
  Non-class:     16.16 MB used.
      Class:      2.62 MB used.
       Both:     18.78 MB used.

Virtual space:
  Non-class space:       64.00 MB reserved,      16.31 MB ( 25%) committed,  1 nodes.
      Class space:        1.00 GB reserved,       2.81 MB ( <1%) committed,  1 nodes.
             Both:        1.06 GB reserved,      19.12 MB (  2%) committed. 

Chunk freelists:
   Non-Class:  3.31 MB
       Class:  1.20 MB
        Both:  4.51 MB

MaxMetaspaceSize: unlimited
CompressedClassSpaceSize: 1.00 GB
Initial GC threshold: 21.00 MB
Current GC threshold: 21.00 MB
CDS: on
MetaspaceReclaimPolicy: balanced
 - commit_granule_bytes: 65536.
 - commit_granule_words: 8192.
 - virtual_space_node_default_size: 8388608.
 - enlarge_chunks_in_place: 1.
 - new_chunks_are_fully_committed: 0.
 - uncommit_free_chunks: 1.
 - use_allocation_guard: 0.


Internal statistics:

num_allocs_failed_limit: 0.
num_arena_births: 436.
num_arena_deaths: 0.
num_vsnodes_births: 2.
num_vsnodes_deaths: 0.
num_space_committed: 306.
num_space_uncommitted: 0.
num_chunks_returned_to_freelist: 0.
num_chunks_taken_from_freelist: 1064.
num_chunk_merges: 0.
num_chunk_splits: 731.
num_chunks_enlarged: 556.
num_inconsistent_stats: 0.

CodeHeap 'non-profiled nmethods': size=118848Kb used=2022Kb max_used=2022Kb free=116825Kb
 bounds [0x000001a7c6f60000, 0x000001a7c71d0000, 0x000001a7ce370000]
CodeHeap 'profiled nmethods': size=118848Kb used=9589Kb max_used=9589Kb free=109258Kb
 bounds [0x000001a7bf370000, 0x000001a7bfcd0000, 0x000001a7c6780000]
CodeHeap 'non-nmethods': size=8064Kb used=1614Kb max_used=3923Kb free=6449Kb
 bounds [0x000001a7c6780000, 0x000001a7c6b60000, 0x000001a7c6f60000]
 total_blobs=5255 nmethods=4423 adapters=741
 compilation: enabled
              stopped_count=0, restarted_count=0
 full_count=0

Compilation events (20 events):
Event: 4.804 Thread 0x000001a7e648f5e0 nmethod 4415 0x000001a7bfcc9310 code [0x000001a7bfcc95e0, 0x000001a7bfcca8d8]
Event: 4.867 Thread 0x000001a7e648f060 4416       3       jdk.internal.misc.Unsafe::putIntOpaque (9 bytes)
Event: 4.867 Thread 0x000001a7e648f060 nmethod 4416 0x000001a7bfccb090 code [0x000001a7bfccb220, 0x000001a7bfccb338]
Event: 4.867 Thread 0x000001a7e648f5e0 4418       1       java.nio.Buffer::capacity (5 bytes)
Event: 4.867 Thread 0x000001a7e648f5e0 nmethod 4418 0x000001a7c7157710 code [0x000001a7c71578a0, 0x000001a7c7157958]
Event: 4.879 Thread 0x000001a7e63c1560 4419       3       sun.nio.fs.WindowsPathParser::nextNonSlash (24 bytes)
Event: 4.879 Thread 0x000001a7e63c1560 nmethod 4419 0x000001a7bfccb410 code [0x000001a7bfccb620, 0x000001a7bfccbd78]
Event: 4.898 Thread 0x000001a7e648f060 4420       1       sun.nio.fs.NativeBuffer::setOwner (6 bytes)
Event: 4.898 Thread 0x000001a7e648f060 nmethod 4420 0x000001a7c7157a10 code [0x000001a7c7157ba0, 0x000001a7c7157cb8]
Event: 5.110 Thread 0x000001a7e4a77390 4421       3       java.lang.invoke.LambdaForm::methodType (48 bytes)
Event: 5.110 Thread 0x000001a7e4a77390 nmethod 4421 0x000001a7bfccc090 code [0x000001a7bfccc280, 0x000001a7bfccc898]
Event: 5.110 Thread 0x000001a7e4a82890 4424       4       jdk.internal.org.objectweb.asm.ByteVector::put122 (93 bytes)
Event: 5.111 Thread 0x000001a7e4a77390 4427       3       jdk.internal.org.objectweb.asm.AnnotationWriter::putAnnotations (110 bytes)
Event: 5.111 Thread 0x000001a7e4a77390 nmethod 4427 0x000001a7bfcccb90 code [0x000001a7bfcccda0, 0x000001a7bfccd1c8]
Event: 5.111 Thread 0x000001a7e4a82890 nmethod 4424 0x000001a7c7158910 code [0x000001a7c7158aa0, 0x000001a7c7158d08]
Event: 581.884 Thread 0x000001a7e4a82890 4428       4       com.sun.javafx.tk.quantum.QuantumToolkit::postPulse (133 bytes)
Event: 581.885 Thread 0x000001a7e4a82890 nmethod 4428 0x000001a7c7158e90 code [0x000001a7c7159040, 0x000001a7c7159208]
Event: 581.885 Thread 0x000001a7e4a82890 4429       4       com.sun.javafx.tk.quantum.QuantumToolkit$$Lambda$79/0x000000080103b408::run (8 bytes)
Event: 581.887 Thread 0x000001a7e4a82890 nmethod 4429 0x000001a7c7159410 code [0x000001a7c71595c0, 0x000001a7c71597f8]
Event: 581.906 Thread 0x000001a7e4a77390 4430       3       java.lang.invoke.MemberName$Factory::resolveOrNull (54 bytes)

GC Heap History (4 events):
Event: 0.563 GC heap before
{Heap before GC invocations=0 (full 0):
 garbage-first heap   total 524288K, used 24576K [0x0000000601400000, 0x0000000800000000)
  region size 4096K, 6 young (24576K), 0 survivors (0K)
 Metaspace       used 4793K, committed 4992K, reserved 1114112K
  class space    used 479K, committed 576K, reserved 1048576K
}
Event: 0.566 GC heap after
{Heap after GC invocations=1 (full 0):
 garbage-first heap   total 524288K, used 2937K [0x0000000601400000, 0x0000000800000000)
  region size 4096K, 1 young (4096K), 1 survivors (4096K)
 Metaspace       used 4793K, committed 4992K, reserved 1114112K
  class space    used 479K, committed 576K, reserved 1048576K
}
Event: 1.902 GC heap before
{Heap before GC invocations=1 (full 0):
 garbage-first heap   total 524288K, used 52089K [0x0000000601400000, 0x0000000800000000)
  region size 4096K, 13 young (53248K), 1 survivors (4096K)
 Metaspace       used 16109K, committed 16448K, reserved 1114112K
  class space    used 2282K, committed 2432K, reserved 1048576K
}
Event: 1.909 GC heap after
{Heap after GC invocations=2 (full 0):
 garbage-first heap   total 524288K, used 8090K [0x0000000601400000, 0x0000000800000000)
  region size 4096K, 2 young (8192K), 2 survivors (8192K)
 Metaspace       used 16109K, committed 16448K, reserved 1114112K
  class space    used 2282K, committed 2432K, reserved 1048576K
}

Dll operation events (20 events):
Event: 0.279 Loaded shared library C:\Users\fassbenf\.openjfx\cache\19+11\amd64\api-ms-win-crt-locale-l1-1-0.dll
Event: 0.281 Loaded shared library C:\Users\fassbenf\.openjfx\cache\19+11\amd64\api-ms-win-crt-math-l1-1-0.dll
Event: 0.283 Loaded shared library C:\Users\fassbenf\.openjfx\cache\19+11\amd64\api-ms-win-crt-multibyte-l1-1-0.dll
Event: 0.284 Loaded shared library C:\Users\fassbenf\.openjfx\cache\19+11\amd64\api-ms-win-crt-private-l1-1-0.dll
Event: 0.286 Loaded shared library C:\Users\fassbenf\.openjfx\cache\19+11\amd64\api-ms-win-crt-process-l1-1-0.dll
Event: 0.288 Loaded shared library C:\Users\fassbenf\.openjfx\cache\19+11\amd64\api-ms-win-crt-runtime-l1-1-0.dll
Event: 0.289 Loaded shared library C:\Users\fassbenf\.openjfx\cache\19+11\amd64\api-ms-win-crt-stdio-l1-1-0.dll
Event: 0.291 Loaded shared library C:\Users\fassbenf\.openjfx\cache\19+11\amd64\api-ms-win-crt-string-l1-1-0.dll
Event: 0.293 Loaded shared library C:\Users\fassbenf\.openjfx\cache\19+11\amd64\api-ms-win-crt-time-l1-1-0.dll
Event: 0.294 Loaded shared library C:\Users\fassbenf\.openjfx\cache\19+11\amd64\api-ms-win-crt-utility-l1-1-0.dll
Event: 0.305 Loaded shared library C:\Users\fassbenf\.openjfx\cache\19+11\amd64\ucrtbase.dll
Event: 0.308 Loaded shared library C:\Users\fassbenf\.openjfx\cache\19+11\amd64\vcruntime140.dll
Event: 0.310 Loaded shared library C:\Users\fassbenf\.openjfx\cache\19+11\amd64\vcruntime140_1.dll
Event: 0.316 Loaded shared library C:\Users\fassbenf\.openjfx\cache\19+11\amd64\msvcp140.dll
Event: 0.318 Loaded shared library C:\Users\fassbenf\.openjfx\cache\19+11\amd64\msvcp140_1.dll
Event: 0.321 Loaded shared library C:\Users\fassbenf\.openjfx\cache\19+11\amd64\msvcp140_2.dll
Event: 0.350 Loaded shared library C:\Users\fassbenf\.openjfx\cache\19+11\amd64\prism_d3d.dll
Event: 0.415 Loaded shared library C:\Users\fassbenf\.openjfx\cache\19+11\amd64\glass.dll
Event: 0.585 Loaded shared library C:\Users\fassbenf\.jdks\openjdk-19.0.2\bin\jimage.dll
Event: 0.700 Loaded shared library C:\Users\fassbenf\.openjfx\cache\19+11\amd64\javafx_font.dll

Deoptimization events (20 events):
Event: 3.927 Thread 0x000001a7eb737700 Uncommon trap: trap_request=0xffffff45 fr.pc=0x000001a7c70fbd5c relative=0x000000000000013c
Event: 3.927 Thread 0x000001a7eb737700 Uncommon trap: reason=unstable_if action=reinterpret pc=0x000001a7c70fbd5c method=com.sun.javafx.geom.RectBounds.unionWith(Lcom/sun/javafx/geom/RectBounds;)V @ 12 c2
Event: 3.927 Thread 0x000001a7eb737700 DEOPT PACKING pc=0x000001a7c70fbd5c sp=0x0000008c8c6f9470
Event: 3.927 Thread 0x000001a7eb737700 DEOPT UNPACKING pc=0x000001a7c67e6da3 sp=0x0000008c8c6f9420 mode 2
Event: 3.977 Thread 0x000001a7e65ebee0 DEOPT PACKING pc=0x000001a7bf8daaba sp=0x0000008c8befbc40
Event: 3.977 Thread 0x000001a7e65ebee0 DEOPT UNPACKING pc=0x000001a7c67e7543 sp=0x0000008c8befb118 mode 0
Event: 4.013 Thread 0x000001a7e65ebee0 DEOPT PACKING pc=0x000001a7bf8daaba sp=0x0000008c8befcee0
Event: 4.013 Thread 0x000001a7e65ebee0 DEOPT UNPACKING pc=0x000001a7c67e7543 sp=0x0000008c8befc3b8 mode 0
Event: 4.456 Thread 0x000001a7e65ebee0 DEOPT PACKING pc=0x000001a7bf8da618 sp=0x0000008c8befcc80
Event: 4.456 Thread 0x000001a7e65ebee0 DEOPT UNPACKING pc=0x000001a7c67e7543 sp=0x0000008c8befc158 mode 0
Event: 581.906 Thread 0x000001a7ec9d0050 Uncommon trap: trap_request=0xffffff45 fr.pc=0x000001a7c71596ec relative=0x000000000000012c
Event: 581.906 Thread 0x000001a7ec9d0050 Uncommon trap: reason=unstable_if action=reinterpret pc=0x000001a7c71596ec method=com.sun.javafx.tk.quantum.QuantumToolkit.postPulse()V @ 7 c2
Event: 581.906 Thread 0x000001a7ec9d0050 DEOPT PACKING pc=0x000001a7c71596ec sp=0x0000008c8baff1a0
Event: 581.906 Thread 0x000001a7ec9d0050 DEOPT UNPACKING pc=0x000001a7c67e6da3 sp=0x0000008c8baff070 mode 2
Event: 581.906 Thread 0x000001a7ec9d0050 Uncommon trap: trap_request=0xffffff45 fr.pc=0x000001a7c715914c relative=0x000000000000010c
Event: 581.906 Thread 0x000001a7ec9d0050 Uncommon trap: reason=unstable_if action=reinterpret pc=0x000001a7c715914c method=com.sun.javafx.tk.quantum.QuantumToolkit.postPulse()V @ 7 c2
Event: 581.906 Thread 0x000001a7ec9d0050 DEOPT PACKING pc=0x000001a7c715914c sp=0x0000008c8baff0c0
Event: 581.906 Thread 0x000001a7ec9d0050 DEOPT UNPACKING pc=0x000001a7c67e6da3 sp=0x0000008c8baff058 mode 2
Event: 581.906 Thread 0x000001a7eccd4fb0 DEOPT PACKING pc=0x000001a7bf54734c sp=0x0000008c8b6ff040
Event: 581.906 Thread 0x000001a7eccd4fb0 DEOPT UNPACKING pc=0x000001a7c67e7543 sp=0x0000008c8b6fe4a0 mode 1

Classes loaded (20 events):
Event: 14.048 Loading class java/io/DataOutputStream
Event: 14.048 Loading class java/io/DataOutputStream done
Event: 581.878 Loading class java/lang/Throwable$WrappedPrintStream
Event: 581.879 Loading class java/lang/Throwable$PrintStreamOrWriter
Event: 581.879 Loading class java/lang/Throwable$PrintStreamOrWriter done
Event: 581.879 Loading class java/lang/Throwable$WrappedPrintStream done
Event: 581.904 Loading class java/util/concurrent/atomic/AtomicReferenceFieldUpdater
Event: 581.904 Loading class java/util/concurrent/atomic/AtomicReferenceFieldUpdater done
Event: 581.904 Loading class java/util/concurrent/atomic/AtomicReferenceFieldUpdater$AtomicReferenceFieldUpdaterImpl
Event: 581.904 Loading class java/util/concurrent/atomic/AtomicReferenceFieldUpdater$AtomicReferenceFieldUpdaterImpl done
Event: 581.904 Loading class java/util/concurrent/atomic/AtomicReferenceFieldUpdater$AtomicReferenceFieldUpdaterImpl$1
Event: 581.904 Loading class java/util/concurrent/atomic/AtomicReferenceFieldUpdater$AtomicReferenceFieldUpdaterImpl$1 done
Event: 581.904 Loading class sun/reflect/misc/ReflectUtil
Event: 581.904 Loading class sun/reflect/misc/ReflectUtil done
Event: 581.905 Loading class jdk/internal/misc/Signal$1
Event: 581.905 Loading class jdk/internal/misc/Signal$1 done
Event: 581.906 Loading class com/sun/javafx/tk/quantum/QuantumRenderer
Event: 581.906 Loading class com/sun/javafx/tk/quantum/QuantumRenderer done
Event: 581.906 Loading class com/sun/javafx/tk/quantum/QuantumToolkit
Event: 581.906 Loading class com/sun/javafx/tk/quantum/QuantumToolkit done

Classes unloaded (0 events):
No events

Classes redefined (0 events):
No events

Internal exceptions (20 events):
Event: 0.990 Thread 0x000001a7eb737700 Exception <a 'java/lang/NoSuchMethodError'{0x000000061ecaac50}: 'int java.lang.invoke.DirectMethodHandle$Holder.invokeSpecial(java.lang.Object, java.lang.Object, int)'> (0x000000061ecaac50) 
thrown [s\open\src\hotspot\share\interpreter\linkResolver.cpp, line 774]
Event: 1.034 Thread 0x000001a7eb737700 Exception <a 'java/lang/NoSuchMethodError'{0x000000061eed2500}: 'java.lang.Object java.lang.invoke.DirectMethodHandle$Holder.newInvokeSpecial(java.lang.Object, java.lang.Object, int)'> (0x000000061eed2500) 
thrown [s\open\src\hotspot\share\interpreter\linkResolver.cpp, line 774]
Event: 1.077 Thread 0x000001a7e65ebee0 Exception <a 'java/lang/NoSuchMethodError'{0x000000061efbc2f8}: 'int java.lang.invoke.DirectMethodHandle$Holder.invokeStaticInit(java.lang.Object, java.lang.Object)'> (0x000000061efbc2f8) 
thrown [s\open\src\hotspot\share\interpreter\linkResolver.cpp, line 774]
Event: 1.764 Thread 0x000001a7eb737700 Exception <a 'java/lang/NoSuchMethodError'{0x000000061e654fa0}: 'long java.lang.invoke.DirectMethodHandle$Holder.invokeStatic(java.lang.Object, java.lang.Object, java.lang.Object)'> (0x000000061e654fa0) 
thrown [s\open\src\hotspot\share\interpreter\linkResolver.cpp, line 774]
Event: 1.764 Thread 0x000001a7eb737700 Exception <a 'java/lang/NoSuchMethodError'{0x000000061e658618}: 'long java.lang.invoke.DirectMethodHandle$Holder.invokeStaticInit(java.lang.Object, java.lang.Object, java.lang.Object)'> (0x000000061e658618) 
thrown [s\open\src\hotspot\share\interpreter\linkResolver.cpp, line 774]
Event: 1.765 Thread 0x000001a7eb737700 Exception <a 'java/lang/NoSuchMethodError'{0x000000061e670ff0}: 'java.lang.Object java.lang.invoke.DirectMethodHandle$Holder.newInvokeSpecial(java.lang.Object, java.lang.Object, long)'> (0x000000061e670ff0) 
thrown [s\open\src\hotspot\share\interpreter\linkResolver.cpp, line 774]
Event: 1.766 Thread 0x000001a7eb737700 Exception <a 'java/lang/NoSuchMethodError'{0x000000061e674c20}: 'java.lang.Object java.lang.invoke.Invokers$Holder.linkToTargetMethod(java.lang.Object, long, java.lang.Object)'> (0x000000061e674c20) 
thrown [s\open\src\hotspot\share\interpreter\linkResolver.cpp, line 774]
Event: 1.854 Thread 0x000001a7eb737700 Exception <a 'java/lang/ClassNotFoundException'{0x000000061e0c78b8}: com/sun/javafx/scene/control/skin/resources/controls-nt> (0x000000061e0c78b8) 
thrown [s\open\src\hotspot\share\prims\jni.cpp, line 536]
Event: 1.855 Thread 0x000001a7eb737700 Exception <a 'java/lang/ClassNotFoundException'{0x000000061e0cff90}: com/sun/javafx/scene/control/skin/resources/controls-nt_de> (0x000000061e0cff90) 
thrown [s\open\src\hotspot\share\prims\jni.cpp, line 536]
Event: 1.855 Thread 0x000001a7eb737700 Exception <a 'java/lang/ClassNotFoundException'{0x000000061e0d1218}: com/sun/javafx/scene/control/skin/resources/controls-nt_de_DE> (0x000000061e0d1218) 
thrown [s\open\src\hotspot\share\prims\jni.cpp, line 536]
Event: 1.897 Thread 0x000001a7eb737700 Exception <a 'java/lang/NoSuchMethodError'{0x000000061e3429c0}: 'void java.lang.invoke.DirectMethodHandle$Holder.invokeSpecial(java.lang.Object, java.lang.Object, java.lang.Object, java.lang.Object, java.lang.Object, java.lang.Object)'> (0x000000061e3429c0) 
thrown [s\open\src\hotspot\share\interpreter\linkResolver.cpp, line 774]
Event: 1.938 Thread 0x000001a7eb737700 Exception <a 'java/lang/NoSuchMethodError'{0x00000006213d1b00}: 'void java.lang.invoke.DirectMethodHandle$Holder.invokeSpecialIFC(java.lang.Object, java.lang.Object, java.lang.Object, java.lang.Object)'> (0x00000006213d1b00) 
thrown [s\open\src\hotspot\share\interpreter\linkResolver.cpp, line 774]
Event: 2.938 Thread 0x000001a7eb737700 Exception <a 'java/lang/NoSuchMethodError'{0x0000000620f21600}: 'java.lang.Object java.lang.invoke.DirectMethodHandle$Holder.newInvokeSpecial(java.lang.Object, java.lang.Object, int, int, int, int, int, java.lang.Object)'> (0x0000000620f21600) 
thrown [s\open\src\hotspot\share\interpreter\linkResolver.cpp, line 774]
Event: 2.939 Thread 0x000001a7eb737700 Exception <a 'java/lang/NoSuchMethodError'{0x0000000620f34b48}: 'java.lang.Object java.lang.invoke.DirectMethodHandle$Holder.newInvokeSpecial(java.lang.Object, java.lang.Object, java.lang.Object, int, int, int, int, int)'> (0x0000000620f34b48) 
thrown [s\open\src\hotspot\share\interpreter\linkResolver.cpp, line 774]
Event: 2.939 Thread 0x000001a7eb737700 Exception <a 'java/lang/NoSuchMethodError'{0x0000000620f3c918}: 'java.lang.Object java.lang.invoke.Invokers$Holder.linkToTargetMethod(java.lang.Object, java.lang.Object, int, int, int, int, int, java.lang.Object)'> (0x0000000620f3c918) 
thrown [s\open\src\hotspot\share\interpreter\linkResolver.cpp, line 774]
Event: 3.752 Thread 0x000001a7eb737700 Exception <a 'sun/nio/fs/WindowsException'{0x00000006208a40f0}> (0x00000006208a40f0) 
thrown [s\open\src\hotspot\share\prims\jni.cpp, line 517]
Event: 3.754 Thread 0x000001a7eb737700 Exception <a 'java/lang/NoSuchMethodError'{0x00000006208bc838}: 'java.lang.Object java.lang.invoke.DirectMethodHandle$Holder.invokeStatic(java.lang.Object, int, java.lang.Object)'> (0x00000006208bc838) 
thrown [s\open\src\hotspot\share\interpreter\linkResolver.cpp, line 774]
Event: 3.922 Thread 0x000001a7eb737700 Implicit null exception at 0x000001a7c70f5ea3 to 0x000001a7c70f69bc
Event: 3.937 Thread 0x000001a7e65ebee0 Exception <a 'java/lang/NoSuchMethodError'{0x0000000620124320}: 'java.lang.Object java.lang.invoke.DirectMethodHandle$Holder.invokeStaticInit(java.lang.Object, int)'> (0x0000000620124320) 
thrown [s\open\src\hotspot\share\interpreter\linkResolver.cpp, line 774]
Event: 581.902 Thread 0x000001a7eb737700 Exception <a 'sun/nio/fs/WindowsException'{0x000000061fc24ff0}> (0x000000061fc24ff0) 
thrown [s\open\src\hotspot\share\prims\jni.cpp, line 517]

VM Operations (20 events):
Event: 581.879 Executing VM operation: ChangeBreakpoints done
Event: 581.879 Executing VM operation: ChangeBreakpoints
Event: 581.879 Executing VM operation: ChangeBreakpoints done
Event: 581.879 Executing VM operation: ChangeBreakpoints
Event: 581.879 Executing VM operation: ChangeBreakpoints done
Event: 581.879 Executing VM operation: ChangeBreakpoints
Event: 581.879 Executing VM operation: ChangeBreakpoints done
Event: 581.879 Executing VM operation: ChangeBreakpoints
Event: 581.879 Executing VM operation: ChangeBreakpoints done
Event: 581.879 Executing VM operation: ChangeBreakpoints
Event: 581.879 Executing VM operation: ChangeBreakpoints done
Event: 581.879 Executing VM operation: ChangeBreakpoints
Event: 581.880 Executing VM operation: ChangeBreakpoints done
Event: 581.880 Executing VM operation: ChangeBreakpoints
Event: 581.880 Executing VM operation: ChangeBreakpoints done
Event: 581.880 Executing VM operation: ChangeBreakpoints
Event: 581.880 Executing VM operation: ChangeBreakpoints done
Event: 581.880 Executing VM operation: ChangeBreakpoints
Event: 581.880 Executing VM operation: ChangeBreakpoints done
Event: 581.907 Executing VM operation: Exit

Events (20 events):
Event: 3.290 Thread 0x000001a7ecb8c4e0 Thread added: 0x000001a7ecb8c4e0
Event: 3.587 Thread 0x000001a7ecb8c4e0 Thread exited: 0x000001a7ecb8c4e0
Event: 3.749 Thread 0x000001a7ecb8db20 Thread added: 0x000001a7ecb8db20
Event: 3.781 Thread 0x000001a7ecb8c4e0 Thread added: 0x000001a7ecb8c4e0
Event: 3.879 Thread 0x000001a7ecb8ca70 Thread added: 0x000001a7ecb8ca70
Event: 4.446 Thread 0x000001a7ecb8ca70 Thread exited: 0x000001a7ecb8ca70
Event: 4.446 Thread 0x000001a7ecb8c4e0 Thread exited: 0x000001a7ecb8c4e0
Event: 4.611 Thread 0x000001a7ecb8db20 Thread exited: 0x000001a7ecb8db20
Event: 10.111 Thread 0x000001a7e648fb60 Thread exited: 0x000001a7e648fb60
Event: 15.111 Thread 0x000001a7e648f5e0 Thread exited: 0x000001a7e648f5e0
Event: 20.111 Thread 0x000001a7e648f060 Thread exited: 0x000001a7e648f060
Event: 20.111 Thread 0x000001a7e63c1560 Thread exited: 0x000001a7e63c1560
Event: 581.878 Thread 0x000001a7eb2a0370 Thread exited: 0x000001a7eb2a0370
Event: 581.882 Thread 0x000001a7eac571f0 Thread exited: 0x000001a7eac571f0
Event: 581.905 Thread 0x000001a7eccd2a80 Thread added: 0x000001a7eccd2a80
Event: 581.906 Thread 0x000001a7eccd5500 Thread added: 0x000001a7eccd5500
Event: 581.906 Thread 0x000001a7eccd4fb0 Thread added: 0x000001a7eccd4fb0
Event: 581.906 Thread 0x000001a7eccd5500 Thread exited: 0x000001a7eccd5500
Event: 581.906 Thread 0x000001a7eccd4fb0 Thread exited: 0x000001a7eccd4fb0
Event: 581.907 Thread 0x000001a7e4a70430 Thread exited: 0x000001a7e4a70430


Dynamic libraries:
0x00007ff7c3eb0000 - 0x00007ff7c3ebe000 	C:\Users\fassbenf\.jdks\openjdk-19.0.2\bin\java.exe
0x00007ff9733f0000 - 0x00007ff9735e8000 	C:\WINDOWS\SYSTEM32\ntdll.dll
0x00007ff971580000 - 0x00007ff97163f000 	C:\WINDOWS\System32\KERNEL32.DLL
0x00007ff970dd0000 - 0x00007ff9710a2000 	C:\WINDOWS\System32\KERNELBASE.dll
0x00007ff9711e0000 - 0x00007ff9712e0000 	C:\WINDOWS\System32\ucrtbase.dll
0x00007ff9300c0000 - 0x00007ff9300d7000 	C:\Users\fassbenf\.jdks\openjdk-19.0.2\bin\jli.dll
0x00007ff934220000 - 0x00007ff93423b000 	C:\Users\fassbenf\.jdks\openjdk-19.0.2\bin\VCRUNTIME140.dll
0x00007ff971a70000 - 0x00007ff971c11000 	C:\WINDOWS\System32\USER32.dll
0x00007ff95e8d0000 - 0x00007ff95eb6a000 	C:\WINDOWS\WinSxS\amd64_microsoft.windows.common-controls_6595b64144ccf1df_6.0.19041.1110_none_60b5254171f9507e\COMCTL32.dll
0x00007ff971400000 - 0x00007ff971422000 	C:\WINDOWS\System32\win32u.dll
0x00007ff972c90000 - 0x00007ff972cbb000 	C:\WINDOWS\System32\GDI32.dll
0x00007ff971de0000 - 0x00007ff971e7e000 	C:\WINDOWS\System32\msvcrt.dll
0x00007ff970b60000 - 0x00007ff970c6f000 	C:\WINDOWS\System32\gdi32full.dll
0x00007ff971140000 - 0x00007ff9711dd000 	C:\WINDOWS\System32\msvcp_win.dll
0x00007ff9727b0000 - 0x00007ff9727e2000 	C:\WINDOWS\System32\IMM32.DLL
0x00007ff94f5c0000 - 0x00007ff94f5cc000 	C:\Users\fassbenf\.jdks\openjdk-19.0.2\bin\vcruntime140_1.dll
0x00007ff8a1ea0000 - 0x00007ff8a1f2e000 	C:\Users\fassbenf\.jdks\openjdk-19.0.2\bin\msvcp140.dll
0x00007ff865f60000 - 0x00007ff866c20000 	C:\Users\fassbenf\.jdks\openjdk-19.0.2\bin\server\jvm.dll
0x00007ff971450000 - 0x00007ff9714fe000 	C:\WINDOWS\System32\ADVAPI32.dll
0x00007ff9719c0000 - 0x00007ff971a5c000 	C:\WINDOWS\System32\sechost.dll
0x00007ff973130000 - 0x00007ff973255000 	C:\WINDOWS\System32\RPCRT4.dll
0x00007ff96d030000 - 0x00007ff96d039000 	C:\WINDOWS\SYSTEM32\WSOCK32.dll
0x00007ff96a170000 - 0x00007ff96a17a000 	C:\WINDOWS\SYSTEM32\VERSION.dll
0x00007ff966c30000 - 0x00007ff966c57000 	C:\WINDOWS\SYSTEM32\WINMM.dll
0x00007ff971e80000 - 0x00007ff971eeb000 	C:\WINDOWS\System32\WS2_32.dll
0x00007ff96f200000 - 0x00007ff96f212000 	C:\WINDOWS\SYSTEM32\kernel.appcore.dll
0x00007ff93d100000 - 0x00007ff93d10a000 	C:\Users\fassbenf\.jdks\openjdk-19.0.2\bin\jimage.dll
0x00007ff96ee70000 - 0x00007ff96f054000 	C:\WINDOWS\SYSTEM32\DBGHELP.DLL
0x00007ff969a60000 - 0x00007ff969a95000 	C:\WINDOWS\SYSTEM32\dbgcore.DLL
0x00007ff9710b0000 - 0x00007ff971132000 	C:\WINDOWS\System32\bcryptPrimitives.dll
0x00007ff9535f0000 - 0x00007ff95362c000 	C:\Users\fassbenf\.jdks\openjdk-19.0.2\bin\jdwp.dll
0x00007ff954620000 - 0x00007ff95462e000 	C:\Users\fassbenf\.jdks\openjdk-19.0.2\bin\instrument.dll
0x00007ff930090000 - 0x00007ff9300b6000 	C:\Users\fassbenf\.jdks\openjdk-19.0.2\bin\java.dll
0x00007ff921360000 - 0x00007ff921378000 	C:\Users\fassbenf\.jdks\openjdk-19.0.2\bin\zip.dll
0x00007ff89e210000 - 0x00007ff89e2e7000 	C:\Users\fassbenf\.jdks\openjdk-19.0.2\bin\jsvml.dll
0x00007ff972000000 - 0x00007ff972745000 	C:\WINDOWS\System32\SHELL32.dll
0x00007ff96e610000 - 0x00007ff96eda2000 	C:\WINDOWS\SYSTEM32\windows.storage.dll
0x00007ff9728a0000 - 0x00007ff972bf5000 	C:\WINDOWS\System32\combase.dll
0x00007ff970380000 - 0x00007ff9703b0000 	C:\WINDOWS\SYSTEM32\Wldp.dll
0x00007ff971f50000 - 0x00007ff971ffd000 	C:\WINDOWS\System32\SHCORE.dll
0x00007ff973270000 - 0x00007ff9732c5000 	C:\WINDOWS\System32\shlwapi.dll
0x00007ff970a20000 - 0x00007ff970a3f000 	C:\WINDOWS\SYSTEM32\profapi.dll
0x00007ff930070000 - 0x00007ff930083000 	C:\Users\fassbenf\.jdks\openjdk-19.0.2\bin\net.dll
0x00007ff96fa20000 - 0x00007ff96fb2c000 	C:\WINDOWS\SYSTEM32\WINHTTP.dll
0x00007ff970160000 - 0x00007ff9701ca000 	C:\WINDOWS\system32\mswsock.dll
0x00007ff92fed0000 - 0x00007ff92fee6000 	C:\Users\fassbenf\.jdks\openjdk-19.0.2\bin\nio.dll
0x00007ff954610000 - 0x00007ff95461c000 	C:\Users\fassbenf\.jdks\openjdk-19.0.2\bin\dt_socket.dll
0x00007ff96fe70000 - 0x00007ff96feab000 	C:\WINDOWS\SYSTEM32\IPHLPAPI.DLL
0x000001a7b7350000 - 0x000001a7b7353000 	C:\Users\fassbenf\.openjfx\cache\19+11\amd64\api-ms-win-core-console-l1-1-0.dll
0x000001a7b7360000 - 0x000001a7b7363000 	C:\Users\fassbenf\.openjfx\cache\19+11\amd64\api-ms-win-core-console-l1-2-0.dll
0x000001a7b7370000 - 0x000001a7b7373000 	C:\Users\fassbenf\.openjfx\cache\19+11\amd64\api-ms-win-core-datetime-l1-1-0.dll
0x000001a7b7380000 - 0x000001a7b7383000 	C:\Users\fassbenf\.openjfx\cache\19+11\amd64\api-ms-win-core-debug-l1-1-0.dll
0x000001a7b7390000 - 0x000001a7b7393000 	C:\Users\fassbenf\.openjfx\cache\19+11\amd64\api-ms-win-core-errorhandling-l1-1-0.dll
0x000001a7b73a0000 - 0x000001a7b73a4000 	C:\Users\fassbenf\.openjfx\cache\19+11\amd64\api-ms-win-core-file-l1-1-0.dll
0x000001a7b73b0000 - 0x000001a7b73b3000 	C:\Users\fassbenf\.openjfx\cache\19+11\amd64\api-ms-win-core-file-l1-2-0.dll
0x000001a7b73c0000 - 0x000001a7b73c3000 	C:\Users\fassbenf\.openjfx\cache\19+11\amd64\api-ms-win-core-file-l2-1-0.dll
0x000001a7b73d0000 - 0x000001a7b73d3000 	C:\Users\fassbenf\.openjfx\cache\19+11\amd64\api-ms-win-core-handle-l1-1-0.dll
0x000001a7e6740000 - 0x000001a7e6743000 	C:\Users\fassbenf\.openjfx\cache\19+11\amd64\api-ms-win-core-heap-l1-1-0.dll
0x000001a7e6750000 - 0x000001a7e6753000 	C:\Users\fassbenf\.openjfx\cache\19+11\amd64\api-ms-win-core-interlocked-l1-1-0.dll
0x000001a7e6760000 - 0x000001a7e6763000 	C:\Users\fassbenf\.openjfx\cache\19+11\amd64\api-ms-win-core-libraryloader-l1-1-0.dll
0x000001a7e6770000 - 0x000001a7e6773000 	C:\Users\fassbenf\.openjfx\cache\19+11\amd64\api-ms-win-core-localization-l1-2-0.dll
0x000001a7e6780000 - 0x000001a7e6783000 	C:\Users\fassbenf\.openjfx\cache\19+11\amd64\api-ms-win-core-memory-l1-1-0.dll
0x000001a7e6790000 - 0x000001a7e6793000 	C:\Users\fassbenf\.openjfx\cache\19+11\amd64\api-ms-win-core-namedpipe-l1-1-0.dll
0x000001a7e67a0000 - 0x000001a7e67a3000 	C:\Users\fassbenf\.openjfx\cache\19+11\amd64\api-ms-win-core-processenvironment-l1-1-0.dll
0x000001a7e67b0000 - 0x000001a7e67b3000 	C:\Users\fassbenf\.openjfx\cache\19+11\amd64\api-ms-win-core-processthreads-l1-1-0.dll
0x000001a7e67c0000 - 0x000001a7e67c3000 	C:\Users\fassbenf\.openjfx\cache\19+11\amd64\api-ms-win-core-processthreads-l1-1-1.dll
0x000001a7e67d0000 - 0x000001a7e67d3000 	C:\Users\fassbenf\.openjfx\cache\19+11\amd64\api-ms-win-core-profile-l1-1-0.dll
0x000001a7e67e0000 - 0x000001a7e67e3000 	C:\Users\fassbenf\.openjfx\cache\19+11\amd64\api-ms-win-core-rtlsupport-l1-1-0.dll
0x000001a7e67f0000 - 0x000001a7e67f3000 	C:\Users\fassbenf\.openjfx\cache\19+11\amd64\api-ms-win-core-string-l1-1-0.dll
0x000001a7ec430000 - 0x000001a7ec433000 	C:\Users\fassbenf\.openjfx\cache\19+11\amd64\api-ms-win-core-synch-l1-1-0.dll
0x000001a7ec440000 - 0x000001a7ec443000 	C:\Users\fassbenf\.openjfx\cache\19+11\amd64\api-ms-win-core-synch-l1-2-0.dll
0x000001a7ec2d0000 - 0x000001a7ec2d3000 	C:\Users\fassbenf\.openjfx\cache\19+11\amd64\api-ms-win-core-sysinfo-l1-1-0.dll
0x000001a7ec2e0000 - 0x000001a7ec2e3000 	C:\Users\fassbenf\.openjfx\cache\19+11\amd64\api-ms-win-core-timezone-l1-1-0.dll
0x000001a7ec2f0000 - 0x000001a7ec2f3000 	C:\Users\fassbenf\.openjfx\cache\19+11\amd64\api-ms-win-core-util-l1-1-0.dll
0x000001a7ec300000 - 0x000001a7ec303000 	C:\Users\fassbenf\.openjfx\cache\19+11\amd64\api-ms-win-crt-conio-l1-1-0.dll
0x000001a7ec310000 - 0x000001a7ec314000 	C:\Users\fassbenf\.openjfx\cache\19+11\amd64\api-ms-win-crt-convert-l1-1-0.dll
0x000001a7ec320000 - 0x000001a7ec323000 	C:\Users\fassbenf\.openjfx\cache\19+11\amd64\api-ms-win-crt-environment-l1-1-0.dll
0x000001a7ec330000 - 0x000001a7ec333000 	C:\Users\fassbenf\.openjfx\cache\19+11\amd64\api-ms-win-crt-filesystem-l1-1-0.dll
0x000001a7ec340000 - 0x000001a7ec343000 	C:\Users\fassbenf\.openjfx\cache\19+11\amd64\api-ms-win-crt-heap-l1-1-0.dll
0x000001a7ec350000 - 0x000001a7ec353000 	C:\Users\fassbenf\.openjfx\cache\19+11\amd64\api-ms-win-crt-locale-l1-1-0.dll
0x000001a7ec360000 - 0x000001a7ec365000 	C:\Users\fassbenf\.openjfx\cache\19+11\amd64\api-ms-win-crt-math-l1-1-0.dll
0x000001a7ec370000 - 0x000001a7ec375000 	C:\Users\fassbenf\.openjfx\cache\19+11\amd64\api-ms-win-crt-multibyte-l1-1-0.dll
0x000001a7ec380000 - 0x000001a7ec390000 	C:\Users\fassbenf\.openjfx\cache\19+11\amd64\api-ms-win-crt-private-l1-1-0.dll
0x000001a7ec390000 - 0x000001a7ec393000 	C:\Users\fassbenf\.openjfx\cache\19+11\amd64\api-ms-win-crt-process-l1-1-0.dll
0x000001a7ec3a0000 - 0x000001a7ec3a4000 	C:\Users\fassbenf\.openjfx\cache\19+11\amd64\api-ms-win-crt-runtime-l1-1-0.dll
0x000001a7ec3b0000 - 0x000001a7ec3b4000 	C:\Users\fassbenf\.openjfx\cache\19+11\amd64\api-ms-win-crt-stdio-l1-1-0.dll
0x000001a7ec3c0000 - 0x000001a7ec3c4000 	C:\Users\fassbenf\.openjfx\cache\19+11\amd64\api-ms-win-crt-string-l1-1-0.dll
0x000001a7ec3d0000 - 0x000001a7ec3d3000 	C:\Users\fassbenf\.openjfx\cache\19+11\amd64\api-ms-win-crt-time-l1-1-0.dll
0x000001a7ec3e0000 - 0x000001a7ec3e3000 	C:\Users\fassbenf\.openjfx\cache\19+11\amd64\api-ms-win-crt-utility-l1-1-0.dll
0x00007ff939b50000 - 0x00007ff939c4c000 	C:\Users\fassbenf\.openjfx\cache\19+11\amd64\ucrtbase.dll
0x00007ff9535d0000 - 0x00007ff9535eb000 	C:\Users\fassbenf\.openjfx\cache\19+11\amd64\vcruntime140.dll
0x00007ff954600000 - 0x00007ff95460c000 	C:\Users\fassbenf\.openjfx\cache\19+11\amd64\vcruntime140_1.dll
0x00007ff93bf50000 - 0x00007ff93bfde000 	C:\Users\fassbenf\.openjfx\cache\19+11\amd64\msvcp140.dll
0x00007ff94f4f0000 - 0x00007ff94f4f9000 	C:\Users\fassbenf\.openjfx\cache\19+11\amd64\msvcp140_1.dll
0x00007ff9481b0000 - 0x00007ff9481e0000 	C:\Users\fassbenf\.openjfx\cache\19+11\amd64\msvcp140_2.dll
0x00007ff947900000 - 0x00007ff94792c000 	C:\Users\fassbenf\.openjfx\cache\19+11\amd64\prism_d3d.dll
0x00007ff966170000 - 0x00007ff96633e000 	C:\WINDOWS\system32\d3d9.dll
0x00007ff96e140000 - 0x00007ff96e16f000 	C:\WINDOWS\SYSTEM32\dwmapi.dll
0x00007ff96dec0000 - 0x00007ff96df5e000 	C:\WINDOWS\system32\uxtheme.dll
0x00007ff9631b0000 - 0x00007ff96326e000 	C:\WINDOWS\System32\DriverStore\FileRepository\nv_dispi.inf_amd64_d1bd230cd08e7436\nvldumdx.dll
0x00007ff9705f0000 - 0x00007ff970602000 	C:\WINDOWS\SYSTEM32\msasn1.dll
0x00007ff96a110000 - 0x00007ff96a141000 	C:\WINDOWS\SYSTEM32\cryptnet.dll
0x00007ff970c70000 - 0x00007ff970dc6000 	C:\WINDOWS\System32\CRYPT32.dll
0x00007ff969e20000 - 0x00007ff969f68000 	C:\WINDOWS\SYSTEM32\drvstore.dll
0x00007ff9707b0000 - 0x00007ff9707dc000 	C:\WINDOWS\SYSTEM32\devobj.dll
0x00007ff970b10000 - 0x00007ff970b5e000 	C:\WINDOWS\System32\cfgmgr32.dll
0x00007ff9702f0000 - 0x00007ff9702fc000 	C:\WINDOWS\SYSTEM32\cryptbase.dll
0x00007ff9712e0000 - 0x00007ff971349000 	C:\WINDOWS\System32\WINTRUST.DLL
0x00007ff971430000 - 0x00007ff97144d000 	C:\WINDOWS\System32\imagehlp.dll
0x00007ff9703c0000 - 0x00007ff9703d8000 	C:\WINDOWS\SYSTEM32\CRYPTSP.dll
0x00007ff96f990000 - 0x00007ff96f9c4000 	C:\WINDOWS\system32\rsaenh.dll
0x00007ff970ae0000 - 0x00007ff970b07000 	C:\WINDOWS\System32\bcrypt.dll
0x00007ff8ca660000 - 0x00007ff8ccc6f000 	C:\WINDOWS\System32\DriverStore\FileRepository\nv_dispi.inf_amd64_d1bd230cd08e7436\nvd3dumx.dll
0x00007ff93bf00000 - 0x00007ff93bf42000 	C:\Users\fassbenf\.openjfx\cache\19+11\amd64\glass.dll
0x00007ff9732d0000 - 0x00007ff9733aa000 	C:\WINDOWS\System32\COMDLG32.dll
0x00007ff971830000 - 0x00007ff97195a000 	C:\WINDOWS\System32\ole32.dll
0x00007ff971640000 - 0x00007ff97170d000 	C:\WINDOWS\System32\OLEAUT32.dll
0x00007ff971710000 - 0x00007ff971825000 	C:\WINDOWS\System32\MSCTF.dll
0x00007ff928650000 - 0x00007ff928921000 	C:\WINDOWS\system32\nvspcap64.dll
0x00007ff96fbe0000 - 0x00007ff96fc13000 	C:\WINDOWS\SYSTEM32\ntmarta.dll
0x00007ff96f220000 - 0x00007ff96f243000 	C:\WINDOWS\SYSTEM32\gpapi.dll
0x00007ff9669a0000 - 0x00007ff9669db000 	C:\WINDOWS\SYSTEM32\dxcore.dll
0x00007ff948190000 - 0x00007ff9481a4000 	C:\Users\fassbenf\.openjfx\cache\19+11\amd64\javafx_font.dll
0x00007ff94d6e0000 - 0x00007ff94d95f000 	C:\WINDOWS\SYSTEM32\dwrite.dll
0x00007ff9727f0000 - 0x00007ff972899000 	C:\WINDOWS\System32\clbcatq.dll
0x00007ff965db0000 - 0x00007ff965f64000 	C:\WINDOWS\SYSTEM32\WindowsCodecs.dll
0x00007ff948120000 - 0x00007ff94815e000 	C:\WINDOWS\system32\dataexchange.dll
0x00007ff96c160000 - 0x00007ff96c3c3000 	C:\WINDOWS\system32\d3d11.dll

dbghelp: loaded successfully - version: 4.0.5 - missing functions: none
symbol engine: initialized successfully - sym options: 0x614 - pdb path: .;C:\Users\fassbenf\.jdks\openjdk-19.0.2\bin;C:\WINDOWS\SYSTEM32;C:\WINDOWS\WinSxS\amd64_microsoft.windows.common-controls_6595b64144ccf1df_6.0.19041.1110_none_60b5254171f9507e;C:\Users\fassbenf\.jdks\openjdk-19.0.2\bin\server;C:\Users\fassbenf\.openjfx\cache\19+11\amd64;C:\WINDOWS\System32\DriverStore\FileRepository\nv_dispi.inf_amd64_d1bd230cd08e7436;C:\Program Files\Common Files\Microsoft Shared\Ink

VM Arguments:
jvm_args: -agentlib:jdwp=transport=dt_socket,address=127.0.0.1:53297,suspend=y,server=n -javaagent:C:\Users\fassbenf\AppData\Local\JetBrains\IntelliJIdea2022.3\captureAgent\debugger-agent.jar -Dfile.encoding=UTF-8 -Dsun.stdout.encoding=UTF-8 -Dsun.stderr.encoding=UTF-8 --module-path=C:\Users\fassbenf\.m2\repository\org\openjfx\javafx-controls\19\javafx-controls-19-win.jar;C:\Users\fassbenf\.m2\repository\org\openjfx\javafx-graphics\19\javafx-graphics-19-win.jar;C:\Users\fassbenf\.m2\repository\org\openjfx\javafx-base\19\javafx-base-19-win.jar;C:\Users\fassbenf\.m2\repository\org\openjfx\javafx-fxml\19\javafx-fxml-19-win.jar;C:\Users\fassbenf\Dropbox\3BHIF\POS\_06_Fassbender_State_Task\_06_Fassbender_State_Task\target\classes -Djdk.module.main=com.example._06_fassbender_state_task 
java_command: com.example._06_fassbender_state_task/com.example._06_fassbender_state_task.HelloApplication
java_class_path (initial): C:\Users\fassbenf\.m2\repository\org\openjfx\javafx-controls\19\javafx-controls-19.jar;C:\Users\fassbenf\.m2\repository\org\openjfx\javafx-graphics\19\javafx-graphics-19.jar;C:\Users\fassbenf\.m2\repository\org\openjfx\javafx-base\19\javafx-base-19.jar;C:\Users\fassbenf\.m2\repository\org\openjfx\javafx-fxml\19\javafx-fxml-19.jar;C:\Program Files\JetBrains\IntelliJ IDEA 2022.3.2\lib\idea_rt.jar
Launcher Type: SUN_STANDARD

[Global flags]
     intx CICompilerCount                          = 15                                        {product} {ergonomic}
     uint ConcGCThreads                            = 6                                         {product} {ergonomic}
     uint G1ConcRefinementThreads                  = 23                                        {product} {ergonomic}
   size_t G1HeapRegionSize                         = 4194304                                   {product} {ergonomic}
    uintx GCDrainStackTargetSize                   = 64                                        {product} {ergonomic}
   size_t InitialHeapSize                          = 536870912                                 {product} {ergonomic}
   size_t MarkStackSize                            = 4194304                                   {product} {ergonomic}
   size_t MaxHeapSize                              = 8568963072                                {product} {ergonomic}
   size_t MaxNewSize                               = 5138022400                                {product} {ergonomic}
   size_t MinHeapDeltaBytes                        = 4194304                                   {product} {ergonomic}
   size_t MinHeapSize                              = 8388608                                   {product} {ergonomic}
    uintx NonNMethodCodeHeapSize                   = 8192380                                {pd product} {ergonomic}
    uintx NonProfiledCodeHeapSize                  = 121732930                              {pd product} {ergonomic}
    uintx ProfiledCodeHeapSize                     = 121732930                              {pd product} {ergonomic}
    uintx ReservedCodeCacheSize                    = 251658240                              {pd product} {ergonomic}
     bool SegmentedCodeCache                       = true                                      {product} {ergonomic}
   size_t SoftMaxHeapSize                          = 8568963072                             {manageable} {ergonomic}
     bool UseCompressedClassPointers               = true                           {product lp64_product} {ergonomic}
     bool UseCompressedOops                        = true                           {product lp64_product} {ergonomic}
     bool UseG1GC                                  = true                                      {product} {ergonomic}
     bool UseLargePagesIndividualAllocation        = false                                  {pd product} {ergonomic}

Logging:
Log output configuration:
 #0: stdout all=off uptime,level,tags foldmultilines=false
 #1: stderr all=off uptime,level,tags foldmultilines=false

Environment Variables:
PATH=C:\Program Files (x86)\Microsoft SDKs\Azure\CLI2\wbin;C:\Program Files\NVIDIA GPU Computing Toolkit\CUDA\v11.8\bin;C:\Program Files\NVIDIA GPU Computing Toolkit\CUDA\v11.8\libnvvp;C:\Program Files (x86)\Razer Chroma SDK\bin;C:\Program Files\Razer Chroma SDK\bin;C:\Program Files (x86)\Razer\ChromaBroadcast\bin;C:\Program Files\Razer\ChromaBroadcast\bin;C:\WINDOWS\system32;C:\WINDOWS;C:\WINDOWS\System32\Wbem;C:\WINDOWS\System32\WindowsPowerShell\v1.0\;C:\WINDOWS\System32\OpenSSH\;C:\Program Files\NVIDIA Corporation\NVIDIA NvDLISR;C:\Program Files (x86)\NVIDIA Corporation\PhysX\Common;C:\Users\fassbenf\AppData\Local\Microsoft\WindowsApps;C:\Program Files\dotnet\;C:\WINDOWS\system32\config\systemprofile\AppData\Local\Microsoft\WindowsApps;C:\Program Files\nodejs\;C:\Program Files\NVIDIA Corporation\Nsight Compute 2022.3.0\;C:\Program Files\Git\cmd;C:\Program Files\Docker\Docker\resources\bin;C:\Users\fassbenf\AppData\Local\Microsoft\WindowsApps;C:\Users\fassbenf\AppData\Local\Programs\Microsoft VS Code\bin;C:\MinGW\bin;C:\Users\fassbenf\AppData\Local\bin\NASM;C:\Users\fassbenf\.dotnet\tools;C:\Program Files\JetBrains\IntelliJ IDEA Community Edition 2022.2.2\bin;;C:\Users\fassbenf\AppData\Roaming\npm;C:\Program Files\JetBrains\DataGrip 2022.2.5\bin;;C:\Users\fassbenf\AppData\Local\GitHubDesktop\bin;C:\Program Files\JetBrains\WebStorm 2022.3.1\bin;;C:\Program Files\JetBrains\IntelliJ IDEA 2022.3.2\bin;
USERNAME=fassbenf
OS=Windows_NT
PROCESSOR_IDENTIFIER=AMD64 Family 23 Model 113 Stepping 0, AuthenticAMD
TMP=C:\Users\fassbenf\AppData\Local\Temp
TEMP=C:\Users\fassbenf\AppData\Local\Temp



---------------  S Y S T E M  ---------------

OS:
 Windows 10 , 64 bit Build 19041 (10.0.19041.2546)
OS uptime: 0 days 5:06 hours
Hyper-V role detected

CPU: total 32 (initial active 32) (32 cores per cpu, 2 threads per core) family 23 model 113 stepping 0 microcode 0x0, cx8, cmov, fxsr, ht, mmx, 3dnowpref, sse, sse2, sse3, ssse3, sse4a, sse4.1, sse4.2, popcnt, lzcnt, tsc, tscinvbit, avx, avx2, aes, clmul, bmi1, bmi2, adx, sha, fma, vzeroupper, clflush, clflushopt, hv, rdtscp, rdpid

Memory: 4k page, system-wide physical 32674M (14767M free)
TotalPageFile size 53154M (AvailPageFile size 20565M)
current process WorkingSet (physical memory assigned to process): 171M, peak: 214M
current process commit charge ("private bytes"): 759M, peak: 795M

vm_info: OpenJDK 64-Bit Server VM (19.0.2+7-44) for windows-amd64 JRE (19.0.2+7-44), built on 2022-11-30T18:02:09Z by "mach5one" with MS VC++ 17.1 (VS2022)

END.
