#
# A fatal error has been detected by the Java Runtime Environment:
#
#  EXCEPTION_ACCESS_VIOLATION (0xc0000005) at pc=0x00007ff93bf263b7, pid=38848, tid=33536
#
# JRE version: OpenJDK Runtime Environment (19.0.2+7) (build 19.0.2+7-44)
# Java VM: OpenJDK 64-Bit Server VM (19.0.2+7-44, mixed mode, sharing, tiered, compressed oops, compressed class ptrs, g1 gc, windows-amd64)
# Problematic frame:
# C  [glass.dll+0x263b7]
#
# No core dump will be written. Minidumps are not enabled by default on client versions of Windows
#
# If you would like to submit a bug report, please visit:
#   https://bugreport.java.com/bugreport/crash.jsp
#

---------------  S U M M A R Y ------------

Command Line: -agentlib:jdwp=transport=dt_socket,address=127.0.0.1:56163,suspend=y,server=n -javaagent:C:\Users\fassbenf\AppData\Local\JetBrains\IntelliJIdea2022.3\captureAgent\debugger-agent.jar -Dfile.encoding=UTF-8 -Dsun.stdout.encoding=UTF-8 -Dsun.stderr.encoding=UTF-8 --module-path=C:\Users\fassbenf\.m2\repository\org\openjfx\javafx-fxml\19\javafx-fxml-19-win.jar;C:\Users\fassbenf\.m2\repository\org\openjfx\javafx-base\19\javafx-base-19-win.jar;C:\Users\fassbenf\.m2\repository\org\openjfx\javafx-graphics\19\javafx-graphics-19-win.jar;C:\Users\fassbenf\.m2\repository\org\openjfx\javafx-controls\19\javafx-controls-19-win.jar;C:\Users\fassbenf\Dropbox\3BHIF\POS\_06_Fassbender_State_Task\_06_Fassbender_State_Task\target\classes -Djdk.module.main=com.example._06_fassbender_state_task com.example._06_fassbender_state_task/com.example._06_fassbender_state_task.HelloApplication

Host: AMD Ryzen 9 3950X 16-Core Processor            , 32 cores, 31G,  Windows 10 , 64 bit Build 19041 (10.0.19041.2546)
Time: Sun Mar 19 16:46:03 2023 Mitteleuropäische Zeit elapsed time: 61.926145 seconds (0d 0h 1m 1s)

---------------  T H R E A D  ---------------

Current thread (0x000001b0c2e8de50):  VMThread "VM Thread" [stack: 0x00000008ec700000,0x00000008ec800000] [id=33536]

Stack: [0x00000008ec700000,0x00000008ec800000],  sp=0x00000008ec7ff070,  free space=1020k
Native frames: (J=compiled Java code, j=interpreted, Vv=VM code, C=native code)
C  [glass.dll+0x263b7]


siginfo: EXCEPTION_ACCESS_VIOLATION (0xc0000005), reading address 0x0000000000000000


Registers:
RAX=0x0000000000000000, RBX=0x000001b0f6f445f0, RCX=0x000001b0c2e8de50, RDX=0x00000008ec7ff070
RSP=0x00000008ec7ff070, RBP=0x000001b0f70b0968, RSI=0x000001b0f70b0940, RDI=0x00007bbc6c6a7653
R8 =0x0000000000010002, R9 =0x00007bbc6c6a7653, R10=0x0000000000008000, R11=0x00000008ec7ff000
R12=0x00007ff93bf23cf0, R13=0x00007ff866b772a0, R14=0x00000008ec7ff168, R15=0x000001b0f70b0940
RIP=0x00007ff93bf263b7, EFLAGS=0x0000000000010202


Register to memory mapping:

RIP=0x00007ff93bf263b7 glass.dll
RAX=0x0 is NULL
RBX=0x000001b0f6f445f0 is a global jni handle
RCX=0x000001b0c2e8de50 points into unknown readable memory: 0x00007ff8669845b8 | b8 45 98 66 f8 7f 00 00
RDX=0x00000008ec7ff070 points into unknown readable memory: 0x0000000000000000 | 00 00 00 00 00 00 00 00
RSP=0x00000008ec7ff070 points into unknown readable memory: 0x0000000000000000 | 00 00 00 00 00 00 00 00
RBP=0x000001b0f70b0968 points into unknown readable memory: 0x00007bbc6c6a7653 | 53 76 6a 6c bc 7b 00 00
RSI=0x000001b0f70b0940 points into unknown readable memory: 0xffc9a42dac2a7650 | 50 76 2a ac 2d a4 c9 ff
RDI=0x00007bbc6c6a7653 is an unknown value
R8 =0x0000000000010002 is an unknown value
R9 =0x00007bbc6c6a7653 is an unknown value
R10=0x0000000000008000 is an unknown value
R11=0x00000008ec7ff000 points into unknown readable memory: 0x000001b0f70b0940 | 40 09 0b f7 b0 01 00 00
R12=0x00007ff93bf23cf0 glass.dll
R13=0x00007ff866b772a0 jvm.dll
R14=0x00000008ec7ff168 points into unknown readable memory: 0x00000008ec7ff150 | 50 f1 7f ec 08 00 00 00
R15=0x000001b0f70b0940 points into unknown readable memory: 0xffc9a42dac2a7650 | 50 76 2a ac 2d a4 c9 ff


Top of Stack: (sp=0x00000008ec7ff070)
0x00000008ec7ff070:   0000000000000000 000001b0f70b0940
0x00000008ec7ff080:   00007ff866b772a0 00007ff93bf23cf0
0x00000008ec7ff090:   000001b0f70b0948 00007ff9711f42d6
0x00000008ec7ff0a0:   00007bbc6c6a7653 000001b000000000
0x00000008ec7ff0b0:   000001b0f70b0968 000001b0f70b0940
0x00000008ec7ff0c0:   fffffffffffffffe 0000000000000000
0x00000008ec7ff0d0:   0000000000000001 00007ff93bf00000
0x00000008ec7ff0e0:   00000008ec7ff158 00007ff9711f41fb
0x00000008ec7ff0f0:   0000000000000000 00000008ec7ff168
0x00000008ec7ff100:   00000008ec7ff430 00007ff9712d0e40
0x00000008ec7ff110:   0000000000000001 00007ff9711f41b4
0x00000008ec7ff120:   0000000000000000 0000000000000001
0x00000008ec7ff130:   0000000000000000 00000008ec7ff158
0x00000008ec7ff140:   ffffffff00000001 00007ff93bf23b7d
0x00000008ec7ff150:   00007ff93bf39f88 00007ff900000002
0x00000008ec7ff160:   0000000000000002 00000008ec7ff150 

Instructions: (pc=0x00007ff93bf263b7)
0x00007ff93bf262b7:   8b 4d 58 e8 7d cf ff ff 48 8b 4d 60 e8 74 cf ff
0x00007ff93bf262c7:   ff 48 8b 95 80 00 00 00 48 8b 8d 18 01 00 00 e8
0x00007ff93bf262d7:   66 c4 ff ff 33 d2 33 c9 e8 bc e1 ff ff 90 48 89
0x00007ff93bf262e7:   54 24 10 55 48 83 ec 20 48 8b ea 48 b8 00 00 00
0x00007ff93bf262f7:   00 00 00 00 00 48 83 c4 20 5d c3 cc 40 55 48 8b
0x00007ff93bf26307:   ea 48 8b 01 33 c9 81 38 05 00 00 c0 0f 94 c1 8b
0x00007ff93bf26317:   c1 5d c3 cc 40 55 48 83 ec 20 48 8b ea 8a 4d 40
0x00007ff93bf26327:   48 83 c4 20 5d e9 63 d3 ff ff cc 40 55 48 83 ec
0x00007ff93bf26337:   20 48 8b ea 8a 4d 20 e8 51 d3 ff ff 90 48 83 c4
0x00007ff93bf26347:   20 5d c3 cc 40 55 48 83 ec 20 48 8b ea 48 83 c4
0x00007ff93bf26357:   20 5d e9 b2 d1 ff ff cc 40 55 48 83 ec 30 48 8b
0x00007ff93bf26367:   ea 48 8b 01 8b 10 48 89 4c 24 28 89 54 24 20 4c
0x00007ff93bf26377:   8d 0d 53 d6 ff ff 4c 8b 45 70 8b 55 68 48 8b 4d
0x00007ff93bf26387:   60 e8 f3 d0 ff ff 90 48 83 c4 30 5d c3 cc cc cc
0x00007ff93bf26397:   cc cc cc cc cc cc cc cc cc 40 53 48 83 ec 20 48
0x00007ff93bf263a7:   8b 1d db 35 01 00 48 85 db 74 16 e8 79 8b ff ff
0x00007ff93bf263b7:   4c 8b 00 48 8b d3 48 8b c8 41 ff 90 b0 00 00 00
0x00007ff93bf263c7:   90 48 83 c4 20 5b c3 cc cc 40 53 48 83 ec 20 48
0x00007ff93bf263d7:   8b 1d 4b 37 01 00 48 85 db 74 57 b8 ff ff ff ff
0x00007ff93bf263e7:   f0 0f c1 43 10 83 f8 01 75 3d 48 85 db 74 38 48
0x00007ff93bf263f7:   8b 0b 48 85 c9 74 0d ff 15 a4 0e 00 00 48 c7 03
0x00007ff93bf26407:   00 00 00 00 48 8b 4b 08 48 85 c9 74 0d e8 23 ce
0x00007ff93bf26417:   ff ff 48 c7 43 08 00 00 00 00 ba 18 00 00 00 48
0x00007ff93bf26427:   8b cb e8 0e ce ff ff 48 c7 05 ef 36 01 00 00 00
0x00007ff93bf26437:   00 00 48 83 c4 20 5b c3 cc 40 53 48 83 ec 20 48
0x00007ff93bf26447:   8b 1d bb 36 01 00 48 85 db 74 57 b8 ff ff ff ff
0x00007ff93bf26457:   f0 0f c1 43 10 83 f8 01 75 3d 48 85 db 74 38 48
0x00007ff93bf26467:   8b 0b 48 85 c9 74 0d ff 15 34 0e 00 00 48 c7 03
0x00007ff93bf26477:   00 00 00 00 48 8b 4b 08 48 85 c9 74 0d e8 b3 cd
0x00007ff93bf26487:   ff ff 48 c7 43 08 00 00 00 00 ba 18 00 00 00 48
0x00007ff93bf26497:   8b cb e8 9e cd ff ff 48 c7 05 5f 36 01 00 00 00
0x00007ff93bf264a7:   00 00 48 83 c4 20 5b c3 cc 40 53 48 83 ec 20 48 


Stack slot to memory mapping:
stack at sp + 0 slots: 0x0 is NULL
stack at sp + 1 slots: 0x000001b0f70b0940 points into unknown readable memory: 0xffc9a42dac2a7650 | 50 76 2a ac 2d a4 c9 ff
stack at sp + 2 slots: 0x00007ff866b772a0 jvm.dll
stack at sp + 3 slots: 0x00007ff93bf23cf0 glass.dll
stack at sp + 4 slots: 0x000001b0f70b0948 points into unknown readable memory: 0x00007bbc6c6a7653 | 53 76 6a 6c bc 7b 00 00
stack at sp + 5 slots: 0x00007ff9711f42d6 ucrtbase.dll
stack at sp + 6 slots: 0x00007bbc6c6a7653 is an unknown value
stack at sp + 7 slots: 0x000001b000000000 is an unknown value

VM_Operation (0x00000008ebefefe0): Exit, mode: safepoint, requested by thread 0x000001b0f8687bf0


---------------  P R O C E S S  ---------------

Threads class SMR info:
_java_thread_list=0x000001b0f6babfd0, length=20, elements={
0x000001b0c2e66920, 0x000001b0ee38edb0, 0x000001b0ee38ff50, 0x000001b0ee39a740,
0x000001b0ee39ba30, 0x000001b0ee39c500, 0x000001b0ee3a10f0, 0x000001b0f1cb3060,
0x000001b0f1cca370, 0x000001b0f1dc13d0, 0x000001b0f650dd90, 0x000001b0f6f42d50,
0x000001b0f70840b0, 0x000001b0f71d6eb0, 0x000001b0f6be75c0, 0x000001b0f6fa7d40,
0x000001b0f84a19a0, 0x000001b0f8686160, 0x000001b0f86876a0, 0x000001b0f8687bf0
}

Java Threads: ( => current thread )
  0x000001b0c2e66920 JavaThread "main" [_thread_blocked, id=37184, stack(0x00000008ec100000,0x00000008ec200000)]
  0x000001b0ee38edb0 JavaThread "Reference Handler" daemon [_thread_blocked, id=6720, stack(0x00000008ec800000,0x00000008ec900000)]
  0x000001b0ee38ff50 JavaThread "Finalizer" daemon [_thread_blocked, id=14356, stack(0x00000008ec900000,0x00000008eca00000)]
  0x000001b0ee39a740 JavaThread "Attach Listener" daemon [_thread_blocked, id=17020, stack(0x00000008ecb00000,0x00000008ecc00000)]
  0x000001b0ee39ba30 JavaThread "Service Thread" daemon [_thread_blocked, id=21372, stack(0x00000008ecc00000,0x00000008ecd00000)]
  0x000001b0ee39c500 JavaThread "Monitor Deflation Thread" daemon [_thread_blocked, id=38332, stack(0x00000008ecd00000,0x00000008ece00000)]
  0x000001b0ee3a10f0 JavaThread "C2 CompilerThread0" daemon [_thread_blocked, id=41312, stack(0x00000008ece00000,0x00000008ecf00000)]
  0x000001b0f1cb3060 JavaThread "C1 CompilerThread0" daemon [_thread_blocked, id=41808, stack(0x00000008ecf00000,0x00000008ed000000)]
  0x000001b0f1cca370 JavaThread "Sweeper thread" daemon [_thread_blocked, id=40972, stack(0x00000008ed000000,0x00000008ed100000)]
  0x000001b0f1dc13d0 JavaThread "Common-Cleaner" daemon [_thread_blocked, id=29160, stack(0x00000008ed100000,0x00000008ed200000)]
  0x000001b0f650dd90 JavaThread "JDWP Event Helper Thread" daemon [_thread_blocked, id=41560, stack(0x00000008edd00000,0x00000008ede00000)]
  0x000001b0f6f42d50 JavaThread "Notification Thread" daemon [_thread_blocked, id=17692, stack(0x00000008edf00000,0x00000008ee000000)]
  0x000001b0f70840b0 JavaThread "QuantumRenderer-0" daemon [_thread_blocked, id=41140, stack(0x00000008ee100000,0x00000008ee200000)]
  0x000001b0f71d6eb0 JavaThread "InvokeLaterDispatcher" daemon [_thread_blocked, id=38992, stack(0x00000008ee300000,0x00000008ee400000)]
  0x000001b0f6be75c0 JavaThread "JavaFX Application Thread" [_thread_blocked, id=16336, stack(0x00000008ee400000,0x00000008ee500000)]
  0x000001b0f6fa7d40 JavaThread "Thread-1" daemon [_thread_in_native, id=40136, stack(0x00000008ed800000,0x00000008ed900000)]
  0x000001b0f84a19a0 JavaThread "JavaFX-Launcher" [_thread_blocked, id=37248, stack(0x00000008edae0000,0x00000008edbe0000)]
  0x000001b0f8686160 JavaThread "Prism Font Disposer" daemon [_thread_blocked, id=35196, stack(0x00000008ef300000,0x00000008ef400000)]
  0x000001b0f86876a0 JavaThread "Cleaner-0" daemon [_thread_blocked, id=30892, stack(0x00000008ef400000,0x00000008ef500000)]
  0x000001b0f8687bf0 JavaThread "SIGINT handler" daemon [_thread_blocked, id=36168, stack(0x00000008ebe00000,0x00000008ebf00000)]

Other Threads:
=>0x000001b0c2e8de50 VMThread "VM Thread" [stack: 0x00000008ec700000,0x00000008ec800000] [id=33536]
  0x000001b0c2e8db80 WorkerThread "GC Thread#0" [stack: 0x00000008ec200000,0x00000008ec300000] [id=41980]
  0x000001b0f71e5900 WorkerThread "GC Thread#1" [stack: 0x00000008ee500000,0x00000008ee600000] [id=37816]
  0x000001b0f71e3fb0 WorkerThread "GC Thread#2" [stack: 0x00000008ee600000,0x00000008ee700000] [id=41000]
  0x000001b0f71e69e0 WorkerThread "GC Thread#3" [stack: 0x00000008ee700000,0x00000008ee800000] [id=41740]
  0x000001b0f71e5bd0 WorkerThread "GC Thread#4" [stack: 0x00000008ee800000,0x00000008ee900000] [id=1056]
  0x000001b0f71e7ac0 WorkerThread "GC Thread#5" [stack: 0x00000008ee900000,0x00000008eea00000] [id=40184]
  0x000001b0f71e5360 WorkerThread "GC Thread#6" [stack: 0x00000008eea00000,0x00000008eeb00000] [id=38192]
  0x000001b0f71e6cb0 WorkerThread "GC Thread#7" [stack: 0x00000008eeb00000,0x00000008eec00000] [id=23652]
  0x000001b0f71e4550 WorkerThread "GC Thread#8" [stack: 0x00000008eec00000,0x00000008eed00000] [id=35640]
  0x000001b0f71e4820 WorkerThread "GC Thread#9" [stack: 0x00000008eed00000,0x00000008eee00000] [id=17812]
  0x000001b0f71e7520 WorkerThread "GC Thread#10" [stack: 0x00000008eee00000,0x00000008eef00000] [id=36816]
  0x000001b0f71e6170 WorkerThread "GC Thread#11" [stack: 0x00000008eef00000,0x00000008ef000000] [id=10700]
  0x000001b0f8859a20 WorkerThread "GC Thread#12" [stack: 0x00000008ed600000,0x00000008ed700000] [id=36880]
  0x000001b0f885c9f0 WorkerThread "GC Thread#13" [stack: 0x00000008ed700000,0x00000008ed800000] [id=15228]
  0x000001b0f8858ee0 WorkerThread "GC Thread#14" [stack: 0x00000008ef500000,0x00000008ef600000] [id=12220]
  0x000001b0f8859480 WorkerThread "GC Thread#15" [stack: 0x00000008ef600000,0x00000008ef700000] [id=8436]
  0x000001b0f8859cf0 WorkerThread "GC Thread#16" [stack: 0x00000008ef700000,0x00000008ef800000] [id=9220]
  0x000001b0f88591b0 WorkerThread "GC Thread#17" [stack: 0x00000008ef800000,0x00000008ef900000] [id=41472]
  0x000001b0f8859fc0 WorkerThread "GC Thread#18" [stack: 0x00000008ef900000,0x00000008efa00000] [id=13476]
  0x000001b0f885a290 WorkerThread "GC Thread#19" [stack: 0x00000008efa00000,0x00000008efb00000] [id=38844]
  0x000001b0f885a560 WorkerThread "GC Thread#20" [stack: 0x00000008efb00000,0x00000008efc00000] [id=33052]
  0x000001b0f885a830 WorkerThread "GC Thread#21" [stack: 0x00000008efc00000,0x00000008efd00000] [id=37540]
  0x000001b0f885ab00 WorkerThread "GC Thread#22" [stack: 0x00000008efd00000,0x00000008efe00000] [id=40132]
  0x000001b0ee1b4060 ConcurrentGCThread "G1 Main Marker" terminated
  0x000001b0c2e8e120 WorkerThread "G1 Conc#0" [stack: 0x00000008ec400000,0x00000008ec500000] [id=40440]
  0x000001b0ee2a9ca0 ConcurrentGCThread "G1 Refine#0" terminated
  0x000001b0ee2aa6f0 ConcurrentGCThread "G1 Service" terminated

Threads with active compile tasks:
C1 CompilerThread0  
[error occurred during error reporting (printing all threads), id 0xc0000005, EXCEPTION_ACCESS_VIOLATION (0xc0000005) at pc=0x00007ff8667703b3]

VM state: at safepoint (shutting down)

VM Mutex/Monitor currently owned by a thread:  ([mutex/lock_event])
[0x000001b0c2e65180] Threads_lock - owner thread: 0x000001b0c2e8de50
[0x000001b0c2e654e0] Heap_lock - owner thread: 0x000001b0f8687bf0

Heap address: 0x0000000601400000, size: 8172 MB, Compressed Oops mode: Zero based, Oop shift amount: 3

CDS archive(s) mapped at: [0x0000000800000000-0x0000000800c40000-0x0000000800c40000), size 12845056, SharedBaseAddress: 0x0000000800000000, ArchiveRelocationMode: 0.
Compressed class space mapped at: 0x0000000801000000-0x0000000841000000, reserved size: 1073741824
Narrow klass base: 0x0000000800000000, Narrow klass shift: 0, Narrow klass range: 0x100000000

GC Precious Log:
 CardTable entry size: 512
 Card Set container configuration: InlinePtr #cards 4 size 8 Array Of Cards #cards 32 size 80 Howl #buckets 8 coarsen threshold 7372 Howl Bitmap #cards 1024 size 144 coarsen threshold 921 Card regions per heap region 1 cards per card region 8192
 CPUs: 32 total, 32 available
 Memory: 32674M
 Large Page Support: Disabled
 NUMA Support: Disabled
 Compressed Oops: Enabled (Zero based)
 Heap Region Size: 4M
 Heap Min Capacity: 8M
 Heap Initial Capacity: 512M
 Heap Max Capacity: 8172M
 Pre-touch: Disabled
 Parallel Workers: 23
 Concurrent Workers: 6
 Concurrent Refinement Workers: 23
 Periodic GC: Disabled

Heap:
 garbage-first heap   total 524288K, used 29223K [0x0000000601400000, 0x0000000800000000)
  region size 4096K, 8 young (32768K), 2 survivors (8192K)
 Metaspace       used 19163K, committed 19584K, reserved 1114112K
  class space    used 2680K, committed 2880K, reserved 1048576K

Heap Regions: E=young(eden), S=young(survivor), O=old, HS=humongous(starts), HC=humongous(continues), CS=collection set, F=free, OA=open archive, CA=closed archive, TAMS=top-at-mark-start (previous, next)
|   0|0x0000000601400000, 0x0000000601489c00, 0x0000000601800000| 13%| O|  |TAMS 0x0000000601400000, 0x0000000601400000| Untracked 
|   1|0x0000000601800000, 0x0000000601800000, 0x0000000601c00000|  0%| F|  |TAMS 0x0000000601800000, 0x0000000601800000| Untracked 
|   2|0x0000000601c00000, 0x0000000601c00000, 0x0000000602000000|  0%| F|  |TAMS 0x0000000601c00000, 0x0000000601c00000| Untracked 
|   3|0x0000000602000000, 0x0000000602000000, 0x0000000602400000|  0%| F|  |TAMS 0x0000000602000000, 0x0000000602000000| Untracked 
|   4|0x0000000602400000, 0x0000000602400000, 0x0000000602800000|  0%| F|  |TAMS 0x0000000602400000, 0x0000000602400000| Untracked 
|   5|0x0000000602800000, 0x0000000602800000, 0x0000000602c00000|  0%| F|  |TAMS 0x0000000602800000, 0x0000000602800000| Untracked 
|   6|0x0000000602c00000, 0x0000000602c00000, 0x0000000603000000|  0%| F|  |TAMS 0x0000000602c00000, 0x0000000602c00000| Untracked 
|   7|0x0000000603000000, 0x0000000603000000, 0x0000000603400000|  0%| F|  |TAMS 0x0000000603000000, 0x0000000603000000| Untracked 
|   8|0x0000000603400000, 0x0000000603400000, 0x0000000603800000|  0%| F|  |TAMS 0x0000000603400000, 0x0000000603400000| Untracked 
|   9|0x0000000603800000, 0x0000000603800000, 0x0000000603c00000|  0%| F|  |TAMS 0x0000000603800000, 0x0000000603800000| Untracked 
|  10|0x0000000603c00000, 0x0000000603c00000, 0x0000000604000000|  0%| F|  |TAMS 0x0000000603c00000, 0x0000000603c00000| Untracked 
|  11|0x0000000604000000, 0x0000000604000000, 0x0000000604400000|  0%| F|  |TAMS 0x0000000604000000, 0x0000000604000000| Untracked 
|  12|0x0000000604400000, 0x0000000604400000, 0x0000000604800000|  0%| F|  |TAMS 0x0000000604400000, 0x0000000604400000| Untracked 
|  13|0x0000000604800000, 0x0000000604800000, 0x0000000604c00000|  0%| F|  |TAMS 0x0000000604800000, 0x0000000604800000| Untracked 
|  14|0x0000000604c00000, 0x0000000604c00000, 0x0000000605000000|  0%| F|  |TAMS 0x0000000604c00000, 0x0000000604c00000| Untracked 
|  15|0x0000000605000000, 0x0000000605000000, 0x0000000605400000|  0%| F|  |TAMS 0x0000000605000000, 0x0000000605000000| Untracked 
|  16|0x0000000605400000, 0x0000000605400000, 0x0000000605800000|  0%| F|  |TAMS 0x0000000605400000, 0x0000000605400000| Untracked 
|  17|0x0000000605800000, 0x0000000605800000, 0x0000000605c00000|  0%| F|  |TAMS 0x0000000605800000, 0x0000000605800000| Untracked 
|  18|0x0000000605c00000, 0x0000000605c00000, 0x0000000606000000|  0%| F|  |TAMS 0x0000000605c00000, 0x0000000605c00000| Untracked 
|  19|0x0000000606000000, 0x0000000606000000, 0x0000000606400000|  0%| F|  |TAMS 0x0000000606000000, 0x0000000606000000| Untracked 
|  20|0x0000000606400000, 0x0000000606400000, 0x0000000606800000|  0%| F|  |TAMS 0x0000000606400000, 0x0000000606400000| Untracked 
|  21|0x0000000606800000, 0x0000000606800000, 0x0000000606c00000|  0%| F|  |TAMS 0x0000000606800000, 0x0000000606800000| Untracked 
|  22|0x0000000606c00000, 0x0000000606c00000, 0x0000000607000000|  0%| F|  |TAMS 0x0000000606c00000, 0x0000000606c00000| Untracked 
|  23|0x0000000607000000, 0x0000000607000000, 0x0000000607400000|  0%| F|  |TAMS 0x0000000607000000, 0x0000000607000000| Untracked 
|  24|0x0000000607400000, 0x0000000607400000, 0x0000000607800000|  0%| F|  |TAMS 0x0000000607400000, 0x0000000607400000| Untracked 
|  25|0x0000000607800000, 0x0000000607800000, 0x0000000607c00000|  0%| F|  |TAMS 0x0000000607800000, 0x0000000607800000| Untracked 
|  26|0x0000000607c00000, 0x0000000607c00000, 0x0000000608000000|  0%| F|  |TAMS 0x0000000607c00000, 0x0000000607c00000| Untracked 
|  27|0x0000000608000000, 0x0000000608000000, 0x0000000608400000|  0%| F|  |TAMS 0x0000000608000000, 0x0000000608000000| Untracked 
|  28|0x0000000608400000, 0x0000000608400000, 0x0000000608800000|  0%| F|  |TAMS 0x0000000608400000, 0x0000000608400000| Untracked 
|  29|0x0000000608800000, 0x0000000608800000, 0x0000000608c00000|  0%| F|  |TAMS 0x0000000608800000, 0x0000000608800000| Untracked 
|  30|0x0000000608c00000, 0x0000000608c00000, 0x0000000609000000|  0%| F|  |TAMS 0x0000000608c00000, 0x0000000608c00000| Untracked 
|  31|0x0000000609000000, 0x0000000609000000, 0x0000000609400000|  0%| F|  |TAMS 0x0000000609000000, 0x0000000609000000| Untracked 
|  32|0x0000000609400000, 0x0000000609400000, 0x0000000609800000|  0%| F|  |TAMS 0x0000000609400000, 0x0000000609400000| Untracked 
|  33|0x0000000609800000, 0x0000000609800000, 0x0000000609c00000|  0%| F|  |TAMS 0x0000000609800000, 0x0000000609800000| Untracked 
|  34|0x0000000609c00000, 0x0000000609c00000, 0x000000060a000000|  0%| F|  |TAMS 0x0000000609c00000, 0x0000000609c00000| Untracked 
|  35|0x000000060a000000, 0x000000060a000000, 0x000000060a400000|  0%| F|  |TAMS 0x000000060a000000, 0x000000060a000000| Untracked 
|  36|0x000000060a400000, 0x000000060a400000, 0x000000060a800000|  0%| F|  |TAMS 0x000000060a400000, 0x000000060a400000| Untracked 
|  37|0x000000060a800000, 0x000000060a800000, 0x000000060ac00000|  0%| F|  |TAMS 0x000000060a800000, 0x000000060a800000| Untracked 
|  38|0x000000060ac00000, 0x000000060ac00000, 0x000000060b000000|  0%| F|  |TAMS 0x000000060ac00000, 0x000000060ac00000| Untracked 
|  39|0x000000060b000000, 0x000000060b000000, 0x000000060b400000|  0%| F|  |TAMS 0x000000060b000000, 0x000000060b000000| Untracked 
|  40|0x000000060b400000, 0x000000060b400000, 0x000000060b800000|  0%| F|  |TAMS 0x000000060b400000, 0x000000060b400000| Untracked 
|  41|0x000000060b800000, 0x000000060b800000, 0x000000060bc00000|  0%| F|  |TAMS 0x000000060b800000, 0x000000060b800000| Untracked 
|  42|0x000000060bc00000, 0x000000060bc00000, 0x000000060c000000|  0%| F|  |TAMS 0x000000060bc00000, 0x000000060bc00000| Untracked 
|  43|0x000000060c000000, 0x000000060c000000, 0x000000060c400000|  0%| F|  |TAMS 0x000000060c000000, 0x000000060c000000| Untracked 
|  44|0x000000060c400000, 0x000000060c400000, 0x000000060c800000|  0%| F|  |TAMS 0x000000060c400000, 0x000000060c400000| Untracked 
|  45|0x000000060c800000, 0x000000060c800000, 0x000000060cc00000|  0%| F|  |TAMS 0x000000060c800000, 0x000000060c800000| Untracked 
|  46|0x000000060cc00000, 0x000000060cc00000, 0x000000060d000000|  0%| F|  |TAMS 0x000000060cc00000, 0x000000060cc00000| Untracked 
|  47|0x000000060d000000, 0x000000060d000000, 0x000000060d400000|  0%| F|  |TAMS 0x000000060d000000, 0x000000060d000000| Untracked 
|  48|0x000000060d400000, 0x000000060d400000, 0x000000060d800000|  0%| F|  |TAMS 0x000000060d400000, 0x000000060d400000| Untracked 
|  49|0x000000060d800000, 0x000000060d800000, 0x000000060dc00000|  0%| F|  |TAMS 0x000000060d800000, 0x000000060d800000| Untracked 
|  50|0x000000060dc00000, 0x000000060dc00000, 0x000000060e000000|  0%| F|  |TAMS 0x000000060dc00000, 0x000000060dc00000| Untracked 
|  51|0x000000060e000000, 0x000000060e000000, 0x000000060e400000|  0%| F|  |TAMS 0x000000060e000000, 0x000000060e000000| Untracked 
|  52|0x000000060e400000, 0x000000060e400000, 0x000000060e800000|  0%| F|  |TAMS 0x000000060e400000, 0x000000060e400000| Untracked 
|  53|0x000000060e800000, 0x000000060e800000, 0x000000060ec00000|  0%| F|  |TAMS 0x000000060e800000, 0x000000060e800000| Untracked 
|  54|0x000000060ec00000, 0x000000060ec00000, 0x000000060f000000|  0%| F|  |TAMS 0x000000060ec00000, 0x000000060ec00000| Untracked 
|  55|0x000000060f000000, 0x000000060f000000, 0x000000060f400000|  0%| F|  |TAMS 0x000000060f000000, 0x000000060f000000| Untracked 
|  56|0x000000060f400000, 0x000000060f400000, 0x000000060f800000|  0%| F|  |TAMS 0x000000060f400000, 0x000000060f400000| Untracked 
|  57|0x000000060f800000, 0x000000060f800000, 0x000000060fc00000|  0%| F|  |TAMS 0x000000060f800000, 0x000000060f800000| Untracked 
|  58|0x000000060fc00000, 0x000000060fc00000, 0x0000000610000000|  0%| F|  |TAMS 0x000000060fc00000, 0x000000060fc00000| Untracked 
|  59|0x0000000610000000, 0x0000000610000000, 0x0000000610400000|  0%| F|  |TAMS 0x0000000610000000, 0x0000000610000000| Untracked 
|  60|0x0000000610400000, 0x0000000610400000, 0x0000000610800000|  0%| F|  |TAMS 0x0000000610400000, 0x0000000610400000| Untracked 
|  61|0x0000000610800000, 0x0000000610800000, 0x0000000610c00000|  0%| F|  |TAMS 0x0000000610800000, 0x0000000610800000| Untracked 
|  62|0x0000000610c00000, 0x0000000610c00000, 0x0000000611000000|  0%| F|  |TAMS 0x0000000610c00000, 0x0000000610c00000| Untracked 
|  63|0x0000000611000000, 0x0000000611000000, 0x0000000611400000|  0%| F|  |TAMS 0x0000000611000000, 0x0000000611000000| Untracked 
|  64|0x0000000611400000, 0x0000000611400000, 0x0000000611800000|  0%| F|  |TAMS 0x0000000611400000, 0x0000000611400000| Untracked 
|  65|0x0000000611800000, 0x0000000611800000, 0x0000000611c00000|  0%| F|  |TAMS 0x0000000611800000, 0x0000000611800000| Untracked 
|  66|0x0000000611c00000, 0x0000000611c00000, 0x0000000612000000|  0%| F|  |TAMS 0x0000000611c00000, 0x0000000611c00000| Untracked 
|  67|0x0000000612000000, 0x0000000612000000, 0x0000000612400000|  0%| F|  |TAMS 0x0000000612000000, 0x0000000612000000| Untracked 
|  68|0x0000000612400000, 0x0000000612400000, 0x0000000612800000|  0%| F|  |TAMS 0x0000000612400000, 0x0000000612400000| Untracked 
|  69|0x0000000612800000, 0x0000000612800000, 0x0000000612c00000|  0%| F|  |TAMS 0x0000000612800000, 0x0000000612800000| Untracked 
|  70|0x0000000612c00000, 0x0000000612c00000, 0x0000000613000000|  0%| F|  |TAMS 0x0000000612c00000, 0x0000000612c00000| Untracked 
|  71|0x0000000613000000, 0x0000000613000000, 0x0000000613400000|  0%| F|  |TAMS 0x0000000613000000, 0x0000000613000000| Untracked 
|  72|0x0000000613400000, 0x0000000613400000, 0x0000000613800000|  0%| F|  |TAMS 0x0000000613400000, 0x0000000613400000| Untracked 
|  73|0x0000000613800000, 0x0000000613800000, 0x0000000613c00000|  0%| F|  |TAMS 0x0000000613800000, 0x0000000613800000| Untracked 
|  74|0x0000000613c00000, 0x0000000613c00000, 0x0000000614000000|  0%| F|  |TAMS 0x0000000613c00000, 0x0000000613c00000| Untracked 
|  75|0x0000000614000000, 0x0000000614000000, 0x0000000614400000|  0%| F|  |TAMS 0x0000000614000000, 0x0000000614000000| Untracked 
|  76|0x0000000614400000, 0x0000000614400000, 0x0000000614800000|  0%| F|  |TAMS 0x0000000614400000, 0x0000000614400000| Untracked 
|  77|0x0000000614800000, 0x0000000614800000, 0x0000000614c00000|  0%| F|  |TAMS 0x0000000614800000, 0x0000000614800000| Untracked 
|  78|0x0000000614c00000, 0x0000000614c00000, 0x0000000615000000|  0%| F|  |TAMS 0x0000000614c00000, 0x0000000614c00000| Untracked 
|  79|0x0000000615000000, 0x0000000615000000, 0x0000000615400000|  0%| F|  |TAMS 0x0000000615000000, 0x0000000615000000| Untracked 
|  80|0x0000000615400000, 0x0000000615400000, 0x0000000615800000|  0%| F|  |TAMS 0x0000000615400000, 0x0000000615400000| Untracked 
|  81|0x0000000615800000, 0x0000000615800000, 0x0000000615c00000|  0%| F|  |TAMS 0x0000000615800000, 0x0000000615800000| Untracked 
|  82|0x0000000615c00000, 0x0000000615c00000, 0x0000000616000000|  0%| F|  |TAMS 0x0000000615c00000, 0x0000000615c00000| Untracked 
|  83|0x0000000616000000, 0x0000000616000000, 0x0000000616400000|  0%| F|  |TAMS 0x0000000616000000, 0x0000000616000000| Untracked 
|  84|0x0000000616400000, 0x0000000616400000, 0x0000000616800000|  0%| F|  |TAMS 0x0000000616400000, 0x0000000616400000| Untracked 
|  85|0x0000000616800000, 0x0000000616800000, 0x0000000616c00000|  0%| F|  |TAMS 0x0000000616800000, 0x0000000616800000| Untracked 
|  86|0x0000000616c00000, 0x0000000616c00000, 0x0000000617000000|  0%| F|  |TAMS 0x0000000616c00000, 0x0000000616c00000| Untracked 
|  87|0x0000000617000000, 0x0000000617000000, 0x0000000617400000|  0%| F|  |TAMS 0x0000000617000000, 0x0000000617000000| Untracked 
|  88|0x0000000617400000, 0x0000000617400000, 0x0000000617800000|  0%| F|  |TAMS 0x0000000617400000, 0x0000000617400000| Untracked 
|  89|0x0000000617800000, 0x0000000617800000, 0x0000000617c00000|  0%| F|  |TAMS 0x0000000617800000, 0x0000000617800000| Untracked 
|  90|0x0000000617c00000, 0x0000000617c00000, 0x0000000618000000|  0%| F|  |TAMS 0x0000000617c00000, 0x0000000617c00000| Untracked 
|  91|0x0000000618000000, 0x0000000618000000, 0x0000000618400000|  0%| F|  |TAMS 0x0000000618000000, 0x0000000618000000| Untracked 
|  92|0x0000000618400000, 0x0000000618400000, 0x0000000618800000|  0%| F|  |TAMS 0x0000000618400000, 0x0000000618400000| Untracked 
|  93|0x0000000618800000, 0x0000000618800000, 0x0000000618c00000|  0%| F|  |TAMS 0x0000000618800000, 0x0000000618800000| Untracked 
|  94|0x0000000618c00000, 0x0000000618c00000, 0x0000000619000000|  0%| F|  |TAMS 0x0000000618c00000, 0x0000000618c00000| Untracked 
|  95|0x0000000619000000, 0x0000000619000000, 0x0000000619400000|  0%| F|  |TAMS 0x0000000619000000, 0x0000000619000000| Untracked 
|  96|0x0000000619400000, 0x0000000619400000, 0x0000000619800000|  0%| F|  |TAMS 0x0000000619400000, 0x0000000619400000| Untracked 
|  97|0x0000000619800000, 0x0000000619800000, 0x0000000619c00000|  0%| F|  |TAMS 0x0000000619800000, 0x0000000619800000| Untracked 
|  98|0x0000000619c00000, 0x0000000619c00000, 0x000000061a000000|  0%| F|  |TAMS 0x0000000619c00000, 0x0000000619c00000| Untracked 
|  99|0x000000061a000000, 0x000000061a000000, 0x000000061a400000|  0%| F|  |TAMS 0x000000061a000000, 0x000000061a000000| Untracked 
| 100|0x000000061a400000, 0x000000061a400000, 0x000000061a800000|  0%| F|  |TAMS 0x000000061a400000, 0x000000061a400000| Untracked 
| 101|0x000000061a800000, 0x000000061a800000, 0x000000061ac00000|  0%| F|  |TAMS 0x000000061a800000, 0x000000061a800000| Untracked 
| 102|0x000000061ac00000, 0x000000061ac00000, 0x000000061b000000|  0%| F|  |TAMS 0x000000061ac00000, 0x000000061ac00000| Untracked 
| 103|0x000000061b000000, 0x000000061b000000, 0x000000061b400000|  0%| F|  |TAMS 0x000000061b000000, 0x000000061b000000| Untracked 
| 104|0x000000061b400000, 0x000000061b400000, 0x000000061b800000|  0%| F|  |TAMS 0x000000061b400000, 0x000000061b400000| Untracked 
| 105|0x000000061b800000, 0x000000061b800000, 0x000000061bc00000|  0%| F|  |TAMS 0x000000061b800000, 0x000000061b800000| Untracked 
| 106|0x000000061bc00000, 0x000000061bc00000, 0x000000061c000000|  0%| F|  |TAMS 0x000000061bc00000, 0x000000061bc00000| Untracked 
| 107|0x000000061c000000, 0x000000061c000000, 0x000000061c400000|  0%| F|  |TAMS 0x000000061c000000, 0x000000061c000000| Untracked 
| 108|0x000000061c400000, 0x000000061c400000, 0x000000061c800000|  0%| F|  |TAMS 0x000000061c400000, 0x000000061c400000| Untracked 
| 109|0x000000061c800000, 0x000000061c800000, 0x000000061cc00000|  0%| F|  |TAMS 0x000000061c800000, 0x000000061c800000| Untracked 
| 110|0x000000061cc00000, 0x000000061cc00000, 0x000000061d000000|  0%| F|  |TAMS 0x000000061cc00000, 0x000000061cc00000| Untracked 
| 111|0x000000061d000000, 0x000000061d000000, 0x000000061d400000|  0%| F|  |TAMS 0x000000061d000000, 0x000000061d000000| Untracked 
| 112|0x000000061d400000, 0x000000061d400000, 0x000000061d800000|  0%| F|  |TAMS 0x000000061d400000, 0x000000061d400000| Untracked 
| 113|0x000000061d800000, 0x000000061dc00000, 0x000000061dc00000|100%| S|CS|TAMS 0x000000061d800000, 0x000000061d800000| Complete 
| 114|0x000000061dc00000, 0x000000061e000000, 0x000000061e000000|100%| S|CS|TAMS 0x000000061dc00000, 0x000000061dc00000| Complete 
| 115|0x000000061e000000, 0x000000061e000000, 0x000000061e400000|  0%| F|  |TAMS 0x000000061e000000, 0x000000061e000000| Untracked 
| 116|0x000000061e400000, 0x000000061e400000, 0x000000061e800000|  0%| F|  |TAMS 0x000000061e400000, 0x000000061e400000| Untracked 
| 117|0x000000061e800000, 0x000000061e800000, 0x000000061ec00000|  0%| F|  |TAMS 0x000000061e800000, 0x000000061e800000| Untracked 
| 118|0x000000061ec00000, 0x000000061ec00000, 0x000000061f000000|  0%| F|  |TAMS 0x000000061ec00000, 0x000000061ec00000| Untracked 
| 119|0x000000061f000000, 0x000000061f000000, 0x000000061f400000|  0%| F|  |TAMS 0x000000061f000000, 0x000000061f000000| Untracked 
| 120|0x000000061f400000, 0x000000061f400000, 0x000000061f800000|  0%| F|  |TAMS 0x000000061f400000, 0x000000061f400000| Untracked 
| 121|0x000000061f800000, 0x000000061f800000, 0x000000061fc00000|  0%| F|  |TAMS 0x000000061f800000, 0x000000061f800000| Untracked 
| 122|0x000000061fc00000, 0x000000061ff03dd8, 0x0000000620000000| 75%| E|  |TAMS 0x000000061fc00000, 0x000000061fc00000| Complete 
| 123|0x0000000620000000, 0x0000000620400000, 0x0000000620400000|100%| E|CS|TAMS 0x0000000620000000, 0x0000000620000000| Complete 
| 124|0x0000000620400000, 0x0000000620800000, 0x0000000620800000|100%| E|CS|TAMS 0x0000000620400000, 0x0000000620400000| Complete 
| 125|0x0000000620800000, 0x0000000620c00000, 0x0000000620c00000|100%| E|CS|TAMS 0x0000000620800000, 0x0000000620800000| Complete 
| 126|0x0000000620c00000, 0x0000000621000000, 0x0000000621000000|100%| E|CS|TAMS 0x0000000620c00000, 0x0000000620c00000| Complete 
| 127|0x0000000621000000, 0x0000000621400000, 0x0000000621400000|100%| E|CS|TAMS 0x0000000621000000, 0x0000000621000000| Complete 

Card table byte_map: [0x000001b0dc100000,0x000001b0dd100000] _byte_map_base: 0x000001b0d90f6000

Marking Bits (Prev, Next): (CMBitMap*) 0x000001b0c2f1f800, (CMBitMap*) 0x000001b0c2f1f840
 Prev Bits: [0x000001b0de100000, 0x000001b0e60b0000)
 Next Bits: [0x000001b0e60b0000, 0x000001b0ee060000)

Polling page: 0x000001b0c0d40000

Metaspace:

Usage:
  Non-class:     16.10 MB used.
      Class:      2.62 MB used.
       Both:     18.71 MB used.

Virtual space:
  Non-class space:       64.00 MB reserved,      16.31 MB ( 25%) committed,  1 nodes.
      Class space:        1.00 GB reserved,       2.81 MB ( <1%) committed,  1 nodes.
             Both:        1.06 GB reserved,      19.12 MB (  2%) committed. 

Chunk freelists:
   Non-Class:  3.35 MB
       Class:  1.22 MB
        Both:  4.57 MB

MaxMetaspaceSize: unlimited
CompressedClassSpaceSize: 1.00 GB
Initial GC threshold: 21.00 MB
Current GC threshold: 21.00 MB
CDS: on
MetaspaceReclaimPolicy: balanced
 - commit_granule_bytes: 65536.
 - commit_granule_words: 8192.
 - virtual_space_node_default_size: 8388608.
 - enlarge_chunks_in_place: 1.
 - new_chunks_are_fully_committed: 0.
 - uncommit_free_chunks: 1.
 - use_allocation_guard: 0.


Internal statistics:

num_allocs_failed_limit: 0.
num_arena_births: 442.
num_arena_deaths: 0.
num_vsnodes_births: 2.
num_vsnodes_deaths: 0.
num_space_committed: 306.
num_space_uncommitted: 0.
num_chunks_returned_to_freelist: 0.
num_chunks_taken_from_freelist: 1072.
num_chunk_merges: 0.
num_chunk_splits: 735.
num_chunks_enlarged: 556.
num_inconsistent_stats: 0.

CodeHeap 'non-profiled nmethods': size=118848Kb used=1843Kb max_used=1843Kb free=117005Kb
 bounds [0x000001b0d29b0000, 0x000001b0d2c20000, 0x000001b0d9dc0000]
CodeHeap 'profiled nmethods': size=118848Kb used=9466Kb max_used=9466Kb free=109381Kb
 bounds [0x000001b0cadc0000, 0x000001b0cb700000, 0x000001b0d21d0000]
CodeHeap 'non-nmethods': size=8064Kb used=1608Kb max_used=3900Kb free=6455Kb
 bounds [0x000001b0d21d0000, 0x000001b0d2620000, 0x000001b0d29b0000]
 total_blobs=5240 nmethods=4407 adapters=741
 compilation: enabled
              stopped_count=0, restarted_count=0
 full_count=0

Compilation events (20 events):
Event: 5.394 Thread 0x000001b0f1cb4c30 nmethod 4393 0x000001b0cb6f8310 code [0x000001b0cb6f8540, 0x000001b0cb6f8fb8]
Event: 5.394 Thread 0x000001b0f8855380 nmethod 4395 0x000001b0cb6f9290 code [0x000001b0cb6f94e0, 0x000001b0cb6fa138]
Event: 5.394 Thread 0x000001b0f1cb46a0 4398       3       javafx.scene.layout.ColumnConstraints::isFillWidth (19 bytes)
Event: 5.394 Thread 0x000001b0f1cb2ad0 4399       3       javafx.scene.layout.GridPane::shouldRowFillHeight (32 bytes)
Event: 5.394 Thread 0x000001b0f1cb3060 nmethod 4397 0x000001b0cb6fa410 code [0x000001b0cb6fa620, 0x000001b0cb6fad68]
Event: 5.394 Thread 0x000001b0f1cb46a0 nmethod 4398 0x000001b0cb6faf90 code [0x000001b0cb6fb140, 0x000001b0cb6fb4c8]
Event: 5.394 Thread 0x000001b0f1cb2ad0 nmethod 4399 0x000001b0cb6fb610 code [0x000001b0cb6fb820, 0x000001b0cb6fbf68]
Event: 5.462 Thread 0x000001b0f1cb4c30 4401       3       sun.nio.fs.WindowsPathParser::nextNonSlash (24 bytes)
Event: 5.463 Thread 0x000001b0f1cb4c30 nmethod 4401 0x000001b0cb6fc190 code [0x000001b0cb6fc3a0, 0x000001b0cb6fcaf8]
Event: 5.481 Thread 0x000001b0f1cb2ad0 4402       1       sun.nio.fs.NativeBuffer::setOwner (6 bytes)
Event: 5.481 Thread 0x000001b0f1cb3060 4403       3       jdk.internal.misc.Unsafe::checkPointer (19 bytes)
Event: 5.481 Thread 0x000001b0f1cb2ad0 nmethod 4402 0x000001b0d2b7b790 code [0x000001b0d2b7b920, 0x000001b0d2b7ba38]
Event: 5.482 Thread 0x000001b0f1cb3060 nmethod 4403 0x000001b0cb6fce10 code [0x000001b0cb6fcfe0, 0x000001b0cb6fd3a8]
Event: 5.675 Thread 0x000001b0f1cb46a0 4404       3       java.lang.invoke.LambdaForm::methodType (48 bytes)
Event: 5.675 Thread 0x000001b0f1cb46a0 nmethod 4404 0x000001b0cb6fd510 code [0x000001b0cb6fd700, 0x000001b0cb6fdd18]
Event: 5.675 Thread 0x000001b0ee3a10f0 4407       4       jdk.internal.org.objectweb.asm.ByteVector::put122 (93 bytes)
Event: 5.676 Thread 0x000001b0f1cb4c30 4408       3       jdk.internal.org.objectweb.asm.AnnotationWriter::putAnnotations (110 bytes)
Event: 5.676 Thread 0x000001b0f1cb4c30 nmethod 4408 0x000001b0cb6fe010 code [0x000001b0cb6fe220, 0x000001b0cb6fe648]
Event: 5.677 Thread 0x000001b0ee3a10f0 nmethod 4407 0x000001b0d2b7c690 code [0x000001b0d2b7c820, 0x000001b0d2b7ca88]
Event: 61.598 Thread 0x000001b0f1cb3060 4411       3       java.lang.invoke.MemberName$Factory::resolveOrNull (54 bytes)

GC Heap History (4 events):
Event: 0.545 GC heap before
{Heap before GC invocations=0 (full 0):
 garbage-first heap   total 524288K, used 24576K [0x0000000601400000, 0x0000000800000000)
  region size 4096K, 6 young (24576K), 0 survivors (0K)
 Metaspace       used 4785K, committed 4992K, reserved 1114112K
  class space    used 478K, committed 576K, reserved 1048576K
}
Event: 0.549 GC heap after
{Heap after GC invocations=1 (full 0):
 garbage-first heap   total 524288K, used 2830K [0x0000000601400000, 0x0000000800000000)
  region size 4096K, 1 young (4096K), 1 survivors (4096K)
 Metaspace       used 4785K, committed 4992K, reserved 1114112K
  class space    used 478K, committed 576K, reserved 1048576K
}
Event: 2.997 GC heap before
{Heap before GC invocations=1 (full 0):
 garbage-first heap   total 524288K, used 47886K [0x0000000601400000, 0x0000000800000000)
  region size 4096K, 13 young (53248K), 1 survivors (4096K)
 Metaspace       used 16127K, committed 16448K, reserved 1114112K
  class space    used 2280K, committed 2432K, reserved 1048576K
}
Event: 3.003 GC heap after
{Heap after GC invocations=2 (full 0):
 garbage-first heap   total 524288K, used 8743K [0x0000000601400000, 0x0000000800000000)
  region size 4096K, 2 young (8192K), 2 survivors (8192K)
 Metaspace       used 16127K, committed 16448K, reserved 1114112K
  class space    used 2280K, committed 2432K, reserved 1048576K
}

Dll operation events (20 events):
Event: 0.277 Loaded shared library C:\Users\fassbenf\.openjfx\cache\19+11\amd64\api-ms-win-crt-locale-l1-1-0.dll
Event: 0.278 Loaded shared library C:\Users\fassbenf\.openjfx\cache\19+11\amd64\api-ms-win-crt-math-l1-1-0.dll
Event: 0.280 Loaded shared library C:\Users\fassbenf\.openjfx\cache\19+11\amd64\api-ms-win-crt-multibyte-l1-1-0.dll
Event: 0.282 Loaded shared library C:\Users\fassbenf\.openjfx\cache\19+11\amd64\api-ms-win-crt-private-l1-1-0.dll
Event: 0.283 Loaded shared library C:\Users\fassbenf\.openjfx\cache\19+11\amd64\api-ms-win-crt-process-l1-1-0.dll
Event: 0.285 Loaded shared library C:\Users\fassbenf\.openjfx\cache\19+11\amd64\api-ms-win-crt-runtime-l1-1-0.dll
Event: 0.286 Loaded shared library C:\Users\fassbenf\.openjfx\cache\19+11\amd64\api-ms-win-crt-stdio-l1-1-0.dll
Event: 0.288 Loaded shared library C:\Users\fassbenf\.openjfx\cache\19+11\amd64\api-ms-win-crt-string-l1-1-0.dll
Event: 0.290 Loaded shared library C:\Users\fassbenf\.openjfx\cache\19+11\amd64\api-ms-win-crt-time-l1-1-0.dll
Event: 0.291 Loaded shared library C:\Users\fassbenf\.openjfx\cache\19+11\amd64\api-ms-win-crt-utility-l1-1-0.dll
Event: 0.302 Loaded shared library C:\Users\fassbenf\.openjfx\cache\19+11\amd64\ucrtbase.dll
Event: 0.305 Loaded shared library C:\Users\fassbenf\.openjfx\cache\19+11\amd64\vcruntime140.dll
Event: 0.307 Loaded shared library C:\Users\fassbenf\.openjfx\cache\19+11\amd64\vcruntime140_1.dll
Event: 0.312 Loaded shared library C:\Users\fassbenf\.openjfx\cache\19+11\amd64\msvcp140.dll
Event: 0.314 Loaded shared library C:\Users\fassbenf\.openjfx\cache\19+11\amd64\msvcp140_1.dll
Event: 0.317 Loaded shared library C:\Users\fassbenf\.openjfx\cache\19+11\amd64\msvcp140_2.dll
Event: 0.346 Loaded shared library C:\Users\fassbenf\.openjfx\cache\19+11\amd64\prism_d3d.dll
Event: 0.406 Loaded shared library C:\Users\fassbenf\.openjfx\cache\19+11\amd64\glass.dll
Event: 0.569 Loaded shared library C:\Users\fassbenf\.jdks\openjdk-19.0.2\bin\jimage.dll
Event: 0.685 Loaded shared library C:\Users\fassbenf\.openjfx\cache\19+11\amd64\javafx_font.dll

Deoptimization events (20 events):
Event: 4.556 Thread 0x000001b0f6be75c0 DEOPT PACKING pc=0x000001b0d2b3de58 sp=0x00000008ee4f5ec0
Event: 4.556 Thread 0x000001b0f6be75c0 DEOPT UNPACKING pc=0x000001b0d2236da3 sp=0x00000008ee4f5c38 mode 2
Event: 4.564 Thread 0x000001b0f6be75c0 Uncommon trap: trap_request=0xffffff45 fr.pc=0x000001b0d2b43f98 relative=0x0000000000000178
Event: 4.564 Thread 0x000001b0f6be75c0 Uncommon trap: reason=unstable_if action=reinterpret pc=0x000001b0d2b43f98 method=com.sun.javafx.geom.RectBounds.unionWith(Lcom/sun/javafx/geom/RectBounds;)V @ 12 c2
Event: 4.564 Thread 0x000001b0f6be75c0 DEOPT PACKING pc=0x000001b0d2b43f98 sp=0x00000008ee4f95d0
Event: 4.564 Thread 0x000001b0f6be75c0 DEOPT UNPACKING pc=0x000001b0d2236da3 sp=0x00000008ee4f9520 mode 2
Event: 4.564 Thread 0x000001b0f6be75c0 Uncommon trap: trap_request=0xffffff45 fr.pc=0x000001b0d2b43a5c relative=0x000000000000013c
Event: 4.564 Thread 0x000001b0f6be75c0 Uncommon trap: reason=unstable_if action=reinterpret pc=0x000001b0d2b43a5c method=com.sun.javafx.geom.RectBounds.unionWith(Lcom/sun/javafx/geom/RectBounds;)V @ 12 c2
Event: 4.564 Thread 0x000001b0f6be75c0 DEOPT PACKING pc=0x000001b0d2b43a5c sp=0x00000008ee4f94d0
Event: 4.564 Thread 0x000001b0f6be75c0 DEOPT UNPACKING pc=0x000001b0d2236da3 sp=0x00000008ee4f9480 mode 2
Event: 4.615 Thread 0x000001b0f6be75c0 Uncommon trap: trap_request=0xffffff45 fr.pc=0x000001b0d2ad2178 relative=0x00000000000003b8
Event: 4.615 Thread 0x000001b0f6be75c0 Uncommon trap: reason=unstable_if action=reinterpret pc=0x000001b0d2ad2178 method=javafx.scene.Node.getLocalBounds(Lcom/sun/javafx/geom/BaseBounds;Lcom/sun/javafx/geom/transform/BaseTransform;)Lcom/sun/javafx/geom/BaseBounds; @ 4 c2
Event: 4.615 Thread 0x000001b0f6be75c0 DEOPT PACKING pc=0x000001b0d2ad2178 sp=0x00000008ee4fadc0
Event: 4.615 Thread 0x000001b0f6be75c0 DEOPT UNPACKING pc=0x000001b0d2236da3 sp=0x00000008ee4fac18 mode 2
Event: 4.879 Thread 0x000001b0f6be75c0 Uncommon trap: trap_request=0xfffffff4 fr.pc=0x000001b0d2b48240 relative=0x00000000000008c0
Event: 4.879 Thread 0x000001b0f6be75c0 Uncommon trap: reason=null_check action=make_not_entrant pc=0x000001b0d2b48240 method=javafx.scene.Node$MiscProperties.getClip()Ljavafx/scene/Node; @ 20 c2
Event: 4.879 Thread 0x000001b0f6be75c0 DEOPT PACKING pc=0x000001b0d2b48240 sp=0x00000008ee4fa7f0
Event: 4.879 Thread 0x000001b0f6be75c0 DEOPT UNPACKING pc=0x000001b0d2236da3 sp=0x00000008ee4fa6e8 mode 2
Event: 61.598 Thread 0x000001b0f86856c0 DEOPT PACKING pc=0x000001b0caf9704c sp=0x00000008ec0ff260
Event: 61.598 Thread 0x000001b0f86856c0 DEOPT UNPACKING pc=0x000001b0d2237543 sp=0x00000008ec0fe6c0 mode 1

Classes loaded (20 events):
Event: 5.459 Loading class com/sun/prism/GraphicsResource
Event: 5.459 Loading class com/sun/prism/GraphicsResource done
Event: 5.459 Loading class com/sun/prism/GraphicsResource
Event: 5.459 Loading class com/sun/prism/GraphicsResource done
Event: 5.482 Loading class java/io/FileReader
Event: 5.482 Loading class java/io/FileReader done
Event: 5.549 Loading class com/intellij/rt/debugger/BatchEvaluatorServer
Event: 5.549 Loading class com/intellij/rt/debugger/BatchEvaluatorServer done
Event: 13.277 Loading class oracle/jdbc/driver/OracleDriver
Event: 13.277 Loading class oracle/jdbc/driver/OracleDriver done
Event: 61.574 Loading class java/lang/Throwable$WrappedPrintStream
Event: 61.574 Loading class java/lang/Throwable$PrintStreamOrWriter
Event: 61.574 Loading class java/lang/Throwable$PrintStreamOrWriter done
Event: 61.574 Loading class java/lang/Throwable$WrappedPrintStream done
Event: 61.597 Loading class jdk/internal/misc/Signal$1
Event: 61.597 Loading class jdk/internal/misc/Signal$1 done
Event: 61.598 Loading class com/sun/javafx/tk/quantum/QuantumRenderer
Event: 61.598 Loading class com/sun/javafx/tk/quantum/QuantumRenderer done
Event: 61.598 Loading class com/sun/javafx/tk/quantum/QuantumToolkit
Event: 61.598 Loading class com/sun/javafx/tk/quantum/QuantumToolkit done

Classes unloaded (0 events):
No events

Classes redefined (0 events):
No events

Internal exceptions (20 events):
Event: 1.004 Thread 0x000001b0f6be75c0 Exception <a 'java/lang/NoSuchMethodError'{0x000000061ef43468}: 'java.lang.Object java.lang.invoke.DirectMethodHandle$Holder.newInvokeSpecial(java.lang.Object, java.lang.Object, int)'> (0x000000061ef43468) 
thrown [s\open\src\hotspot\share\interpreter\linkResolver.cpp, line 774]
Event: 1.031 Thread 0x000001b0f70840b0 Exception <a 'java/lang/NoSuchMethodError'{0x000000061e855718}: 'int java.lang.invoke.DirectMethodHandle$Holder.invokeStaticInit(java.lang.Object, java.lang.Object)'> (0x000000061e855718) 
thrown [s\open\src\hotspot\share\interpreter\linkResolver.cpp, line 774]
Event: 2.881 Thread 0x000001b0f6be75c0 Exception <a 'java/lang/NoSuchMethodError'{0x000000061e66fa98}: 'long java.lang.invoke.DirectMethodHandle$Holder.invokeStatic(java.lang.Object, java.lang.Object, java.lang.Object)'> (0x000000061e66fa98) 
thrown [s\open\src\hotspot\share\interpreter\linkResolver.cpp, line 774]
Event: 2.881 Thread 0x000001b0f6be75c0 Exception <a 'java/lang/NoSuchMethodError'{0x000000061e673110}: 'long java.lang.invoke.DirectMethodHandle$Holder.invokeStaticInit(java.lang.Object, java.lang.Object, java.lang.Object)'> (0x000000061e673110) 
thrown [s\open\src\hotspot\share\interpreter\linkResolver.cpp, line 774]
Event: 2.883 Thread 0x000001b0f6be75c0 Exception <a 'java/lang/NoSuchMethodError'{0x000000061e68ba48}: 'java.lang.Object java.lang.invoke.DirectMethodHandle$Holder.newInvokeSpecial(java.lang.Object, java.lang.Object, long)'> (0x000000061e68ba48) 
thrown [s\open\src\hotspot\share\interpreter\linkResolver.cpp, line 774]
Event: 2.883 Thread 0x000001b0f6be75c0 Exception <a 'java/lang/NoSuchMethodError'{0x000000061e68f678}: 'java.lang.Object java.lang.invoke.Invokers$Holder.linkToTargetMethod(java.lang.Object, long, java.lang.Object)'> (0x000000061e68f678) 
thrown [s\open\src\hotspot\share\interpreter\linkResolver.cpp, line 774]
Event: 2.887 Thread 0x000001b0f6be75c0 Exception <a 'java/lang/NoSuchMethodError'{0x000000061e6a1858}: 'java.lang.Object java.lang.invoke.DirectMethodHandle$Holder.newInvokeSpecial(java.lang.Object, java.lang.Object, int, int, int, int, int, java.lang.Object)'> (0x000000061e6a1858) 
thrown [s\open\src\hotspot\share\interpreter\linkResolver.cpp, line 774]
Event: 2.889 Thread 0x000001b0f6be75c0 Exception <a 'java/lang/NoSuchMethodError'{0x000000061e6b4840}: 'java.lang.Object java.lang.invoke.DirectMethodHandle$Holder.newInvokeSpecial(java.lang.Object, java.lang.Object, java.lang.Object, int, int, int, int, int)'> (0x000000061e6b4840) 
thrown [s\open\src\hotspot\share\interpreter\linkResolver.cpp, line 774]
Event: 2.889 Thread 0x000001b0f6be75c0 Exception <a 'java/lang/NoSuchMethodError'{0x000000061e6bc318}: 'java.lang.Object java.lang.invoke.Invokers$Holder.linkToTargetMethod(java.lang.Object, java.lang.Object, int, int, int, int, int, java.lang.Object)'> (0x000000061e6bc318) 
thrown [s\open\src\hotspot\share\interpreter\linkResolver.cpp, line 774]
Event: 2.957 Thread 0x000001b0f6be75c0 Exception <a 'java/lang/ClassNotFoundException'{0x000000061e0f5b30}: com/sun/javafx/scene/control/skin/resources/controls-nt> (0x000000061e0f5b30) 
thrown [s\open\src\hotspot\share\prims\jni.cpp, line 536]
Event: 2.957 Thread 0x000001b0f6be75c0 Exception <a 'java/lang/ClassNotFoundException'{0x000000061e0fe208}: com/sun/javafx/scene/control/skin/resources/controls-nt_de> (0x000000061e0fe208) 
thrown [s\open\src\hotspot\share\prims\jni.cpp, line 536]
Event: 2.957 Thread 0x000001b0f6be75c0 Exception <a 'java/lang/ClassNotFoundException'{0x000000061e0ff490}: com/sun/javafx/scene/control/skin/resources/controls-nt_de_DE> (0x000000061e0ff490) 
thrown [s\open\src\hotspot\share\prims\jni.cpp, line 536]
Event: 2.993 Thread 0x000001b0f6be75c0 Exception <a 'java/lang/NoSuchMethodError'{0x000000061e370038}: 'void java.lang.invoke.DirectMethodHandle$Holder.invokeSpecial(java.lang.Object, java.lang.Object, java.lang.Object, java.lang.Object, java.lang.Object, java.lang.Object)'> (0x000000061e370038) 
thrown [s\open\src\hotspot\share\interpreter\linkResolver.cpp, line 774]
Event: 3.030 Thread 0x000001b0f6be75c0 Exception <a 'java/lang/NoSuchMethodError'{0x00000006213fd2f8}: 'void java.lang.invoke.DirectMethodHandle$Holder.invokeSpecialIFC(java.lang.Object, java.lang.Object, java.lang.Object, java.lang.Object)'> (0x00000006213fd2f8) 
thrown [s\open\src\hotspot\share\interpreter\linkResolver.cpp, line 774]
Event: 4.384 Thread 0x000001b0f6be75c0 Exception <a 'sun/nio/fs/WindowsException'{0x00000006208fde88}> (0x00000006208fde88) 
thrown [s\open\src\hotspot\share\prims\jni.cpp, line 517]
Event: 4.386 Thread 0x000001b0f6be75c0 Exception <a 'java/lang/NoSuchMethodError'{0x00000006209165d0}: 'java.lang.Object java.lang.invoke.DirectMethodHandle$Holder.invokeStatic(java.lang.Object, int, java.lang.Object)'> (0x00000006209165d0) 
thrown [s\open\src\hotspot\share\interpreter\linkResolver.cpp, line 774]
Event: 4.556 Thread 0x000001b0f6be75c0 Implicit null exception at 0x000001b0d2b3d3d1 to 0x000001b0d2b3de24
Event: 4.574 Thread 0x000001b0f70840b0 Exception <a 'java/lang/NoSuchMethodError'{0x0000000620132690}: 'java.lang.Object java.lang.invoke.DirectMethodHandle$Holder.invokeStaticInit(java.lang.Object, int)'> (0x0000000620132690) 
thrown [s\open\src\hotspot\share\interpreter\linkResolver.cpp, line 774]
Event: 4.879 Thread 0x000001b0f6be75c0 Implicit null exception at 0x000001b0d2b47bbe to 0x000001b0d2b48220
Event: 61.597 Thread 0x000001b0f6be75c0 Exception <a 'sun/nio/fs/WindowsException'{0x000000061fc2e2d8}> (0x000000061fc2e2d8) 
thrown [s\open\src\hotspot\share\prims\jni.cpp, line 517]

VM Operations (20 events):
Event: 61.574 Executing VM operation: ChangeBreakpoints done
Event: 61.574 Executing VM operation: ChangeBreakpoints
Event: 61.574 Executing VM operation: ChangeBreakpoints done
Event: 61.574 Executing VM operation: ChangeBreakpoints
Event: 61.574 Executing VM operation: ChangeBreakpoints done
Event: 61.574 Executing VM operation: ChangeBreakpoints
Event: 61.574 Executing VM operation: ChangeBreakpoints done
Event: 61.574 Executing VM operation: ChangeBreakpoints
Event: 61.574 Executing VM operation: ChangeBreakpoints done
Event: 61.574 Executing VM operation: ChangeBreakpoints
Event: 61.574 Executing VM operation: ChangeBreakpoints done
Event: 61.574 Executing VM operation: ChangeBreakpoints
Event: 61.575 Executing VM operation: ChangeBreakpoints done
Event: 61.575 Executing VM operation: ChangeBreakpoints
Event: 61.575 Executing VM operation: ChangeBreakpoints done
Event: 61.575 Executing VM operation: ChangeBreakpoints
Event: 61.575 Executing VM operation: ChangeBreakpoints done
Event: 61.575 Executing VM operation: ChangeBreakpoints
Event: 61.575 Executing VM operation: ChangeBreakpoints done
Event: 61.599 Executing VM operation: Exit

Events (20 events):
Event: 4.482 Thread 0x000001b0f884ef60 Thread added: 0x000001b0f884ef60
Event: 4.507 Thread 0x000001b0f8850010 Thread added: 0x000001b0f8850010
Event: 4.507 Thread 0x000001b0f884e9d0 Thread added: 0x000001b0f884e9d0
Event: 4.753 Thread 0x000001b0f884e9d0 Thread exited: 0x000001b0f884e9d0
Event: 4.769 Thread 0x000001b0f8850010 Thread exited: 0x000001b0f8850010
Event: 4.769 Thread 0x000001b0f884ef60 Thread exited: 0x000001b0f884ef60
Event: 4.860 Thread 0x000001b0f884e440 Thread exited: 0x000001b0f884e440
Event: 5.063 Thread 0x000001b0f8852c90 Thread exited: 0x000001b0f8852c90
Event: 10.676 Thread 0x000001b0f8855380 Thread exited: 0x000001b0f8855380
Event: 10.676 Thread 0x000001b0f1cb2ad0 Thread exited: 0x000001b0f1cb2ad0
Event: 10.676 Thread 0x000001b0f1cb4c30 Thread exited: 0x000001b0f1cb4c30
Event: 15.676 Thread 0x000001b0f1cb46a0 Thread exited: 0x000001b0f1cb46a0
Event: 61.574 Thread 0x000001b0f669ebe0 Thread exited: 0x000001b0f669ebe0
Event: 61.576 Thread 0x000001b0f1fdaa00 Thread exited: 0x000001b0f1fdaa00
Event: 61.597 Thread 0x000001b0f8687bf0 Thread added: 0x000001b0f8687bf0
Event: 61.598 Thread 0x000001b0f8685c10 Thread added: 0x000001b0f8685c10
Event: 61.598 Thread 0x000001b0f86856c0 Thread added: 0x000001b0f86856c0
Event: 61.598 Thread 0x000001b0f8685c10 Thread exited: 0x000001b0f8685c10
Event: 61.599 Thread 0x000001b0f86856c0 Thread exited: 0x000001b0f86856c0
Event: 61.599 Thread 0x000001b0ee398e00 Thread exited: 0x000001b0ee398e00


Dynamic libraries:
0x00007ff7c3eb0000 - 0x00007ff7c3ebe000 	C:\Users\fassbenf\.jdks\openjdk-19.0.2\bin\java.exe
0x00007ff9733f0000 - 0x00007ff9735e8000 	C:\WINDOWS\SYSTEM32\ntdll.dll
0x00007ff971580000 - 0x00007ff97163f000 	C:\WINDOWS\System32\KERNEL32.DLL
0x00007ff970dd0000 - 0x00007ff9710a2000 	C:\WINDOWS\System32\KERNELBASE.dll
0x00007ff9711e0000 - 0x00007ff9712e0000 	C:\WINDOWS\System32\ucrtbase.dll
0x00007ff9300c0000 - 0x00007ff9300d7000 	C:\Users\fassbenf\.jdks\openjdk-19.0.2\bin\jli.dll
0x00007ff934220000 - 0x00007ff93423b000 	C:\Users\fassbenf\.jdks\openjdk-19.0.2\bin\VCRUNTIME140.dll
0x00007ff95e8d0000 - 0x00007ff95eb6a000 	C:\WINDOWS\WinSxS\amd64_microsoft.windows.common-controls_6595b64144ccf1df_6.0.19041.1110_none_60b5254171f9507e\COMCTL32.dll
0x00007ff971a70000 - 0x00007ff971c11000 	C:\WINDOWS\System32\USER32.dll
0x00007ff971de0000 - 0x00007ff971e7e000 	C:\WINDOWS\System32\msvcrt.dll
0x00007ff971400000 - 0x00007ff971422000 	C:\WINDOWS\System32\win32u.dll
0x00007ff972c90000 - 0x00007ff972cbb000 	C:\WINDOWS\System32\GDI32.dll
0x00007ff970b60000 - 0x00007ff970c6f000 	C:\WINDOWS\System32\gdi32full.dll
0x00007ff971140000 - 0x00007ff9711dd000 	C:\WINDOWS\System32\msvcp_win.dll
0x00007ff9727b0000 - 0x00007ff9727e2000 	C:\WINDOWS\System32\IMM32.DLL
0x00007ff94f5c0000 - 0x00007ff94f5cc000 	C:\Users\fassbenf\.jdks\openjdk-19.0.2\bin\vcruntime140_1.dll
0x00007ff8a1ea0000 - 0x00007ff8a1f2e000 	C:\Users\fassbenf\.jdks\openjdk-19.0.2\bin\msvcp140.dll
0x00007ff865f60000 - 0x00007ff866c20000 	C:\Users\fassbenf\.jdks\openjdk-19.0.2\bin\server\jvm.dll
0x00007ff971450000 - 0x00007ff9714fe000 	C:\WINDOWS\System32\ADVAPI32.dll
0x00007ff9719c0000 - 0x00007ff971a5c000 	C:\WINDOWS\System32\sechost.dll
0x00007ff973130000 - 0x00007ff973255000 	C:\WINDOWS\System32\RPCRT4.dll
0x00007ff96d030000 - 0x00007ff96d039000 	C:\WINDOWS\SYSTEM32\WSOCK32.dll
0x00007ff966c30000 - 0x00007ff966c57000 	C:\WINDOWS\SYSTEM32\WINMM.dll
0x00007ff96a170000 - 0x00007ff96a17a000 	C:\WINDOWS\SYSTEM32\VERSION.dll
0x00007ff971e80000 - 0x00007ff971eeb000 	C:\WINDOWS\System32\WS2_32.dll
0x00007ff96f200000 - 0x00007ff96f212000 	C:\WINDOWS\SYSTEM32\kernel.appcore.dll
0x00007ff93d100000 - 0x00007ff93d10a000 	C:\Users\fassbenf\.jdks\openjdk-19.0.2\bin\jimage.dll
0x00007ff96ee70000 - 0x00007ff96f054000 	C:\WINDOWS\SYSTEM32\DBGHELP.DLL
0x00007ff969a60000 - 0x00007ff969a95000 	C:\WINDOWS\SYSTEM32\dbgcore.DLL
0x00007ff9710b0000 - 0x00007ff971132000 	C:\WINDOWS\System32\bcryptPrimitives.dll
0x00007ff9481a0000 - 0x00007ff9481dc000 	C:\Users\fassbenf\.jdks\openjdk-19.0.2\bin\jdwp.dll
0x00007ff954600000 - 0x00007ff95460e000 	C:\Users\fassbenf\.jdks\openjdk-19.0.2\bin\instrument.dll
0x00007ff930090000 - 0x00007ff9300b6000 	C:\Users\fassbenf\.jdks\openjdk-19.0.2\bin\java.dll
0x00007ff921360000 - 0x00007ff921378000 	C:\Users\fassbenf\.jdks\openjdk-19.0.2\bin\zip.dll
0x00007ff89e210000 - 0x00007ff89e2e7000 	C:\Users\fassbenf\.jdks\openjdk-19.0.2\bin\jsvml.dll
0x00007ff972000000 - 0x00007ff972745000 	C:\WINDOWS\System32\SHELL32.dll
0x00007ff96e610000 - 0x00007ff96eda2000 	C:\WINDOWS\SYSTEM32\windows.storage.dll
0x00007ff9728a0000 - 0x00007ff972bf5000 	C:\WINDOWS\System32\combase.dll
0x00007ff970380000 - 0x00007ff9703b0000 	C:\WINDOWS\SYSTEM32\Wldp.dll
0x00007ff971f50000 - 0x00007ff971ffd000 	C:\WINDOWS\System32\SHCORE.dll
0x00007ff973270000 - 0x00007ff9732c5000 	C:\WINDOWS\System32\shlwapi.dll
0x00007ff970a20000 - 0x00007ff970a3f000 	C:\WINDOWS\SYSTEM32\profapi.dll
0x00007ff930070000 - 0x00007ff930083000 	C:\Users\fassbenf\.jdks\openjdk-19.0.2\bin\net.dll
0x00007ff96fa20000 - 0x00007ff96fb2c000 	C:\WINDOWS\SYSTEM32\WINHTTP.dll
0x00007ff970160000 - 0x00007ff9701ca000 	C:\WINDOWS\system32\mswsock.dll
0x00007ff92fed0000 - 0x00007ff92fee6000 	C:\Users\fassbenf\.jdks\openjdk-19.0.2\bin\nio.dll
0x00007ff9535e0000 - 0x00007ff9535ec000 	C:\Users\fassbenf\.jdks\openjdk-19.0.2\bin\dt_socket.dll
0x00007ff96fe70000 - 0x00007ff96feab000 	C:\WINDOWS\SYSTEM32\IPHLPAPI.DLL
0x000001b0c0d80000 - 0x000001b0c0d83000 	C:\Users\fassbenf\.openjfx\cache\19+11\amd64\api-ms-win-core-console-l1-1-0.dll
0x000001b0c0d90000 - 0x000001b0c0d93000 	C:\Users\fassbenf\.openjfx\cache\19+11\amd64\api-ms-win-core-console-l1-2-0.dll
0x000001b0c0da0000 - 0x000001b0c0da3000 	C:\Users\fassbenf\.openjfx\cache\19+11\amd64\api-ms-win-core-datetime-l1-1-0.dll
0x000001b0c2d60000 - 0x000001b0c2d63000 	C:\Users\fassbenf\.openjfx\cache\19+11\amd64\api-ms-win-core-debug-l1-1-0.dll
0x000001b0c2d70000 - 0x000001b0c2d73000 	C:\Users\fassbenf\.openjfx\cache\19+11\amd64\api-ms-win-core-errorhandling-l1-1-0.dll
0x000001b0c2d80000 - 0x000001b0c2d84000 	C:\Users\fassbenf\.openjfx\cache\19+11\amd64\api-ms-win-core-file-l1-1-0.dll
0x000001b0c2d90000 - 0x000001b0c2d93000 	C:\Users\fassbenf\.openjfx\cache\19+11\amd64\api-ms-win-core-file-l1-2-0.dll
0x000001b0c2da0000 - 0x000001b0c2da3000 	C:\Users\fassbenf\.openjfx\cache\19+11\amd64\api-ms-win-core-file-l2-1-0.dll
0x000001b0c2db0000 - 0x000001b0c2db3000 	C:\Users\fassbenf\.openjfx\cache\19+11\amd64\api-ms-win-core-handle-l1-1-0.dll
0x000001b0c2dc0000 - 0x000001b0c2dc3000 	C:\Users\fassbenf\.openjfx\cache\19+11\amd64\api-ms-win-core-heap-l1-1-0.dll
0x000001b0c2dd0000 - 0x000001b0c2dd3000 	C:\Users\fassbenf\.openjfx\cache\19+11\amd64\api-ms-win-core-interlocked-l1-1-0.dll
0x000001b0c2de0000 - 0x000001b0c2de3000 	C:\Users\fassbenf\.openjfx\cache\19+11\amd64\api-ms-win-core-libraryloader-l1-1-0.dll
0x000001b0c2df0000 - 0x000001b0c2df3000 	C:\Users\fassbenf\.openjfx\cache\19+11\amd64\api-ms-win-core-localization-l1-2-0.dll
0x000001b0c2e00000 - 0x000001b0c2e03000 	C:\Users\fassbenf\.openjfx\cache\19+11\amd64\api-ms-win-core-memory-l1-1-0.dll
0x000001b0c2e10000 - 0x000001b0c2e13000 	C:\Users\fassbenf\.openjfx\cache\19+11\amd64\api-ms-win-core-namedpipe-l1-1-0.dll
0x000001b0c2e20000 - 0x000001b0c2e23000 	C:\Users\fassbenf\.openjfx\cache\19+11\amd64\api-ms-win-core-processenvironment-l1-1-0.dll
0x000001b0f23f0000 - 0x000001b0f23f3000 	C:\Users\fassbenf\.openjfx\cache\19+11\amd64\api-ms-win-core-processthreads-l1-1-0.dll
0x000001b0f7d90000 - 0x000001b0f7d93000 	C:\Users\fassbenf\.openjfx\cache\19+11\amd64\api-ms-win-core-processthreads-l1-1-1.dll
0x000001b0f7da0000 - 0x000001b0f7da3000 	C:\Users\fassbenf\.openjfx\cache\19+11\amd64\api-ms-win-core-profile-l1-1-0.dll
0x000001b0f7db0000 - 0x000001b0f7db3000 	C:\Users\fassbenf\.openjfx\cache\19+11\amd64\api-ms-win-core-rtlsupport-l1-1-0.dll
0x000001b0f7dc0000 - 0x000001b0f7dc3000 	C:\Users\fassbenf\.openjfx\cache\19+11\amd64\api-ms-win-core-string-l1-1-0.dll
0x000001b0f7dd0000 - 0x000001b0f7dd3000 	C:\Users\fassbenf\.openjfx\cache\19+11\amd64\api-ms-win-core-synch-l1-1-0.dll
0x000001b0f7de0000 - 0x000001b0f7de3000 	C:\Users\fassbenf\.openjfx\cache\19+11\amd64\api-ms-win-core-synch-l1-2-0.dll
0x000001b0f2260000 - 0x000001b0f2263000 	C:\Users\fassbenf\.openjfx\cache\19+11\amd64\api-ms-win-core-sysinfo-l1-1-0.dll
0x000001b0f2270000 - 0x000001b0f2273000 	C:\Users\fassbenf\.openjfx\cache\19+11\amd64\api-ms-win-core-timezone-l1-1-0.dll
0x000001b0f2280000 - 0x000001b0f2283000 	C:\Users\fassbenf\.openjfx\cache\19+11\amd64\api-ms-win-core-util-l1-1-0.dll
0x000001b0f2290000 - 0x000001b0f2293000 	C:\Users\fassbenf\.openjfx\cache\19+11\amd64\api-ms-win-crt-conio-l1-1-0.dll
0x000001b0f22a0000 - 0x000001b0f22a4000 	C:\Users\fassbenf\.openjfx\cache\19+11\amd64\api-ms-win-crt-convert-l1-1-0.dll
0x000001b0f22b0000 - 0x000001b0f22b3000 	C:\Users\fassbenf\.openjfx\cache\19+11\amd64\api-ms-win-crt-environment-l1-1-0.dll
0x000001b0f22c0000 - 0x000001b0f22c3000 	C:\Users\fassbenf\.openjfx\cache\19+11\amd64\api-ms-win-crt-filesystem-l1-1-0.dll
0x000001b0f22d0000 - 0x000001b0f22d3000 	C:\Users\fassbenf\.openjfx\cache\19+11\amd64\api-ms-win-crt-heap-l1-1-0.dll
0x000001b0f22e0000 - 0x000001b0f22e3000 	C:\Users\fassbenf\.openjfx\cache\19+11\amd64\api-ms-win-crt-locale-l1-1-0.dll
0x000001b0f22f0000 - 0x000001b0f22f5000 	C:\Users\fassbenf\.openjfx\cache\19+11\amd64\api-ms-win-crt-math-l1-1-0.dll
0x000001b0f2300000 - 0x000001b0f2305000 	C:\Users\fassbenf\.openjfx\cache\19+11\amd64\api-ms-win-crt-multibyte-l1-1-0.dll
0x000001b0f2310000 - 0x000001b0f2320000 	C:\Users\fassbenf\.openjfx\cache\19+11\amd64\api-ms-win-crt-private-l1-1-0.dll
0x000001b0f2320000 - 0x000001b0f2323000 	C:\Users\fassbenf\.openjfx\cache\19+11\amd64\api-ms-win-crt-process-l1-1-0.dll
0x000001b0f2330000 - 0x000001b0f2334000 	C:\Users\fassbenf\.openjfx\cache\19+11\amd64\api-ms-win-crt-runtime-l1-1-0.dll
0x000001b0f2340000 - 0x000001b0f2344000 	C:\Users\fassbenf\.openjfx\cache\19+11\amd64\api-ms-win-crt-stdio-l1-1-0.dll
0x000001b0f2350000 - 0x000001b0f2354000 	C:\Users\fassbenf\.openjfx\cache\19+11\amd64\api-ms-win-crt-string-l1-1-0.dll
0x000001b0f2360000 - 0x000001b0f2363000 	C:\Users\fassbenf\.openjfx\cache\19+11\amd64\api-ms-win-crt-time-l1-1-0.dll
0x000001b0f2370000 - 0x000001b0f2373000 	C:\Users\fassbenf\.openjfx\cache\19+11\amd64\api-ms-win-crt-utility-l1-1-0.dll
0x00007ff939b50000 - 0x00007ff939c4c000 	C:\Users\fassbenf\.openjfx\cache\19+11\amd64\ucrtbase.dll
0x00007ff94d9f0000 - 0x00007ff94da0b000 	C:\Users\fassbenf\.openjfx\cache\19+11\amd64\vcruntime140.dll
0x00007ff9535d0000 - 0x00007ff9535dc000 	C:\Users\fassbenf\.openjfx\cache\19+11\amd64\vcruntime140_1.dll
0x00007ff93bf50000 - 0x00007ff93bfde000 	C:\Users\fassbenf\.openjfx\cache\19+11\amd64\msvcp140.dll
0x00007ff94f4f0000 - 0x00007ff94f4f9000 	C:\Users\fassbenf\.openjfx\cache\19+11\amd64\msvcp140_1.dll
0x00007ff947900000 - 0x00007ff947930000 	C:\Users\fassbenf\.openjfx\cache\19+11\amd64\msvcp140_2.dll
0x00007ff9478d0000 - 0x00007ff9478fc000 	C:\Users\fassbenf\.openjfx\cache\19+11\amd64\prism_d3d.dll
0x00007ff966170000 - 0x00007ff96633e000 	C:\WINDOWS\system32\d3d9.dll
0x00007ff96e140000 - 0x00007ff96e16f000 	C:\WINDOWS\SYSTEM32\dwmapi.dll
0x00007ff96dec0000 - 0x00007ff96df5e000 	C:\WINDOWS\system32\uxtheme.dll
0x00007ff9631b0000 - 0x00007ff96326e000 	C:\WINDOWS\System32\DriverStore\FileRepository\nv_dispi.inf_amd64_d1bd230cd08e7436\nvldumdx.dll
0x00007ff9705f0000 - 0x00007ff970602000 	C:\WINDOWS\SYSTEM32\msasn1.dll
0x00007ff96a110000 - 0x00007ff96a141000 	C:\WINDOWS\SYSTEM32\cryptnet.dll
0x00007ff970c70000 - 0x00007ff970dc6000 	C:\WINDOWS\System32\CRYPT32.dll
0x00007ff969e20000 - 0x00007ff969f68000 	C:\WINDOWS\SYSTEM32\drvstore.dll
0x00007ff9707b0000 - 0x00007ff9707dc000 	C:\WINDOWS\SYSTEM32\devobj.dll
0x00007ff970b10000 - 0x00007ff970b5e000 	C:\WINDOWS\System32\cfgmgr32.dll
0x00007ff9702f0000 - 0x00007ff9702fc000 	C:\WINDOWS\SYSTEM32\cryptbase.dll
0x00007ff9712e0000 - 0x00007ff971349000 	C:\WINDOWS\System32\WINTRUST.DLL
0x00007ff971430000 - 0x00007ff97144d000 	C:\WINDOWS\System32\imagehlp.dll
0x00007ff9703c0000 - 0x00007ff9703d8000 	C:\WINDOWS\SYSTEM32\CRYPTSP.dll
0x00007ff96f990000 - 0x00007ff96f9c4000 	C:\WINDOWS\system32\rsaenh.dll
0x00007ff970ae0000 - 0x00007ff970b07000 	C:\WINDOWS\System32\bcrypt.dll
0x00007ff8ca660000 - 0x00007ff8ccc6f000 	C:\WINDOWS\System32\DriverStore\FileRepository\nv_dispi.inf_amd64_d1bd230cd08e7436\nvd3dumx.dll
0x00007ff93bf00000 - 0x00007ff93bf42000 	C:\Users\fassbenf\.openjfx\cache\19+11\amd64\glass.dll
0x00007ff9732d0000 - 0x00007ff9733aa000 	C:\WINDOWS\System32\COMDLG32.dll
0x00007ff971830000 - 0x00007ff97195a000 	C:\WINDOWS\System32\ole32.dll
0x00007ff971640000 - 0x00007ff97170d000 	C:\WINDOWS\System32\OLEAUT32.dll
0x00007ff971710000 - 0x00007ff971825000 	C:\WINDOWS\System32\MSCTF.dll
0x00007ff928650000 - 0x00007ff928921000 	C:\WINDOWS\system32\nvspcap64.dll
0x00007ff96fbe0000 - 0x00007ff96fc13000 	C:\WINDOWS\SYSTEM32\ntmarta.dll
0x00007ff96f220000 - 0x00007ff96f243000 	C:\WINDOWS\SYSTEM32\gpapi.dll
0x00007ff9669a0000 - 0x00007ff9669db000 	C:\WINDOWS\SYSTEM32\dxcore.dll
0x00007ff947a30000 - 0x00007ff947a44000 	C:\Users\fassbenf\.openjfx\cache\19+11\amd64\javafx_font.dll
0x00007ff94d6e0000 - 0x00007ff94d95f000 	C:\WINDOWS\SYSTEM32\dwrite.dll
0x00007ff9727f0000 - 0x00007ff972899000 	C:\WINDOWS\System32\clbcatq.dll
0x00007ff965db0000 - 0x00007ff965f64000 	C:\WINDOWS\SYSTEM32\WindowsCodecs.dll
0x00007ff948120000 - 0x00007ff94815e000 	C:\WINDOWS\system32\dataexchange.dll
0x00007ff96c160000 - 0x00007ff96c3c3000 	C:\WINDOWS\system32\d3d11.dll

dbghelp: loaded successfully - version: 4.0.5 - missing functions: none
symbol engine: initialized successfully - sym options: 0x614 - pdb path: .;C:\Users\fassbenf\.jdks\openjdk-19.0.2\bin;C:\WINDOWS\SYSTEM32;C:\WINDOWS\WinSxS\amd64_microsoft.windows.common-controls_6595b64144ccf1df_6.0.19041.1110_none_60b5254171f9507e;C:\Users\fassbenf\.jdks\openjdk-19.0.2\bin\server;C:\Users\fassbenf\.openjfx\cache\19+11\amd64;C:\WINDOWS\System32\DriverStore\FileRepository\nv_dispi.inf_amd64_d1bd230cd08e7436;C:\Program Files\Common Files\Microsoft Shared\Ink

VM Arguments:
jvm_args: -agentlib:jdwp=transport=dt_socket,address=127.0.0.1:56163,suspend=y,server=n -javaagent:C:\Users\fassbenf\AppData\Local\JetBrains\IntelliJIdea2022.3\captureAgent\debugger-agent.jar -Dfile.encoding=UTF-8 -Dsun.stdout.encoding=UTF-8 -Dsun.stderr.encoding=UTF-8 --module-path=C:\Users\fassbenf\.m2\repository\org\openjfx\javafx-fxml\19\javafx-fxml-19-win.jar;C:\Users\fassbenf\.m2\repository\org\openjfx\javafx-base\19\javafx-base-19-win.jar;C:\Users\fassbenf\.m2\repository\org\openjfx\javafx-graphics\19\javafx-graphics-19-win.jar;C:\Users\fassbenf\.m2\repository\org\openjfx\javafx-controls\19\javafx-controls-19-win.jar;C:\Users\fassbenf\Dropbox\3BHIF\POS\_06_Fassbender_State_Task\_06_Fassbender_State_Task\target\classes -Djdk.module.main=com.example._06_fassbender_state_task 
java_command: com.example._06_fassbender_state_task/com.example._06_fassbender_state_task.HelloApplication
java_class_path (initial): C:\Users\fassbenf\.m2\repository\org\openjfx\javafx-controls\19\javafx-controls-19.jar;C:\Users\fassbenf\.m2\repository\org\openjfx\javafx-graphics\19\javafx-graphics-19.jar;C:\Users\fassbenf\.m2\repository\org\openjfx\javafx-base\19\javafx-base-19.jar;C:\Users\fassbenf\.m2\repository\org\openjfx\javafx-fxml\19\javafx-fxml-19.jar;C:\Program Files\JetBrains\IntelliJ IDEA 2022.3.2\lib\idea_rt.jar
Launcher Type: SUN_STANDARD

[Global flags]
     intx CICompilerCount                          = 15                                        {product} {ergonomic}
     uint ConcGCThreads                            = 6                                         {product} {ergonomic}
     uint G1ConcRefinementThreads                  = 23                                        {product} {ergonomic}
   size_t G1HeapRegionSize                         = 4194304                                   {product} {ergonomic}
    uintx GCDrainStackTargetSize                   = 64                                        {product} {ergonomic}
   size_t InitialHeapSize                          = 536870912                                 {product} {ergonomic}
   size_t MarkStackSize                            = 4194304                                   {product} {ergonomic}
   size_t MaxHeapSize                              = 8568963072                                {product} {ergonomic}
   size_t MaxNewSize                               = 5138022400                                {product} {ergonomic}
   size_t MinHeapDeltaBytes                        = 4194304                                   {product} {ergonomic}
   size_t MinHeapSize                              = 8388608                                   {product} {ergonomic}
    uintx NonNMethodCodeHeapSize                   = 8192380                                {pd product} {ergonomic}
    uintx NonProfiledCodeHeapSize                  = 121732930                              {pd product} {ergonomic}
    uintx ProfiledCodeHeapSize                     = 121732930                              {pd product} {ergonomic}
    uintx ReservedCodeCacheSize                    = 251658240                              {pd product} {ergonomic}
     bool SegmentedCodeCache                       = true                                      {product} {ergonomic}
   size_t SoftMaxHeapSize                          = 8568963072                             {manageable} {ergonomic}
     bool UseCompressedClassPointers               = true                           {product lp64_product} {ergonomic}
     bool UseCompressedOops                        = true                           {product lp64_product} {ergonomic}
     bool UseG1GC                                  = true                                      {product} {ergonomic}
     bool UseLargePagesIndividualAllocation        = false                                  {pd product} {ergonomic}

Logging:
Log output configuration:
 #0: stdout all=off uptime,level,tags foldmultilines=false
 #1: stderr all=off uptime,level,tags foldmultilines=false

Environment Variables:
PATH=C:\Program Files (x86)\Microsoft SDKs\Azure\CLI2\wbin;C:\Program Files\NVIDIA GPU Computing Toolkit\CUDA\v11.8\bin;C:\Program Files\NVIDIA GPU Computing Toolkit\CUDA\v11.8\libnvvp;C:\Program Files (x86)\Razer Chroma SDK\bin;C:\Program Files\Razer Chroma SDK\bin;C:\Program Files (x86)\Razer\ChromaBroadcast\bin;C:\Program Files\Razer\ChromaBroadcast\bin;C:\WINDOWS\system32;C:\WINDOWS;C:\WINDOWS\System32\Wbem;C:\WINDOWS\System32\WindowsPowerShell\v1.0\;C:\WINDOWS\System32\OpenSSH\;C:\Program Files\NVIDIA Corporation\NVIDIA NvDLISR;C:\Program Files (x86)\NVIDIA Corporation\PhysX\Common;C:\Users\fassbenf\AppData\Local\Microsoft\WindowsApps;C:\Program Files\dotnet\;C:\WINDOWS\system32\config\systemprofile\AppData\Local\Microsoft\WindowsApps;C:\Program Files\nodejs\;C:\Program Files\NVIDIA Corporation\Nsight Compute 2022.3.0\;C:\Program Files\Git\cmd;C:\Program Files\Docker\Docker\resources\bin;C:\Users\fassbenf\AppData\Local\Microsoft\WindowsApps;C:\Users\fassbenf\AppData\Local\Programs\Microsoft VS Code\bin;C:\MinGW\bin;C:\Users\fassbenf\AppData\Local\bin\NASM;C:\Users\fassbenf\.dotnet\tools;C:\Program Files\JetBrains\IntelliJ IDEA Community Edition 2022.2.2\bin;;C:\Users\fassbenf\AppData\Roaming\npm;C:\Program Files\JetBrains\DataGrip 2022.2.5\bin;;C:\Users\fassbenf\AppData\Local\GitHubDesktop\bin;C:\Program Files\JetBrains\WebStorm 2022.3.1\bin;;C:\Program Files\JetBrains\IntelliJ IDEA 2022.3.2\bin;
USERNAME=fassbenf
OS=Windows_NT
PROCESSOR_IDENTIFIER=AMD64 Family 23 Model 113 Stepping 0, AuthenticAMD
TMP=C:\Users\fassbenf\AppData\Local\Temp
TEMP=C:\Users\fassbenf\AppData\Local\Temp



---------------  S Y S T E M  ---------------

OS:
 Windows 10 , 64 bit Build 19041 (10.0.19041.2546)
OS uptime: 0 days 5:23 hours
Hyper-V role detected

CPU: total 32 (initial active 32) (32 cores per cpu, 2 threads per core) family 23 model 113 stepping 0 microcode 0x0, cx8, cmov, fxsr, ht, mmx, 3dnowpref, sse, sse2, sse3, ssse3, sse4a, sse4.1, sse4.2, popcnt, lzcnt, tsc, tscinvbit, avx, avx2, aes, clmul, bmi1, bmi2, adx, sha, fma, vzeroupper, clflush, clflushopt, hv, rdtscp, rdpid

Memory: 4k page, system-wide physical 32674M (15260M free)
TotalPageFile size 53154M (AvailPageFile size 21809M)
current process WorkingSet (physical memory assigned to process): 176M, peak: 197M
current process commit charge ("private bytes"): 756M, peak: 787M

vm_info: OpenJDK 64-Bit Server VM (19.0.2+7-44) for windows-amd64 JRE (19.0.2+7-44), built on 2022-11-30T18:02:09Z by "mach5one" with MS VC++ 17.1 (VS2022)

END.
